1729708072.028442: 8316-7f14093940c0: cdpl_log.c:228: in cdpl_log_open(): info: @@start_of_log@@
1729708072.028464: 8316-7f14093940c0: cdpl_log.c:866: in cdpl_log_dump_sysinfo(): info: time: 2024/10/23 13:27:52 CDT -0500
1729708072.028468: 8316-7f14093940c0: cdpl_log.c:868: in cdpl_log_dump_sysinfo(): info: version: T-2022.03 
1729708072.028470: 8316-7f14093940c0: cdpl_log.c:870: in cdpl_log_dump_sysinfo(): info: system: Linux 3.10.0-1160.119.1.el7.x86_64 #1 SMP Tue May 14 11:55:25 EDT 2024
1729708072.028472: 8316-7f14093940c0: cdpl_log.c:875: in cdpl_log_dump_sysinfo(): info: processor: x86_64 64-bits
1729708072.028474: 8316-7f14093940c0: cdpl_log.c:879: in cdpl_log_dump_sysinfo(): info: hostname: engnx02a.utdallas.edu
1729708072.028476: 8316-7f14093940c0: cdpl_log.c:230: in cdpl_log_open(): debug: path: /home/eng/s/sxv240035/cad/gf65/primelib_gf65/INV/runtime/cdpl/pid8316/master.engnx02a.utdallas.edu.8316.log
1729708072.028478: 8316-7f14093940c0: cdpl_log.c:231: in cdpl_log_open(): debug: dir: /home/eng/s/sxv240035/cad/gf65/primelib_gf65/INV/runtime/cdpl/pid8316
1729708072.028482: 8316-7f14093940c0: cdpl_log.c:758: in cdpl_log_set_filter(): info: filter level 1
1729708072.028499: 8316-7f14093940c0: cdpl_server.c:543: in cdpl_sv_init(): info: new server S2069357611
1729708072.028507: 8316-7f14093940c0: cdpl_ipc.c:3030: in cdpl_ipc_init(): info: requesting IPv4 protocol
1729708072.029051: 8316-7f14093940c0: cdpl_ipc.c:800: in _selectaddrfamily(): info: selected IPv4 protocol
1729708072.029328: 8316-7f14093940c0: cdpl_server.c:657: in cdpl_sv_new_master(): info: new master M1
1729708072.029338: 8316-7f14093940c0: cdpl_server.c:5494: in cdpl_sv_ctl_master(): info: Setting worker heartbeat to 60 seconds
1729708072.029340: 8316-7f14093940c0: cdpl_server.c:5503: in cdpl_sv_ctl_master(): info: Setting worker heartbeat timeout to 3 heartbeats
1729708072.029343: 8316-7f14093940c0: cdpl_compat_master.c:2407: in cdplInitMaster(): info: bcast dir is `/dev/null'
1729708072.029404: 8316-7f14093940c0: cdpl_server.c:5394: in cdpl_sv_ctl_master(): info: farm worker timeout set to 36000
1729708072.029406: 8316-7f14093940c0: cdpl_server.c:5410: in cdpl_sv_ctl_master(): info: grid worker timeout set to 36000
1729708072.029408: 8316-7f14093940c0: cdpl_server.c:5438: in cdpl_sv_ctl_master(): info: farm submit command failure threshold set to 100
1729708072.029444: 8316-7f14093940c0: cdpl_farm.c:2268: in cdpl_farm_new_sh(): info: creating SH farm on localhost
1729708072.029456: 8316-7f14093940c0: cdpl_compat_master.c:207: in _set_farm_env(): info: exporting CDPL_LOGDIR as `/home/eng/s/sxv240035/cad/gf65/primelib_gf65/INV/runtime/cdpl/pid8316'
1729708072.029459: 8316-7f14093940c0: cdpl_compat_master.c:213: in _set_farm_env(): info: exporting CDPL_TMPDIR as `/var/tmp'
1729708072.029461: 8316-7f14093940c0: cdpl_compat_master.c:220: in _set_farm_env(): info: exporting CDPL_HOME as `/proj/cad/synopsys/synopsys_2021/primelib/T-2022.03-SP1/cdpl_runtime_linux64'
1729708072.029464: 8316-7f14093940c0: cdpl_compat_master.c:227: in _set_farm_env(): info: exporting SNPSLMD_LICENSE_FILE as `1700@engdmv.utdallas.edu'
1729708072.029466: 8316-7f14093940c0: cdpl_compat_master.c:247: in _set_farm_env(): info: exporting CDPL_OPTIONS as `[filter][nowlogs]'
1729708072.029468: 8316-7f14093940c0: cdpl_compat_master.c:254: in _set_farm_env(): info: exporting DISPLAY as `:1027'
1729708072.029470: 8316-7f14093940c0: cdpl_compat_master.c:262: in _set_farm_env(): info: exporting CDPL_HEARTBEAT as `60'
1729708072.029474: 8316-7f14093940c0: cdpl_compat_master.c:348: in _set_farm_env(): info: exporting SIS_MALIBU as `2'
1729708072.029475: 8316-7f14093940c0: cdpl_compat_master.c:348: in _set_farm_env(): info: exporting SIS_CDPL as `5'
1729708072.075222: 8316-7f14093940c0: cdpl_server.c:738: in cdpl_sv_new_job(): info: new job J1 in M1
1729708072.075239: 8316-7f14093940c0: cdpl_compat_master.c:1314: in _add_worker(): info: new worker type 100, min:1, max:1, cmd:`/home/eng/s/sxv240035/cad/gf65/primelib_gf65/INV/runtime/cdpl/pid8316/run_8316.sh'
1729708072.075246: 8316-7f14093940c0: cdpl_server.c:900: in cdpl_sv_new_bin_withfarm(): info: new bin B1 in J1
1729708072.080242: 8316-7f14093940c0: cdpl_server.c:3116: in cdpl_sv_start_job(): info: starting job J1
1729708072.089763: 8316-7f14093940c0: cdpl_server.c:1824: in _sv_gen_task(): info: new task T0 in B1 (prio 3)
1729708072.089774: 8316-7f14093940c0: cdpl_server.c:2558: in cdpl_sv_label_task_va(): info: setting task T0 label to "leakage_power__ACQ_1 of inverter"
1729708072.089841: 8316-7f14093940c0: cdpl_server.c:1824: in _sv_gen_task(): info: new task T1 in B1 (prio 2)
1729708072.089893: 8316-7f13f1095700: cdpl_server_sched.c:700: in _sv_launch_worker(): info: started worker W1 (as C1) in bin B1
1729708072.089917: 8316-7f14093940c0: cdpl_server.c:2558: in cdpl_sv_label_task_va(): info: setting task T1 label to "delay__IN__lh__OUT__hl__ACQ_1 of inverter"
1729708072.089938: 8316-7f13f0894700: cdpl_farm.c:1899: in _schedule(): info: worker submit failure threshold set to 100
1729708072.089963: 8316-7f14093940c0: cdpl_server.c:1824: in _sv_gen_task(): info: new task T2 in B1 (prio 2)
1729708072.089971: 8316-7f14093940c0: cdpl_server.c:2558: in cdpl_sv_label_task_va(): info: setting task T2 label to "delay__IN__hl__OUT__lh__ACQ_1 of inverter"
1729708072.089974: 8316-7f13f0894700: cdpl_sh.c:49: in _sh_detached_submit(): info: SH : /home/eng/s/sxv240035/cad/gf65/primelib_gf65/INV/runtime/cdpl/pid8316/run_8316.sh
1729708072.089998: 8316-7f14093940c0: cdpl_server.c:1824: in _sv_gen_task(): info: new task T3 in B1 (prio 5)
1729708072.090003: 8316-7f14093940c0: cdpl_server.c:2558: in cdpl_sv_label_task_va(): info: setting task T3 label to "Cin__VSS__lh__ACQ_1 of inverter"
1729708072.093359: 8316-7f14093940c0: cdpl_server.c:1824: in _sv_gen_task(): info: new task T4 in B1 (prio 5)
1729708072.093373: 8316-7f14093940c0: cdpl_server.c:2558: in cdpl_sv_label_task_va(): info: setting task T4 label to "Cin__VSS__hl__ACQ_1 of inverter"
1729708072.093408: 8316-7f14093940c0: cdpl_server.c:1824: in _sv_gen_task(): info: new task T5 in B1 (prio 5)
1729708072.093411: 8316-7f14093940c0: cdpl_server.c:2558: in cdpl_sv_label_task_va(): info: setting task T5 label to "Cin__VDD__lh__ACQ_1 of inverter"
1729708072.093447: 8316-7f14093940c0: cdpl_server.c:1824: in _sv_gen_task(): info: new task T6 in B1 (prio 5)
1729708072.093450: 8316-7f14093940c0: cdpl_server.c:2558: in cdpl_sv_label_task_va(): info: setting task T6 label to "Cin__VDD__hl__ACQ_1 of inverter"
1729708072.774447: 8316-7f13f1896700: cdpl_server_ipc.c:452: in _sv_on_hello(): info: W1 is `10.182.66.67:43542'
1729708072.774466: 8316-7f13f1896700: cdpl_server_ipc.c:454: in _sv_on_hello(): info: W1 log file is /dev/null
1729708072.774475: 8316-7f13f1896700: cdpl_server_ipc.c:481: in _sv_on_hello(): info: up to 1 alive workers in B1
1729708072.774503: 8316-7f13f1095700: cdpl_server_sched.c:955: in _assign(): info: assigning task T1 to worker W1
1729708080.363166: 8316-7f13f1896700: cdpl_server_ipc.c:857: in _sv_on_finish(): info: worker W1 completed task T1
1729708080.363203: 8316-7f13f1095700: cdpl_server_sched.c:955: in _assign(): info: assigning task T2 to worker W1
1729708087.093805: 8316-7f13f1896700: cdpl_server_ipc.c:857: in _sv_on_finish(): info: worker W1 completed task T2
1729708087.093862: 8316-7f13f1095700: cdpl_server_sched.c:955: in _assign(): info: assigning task T0 to worker W1
1729708094.741364: 8316-7f13f1896700: cdpl_server_ipc.c:857: in _sv_on_finish(): info: worker W1 completed task T0
1729708094.881644: 8316-7f13f1095700: cdpl_server_sched.c:955: in _assign(): info: assigning task T3 to worker W1
1729708103.122420: 8316-7f13f1896700: cdpl_server_ipc.c:857: in _sv_on_finish(): info: worker W1 completed task T3
1729708103.122461: 8316-7f13f1095700: cdpl_server_sched.c:955: in _assign(): info: assigning task T4 to worker W1
1729708112.373668: 8316-7f13f1896700: cdpl_server_ipc.c:857: in _sv_on_finish(): info: worker W1 completed task T4
1729708112.373708: 8316-7f13f1095700: cdpl_server_sched.c:955: in _assign(): info: assigning task T5 to worker W1
1729708118.982248: 8316-7f13f1896700: cdpl_server_ipc.c:857: in _sv_on_finish(): info: worker W1 completed task T5
1729708118.982288: 8316-7f13f1095700: cdpl_server_sched.c:955: in _assign(): info: assigning task T6 to worker W1
1729708125.593936: 8316-7f13f1896700: cdpl_server_ipc.c:857: in _sv_on_finish(): info: worker W1 completed task T6
