1733253204.698176: 14424-7f5064be50c0: cdpl_log.c:228: in cdpl_log_open(): info: @@start_of_log@@
1733253204.698205: 14424-7f5064be50c0: cdpl_log.c:866: in cdpl_log_dump_sysinfo(): info: time: 2024/12/03 13:13:24 CST -0600
1733253204.698209: 14424-7f5064be50c0: cdpl_log.c:868: in cdpl_log_dump_sysinfo(): info: version: T-2022.03 
1733253204.698211: 14424-7f5064be50c0: cdpl_log.c:870: in cdpl_log_dump_sysinfo(): info: system: Linux 3.10.0-1160.119.1.el7.x86_64 #1 SMP Tue May 14 11:55:25 EDT 2024
1733253204.698213: 14424-7f5064be50c0: cdpl_log.c:875: in cdpl_log_dump_sysinfo(): info: processor: x86_64 64-bits
1733253204.698215: 14424-7f5064be50c0: cdpl_log.c:879: in cdpl_log_dump_sysinfo(): info: hostname: engnx03a.utdallas.edu
1733253204.698217: 14424-7f5064be50c0: cdpl_log.c:230: in cdpl_log_open(): debug: path: /home/eng/s/sxv240035/cad/gf65/primelib_gf65/NAND2/runtime/cdpl/pid14424/master.engnx03a.utdallas.edu.14424.log
1733253204.698219: 14424-7f5064be50c0: cdpl_log.c:231: in cdpl_log_open(): debug: dir: /home/eng/s/sxv240035/cad/gf65/primelib_gf65/NAND2/runtime/cdpl/pid14424
1733253204.698224: 14424-7f5064be50c0: cdpl_log.c:758: in cdpl_log_set_filter(): info: filter level 1
1733253204.698241: 14424-7f5064be50c0: cdpl_server.c:543: in cdpl_sv_init(): info: new server S914222414
1733253204.698249: 14424-7f5064be50c0: cdpl_ipc.c:3030: in cdpl_ipc_init(): info: requesting IPv4 protocol
1733253204.698743: 14424-7f5064be50c0: cdpl_ipc.c:800: in _selectaddrfamily(): info: selected IPv4 protocol
1733253204.698999: 14424-7f5064be50c0: cdpl_server.c:657: in cdpl_sv_new_master(): info: new master M1
1733253204.699011: 14424-7f5064be50c0: cdpl_server.c:5494: in cdpl_sv_ctl_master(): info: Setting worker heartbeat to 60 seconds
1733253204.699014: 14424-7f5064be50c0: cdpl_server.c:5503: in cdpl_sv_ctl_master(): info: Setting worker heartbeat timeout to 3 heartbeats
1733253204.699016: 14424-7f5064be50c0: cdpl_compat_master.c:2407: in cdplInitMaster(): info: bcast dir is `/dev/null'
1733253204.699079: 14424-7f5064be50c0: cdpl_server.c:5394: in cdpl_sv_ctl_master(): info: farm worker timeout set to 36000
1733253204.699081: 14424-7f5064be50c0: cdpl_server.c:5410: in cdpl_sv_ctl_master(): info: grid worker timeout set to 36000
1733253204.699083: 14424-7f5064be50c0: cdpl_server.c:5438: in cdpl_sv_ctl_master(): info: farm submit command failure threshold set to 100
1733253204.699116: 14424-7f5064be50c0: cdpl_farm.c:2268: in cdpl_farm_new_sh(): info: creating SH farm on localhost
1733253204.699127: 14424-7f5064be50c0: cdpl_compat_master.c:207: in _set_farm_env(): info: exporting CDPL_LOGDIR as `/home/eng/s/sxv240035/cad/gf65/primelib_gf65/NAND2/runtime/cdpl/pid14424'
1733253204.699130: 14424-7f5064be50c0: cdpl_compat_master.c:213: in _set_farm_env(): info: exporting CDPL_TMPDIR as `/var/tmp'
1733253204.699132: 14424-7f5064be50c0: cdpl_compat_master.c:220: in _set_farm_env(): info: exporting CDPL_HOME as `/proj/cad/synopsys/synopsys_2021/primelib/T-2022.03-SP1/cdpl_runtime_linux64'
1733253204.699134: 14424-7f5064be50c0: cdpl_compat_master.c:227: in _set_farm_env(): info: exporting SNPSLMD_LICENSE_FILE as `1700@engdmv.utdallas.edu'
1733253204.699136: 14424-7f5064be50c0: cdpl_compat_master.c:247: in _set_farm_env(): info: exporting CDPL_OPTIONS as `[filter][nowlogs]'
1733253204.699138: 14424-7f5064be50c0: cdpl_compat_master.c:254: in _set_farm_env(): info: exporting DISPLAY as `:1034'
1733253204.699140: 14424-7f5064be50c0: cdpl_compat_master.c:262: in _set_farm_env(): info: exporting CDPL_HEARTBEAT as `60'
1733253204.699143: 14424-7f5064be50c0: cdpl_compat_master.c:348: in _set_farm_env(): info: exporting SIS_MALIBU as `2'
1733253204.699145: 14424-7f5064be50c0: cdpl_compat_master.c:348: in _set_farm_env(): info: exporting SIS_CDPL as `5'
1733253204.740926: 14424-7f5064be50c0: cdpl_server.c:738: in cdpl_sv_new_job(): info: new job J1 in M1
1733253204.740942: 14424-7f5064be50c0: cdpl_compat_master.c:1314: in _add_worker(): info: new worker type 100, min:1, max:1, cmd:`/home/eng/s/sxv240035/cad/gf65/primelib_gf65/NAND2/runtime/cdpl/pid14424/run_14424.sh'
1733253204.740950: 14424-7f5064be50c0: cdpl_server.c:900: in cdpl_sv_new_bin_withfarm(): info: new bin B1 in J1
1733253204.748894: 14424-7f5064be50c0: cdpl_server.c:3116: in cdpl_sv_start_job(): info: starting job J1
1733253204.758307: 14424-7f5064be50c0: cdpl_server.c:1824: in _sv_gen_task(): info: new task T0 in B1 (prio 2)
1733253204.758318: 14424-7f5064be50c0: cdpl_server.c:2558: in cdpl_sv_label_task_va(): info: setting task T0 label to "delay__B__lh__OUT__hl__ACQ_1 of NAND2"
1733253204.758379: 14424-7f5064be50c0: cdpl_server.c:1824: in _sv_gen_task(): info: new task T1 in B1 (prio 2)
1733253204.758430: 14424-7f504c8e9700: cdpl_server_sched.c:700: in _sv_launch_worker(): info: started worker W1 (as C1) in bin B1
1733253204.758454: 14424-7f504c0e8700: cdpl_farm.c:1899: in _schedule(): info: worker submit failure threshold set to 100
1733253204.758475: 14424-7f5064be50c0: cdpl_server.c:2558: in cdpl_sv_label_task_va(): info: setting task T1 label to "delay__B__hl__OUT__lh__ACQ_1 of NAND2"
1733253204.758492: 14424-7f504c0e8700: cdpl_sh.c:49: in _sh_detached_submit(): info: SH : /home/eng/s/sxv240035/cad/gf65/primelib_gf65/NAND2/runtime/cdpl/pid14424/run_14424.sh
1733253204.761366: 14424-7f5064be50c0: cdpl_server.c:1824: in _sv_gen_task(): info: new task T2 in B1 (prio 3)
1733253204.761382: 14424-7f5064be50c0: cdpl_server.c:2558: in cdpl_sv_label_task_va(): info: setting task T2 label to "leakage_power__ACQ_1 of NAND2"
1733253204.761550: 14424-7f5064be50c0: cdpl_server.c:1824: in _sv_gen_task(): info: new task T3 in B1 (prio 5)
1733253204.761554: 14424-7f5064be50c0: cdpl_server.c:2558: in cdpl_sv_label_task_va(): info: setting task T3 label to "Cin__VSS__lh__ACQ_1 of NAND2"
1733253204.761608: 14424-7f5064be50c0: cdpl_server.c:1824: in _sv_gen_task(): info: new task T4 in B1 (prio 5)
1733253204.761610: 14424-7f5064be50c0: cdpl_server.c:2558: in cdpl_sv_label_task_va(): info: setting task T4 label to "Cin__VSS__hl__ACQ_1 of NAND2"
1733253204.761648: 14424-7f5064be50c0: cdpl_server.c:1824: in _sv_gen_task(): info: new task T5 in B1 (prio 2)
1733253204.761651: 14424-7f5064be50c0: cdpl_server.c:2558: in cdpl_sv_label_task_va(): info: setting task T5 label to "delay__A__lh__OUT__hl__ACQ_1 of NAND2"
1733253204.761687: 14424-7f5064be50c0: cdpl_server.c:1824: in _sv_gen_task(): info: new task T6 in B1 (prio 2)
1733253204.761690: 14424-7f5064be50c0: cdpl_server.c:2558: in cdpl_sv_label_task_va(): info: setting task T6 label to "delay__A__hl__OUT__lh__ACQ_1 of NAND2"
1733253204.761717: 14424-7f5064be50c0: cdpl_server.c:1824: in _sv_gen_task(): info: new task T7 in B1 (prio 5)
1733253204.761720: 14424-7f5064be50c0: cdpl_server.c:2558: in cdpl_sv_label_task_va(): info: setting task T7 label to "Cin__VDD__lh__ACQ_1 of NAND2"
1733253204.761768: 14424-7f5064be50c0: cdpl_server.c:1824: in _sv_gen_task(): info: new task T8 in B1 (prio 5)
1733253204.761770: 14424-7f5064be50c0: cdpl_server.c:2558: in cdpl_sv_label_task_va(): info: setting task T8 label to "Cin__VDD__hl__ACQ_1 of NAND2"
1733253205.395523: 14424-7f504d0ea700: cdpl_server_ipc.c:452: in _sv_on_hello(): info: W1 is `10.182.66.68:42044'
1733253205.395543: 14424-7f504d0ea700: cdpl_server_ipc.c:454: in _sv_on_hello(): info: W1 log file is /dev/null
1733253205.395552: 14424-7f504d0ea700: cdpl_server_ipc.c:481: in _sv_on_hello(): info: up to 1 alive workers in B1
1733253205.395577: 14424-7f504c8e9700: cdpl_server_sched.c:955: in _assign(): info: assigning task T0 to worker W1
1733253212.417491: 14424-7f504d0ea700: cdpl_server_ipc.c:857: in _sv_on_finish(): info: worker W1 completed task T0
1733253212.417528: 14424-7f504c8e9700: cdpl_server_sched.c:955: in _assign(): info: assigning task T1 to worker W1
1733253219.183298: 14424-7f504d0ea700: cdpl_server_ipc.c:857: in _sv_on_finish(): info: worker W1 completed task T1
1733253219.183574: 14424-7f504c8e9700: cdpl_server_sched.c:955: in _assign(): info: assigning task T5 to worker W1
1733253225.959444: 14424-7f504d0ea700: cdpl_server_ipc.c:857: in _sv_on_finish(): info: worker W1 completed task T5
1733253225.959709: 14424-7f504c8e9700: cdpl_server_sched.c:955: in _assign(): info: assigning task T6 to worker W1
1733253232.567328: 14424-7f504d0ea700: cdpl_server_ipc.c:857: in _sv_on_finish(): info: worker W1 completed task T6
1733253232.567362: 14424-7f504c8e9700: cdpl_server_sched.c:955: in _assign(): info: assigning task T2 to worker W1
1733253239.168065: 14424-7f504d0ea700: cdpl_server_ipc.c:857: in _sv_on_finish(): info: worker W1 completed task T2
1733253239.168100: 14424-7f504c8e9700: cdpl_server_sched.c:955: in _assign(): info: assigning task T3 to worker W1
1733253245.762613: 14424-7f504d0ea700: cdpl_server_ipc.c:857: in _sv_on_finish(): info: worker W1 completed task T3
1733253245.762647: 14424-7f504c8e9700: cdpl_server_sched.c:955: in _assign(): info: assigning task T4 to worker W1
1733253252.518422: 14424-7f504d0ea700: cdpl_server_ipc.c:857: in _sv_on_finish(): info: worker W1 completed task T4
1733253252.518460: 14424-7f504c8e9700: cdpl_server_sched.c:955: in _assign(): info: assigning task T7 to worker W1
1733253259.111218: 14424-7f504d0ea700: cdpl_server_ipc.c:857: in _sv_on_finish(): info: worker W1 completed task T7
1733253259.111268: 14424-7f504c8e9700: cdpl_server_sched.c:955: in _assign(): info: assigning task T8 to worker W1
1733253265.841995: 14424-7f504d0ea700: cdpl_server_ipc.c:857: in _sv_on_finish(): info: worker W1 completed task T8
1733253320.348877: 14424-7f5064be50c0: cdpl_compat_master.c:5152: in cdplMasterLogInfo(): info: [non-CDPL log entry] Ending current CDPL job
1733253320.349150: 14424-7f5064be50c0: cdpl_server.c:2890: in cdpl_sv_halt_job_errno(): info: stopping job J1
1733253320.349263: 14424-7f504c8e9700: cdpl_server_sched.c:2711: in _sv_drop_worker(): info: down to 0 alive workers in B1
1733253320.349303: 14424-7f5064be50c0: cdpl_server.c:2875: in cdpl_sv_halt_job_errno(): info: killing job J1
1733253320.349308: 14424-7f5064be50c0: cdpl_server.c:288: in _sv_free_job(): info: freeing job J1
1733253320.349348: 14424-7f5064be50c0: cdpl_farm.c:2395: in cdpl_farm_free(): info: freeing farm
1733253320.349588: 14424-7f5064be50c0: cdpl_server.c:3011: in cdpl_sv_free(): info: freeing server S914222414
1733253320.349590: 14424-7f5064be50c0: cdpl_server.c:2976: in cdpl_sv_kill_errno(): info: killing server
1733253320.350094: 14424-7f5064be50c0: cdpl_server.c:328: in _sv_free_master(): info: freeing master M1
1733253320.350140: 14424-7f5064be50c0: cdpl_log.c:371: in cdpl_log_close(): info: @@end_of_log@@
