1733252809.916818: 31465-7fa0060b10c0: cdpl_log.c:228: in cdpl_log_open(): info: @@start_of_log@@
1733252809.916841: 31465-7fa0060b10c0: cdpl_log.c:866: in cdpl_log_dump_sysinfo(): info: time: 2024/12/03 13:06:49 CST -0600
1733252809.916845: 31465-7fa0060b10c0: cdpl_log.c:868: in cdpl_log_dump_sysinfo(): info: version: T-2022.03 
1733252809.916847: 31465-7fa0060b10c0: cdpl_log.c:870: in cdpl_log_dump_sysinfo(): info: system: Linux 3.10.0-1160.119.1.el7.x86_64 #1 SMP Tue May 14 11:55:25 EDT 2024
1733252809.916849: 31465-7fa0060b10c0: cdpl_log.c:875: in cdpl_log_dump_sysinfo(): info: processor: x86_64 64-bits
1733252809.916850: 31465-7fa0060b10c0: cdpl_log.c:879: in cdpl_log_dump_sysinfo(): info: hostname: engnx03a.utdallas.edu
1733252809.916852: 31465-7fa0060b10c0: cdpl_log.c:230: in cdpl_log_open(): debug: path: /home/eng/s/sxv240035/cad/gf65/primelib_gf65/AOI22/runtime/cdpl/pid31465/master.engnx03a.utdallas.edu.31465.log
1733252809.916855: 31465-7fa0060b10c0: cdpl_log.c:231: in cdpl_log_open(): debug: dir: /home/eng/s/sxv240035/cad/gf65/primelib_gf65/AOI22/runtime/cdpl/pid31465
1733252809.916861: 31465-7fa0060b10c0: cdpl_log.c:758: in cdpl_log_set_filter(): info: filter level 1
1733252809.916879: 31465-7fa0060b10c0: cdpl_server.c:543: in cdpl_sv_init(): info: new server S1547831483
1733252809.916887: 31465-7fa0060b10c0: cdpl_ipc.c:3030: in cdpl_ipc_init(): info: requesting IPv4 protocol
1733252809.917802: 31465-7fa0060b10c0: cdpl_ipc.c:800: in _selectaddrfamily(): info: selected IPv4 protocol
1733252809.918076: 31465-7fa0060b10c0: cdpl_server.c:657: in cdpl_sv_new_master(): info: new master M1
1733252809.918088: 31465-7fa0060b10c0: cdpl_server.c:5494: in cdpl_sv_ctl_master(): info: Setting worker heartbeat to 60 seconds
1733252809.918091: 31465-7fa0060b10c0: cdpl_server.c:5503: in cdpl_sv_ctl_master(): info: Setting worker heartbeat timeout to 3 heartbeats
1733252809.918093: 31465-7fa0060b10c0: cdpl_compat_master.c:2407: in cdplInitMaster(): info: bcast dir is `/dev/null'
1733252809.918153: 31465-7fa0060b10c0: cdpl_server.c:5394: in cdpl_sv_ctl_master(): info: farm worker timeout set to 36000
1733252809.918155: 31465-7fa0060b10c0: cdpl_server.c:5410: in cdpl_sv_ctl_master(): info: grid worker timeout set to 36000
1733252809.918157: 31465-7fa0060b10c0: cdpl_server.c:5438: in cdpl_sv_ctl_master(): info: farm submit command failure threshold set to 100
1733252809.918218: 31465-7fa0060b10c0: cdpl_farm.c:2268: in cdpl_farm_new_sh(): info: creating SH farm on localhost
1733252809.918229: 31465-7fa0060b10c0: cdpl_compat_master.c:207: in _set_farm_env(): info: exporting CDPL_LOGDIR as `/home/eng/s/sxv240035/cad/gf65/primelib_gf65/AOI22/runtime/cdpl/pid31465'
1733252809.918232: 31465-7fa0060b10c0: cdpl_compat_master.c:213: in _set_farm_env(): info: exporting CDPL_TMPDIR as `/var/tmp'
1733252809.918234: 31465-7fa0060b10c0: cdpl_compat_master.c:220: in _set_farm_env(): info: exporting CDPL_HOME as `/proj/cad/synopsys/synopsys_2021/primelib/T-2022.03-SP1/cdpl_runtime_linux64'
1733252809.918237: 31465-7fa0060b10c0: cdpl_compat_master.c:227: in _set_farm_env(): info: exporting SNPSLMD_LICENSE_FILE as `1700@engdmv.utdallas.edu'
1733252809.918240: 31465-7fa0060b10c0: cdpl_compat_master.c:247: in _set_farm_env(): info: exporting CDPL_OPTIONS as `[filter][nowlogs]'
1733252809.918242: 31465-7fa0060b10c0: cdpl_compat_master.c:254: in _set_farm_env(): info: exporting DISPLAY as `:1034'
1733252809.918244: 31465-7fa0060b10c0: cdpl_compat_master.c:262: in _set_farm_env(): info: exporting CDPL_HEARTBEAT as `60'
1733252809.918247: 31465-7fa0060b10c0: cdpl_compat_master.c:348: in _set_farm_env(): info: exporting SIS_MALIBU as `2'
1733252809.918249: 31465-7fa0060b10c0: cdpl_compat_master.c:348: in _set_farm_env(): info: exporting SIS_CDPL as `5'
1733252809.961014: 31465-7fa0060b10c0: cdpl_server.c:738: in cdpl_sv_new_job(): info: new job J1 in M1
1733252809.961031: 31465-7fa0060b10c0: cdpl_compat_master.c:1314: in _add_worker(): info: new worker type 100, min:1, max:1, cmd:`/home/eng/s/sxv240035/cad/gf65/primelib_gf65/AOI22/runtime/cdpl/pid31465/run_31465.sh'
1733252809.961042: 31465-7fa0060b10c0: cdpl_server.c:900: in cdpl_sv_new_bin_withfarm(): info: new bin B1 in J1
1733252809.969497: 31465-7fa0060b10c0: cdpl_server.c:3116: in cdpl_sv_start_job(): info: starting job J1
1733252809.979471: 31465-7fa0060b10c0: cdpl_server.c:1824: in _sv_gen_task(): info: new task T0 in B1 (prio 3)
1733252809.979482: 31465-7fa0060b10c0: cdpl_server.c:2558: in cdpl_sv_label_task_va(): info: setting task T0 label to "leakage_power__ACQ_1 of AOI22"
1733252809.979555: 31465-7fa0060b10c0: cdpl_server.c:1824: in _sv_gen_task(): info: new task T1 in B1 (prio 5)
1733252809.979610: 31465-7f9feddb5700: cdpl_server_sched.c:700: in _sv_launch_worker(): info: started worker W1 (as C1) in bin B1
1733252809.979629: 31465-7fa0060b10c0: cdpl_server.c:2558: in cdpl_sv_label_task_va(): info: setting task T1 label to "Cin__VSS__hl__ACQ_1 of AOI22"
1733252809.979641: 31465-7f9fed5b4700: cdpl_farm.c:1899: in _schedule(): info: worker submit failure threshold set to 100
1733252809.979657: 31465-7f9fed5b4700: cdpl_sh.c:49: in _sh_detached_submit(): info: SH : /home/eng/s/sxv240035/cad/gf65/primelib_gf65/AOI22/runtime/cdpl/pid31465/run_31465.sh
1733252809.979660: 31465-7fa0060b10c0: cdpl_server.c:1824: in _sv_gen_task(): info: new task T2 in B1 (prio 5)
1733252809.979665: 31465-7fa0060b10c0: cdpl_server.c:2558: in cdpl_sv_label_task_va(): info: setting task T2 label to "Cin__VSS__lh__ACQ_1 of AOI22"
1733252809.981230: 31465-7fa0060b10c0: cdpl_server.c:1824: in _sv_gen_task(): info: new task T3 in B1 (prio 2)
1733252809.981253: 31465-7fa0060b10c0: cdpl_server.c:2558: in cdpl_sv_label_task_va(): info: setting task T3 label to "delay__A__hl__OUT__lh__ACQ_1 of AOI22"
1733252809.982113: 31465-7fa0060b10c0: cdpl_server.c:1824: in _sv_gen_task(): info: new task T4 in B1 (prio 2)
1733252809.982118: 31465-7fa0060b10c0: cdpl_server.c:2558: in cdpl_sv_label_task_va(): info: setting task T4 label to "delay__A__lh__OUT__hl__ACQ_1 of AOI22"
1733252809.982183: 31465-7fa0060b10c0: cdpl_server.c:1824: in _sv_gen_task(): info: new task T5 in B1 (prio 2)
1733252809.982186: 31465-7fa0060b10c0: cdpl_server.c:2558: in cdpl_sv_label_task_va(): info: setting task T5 label to "delay__B__hl__OUT__lh__ACQ_1 of AOI22"
1733252809.982257: 31465-7fa0060b10c0: cdpl_server.c:1824: in _sv_gen_task(): info: new task T6 in B1 (prio 2)
1733252809.982262: 31465-7fa0060b10c0: cdpl_server.c:2558: in cdpl_sv_label_task_va(): info: setting task T6 label to "delay__B__lh__OUT__hl__ACQ_1 of AOI22"
1733252809.982327: 31465-7fa0060b10c0: cdpl_server.c:1824: in _sv_gen_task(): info: new task T7 in B1 (prio 2)
1733252809.982332: 31465-7fa0060b10c0: cdpl_server.c:2558: in cdpl_sv_label_task_va(): info: setting task T7 label to "delay__C__hl__OUT__lh__ACQ_1 of AOI22"
1733252809.982388: 31465-7fa0060b10c0: cdpl_server.c:1824: in _sv_gen_task(): info: new task T8 in B1 (prio 2)
1733252809.982392: 31465-7fa0060b10c0: cdpl_server.c:2558: in cdpl_sv_label_task_va(): info: setting task T8 label to "delay__C__lh__OUT__hl__ACQ_1 of AOI22"
1733252809.982463: 31465-7fa0060b10c0: cdpl_server.c:1824: in _sv_gen_task(): info: new task T9 in B1 (prio 2)
1733252809.982468: 31465-7fa0060b10c0: cdpl_server.c:2558: in cdpl_sv_label_task_va(): info: setting task T9 label to "delay__D__hl__OUT__lh__ACQ_1 of AOI22"
1733252809.982511: 31465-7fa0060b10c0: cdpl_server.c:1824: in _sv_gen_task(): info: new task T10 in B1 (prio 2)
1733252809.982516: 31465-7fa0060b10c0: cdpl_server.c:2558: in cdpl_sv_label_task_va(): info: setting task T10 label to "delay__D__lh__OUT__hl__ACQ_1 of AOI22"
1733252809.982550: 31465-7fa0060b10c0: cdpl_server.c:1824: in _sv_gen_task(): info: new task T11 in B1 (prio 5)
1733252809.982555: 31465-7fa0060b10c0: cdpl_server.c:2558: in cdpl_sv_label_task_va(): info: setting task T11 label to "Cin__VDD__hl__ACQ_1 of AOI22"
1733252809.982608: 31465-7fa0060b10c0: cdpl_server.c:1824: in _sv_gen_task(): info: new task T12 in B1 (prio 5)
1733252809.982612: 31465-7fa0060b10c0: cdpl_server.c:2558: in cdpl_sv_label_task_va(): info: setting task T12 label to "Cin__VDD__lh__ACQ_1 of AOI22"
1733252810.630484: 31465-7f9fee5b6700: cdpl_server_ipc.c:452: in _sv_on_hello(): info: W1 is `10.182.66.68:40216'
1733252810.630505: 31465-7f9fee5b6700: cdpl_server_ipc.c:454: in _sv_on_hello(): info: W1 log file is /dev/null
1733252810.630515: 31465-7f9fee5b6700: cdpl_server_ipc.c:481: in _sv_on_hello(): info: up to 1 alive workers in B1
1733252810.630548: 31465-7f9feddb5700: cdpl_server_sched.c:955: in _assign(): info: assigning task T3 to worker W1
1733252817.656877: 31465-7f9fee5b6700: cdpl_server_ipc.c:857: in _sv_on_finish(): info: worker W1 completed task T3
1733252817.656934: 31465-7f9feddb5700: cdpl_server_sched.c:955: in _assign(): info: assigning task T4 to worker W1
1733252824.356002: 31465-7f9fee5b6700: cdpl_server_ipc.c:857: in _sv_on_finish(): info: worker W1 completed task T4
1733252824.356047: 31465-7f9feddb5700: cdpl_server_sched.c:955: in _assign(): info: assigning task T5 to worker W1
1733252831.071762: 31465-7f9fee5b6700: cdpl_server_ipc.c:857: in _sv_on_finish(): info: worker W1 completed task T5
1733252831.071806: 31465-7f9feddb5700: cdpl_server_sched.c:955: in _assign(): info: assigning task T6 to worker W1
1733252837.789340: 31465-7f9fee5b6700: cdpl_server_ipc.c:857: in _sv_on_finish(): info: worker W1 completed task T6
1733252837.789380: 31465-7f9feddb5700: cdpl_server_sched.c:955: in _assign(): info: assigning task T7 to worker W1
1733252844.333262: 31465-7f9fee5b6700: cdpl_server_ipc.c:857: in _sv_on_finish(): info: worker W1 completed task T7
1733252844.333302: 31465-7f9feddb5700: cdpl_server_sched.c:955: in _assign(): info: assigning task T8 to worker W1
1733252851.073034: 31465-7f9fee5b6700: cdpl_server_ipc.c:857: in _sv_on_finish(): info: worker W1 completed task T8
1733252851.073284: 31465-7f9feddb5700: cdpl_server_sched.c:955: in _assign(): info: assigning task T9 to worker W1
1733252857.704187: 31465-7f9fee5b6700: cdpl_server_ipc.c:857: in _sv_on_finish(): info: worker W1 completed task T9
1733252857.704230: 31465-7f9feddb5700: cdpl_server_sched.c:955: in _assign(): info: assigning task T10 to worker W1
1733252864.457082: 31465-7f9fee5b6700: cdpl_server_ipc.c:857: in _sv_on_finish(): info: worker W1 completed task T10
1733252864.457113: 31465-7f9feddb5700: cdpl_server_sched.c:955: in _assign(): info: assigning task T0 to worker W1
1733252870.945817: 31465-7f9fee5b6700: cdpl_server_ipc.c:857: in _sv_on_finish(): info: worker W1 completed task T0
1733252870.945853: 31465-7f9feddb5700: cdpl_server_sched.c:955: in _assign(): info: assigning task T1 to worker W1
1733252877.408079: 31465-7f9fee5b6700: cdpl_server_ipc.c:857: in _sv_on_finish(): info: worker W1 completed task T1
1733252877.408120: 31465-7f9feddb5700: cdpl_server_sched.c:955: in _assign(): info: assigning task T2 to worker W1
1733252884.056730: 31465-7f9fee5b6700: cdpl_server_ipc.c:857: in _sv_on_finish(): info: worker W1 completed task T2
1733252884.056980: 31465-7f9feddb5700: cdpl_server_sched.c:955: in _assign(): info: assigning task T11 to worker W1
1733252890.857544: 31465-7f9fee5b6700: cdpl_server_ipc.c:857: in _sv_on_finish(): info: worker W1 completed task T11
1733252890.857584: 31465-7f9feddb5700: cdpl_server_sched.c:955: in _assign(): info: assigning task T12 to worker W1
1733252897.309876: 31465-7f9fee5b6700: cdpl_server_ipc.c:857: in _sv_on_finish(): info: worker W1 completed task T12
1733252936.600098: 31465-7fa0060b10c0: cdpl_compat_master.c:5152: in cdplMasterLogInfo(): info: [non-CDPL log entry] Ending current CDPL job
1733252936.600369: 31465-7fa0060b10c0: cdpl_server.c:2890: in cdpl_sv_halt_job_errno(): info: stopping job J1
1733252936.600456: 31465-7f9feddb5700: cdpl_server_sched.c:2711: in _sv_drop_worker(): info: down to 0 alive workers in B1
1733252936.600511: 31465-7fa0060b10c0: cdpl_server.c:2875: in cdpl_sv_halt_job_errno(): info: killing job J1
1733252936.600525: 31465-7fa0060b10c0: cdpl_server.c:288: in _sv_free_job(): info: freeing job J1
1733252936.600588: 31465-7fa0060b10c0: cdpl_farm.c:2395: in cdpl_farm_free(): info: freeing farm
1733252936.601094: 31465-7fa0060b10c0: cdpl_server.c:3011: in cdpl_sv_free(): info: freeing server S1547831483
1733252936.601108: 31465-7fa0060b10c0: cdpl_server.c:2976: in cdpl_sv_kill_errno(): info: killing server
1733252936.601141: 31465-7fa0060b10c0: cdpl_server.c:328: in _sv_free_master(): info: freeing master M1
1733252936.601205: 31465-7fa0060b10c0: cdpl_log.c:371: in cdpl_log_close(): info: @@end_of_log@@
