INFO (ABS-19020): Starting @(#)$CDS: ui version 6.1.7-64b 04/26/2017 04:13 (sjfhw317) $, sub-version  IC6.1.7-64b.500.11 , on  3.18.26
INFO (ABS-19023): This is the OpenAccess variant of Abstract Generator.
*WARNING* The directory: '/home/eng/s/sxv240035/cad/gf65/lib_cell' does not exist
	but was defined in libFile '/home/eng/s/sxv240035/cad/gf65/cds.lib' for Lib 'lib_cell'.
*WARNING* The directory: '/home/eng/s/sxv240035/cad/gf65/lib_cell' does not exist
	but was defined in libFile '/home/eng/s/sxv240035/cad/gf65/cds.lib' for Lib 'lib_cell'.
INFO (ABS-10500): Library tutorial Opening /home/eng/s/sxv240035/cad/gf65/tutorial
Loading cmos10lpe Procedures for Cadence Version "6.1.7-64b"
Loading Display Resources File  '/proj/cad/library/mosis/GF65_LPe/cmos10lpe_CDS_oa_dl064_11_20160415/cmos10lpe/display.drf'
Loading context file pdk.cxt
cmos10lpe setting techfile rules
Inductor table created
Loading esd10lpe/libInit.il ...
	Loading esd10lpe/loadCxt.ile ... done!
	Loading context 'esd10lpe' from library 'esd10lpe' ... done!
	Loading context 'pdkUtils' from library 'esd10lpe' ... done!
	Loading esd10lpe/libInitCktPro.il ... done!
	Loading esd10lpe/libInitCustomExit.il ... done!
Loaded esd10lpe/libInit.il successfully!
	Loading esd10lpe/libInit.il ... Loading esd10lpe/libInit.il ...
	Loading esd10lpe/libInitCktPro.il ... done!
	Loading esd10lpe/libInitCustomExit.il ... done!
Loaded esd10lpe/libInit.il successfully!
Loading libInit.il for esd10lpe done!
Enabling auCdlCDFPinCntrl and auCdlPrintEmptySUBCKT
INFO (ABS-10011): Verifying Technology Data ...
INFO (ABS-10012): Layer summary: 8 metal layer(s), 7 via layer(s), 2 poly layer(s), and 1 diff layer(s) found
INFO (ABS-20023): Via summary: 7 valid via(s) found
INFO (ABS-20049): The layer dNGATE, defined in the spacingTables section of the foundry constraint group, is also defined in the techDerivedLayers section of the technology file. The abstract generator does not support derived layers and this layer will, therefore, be ignored. As a result, the abstracts generated will not have any shape on this layer.
INFO (ABS-20049): The layer dPGATE, defined in the spacingTables section of the foundry constraint group, is also defined in the techDerivedLayers section of the technology file. The abstract generator does not support derived layers and this layer will, therefore, be ignored. As a result, the abstracts generated will not have any shape on this layer.
INFO (ABS-20049): The layer dNGATE, defined in the spacingTables section of the foundry constraint group, is also defined in the techDerivedLayers section of the technology file. The abstract generator does not support derived layers and this layer will, therefore, be ignored. As a result, the abstracts generated will not have any shape on this layer.
INFO (ABS-20049): The layer dPGATE, defined in the spacingTables section of the foundry constraint group, is also defined in the techDerivedLayers section of the technology file. The abstract generator does not support derived layers and this layer will, therefore, be ignored. As a result, the abstracts generated will not have any shape on this layer.
INFO (ABS-20049): The layer dNGATEandRX, defined in the spacingTables section of the foundry constraint group, is also defined in the techDerivedLayers section of the technology file. The abstract generator does not support derived layers and this layer will, therefore, be ignored. As a result, the abstracts generated will not have any shape on this layer.
INFO (ABS-20049): The layer dPGATEandRX, defined in the spacingTables section of the foundry constraint group, is also defined in the techDerivedLayers section of the technology file. The abstract generator does not support derived layers and this layer will, therefore, be ignored. As a result, the abstracts generated will not have any shape on this layer.
INFO (ABS-20049): The layer dGATE, defined in the spacingTables section of the foundry constraint group, is also defined in the techDerivedLayers section of the technology file. The abstract generator does not support derived layers and this layer will, therefore, be ignored. As a result, the abstracts generated will not have any shape on this layer.
INFO (ABS-20049): The layer dRXandDG, defined in the spacingTables section of the foundry constraint group, is also defined in the techDerivedLayers section of the technology file. The abstract generator does not support derived layers and this layer will, therefore, be ignored. As a result, the abstracts generated will not have any shape on this layer.
INFO (ABS-20049): The layer dPCandDG, defined in the spacingTables section of the foundry constraint group, is also defined in the techDerivedLayers section of the technology file. The abstract generator does not support derived layers and this layer will, therefore, be ignored. As a result, the abstracts generated will not have any shape on this layer.
INFO (ABS-20049): The layer dRXsubcont, defined in the spacingTables section of the foundry constraint group, is also defined in the techDerivedLayers section of the technology file. The abstract generator does not support derived layers and this layer will, therefore, be ignored. As a result, the abstracts generated will not have any shape on this layer.
INFO (ABS-20049): The layer dRXnjunction, defined in the spacingTables section of the foundry constraint group, is also defined in the techDerivedLayers section of the technology file. The abstract generator does not support derived layers and this layer will, therefore, be ignored. As a result, the abstracts generated will not have any shape on this layer.
INFO (ABS-20049): The layer dTW, defined in the spacingTables section of the foundry constraint group, is also defined in the techDerivedLayers section of the technology file. The abstract generator does not support derived layers and this layer will, therefore, be ignored. As a result, the abstracts generated will not have any shape on this layer.
INFO (ABS-20049): The layer dGATEandNAT, defined in the spacingTables section of the foundry constraint group, is also defined in the techDerivedLayers section of the technology file. The abstract generator does not support derived layers and this layer will, therefore, be ignored. As a result, the abstracts generated will not have any shape on this layer.
INFO (ABS-20049): The layer dGATEandNAT, defined in the spacingTables section of the foundry constraint group, is also defined in the techDerivedLayers section of the technology file. The abstract generator does not support derived layers and this layer will, therefore, be ignored. As a result, the abstracts generated will not have any shape on this layer.
INFO (ABS-20049): The layer dGATEandNATandDG, defined in the spacingTables section of the foundry constraint group, is also defined in the techDerivedLayers section of the technology file. The abstract generator does not support derived layers and this layer will, therefore, be ignored. As a result, the abstracts generated will not have any shape on this layer.
INFO (ABS-20049): The layer dGATE, defined in the spacingTables section of the foundry constraint group, is also defined in the techDerivedLayers section of the technology file. The abstract generator does not support derived layers and this layer will, therefore, be ignored. As a result, the abstracts generated will not have any shape on this layer.
INFO (ABS-20049): The layer dGATE, defined in the spacingTables section of the foundry constraint group, is also defined in the techDerivedLayers section of the technology file. The abstract generator does not support derived layers and this layer will, therefore, be ignored. As a result, the abstracts generated will not have any shape on this layer.
INFO (ABS-20049): The layer dLVTorLW, defined in the spacingTables section of the foundry constraint group, is also defined in the techDerivedLayers section of the technology file. The abstract generator does not support derived layers and this layer will, therefore, be ignored. As a result, the abstracts generated will not have any shape on this layer.
INFO (ABS-20049): The layer dLVTorLW, defined in the spacingTables section of the foundry constraint group, is also defined in the techDerivedLayers section of the technology file. The abstract generator does not support derived layers and this layer will, therefore, be ignored. As a result, the abstracts generated will not have any shape on this layer.
INFO (ABS-20049): The layer dLVTorLW, defined in the spacingTables section of the foundry constraint group, is also defined in the techDerivedLayers section of the technology file. The abstract generator does not support derived layers and this layer will, therefore, be ignored. As a result, the abstracts generated will not have any shape on this layer.
INFO (ABS-20049): The layer dLVTorXW, defined in the spacingTables section of the foundry constraint group, is also defined in the techDerivedLayers section of the technology file. The abstract generator does not support derived layers and this layer will, therefore, be ignored. As a result, the abstracts generated will not have any shape on this layer.
INFO (ABS-20049): The layer dLVTorXW, defined in the spacingTables section of the foundry constraint group, is also defined in the techDerivedLayers section of the technology file. The abstract generator does not support derived layers and this layer will, therefore, be ignored. As a result, the abstracts generated will not have any shape on this layer.
INFO (ABS-20049): The layer dLVTorXW, defined in the spacingTables section of the foundry constraint group, is also defined in the techDerivedLayers section of the technology file. The abstract generator does not support derived layers and this layer will, therefore, be ignored. As a result, the abstracts generated will not have any shape on this layer.
INFO (ABS-20049): The layer dLVTorXW, defined in the spacingTables section of the foundry constraint group, is also defined in the techDerivedLayers section of the technology file. The abstract generator does not support derived layers and this layer will, therefore, be ignored. As a result, the abstracts generated will not have any shape on this layer.
INFO (ABS-20049): The layer dLVTorXW, defined in the spacingTables section of the foundry constraint group, is also defined in the techDerivedLayers section of the technology file. The abstract generator does not support derived layers and this layer will, therefore, be ignored. As a result, the abstracts generated will not have any shape on this layer.
INFO (ABS-20049): The layer dLVTorXW, defined in the spacingTables section of the foundry constraint group, is also defined in the techDerivedLayers section of the technology file. The abstract generator does not support derived layers and this layer will, therefore, be ignored. As a result, the abstracts generated will not have any shape on this layer.
INFO (ABS-20049): The layer dHVTorNR, defined in the spacingTables section of the foundry constraint group, is also defined in the techDerivedLayers section of the technology file. The abstract generator does not support derived layers and this layer will, therefore, be ignored. As a result, the abstracts generated will not have any shape on this layer.
INFO (ABS-20049): The layer dHVTorNR, defined in the spacingTables section of the foundry constraint group, is also defined in the techDerivedLayers section of the technology file. The abstract generator does not support derived layers and this layer will, therefore, be ignored. As a result, the abstracts generated will not have any shape on this layer.
INFO (ABS-20049): The layer dHVTorNR, defined in the spacingTables section of the foundry constraint group, is also defined in the techDerivedLayers section of the technology file. The abstract generator does not support derived layers and this layer will, therefore, be ignored. As a result, the abstracts generated will not have any shape on this layer.
INFO (ABS-20049): The layer dHVTorNR, defined in the spacingTables section of the foundry constraint group, is also defined in the techDerivedLayers section of the technology file. The abstract generator does not support derived layers and this layer will, therefore, be ignored. As a result, the abstracts generated will not have any shape on this layer.
INFO (ABS-20049): The layer dHVTorNR, defined in the spacingTables section of the foundry constraint group, is also defined in the techDerivedLayers section of the technology file. The abstract generator does not support derived layers and this layer will, therefore, be ignored. As a result, the abstracts generated will not have any shape on this layer.
INFO (ABS-20049): The layer dHVTorPR, defined in the spacingTables section of the foundry constraint group, is also defined in the techDerivedLayers section of the technology file. The abstract generator does not support derived layers and this layer will, therefore, be ignored. As a result, the abstracts generated will not have any shape on this layer.
INFO (ABS-20049): The layer dHVTorPR, defined in the spacingTables section of the foundry constraint group, is also defined in the techDerivedLayers section of the technology file. The abstract generator does not support derived layers and this layer will, therefore, be ignored. As a result, the abstracts generated will not have any shape on this layer.
INFO (ABS-20049): The layer dHVTorPR, defined in the spacingTables section of the foundry constraint group, is also defined in the techDerivedLayers section of the technology file. The abstract generator does not support derived layers and this layer will, therefore, be ignored. As a result, the abstracts generated will not have any shape on this layer.
INFO (ABS-20049): The layer dHVTorPR, defined in the spacingTables section of the foundry constraint group, is also defined in the techDerivedLayers section of the technology file. The abstract generator does not support derived layers and this layer will, therefore, be ignored. As a result, the abstracts generated will not have any shape on this layer.
INFO (ABS-20049): The layer dHVTorPR, defined in the spacingTables section of the foundry constraint group, is also defined in the techDerivedLayers section of the technology file. The abstract generator does not support derived layers and this layer will, therefore, be ignored. As a result, the abstracts generated will not have any shape on this layer.
INFO (ABS-20049): The layer dHVTorPR, defined in the spacingTables section of the foundry constraint group, is also defined in the techDerivedLayers section of the technology file. The abstract generator does not support derived layers and this layer will, therefore, be ignored. As a result, the abstracts generated will not have any shape on this layer.
INFO (ABS-20049): The layer dGATE, defined in the spacingTables section of the foundry constraint group, is also defined in the techDerivedLayers section of the technology file. The abstract generator does not support derived layers and this layer will, therefore, be ignored. As a result, the abstracts generated will not have any shape on this layer.
INFO (ABS-20049): The layer dRXpjunction, defined in the spacingTables section of the foundry constraint group, is also defined in the techDerivedLayers section of the technology file. The abstract generator does not support derived layers and this layer will, therefore, be ignored. As a result, the abstracts generated will not have any shape on this layer.
INFO (ABS-20049): The layer dGATE, defined in the spacingTables section of the foundry constraint group, is also defined in the techDerivedLayers section of the technology file. The abstract generator does not support derived layers and this layer will, therefore, be ignored. As a result, the abstracts generated will not have any shape on this layer.
INFO (ABS-20049): The layer dRXnjunction, defined in the spacingTables section of the foundry constraint group, is also defined in the techDerivedLayers section of the technology file. The abstract generator does not support derived layers and this layer will, therefore, be ignored. As a result, the abstracts generated will not have any shape on this layer.
INFO (ABS-20049): The layer dRXnwellcont, defined in the spacingTables section of the foundry constraint group, is also defined in the techDerivedLayers section of the technology file. The abstract generator does not support derived layers and this layer will, therefore, be ignored. As a result, the abstracts generated will not have any shape on this layer.
INFO (ABS-20049): The layer dGATE, defined in the spacingTables section of the foundry constraint group, is also defined in the techDerivedLayers section of the technology file. The abstract generator does not support derived layers and this layer will, therefore, be ignored. As a result, the abstracts generated will not have any shape on this layer.
INFO (ABS-20049): The layer dRXpjunction, defined in the spacingTables section of the foundry constraint group, is also defined in the techDerivedLayers section of the technology file. The abstract generator does not support derived layers and this layer will, therefore, be ignored. As a result, the abstracts generated will not have any shape on this layer.
INFO (ABS-20049): The layer dGATE, defined in the spacingTables section of the foundry constraint group, is also defined in the techDerivedLayers section of the technology file. The abstract generator does not support derived layers and this layer will, therefore, be ignored. As a result, the abstracts generated will not have any shape on this layer.
INFO (ABS-20049): The layer dRXnjunction, defined in the spacingTables section of the foundry constraint group, is also defined in the techDerivedLayers section of the technology file. The abstract generator does not support derived layers and this layer will, therefore, be ignored. As a result, the abstracts generated will not have any shape on this layer.
INFO (ABS-20049): The layer dRXnwellcont, defined in the spacingTables section of the foundry constraint group, is also defined in the techDerivedLayers section of the technology file. The abstract generator does not support derived layers and this layer will, therefore, be ignored. As a result, the abstracts generated will not have any shape on this layer.
INFO (ABS-20049): The layer dDGorT3, defined in the spacingTables section of the foundry constraint group, is also defined in the techDerivedLayers section of the technology file. The abstract generator does not support derived layers and this layer will, therefore, be ignored. As a result, the abstracts generated will not have any shape on this layer.
INFO (ABS-20049): The layer dGATE, defined in the spacingTables section of the foundry constraint group, is also defined in the techDerivedLayers section of the technology file. The abstract generator does not support derived layers and this layer will, therefore, be ignored. As a result, the abstracts generated will not have any shape on this layer.
INFO (ABS-20049): The layer dRXandBIPOLAR, defined in the spacingTables section of the foundry constraint group, is also defined in the techDerivedLayers section of the technology file. The abstract generator does not support derived layers and this layer will, therefore, be ignored. As a result, the abstracts generated will not have any shape on this layer.
INFO (ABS-20049): The layer dRXandBIPOLAR, defined in the spacingTables section of the foundry constraint group, is also defined in the techDerivedLayers section of the technology file. The abstract generator does not support derived layers and this layer will, therefore, be ignored. As a result, the abstracts generated will not have any shape on this layer.
INFO (ABS-20049): The layer dNCAPorVAR, defined in the spacingTables section of the foundry constraint group, is also defined in the techDerivedLayers section of the technology file. The abstract generator does not support derived layers and this layer will, therefore, be ignored. As a result, the abstracts generated will not have any shape on this layer.
INFO (ABS-20049): The layer dNCAPorVAR, defined in the spacingTables section of the foundry constraint group, is also defined in the techDerivedLayers section of the technology file. The abstract generator does not support derived layers and this layer will, therefore, be ignored. As a result, the abstracts generated will not have any shape on this layer.
INFO (ABS-20049): The layer dNCAPorVAR, defined in the spacingTables section of the foundry constraint group, is also defined in the techDerivedLayers section of the technology file. The abstract generator does not support derived layers and this layer will, therefore, be ignored. As a result, the abstracts generated will not have any shape on this layer.
INFO (ABS-20049): The layer dNCAPorVAR, defined in the spacingTables section of the foundry constraint group, is also defined in the techDerivedLayers section of the technology file. The abstract generator does not support derived layers and this layer will, therefore, be ignored. As a result, the abstracts generated will not have any shape on this layer.
INFO (ABS-20049): The layer dNCAPorVAR, defined in the spacingTables section of the foundry constraint group, is also defined in the techDerivedLayers section of the technology file. The abstract generator does not support derived layers and this layer will, therefore, be ignored. As a result, the abstracts generated will not have any shape on this layer.
INFO (ABS-20049): The layer dGATEandNCAP, defined in the spacingTables section of the foundry constraint group, is also defined in the techDerivedLayers section of the technology file. The abstract generator does not support derived layers and this layer will, therefore, be ignored. As a result, the abstracts generated will not have any shape on this layer.
INFO (ABS-20049): The layer dPCAPorVAR, defined in the spacingTables section of the foundry constraint group, is also defined in the techDerivedLayers section of the technology file. The abstract generator does not support derived layers and this layer will, therefore, be ignored. As a result, the abstracts generated will not have any shape on this layer.
INFO (ABS-20049): The layer dPCAPorVAR, defined in the spacingTables section of the foundry constraint group, is also defined in the techDerivedLayers section of the technology file. The abstract generator does not support derived layers and this layer will, therefore, be ignored. As a result, the abstracts generated will not have any shape on this layer.
INFO (ABS-20049): The layer dPCAPorVAR, defined in the spacingTables section of the foundry constraint group, is also defined in the techDerivedLayers section of the technology file. The abstract generator does not support derived layers and this layer will, therefore, be ignored. As a result, the abstracts generated will not have any shape on this layer.
INFO (ABS-20049): The layer dPCAPorVAR, defined in the spacingTables section of the foundry constraint group, is also defined in the techDerivedLayers section of the technology file. The abstract generator does not support derived layers and this layer will, therefore, be ignored. As a result, the abstracts generated will not have any shape on this layer.
INFO (ABS-20049): The layer dPCAPorVAR, defined in the spacingTables section of the foundry constraint group, is also defined in the techDerivedLayers section of the technology file. The abstract generator does not support derived layers and this layer will, therefore, be ignored. As a result, the abstracts generated will not have any shape on this layer.
INFO (ABS-20049): The layer dGATEandPCAP, defined in the spacingTables section of the foundry constraint group, is also defined in the techDerivedLayers section of the technology file. The abstract generator does not support derived layers and this layer will, therefore, be ignored. As a result, the abstracts generated will not have any shape on this layer.
INFO (ABS-20049): The layer dPCnotOP, defined in the spacingTables section of the foundry constraint group, is also defined in the techDerivedLayers section of the technology file. The abstract generator does not support derived layers and this layer will, therefore, be ignored. As a result, the abstracts generated will not have any shape on this layer.
INFO (ABS-20049): The layer dRXnotOP, defined in the spacingTables section of the foundry constraint group, is also defined in the techDerivedLayers section of the technology file. The abstract generator does not support derived layers and this layer will, therefore, be ignored. As a result, the abstracts generated will not have any shape on this layer.
INFO (ABS-20049): The layer dGATE, defined in the spacingTables section of the foundry constraint group, is also defined in the techDerivedLayers section of the technology file. The abstract generator does not support derived layers and this layer will, therefore, be ignored. As a result, the abstracts generated will not have any shape on this layer.
INFO (ABS-20049): The layer dRXandOP, defined in the spacingTables section of the foundry constraint group, is also defined in the techDerivedLayers section of the technology file. The abstract generator does not support derived layers and this layer will, therefore, be ignored. As a result, the abstracts generated will not have any shape on this layer.
INFO (ABS-20049): The layer dPCandOP, defined in the spacingTables section of the foundry constraint group, is also defined in the techDerivedLayers section of the technology file. The abstract generator does not support derived layers and this layer will, therefore, be ignored. As a result, the abstracts generated will not have any shape on this layer.
INFO (ABS-20049): The layer dPCandOP, defined in the spacingTables section of the foundry constraint group, is also defined in the techDerivedLayers section of the technology file. The abstract generator does not support derived layers and this layer will, therefore, be ignored. As a result, the abstracts generated will not have any shape on this layer.
INFO (ABS-20049): The layer dRXandIND, defined in the spacingTables section of the foundry constraint group, is also defined in the techDerivedLayers section of the technology file. The abstract generator does not support derived layers and this layer will, therefore, be ignored. As a result, the abstracts generated will not have any shape on this layer.
INFO (ABS-20049): The layer dRXandIND, defined in the spacingTables section of the foundry constraint group, is also defined in the techDerivedLayers section of the technology file. The abstract generator does not support derived layers and this layer will, therefore, be ignored. As a result, the abstracts generated will not have any shape on this layer.
INFO (ABS-20049): The layer dRXandIND, defined in the spacingTables section of the foundry constraint group, is also defined in the techDerivedLayers section of the technology file. The abstract generator does not support derived layers and this layer will, therefore, be ignored. As a result, the abstracts generated will not have any shape on this layer.
INFO (ABS-20049): The layer dPCandIND, defined in the spacingTables section of the foundry constraint group, is also defined in the techDerivedLayers section of the technology file. The abstract generator does not support derived layers and this layer will, therefore, be ignored. As a result, the abstracts generated will not have any shape on this layer.
INFO (ABS-20049): The layer dPCandIND, defined in the spacingTables section of the foundry constraint group, is also defined in the techDerivedLayers section of the technology file. The abstract generator does not support derived layers and this layer will, therefore, be ignored. As a result, the abstracts generated will not have any shape on this layer.
INFO (ABS-20049): The layer dPCandIND, defined in the spacingTables section of the foundry constraint group, is also defined in the techDerivedLayers section of the technology file. The abstract generator does not support derived layers and this layer will, therefore, be ignored. As a result, the abstracts generated will not have any shape on this layer.
INFO (ABS-20049): The layer dLVTorXW, defined in the spacingTables section of the foundry constraint group, is also defined in the techDerivedLayers section of the technology file. The abstract generator does not support derived layers and this layer will, therefore, be ignored. As a result, the abstracts generated will not have any shape on this layer.
INFO (ABS-20049): The layer dHVTorNR, defined in the spacingTables section of the foundry constraint group, is also defined in the techDerivedLayers section of the technology file. The abstract generator does not support derived layers and this layer will, therefore, be ignored. As a result, the abstracts generated will not have any shape on this layer.
INFO (ABS-20049): The layer dHVTorPR, defined in the spacingTables section of the foundry constraint group, is also defined in the techDerivedLayers section of the technology file. The abstract generator does not support derived layers and this layer will, therefore, be ignored. As a result, the abstracts generated will not have any shape on this layer.
INFO (ABS-20049): The layer dRXandBIPOLAR, defined in the spacingTables section of the foundry constraint group, is also defined in the techDerivedLayers section of the technology file. The abstract generator does not support derived layers and this layer will, therefore, be ignored. As a result, the abstracts generated will not have any shape on this layer.
INFO (ABS-20049): The layer dNCAPorVAR, defined in the spacingTables section of the foundry constraint group, is also defined in the techDerivedLayers section of the technology file. The abstract generator does not support derived layers and this layer will, therefore, be ignored. As a result, the abstracts generated will not have any shape on this layer.
INFO (ABS-20049): The layer dPCAPorVAR, defined in the spacingTables section of the foundry constraint group, is also defined in the techDerivedLayers section of the technology file. The abstract generator does not support derived layers and this layer will, therefore, be ignored. As a result, the abstracts generated will not have any shape on this layer.
INFO (ABS-20049): The layer dCAandRX, defined in the spacingTables section of the foundry constraint group, is also defined in the techDerivedLayers section of the technology file. The abstract generator does not support derived layers and this layer will, therefore, be ignored. As a result, the abstracts generated will not have any shape on this layer.
INFO (ABS-20049): The layer dCAandPC, defined in the spacingTables section of the foundry constraint group, is also defined in the techDerivedLayers section of the technology file. The abstract generator does not support derived layers and this layer will, therefore, be ignored. As a result, the abstracts generated will not have any shape on this layer.
INFO (ABS-10504): Library tutorial no options loaded
INFO (ABS-10503): Library tutorial Loading options from /home/eng/s/sxv240035/cad/gf65/tutorial/.abstract.options
INFO (ABS-10505): Library tutorial loading messages from /home/eng/s/sxv240035/cad/gf65/tutorial/.abstract.messages
INFO (ABS-10501): Library tutorial Loading 16 cells
INFO (ABS-10502): Library tutorial Loaded 16 cells
INFO (ABS-10507): Library tutorial opened
INFO (ABS-10509): The tutorial library is saving existing options file to /home/eng/s/sxv240035/cad/gf65/tutorial/.abstract.options.prev
INFO (ABS-10511): Library tutorial: Saving options to the /home/eng/s/sxv240035/cad/gf65/tutorial/.abstract.options file.
INFO (ABS-11900): Cell filler: Step Pins started
*WARNING* The directory: '/home/eng/s/sxv240035/cad/gf65/lib_cell' does not exist
	but was defined in libFile '/home/eng/s/sxv240035/cad/gf65/cds.lib' for Lib 'lib_cell'.
INFO (ABS-12015): Cell filler: The prBoundary does not enclose all cellview geometries. This is because not all layers with geometry for calculating prBoundary have been specified in the "Using geometry on layers" field on the "Boundary" tab. Ensure that all the required layers have been specified in this field.
INFO (ABS-12005): Cell filler: The pin GND! has been created for the label GND! at (150,-1964).
INFO (ABS-12005): Cell filler: The pin VDD! has been created for the label VDD! at (151,2604).
INFO (ABS-12003): Cell filler: 2 pins have been created.
*WARNING* (ABS-15072): The filler cell has no input terminals.
*WARNING* (ABS-15073): The filler cell has no output terminals.
INFO (ABS-11901): Cell filler: Step Pins finished
INFO (ABS-10509): The tutorial library is saving existing options file to /home/eng/s/sxv240035/cad/gf65/tutorial/.abstract.options.prev
INFO (ABS-10511): Library tutorial: Saving options to the /home/eng/s/sxv240035/cad/gf65/tutorial/.abstract.options file.
INFO (ABS-11900): Cell filler: Step Extract started
INFO (ABS-13002): Cell filler: extracting 2 nets
INFO (ABS-13004): Cell filler: extracting the net GND!, 1 of 2.
INFO (ABS-13004): Cell filler: extracting the net VDD!, 2 of 2.
INFO (ABS-11901): Cell filler: Step Extract finished
INFO (ABS-10509): The tutorial library is saving existing options file to /home/eng/s/sxv240035/cad/gf65/tutorial/.abstract.options.prev
INFO (ABS-10511): Library tutorial: Saving options to the /home/eng/s/sxv240035/cad/gf65/tutorial/.abstract.options file.
INFO (ABS-11900): Cell filler: Step Abstract started
INFO (ABS-19026): Generating detailed blockages for layer V1
INFO (ABS-19026): Generating detailed blockages for layer M1
INFO (ABS-19026): Generating detailed blockages for layer M2
INFO (ABS-19026): Generating detailed blockages for layer V2
INFO (ABS-19026): Generating detailed blockages for layer M3
INFO (ABS-19026): Generating detailed blockages for layer V3
INFO (ABS-19026): Generating detailed blockages for layer M4
INFO (ABS-19026): Generating detailed blockages for layer V4
INFO (ABS-19026): Generating detailed blockages for layer M5
INFO (ABS-19026): Generating detailed blockages for layer V5
INFO (ABS-19026): Generating detailed blockages for layer M6
INFO (ABS-19026): Generating detailed blockages for layer NT
INFO (ABS-19026): Generating detailed blockages for layer EA
INFO (ABS-19026): Generating detailed blockages for layer VV
INFO (ABS-19026): Generating detailed blockages for layer LB
*WARNING* (ABS-11026): Unable to get the logical view of Cell filler, Bus Annotation of Abstract can not be done
INFO (ABS-11901): Cell filler: Step Abstract finished
*WARNING* (ABS-20045): Failed to create the CoreSite site in the File '/proj/cad/library/mosis/GF65_LPe/cmos10lpe_CDS_oa_dl064_11_20160415/cmos10lpe/tech.db' is not writable. technology file.
INFO (ABS-10001): Created the CoreSite site.
INFO (ABS-10508): Library tutorial closing /home/eng/s/sxv240035/cad/gf65/tutorial
INFO (ABS-10509): The tutorial library is saving existing options file to /home/eng/s/sxv240035/cad/gf65/tutorial/.abstract.options.prev
INFO (ABS-10511): Library tutorial: Saving options to the /home/eng/s/sxv240035/cad/gf65/tutorial/.abstract.options file.
INFO (ABS-10515): Library tutorial closed
INFO (ABS-10529): Abstract Generation finished for Library tutorial 
INFO (ABS-19021): Finished sub-version  IC6.1.7-64b.500.11 
