\o Program:		@(#)$CDS: libManager version 6.1.7 - CAT35 04/25/2017 19:41 (sjfhw319) $
\o Sub version:		sub-version  s040 
\o Arguments:		-mpssession virtuoso22343 -mpshost engnx03a.utdallas.edu 
\o Working Directory:	engnx03a.utdallas.edu:/home/eng/s/sxv240035/cad/gf65
\o 64-bit offsets
\o Qt version: 		4.8.5
\o Log file is "/home/eng/s/sxv240035/cad/gf65/libManager.log".
\o Opening libManager window.
\a nrSetCurrentWindow(cdsLibManager)
\a nrResizeWindow(cdsLibManager list(0 19 602 491))
\o changeWorkingDir("/home/eng/s/sxv240035/cad/gf65") unnecessary.
\o ddSetForcedLib("") unnecessary.
\o MPS service: map window
\o Library Manager customization server connected.
\a nrResizeWindow(cdsLibManager list(287 119 602 491))
\a cdsLibManager->libComboFilter->value = "pnr"
\a cdsLibManager->FileNewLibButton->value = t
\a nrSetWindowVisibility(NewLibShell "show")
\a NewLibShell->QLineEdit2->value = "/home/eng/s/sxv240035/cad/gf65/"
\a nrSetCurrentWindow(NewLibShell)
\a nrSetCurrentWindow(NewLibShell->subDialog)
\a nrResizeWindow(NewLibShell list(334 85 507 559))
\a NewLibShell->newLibNameText->value = "pnr"
\a NewLibShell->newLibOKButton->value = t
\a NewLibShell->subDialog->value = '("/home/eng/s/sxv240035/cad/gf65" "/home/eng/s/sxv240035/cad/gf65/")
\a nrSetWindowVisibility(workingDialogForm "show")
\a nrSetCurrentWindow(workingDialogForm)
\o Created new library "pnr" at /home/eng/s/sxv240035/cad/gf65/pnr.
\a nrSetCurrentWindow(cdsLibManager)
\a nrResizeWindow(workingDialogForm list(456 298 264 133))
\a cdsLibManager->libListBox->value = "pnr"
\a cdsLibManager->libListBox->value = nil
\a cdsLibManager->libListBox->value = "pnr"
\a cdsLibManager->libLineEdit->value = "pnr"
\a _lmgrCloseIconify("cdsLibManager" 1)
\a cdsLibManager->libListBox->value = nil
\a cdsLibManager->libLineEdit->value = ""
\a cdsLibManager->libListBox->value = "pnr"
\a cdsLibManager->libLineEdit->value = "pnr"
\a cdsLibManager->libListBox->value = nil
\a cdsLibManager->libLineEdit->value = ""
\a cdsLibManager->libListBox->value = "pnr"
\a cdsLibManager->libLineEdit->value = "pnr"
\a cdsLibManager->libListBox->value = nil
\a cdsLibManager->libLineEdit->value = ""
\a cdsLibManager->libListBox->value = "pnr"
\a cdsLibManager->libLineEdit->value = "pnr"
\a nrSetCurrentWindow(cdsLibManager)
\a _lmgrCloseIconify("cdsLibManager" 1)
\a nrSetCurrentWindow(cdsLibManager)
\a cdsLibManager->libListBox->value = nil
\a cdsLibManager->libLineEdit->value = ""
\a cdsLibManager->libListBox->value = "pnr"
\a cdsLibManager->libLineEdit->value = "pnr"
\a cdsLibManager->libListBox->value = nil
\a cdsLibManager->libLineEdit->value = ""
\a cdsLibManager->libListBox->value = "pnr"
\a cdsLibManager->libLineEdit->value = "pnr"
\a cdsLibManager->libListBox->value = nil
\a cdsLibManager->libLineEdit->value = ""
\a cdsLibManager->libListBox->value = "pnr"
\a cdsLibManager->libLineEdit->value = "pnr"
\a cdsLibManager->libListBox->value = nil
\a cdsLibManager->libLineEdit->value = ""
\a cdsLibManager->libListBox->value = "pnr"
\a cdsLibManager->libLineEdit->value = "pnr"
\a cdsLibManager->libListBox->value = nil
\a cdsLibManager->libLineEdit->value = ""
\a cdsLibManager->libListBox->value = "pnr"
\a cdsLibManager->libLineEdit->value = "pnr"
\a cdsLibManager->libListBox->value = nil
\a cdsLibManager->libLineEdit->value = ""
\a cdsLibManager->libListBox->value = "pnr"
\a cdsLibManager->libLineEdit->value = "pnr"
\a cdsLibManager->libListBox->value = nil
\a cdsLibManager->libLineEdit->value = ""
\a cdsLibManager->libListBox->value = "pnr"
\a cdsLibManager->libLineEdit->value = "pnr"
\a cdsLibManager->libListBox->value = nil
\a cdsLibManager->libLineEdit->value = ""
\a cdsLibManager->libListBox->value = "pnr"
\a cdsLibManager->libLineEdit->value = "pnr"
\a cdsLibManager->libListBox->value = nil
\a cdsLibManager->libLineEdit->value = ""
\a cdsLibManager->libListBox->value = "pnr"
\a cdsLibManager->libLineEdit->value = "pnr"
\a cdsLibManager->libListBox->value = nil
\a cdsLibManager->libLineEdit->value = ""
\a cdsLibManager->libListBox->value = "pnr"
\a cdsLibManager->libLineEdit->value = "pnr"
\a cdsLibManager->libListBox->value = nil
\a cdsLibManager->libLineEdit->value = ""
\a cdsLibManager->libListBox->value = "pnr"
\a cdsLibManager->libLineEdit->value = "pnr"
\a cdsLibManager->libListBox->value = nil
\a cdsLibManager->libLineEdit->value = ""
\a cdsLibManager->libListBox->value = "pnr"
\a cdsLibManager->libLineEdit->value = "pnr"
\a cdsLibManager->libListBox->value = nil
\a cdsLibManager->libLineEdit->value = ""
\a cdsLibManager->libListBox->value = "pnr"
\a cdsLibManager->libLineEdit->value = "pnr"
\a cdsLibManager->libListBox->value = nil
\a cdsLibManager->libLineEdit->value = ""
\a cdsLibManager->libListBox->value = "pnr"
\a cdsLibManager->libLineEdit->value = "pnr"
\a cdsLibManager->libListBox->value = nil
\a cdsLibManager->libLineEdit->value = ""
\a cdsLibManager->libListBox->value = "pnr"
\a cdsLibManager->libLineEdit->value = "pnr"
\a cdsLibManager->libListBox->value = nil
\a cdsLibManager->libLineEdit->value = ""
\a cdsLibManager->libListBox->value = "pnr"
\a cdsLibManager->libLineEdit->value = "pnr"
\a cdsLibManager->libListBox->value = nil
\a cdsLibManager->libLineEdit->value = ""
\a cdsLibManager->libListBox->value = "pnr"
\a cdsLibManager->libLineEdit->value = "pnr"
\a cdsLibManager->libListBox->value = nil
\a cdsLibManager->libLineEdit->value = ""
\a cdsLibManager->libListBox->value = "pnr"
\a cdsLibManager->libLineEdit->value = "pnr"
\a cdsLibManager->libListBox->value = nil
\a cdsLibManager->libLineEdit->value = ""
\a cdsLibManager->libListBox->value = "pnr"
\a cdsLibManager->libLineEdit->value = "pnr"
\a cdsLibManager->libListBox->value = nil
\a cdsLibManager->libLineEdit->value = ""
\a cdsLibManager->libListBox->value = "pnr"
\a cdsLibManager->libLineEdit->value = "pnr"
\a cdsLibManager->libListBox->value = nil
\a cdsLibManager->libLineEdit->value = ""
\a cdsLibManager->libListBox->value = "pnr"
\a cdsLibManager->libLineEdit->value = "pnr"
\a cdsLibManager->libListBox->value = nil
\a cdsLibManager->libLineEdit->value = ""
\a cdsLibManager->libListBox->value = "pnr"
\a cdsLibManager->libLineEdit->value = "pnr"
\a cdsLibManager->libListBox->value = nil
\a cdsLibManager->libLineEdit->value = ""
\a cdsLibManager->libListBox->value = "pnr"
\a cdsLibManager->libLineEdit->value = "pnr"
\a cdsLibManager->libListBox->value = nil
\a cdsLibManager->libLineEdit->value = ""
\a cdsLibManager->libListBox->value = "pnr"
\a cdsLibManager->libLineEdit->value = "pnr"
\a cdsLibManager->libListBox->value = nil
\a cdsLibManager->libLineEdit->value = ""
\a cdsLibManager->libListBox->value = "pnr"
\a cdsLibManager->libLineEdit->value = "pnr"
\a cdsLibManager->libListBox->value = nil
\a cdsLibManager->libLineEdit->value = ""
\a cdsLibManager->libListBox->value = "pnr"
\a cdsLibManager->libLineEdit->value = "pnr"
\a cdsLibManager->libListBox->value = nil
\a cdsLibManager->libLineEdit->value = ""
\a cdsLibManager->libListBox->value = "pnr"
\a cdsLibManager->libLineEdit->value = "pnr"
\a cdsLibManager->libListBox->value = nil
\a cdsLibManager->libLineEdit->value = ""
\a cdsLibManager->libListBox->value = "pnr"
\a cdsLibManager->libLineEdit->value = "pnr"
\a cdsLibManager->libListBox->value = nil
\a cdsLibManager->libLineEdit->value = ""
\a cdsLibManager->libListBox->value = "pnr"
\a cdsLibManager->libLineEdit->value = "pnr"
\a nrSetCurrentWindow(cdsLibManager)
\a _lmgrCloseIconify("cdsLibManager" 1)
\a _lmgrCloseIconify("cdsLibManager" 0)
\o MPS service: shutdown
\o libManager is exiting.
\a nrSetWindowVisibility(cdsLibManager "hide")
\a exit(0)
