1729736199.648627: 18817-7fee765970c0: cdpl_log.c:228: in cdpl_log_open(): info: @@start_of_log@@
1729736199.648652: 18817-7fee765970c0: cdpl_log.c:866: in cdpl_log_dump_sysinfo(): info: time: 2024/10/23 21:16:39 CDT -0500
1729736199.648656: 18817-7fee765970c0: cdpl_log.c:868: in cdpl_log_dump_sysinfo(): info: version: T-2022.03 
1729736199.648658: 18817-7fee765970c0: cdpl_log.c:870: in cdpl_log_dump_sysinfo(): info: system: Linux 3.10.0-1160.119.1.el7.x86_64 #1 SMP Tue May 14 11:55:25 EDT 2024
1729736199.648660: 18817-7fee765970c0: cdpl_log.c:875: in cdpl_log_dump_sysinfo(): info: processor: x86_64 64-bits
1729736199.648662: 18817-7fee765970c0: cdpl_log.c:879: in cdpl_log_dump_sysinfo(): info: hostname: engnx02a.utdallas.edu
1729736199.648663: 18817-7fee765970c0: cdpl_log.c:230: in cdpl_log_open(): debug: path: /home/eng/s/sxv240035/cad/gf65/primelib_gf65/NAND4/runtime/cdpl/pid18817/master.engnx02a.utdallas.edu.18817.log
1729736199.648666: 18817-7fee765970c0: cdpl_log.c:231: in cdpl_log_open(): debug: dir: /home/eng/s/sxv240035/cad/gf65/primelib_gf65/NAND4/runtime/cdpl/pid18817
1729736199.648673: 18817-7fee765970c0: cdpl_log.c:758: in cdpl_log_set_filter(): info: filter level 1
1729736199.648691: 18817-7fee765970c0: cdpl_server.c:543: in cdpl_sv_init(): info: new server S1744020809
1729736199.648699: 18817-7fee765970c0: cdpl_ipc.c:3030: in cdpl_ipc_init(): info: requesting IPv4 protocol
1729736199.649174: 18817-7fee765970c0: cdpl_ipc.c:800: in _selectaddrfamily(): info: selected IPv4 protocol
1729736199.649457: 18817-7fee765970c0: cdpl_server.c:657: in cdpl_sv_new_master(): info: new master M1
1729736199.649468: 18817-7fee765970c0: cdpl_server.c:5494: in cdpl_sv_ctl_master(): info: Setting worker heartbeat to 60 seconds
1729736199.649470: 18817-7fee765970c0: cdpl_server.c:5503: in cdpl_sv_ctl_master(): info: Setting worker heartbeat timeout to 3 heartbeats
1729736199.649473: 18817-7fee765970c0: cdpl_compat_master.c:2407: in cdplInitMaster(): info: bcast dir is `/dev/null'
1729736199.649523: 18817-7fee765970c0: cdpl_server.c:5394: in cdpl_sv_ctl_master(): info: farm worker timeout set to 36000
1729736199.649525: 18817-7fee765970c0: cdpl_server.c:5410: in cdpl_sv_ctl_master(): info: grid worker timeout set to 36000
1729736199.649526: 18817-7fee765970c0: cdpl_server.c:5438: in cdpl_sv_ctl_master(): info: farm submit command failure threshold set to 100
1729736199.649560: 18817-7fee765970c0: cdpl_farm.c:2268: in cdpl_farm_new_sh(): info: creating SH farm on localhost
1729736199.649571: 18817-7fee765970c0: cdpl_compat_master.c:207: in _set_farm_env(): info: exporting CDPL_LOGDIR as `/home/eng/s/sxv240035/cad/gf65/primelib_gf65/NAND4/runtime/cdpl/pid18817'
1729736199.649575: 18817-7fee765970c0: cdpl_compat_master.c:213: in _set_farm_env(): info: exporting CDPL_TMPDIR as `/var/tmp'
1729736199.649577: 18817-7fee765970c0: cdpl_compat_master.c:220: in _set_farm_env(): info: exporting CDPL_HOME as `/proj/cad/synopsys/synopsys_2021/primelib/T-2022.03-SP1/cdpl_runtime_linux64'
1729736199.649579: 18817-7fee765970c0: cdpl_compat_master.c:227: in _set_farm_env(): info: exporting SNPSLMD_LICENSE_FILE as `1700@engdmv.utdallas.edu'
1729736199.649581: 18817-7fee765970c0: cdpl_compat_master.c:247: in _set_farm_env(): info: exporting CDPL_OPTIONS as `[filter][nowlogs]'
1729736199.649583: 18817-7fee765970c0: cdpl_compat_master.c:254: in _set_farm_env(): info: exporting DISPLAY as `:1027'
1729736199.649585: 18817-7fee765970c0: cdpl_compat_master.c:262: in _set_farm_env(): info: exporting CDPL_HEARTBEAT as `60'
1729736199.649588: 18817-7fee765970c0: cdpl_compat_master.c:348: in _set_farm_env(): info: exporting SIS_MALIBU as `2'
1729736199.649590: 18817-7fee765970c0: cdpl_compat_master.c:348: in _set_farm_env(): info: exporting SIS_CDPL as `5'
1729736199.695417: 18817-7fee765970c0: cdpl_server.c:738: in cdpl_sv_new_job(): info: new job J1 in M1
1729736199.695432: 18817-7fee765970c0: cdpl_compat_master.c:1314: in _add_worker(): info: new worker type 100, min:1, max:1, cmd:`/home/eng/s/sxv240035/cad/gf65/primelib_gf65/NAND4/runtime/cdpl/pid18817/run_18817.sh'
1729736199.695444: 18817-7fee765970c0: cdpl_server.c:900: in cdpl_sv_new_bin_withfarm(): info: new bin B1 in J1
1729736199.701813: 18817-7fee765970c0: cdpl_server.c:3116: in cdpl_sv_start_job(): info: starting job J1
1729736199.712059: 18817-7fee765970c0: cdpl_server.c:1824: in _sv_gen_task(): info: new task T0 in B1 (prio 3)
1729736199.712070: 18817-7fee765970c0: cdpl_server.c:2558: in cdpl_sv_label_task_va(): info: setting task T0 label to "leakage_power__ACQ_1 of NAND4"
1729736199.712132: 18817-7fee765970c0: cdpl_server.c:1824: in _sv_gen_task(): info: new task T1 in B1 (prio 5)
1729736199.712188: 18817-7fee5e298700: cdpl_server_sched.c:700: in _sv_launch_worker(): info: started worker W1 (as C1) in bin B1
1729736199.712207: 18817-7fee765970c0: cdpl_server.c:2558: in cdpl_sv_label_task_va(): info: setting task T1 label to "Cin__VSS__hl__ACQ_1 of NAND4"
1729736199.712226: 18817-7fee5da97700: cdpl_farm.c:1899: in _schedule(): info: worker submit failure threshold set to 100
1729736199.712248: 18817-7fee5da97700: cdpl_sh.c:49: in _sh_detached_submit(): info: SH : /home/eng/s/sxv240035/cad/gf65/primelib_gf65/NAND4/runtime/cdpl/pid18817/run_18817.sh
1729736199.712262: 18817-7fee765970c0: cdpl_server.c:1824: in _sv_gen_task(): info: new task T2 in B1 (prio 5)
1729736199.712267: 18817-7fee765970c0: cdpl_server.c:2558: in cdpl_sv_label_task_va(): info: setting task T2 label to "Cin__VSS__lh__ACQ_1 of NAND4"
1729736199.715338: 18817-7fee765970c0: cdpl_server.c:1824: in _sv_gen_task(): info: new task T3 in B1 (prio 2)
1729736199.715353: 18817-7fee765970c0: cdpl_server.c:2558: in cdpl_sv_label_task_va(): info: setting task T3 label to "delay__A__hl__OUT__lh__ACQ_1 of NAND4"
1729736199.715432: 18817-7fee765970c0: cdpl_server.c:1824: in _sv_gen_task(): info: new task T4 in B1 (prio 2)
1729736199.715436: 18817-7fee765970c0: cdpl_server.c:2558: in cdpl_sv_label_task_va(): info: setting task T4 label to "delay__A__lh__OUT__hl__ACQ_1 of NAND4"
1729736199.715490: 18817-7fee765970c0: cdpl_server.c:1824: in _sv_gen_task(): info: new task T5 in B1 (prio 2)
1729736199.715493: 18817-7fee765970c0: cdpl_server.c:2558: in cdpl_sv_label_task_va(): info: setting task T5 label to "delay__B__hl__OUT__lh__ACQ_1 of NAND4"
1729736199.715551: 18817-7fee765970c0: cdpl_server.c:1824: in _sv_gen_task(): info: new task T6 in B1 (prio 2)
1729736199.715554: 18817-7fee765970c0: cdpl_server.c:2558: in cdpl_sv_label_task_va(): info: setting task T6 label to "delay__B__lh__OUT__hl__ACQ_1 of NAND4"
1729736199.715600: 18817-7fee765970c0: cdpl_server.c:1824: in _sv_gen_task(): info: new task T7 in B1 (prio 2)
1729736199.715603: 18817-7fee765970c0: cdpl_server.c:2558: in cdpl_sv_label_task_va(): info: setting task T7 label to "delay__C__hl__OUT__lh__ACQ_1 of NAND4"
1729736199.715642: 18817-7fee765970c0: cdpl_server.c:1824: in _sv_gen_task(): info: new task T8 in B1 (prio 2)
1729736199.715645: 18817-7fee765970c0: cdpl_server.c:2558: in cdpl_sv_label_task_va(): info: setting task T8 label to "delay__C__lh__OUT__hl__ACQ_1 of NAND4"
1729736199.715671: 18817-7fee765970c0: cdpl_server.c:1824: in _sv_gen_task(): info: new task T9 in B1 (prio 2)
1729736199.715673: 18817-7fee765970c0: cdpl_server.c:2558: in cdpl_sv_label_task_va(): info: setting task T9 label to "delay__D__hl__OUT__lh__ACQ_1 of NAND4"
1729736199.715709: 18817-7fee765970c0: cdpl_server.c:1824: in _sv_gen_task(): info: new task T10 in B1 (prio 2)
1729736199.715711: 18817-7fee765970c0: cdpl_server.c:2558: in cdpl_sv_label_task_va(): info: setting task T10 label to "delay__D__lh__OUT__hl__ACQ_1 of NAND4"
1729736199.715745: 18817-7fee765970c0: cdpl_server.c:1824: in _sv_gen_task(): info: new task T11 in B1 (prio 5)
1729736199.715748: 18817-7fee765970c0: cdpl_server.c:2558: in cdpl_sv_label_task_va(): info: setting task T11 label to "Cin__VDD__hl__ACQ_1 of NAND4"
1729736199.715782: 18817-7fee765970c0: cdpl_server.c:1824: in _sv_gen_task(): info: new task T12 in B1 (prio 5)
1729736199.715785: 18817-7fee765970c0: cdpl_server.c:2558: in cdpl_sv_label_task_va(): info: setting task T12 label to "Cin__VDD__lh__ACQ_1 of NAND4"
1729736200.461983: 18817-7fee5ea99700: cdpl_server_ipc.c:452: in _sv_on_hello(): info: W1 is `10.182.66.67:49108'
1729736200.462005: 18817-7fee5ea99700: cdpl_server_ipc.c:454: in _sv_on_hello(): info: W1 log file is /dev/null
1729736200.462017: 18817-7fee5ea99700: cdpl_server_ipc.c:481: in _sv_on_hello(): info: up to 1 alive workers in B1
1729736200.462064: 18817-7fee5e298700: cdpl_server_sched.c:955: in _assign(): info: assigning task T3 to worker W1
1729736217.574761: 18817-7fee5ea99700: cdpl_server_ipc.c:857: in _sv_on_finish(): info: worker W1 completed task T3
1729736217.650059: 18817-7fee5e298700: cdpl_server_sched.c:955: in _assign(): info: assigning task T4 to worker W1
1729736225.155387: 18817-7fee5ea99700: cdpl_server_ipc.c:857: in _sv_on_finish(): info: worker W1 completed task T4
1729736225.155431: 18817-7fee5e298700: cdpl_server_sched.c:955: in _assign(): info: assigning task T5 to worker W1
1729736232.020141: 18817-7fee5ea99700: cdpl_server_ipc.c:857: in _sv_on_finish(): info: worker W1 completed task T5
1729736232.020208: 18817-7fee5e298700: cdpl_server_sched.c:955: in _assign(): info: assigning task T6 to worker W1
1729736238.858970: 18817-7fee5ea99700: cdpl_server_ipc.c:857: in _sv_on_finish(): info: worker W1 completed task T6
1729736238.859019: 18817-7fee5e298700: cdpl_server_sched.c:955: in _assign(): info: assigning task T7 to worker W1
1729736245.536100: 18817-7fee5ea99700: cdpl_server_ipc.c:857: in _sv_on_finish(): info: worker W1 completed task T7
1729736245.536342: 18817-7fee5e298700: cdpl_server_sched.c:955: in _assign(): info: assigning task T8 to worker W1
1729736252.459843: 18817-7fee5ea99700: cdpl_server_ipc.c:857: in _sv_on_finish(): info: worker W1 completed task T8
1729736252.459883: 18817-7fee5e298700: cdpl_server_sched.c:955: in _assign(): info: assigning task T9 to worker W1
1729736265.141308: 18817-7fee5ea99700: cdpl_server_ipc.c:857: in _sv_on_finish(): info: worker W1 completed task T9
1729736265.141355: 18817-7fee5e298700: cdpl_server_sched.c:955: in _assign(): info: assigning task T10 to worker W1
1729736274.792402: 18817-7fee5ea99700: cdpl_server_ipc.c:857: in _sv_on_finish(): info: worker W1 completed task T10
1729736274.792455: 18817-7fee5e298700: cdpl_server_sched.c:955: in _assign(): info: assigning task T0 to worker W1
1729736281.283973: 18817-7fee5ea99700: cdpl_server_ipc.c:857: in _sv_on_finish(): info: worker W1 completed task T0
1729736281.284200: 18817-7fee5e298700: cdpl_server_sched.c:955: in _assign(): info: assigning task T1 to worker W1
1729736287.935418: 18817-7fee5ea99700: cdpl_server_ipc.c:857: in _sv_on_finish(): info: worker W1 completed task T1
1729736287.935460: 18817-7fee5e298700: cdpl_server_sched.c:955: in _assign(): info: assigning task T2 to worker W1
1729736294.668948: 18817-7fee5ea99700: cdpl_server_ipc.c:857: in _sv_on_finish(): info: worker W1 completed task T2
1729736294.669001: 18817-7fee5e298700: cdpl_server_sched.c:955: in _assign(): info: assigning task T11 to worker W1
1729736301.241897: 18817-7fee5ea99700: cdpl_server_ipc.c:857: in _sv_on_finish(): info: worker W1 completed task T11
1729736301.241939: 18817-7fee5e298700: cdpl_server_sched.c:955: in _assign(): info: assigning task T12 to worker W1
1729736308.286267: 18817-7fee5ea99700: cdpl_server_ipc.c:857: in _sv_on_finish(): info: worker W1 completed task T12
1729736568.331245: 18817-7fee765970c0: cdpl_server.c:1824: in _sv_gen_task(): info: new task T13 in B1 (prio 2)
1729736568.331259: 18817-7fee765970c0: cdpl_server.c:2558: in cdpl_sv_label_task_va(): info: setting task T13 label to "delay__B__lh__OUT__hl__ACQ_1 of NOR2"
1729736568.331282: 18817-7fee5e298700: cdpl_server_sched.c:955: in _assign(): info: assigning task T13 to worker W1
1729736568.331315: 18817-7fee765970c0: cdpl_server.c:1824: in _sv_gen_task(): info: new task T14 in B1 (prio 2)
1729736568.331319: 18817-7fee765970c0: cdpl_server.c:2558: in cdpl_sv_label_task_va(): info: setting task T14 label to "delay__B__hl__OUT__lh__ACQ_1 of NOR2"
1729736568.331346: 18817-7fee765970c0: cdpl_server.c:1824: in _sv_gen_task(): info: new task T15 in B1 (prio 3)
1729736568.331353: 18817-7fee765970c0: cdpl_server.c:2558: in cdpl_sv_label_task_va(): info: setting task T15 label to "leakage_power__ACQ_1 of NOR2"
1729736568.331375: 18817-7fee765970c0: cdpl_server.c:1824: in _sv_gen_task(): info: new task T16 in B1 (prio 5)
1729736568.331377: 18817-7fee765970c0: cdpl_server.c:2558: in cdpl_sv_label_task_va(): info: setting task T16 label to "Cin__VSS__lh__ACQ_1 of NOR2"
1729736568.331397: 18817-7fee765970c0: cdpl_server.c:1824: in _sv_gen_task(): info: new task T17 in B1 (prio 5)
1729736568.331399: 18817-7fee765970c0: cdpl_server.c:2558: in cdpl_sv_label_task_va(): info: setting task T17 label to "Cin__VSS__hl__ACQ_1 of NOR2"
1729736568.331420: 18817-7fee765970c0: cdpl_server.c:1824: in _sv_gen_task(): info: new task T18 in B1 (prio 2)
1729736568.331422: 18817-7fee765970c0: cdpl_server.c:2558: in cdpl_sv_label_task_va(): info: setting task T18 label to "delay__A__lh__OUT__hl__ACQ_1 of NOR2"
1729736568.331442: 18817-7fee765970c0: cdpl_server.c:1824: in _sv_gen_task(): info: new task T19 in B1 (prio 2)
1729736568.331445: 18817-7fee765970c0: cdpl_server.c:2558: in cdpl_sv_label_task_va(): info: setting task T19 label to "delay__A__hl__OUT__lh__ACQ_1 of NOR2"
1729736568.331463: 18817-7fee765970c0: cdpl_server.c:1824: in _sv_gen_task(): info: new task T20 in B1 (prio 5)
1729736568.331466: 18817-7fee765970c0: cdpl_server.c:2558: in cdpl_sv_label_task_va(): info: setting task T20 label to "Cin__VDD__lh__ACQ_1 of NOR2"
1729736568.331484: 18817-7fee765970c0: cdpl_server.c:1824: in _sv_gen_task(): info: new task T21 in B1 (prio 5)
1729736568.331486: 18817-7fee765970c0: cdpl_server.c:2558: in cdpl_sv_label_task_va(): info: setting task T21 label to "Cin__VDD__hl__ACQ_1 of NOR2"
1729736575.376849: 18817-7fee5ea99700: cdpl_server_ipc.c:857: in _sv_on_finish(): info: worker W1 completed task T13
1729736575.376908: 18817-7fee5e298700: cdpl_server_sched.c:955: in _assign(): info: assigning task T14 to worker W1
1729736582.266834: 18817-7fee5ea99700: cdpl_server_ipc.c:857: in _sv_on_finish(): info: worker W1 completed task T14
1729736582.266876: 18817-7fee5e298700: cdpl_server_sched.c:955: in _assign(): info: assigning task T18 to worker W1
1729736590.493899: 18817-7fee5ea99700: cdpl_server_ipc.c:857: in _sv_on_finish(): info: worker W1 completed task T18
1729736590.493950: 18817-7fee5e298700: cdpl_server_sched.c:955: in _assign(): info: assigning task T19 to worker W1
1729736598.947245: 18817-7fee5ea99700: cdpl_server_ipc.c:857: in _sv_on_finish(): info: worker W1 completed task T19
1729736598.947291: 18817-7fee5e298700: cdpl_server_sched.c:955: in _assign(): info: assigning task T15 to worker W1
1729736607.354789: 18817-7fee5ea99700: cdpl_server_ipc.c:857: in _sv_on_finish(): info: worker W1 completed task T15
1729736607.354828: 18817-7fee5e298700: cdpl_server_sched.c:955: in _assign(): info: assigning task T16 to worker W1
1729736614.095076: 18817-7fee5ea99700: cdpl_server_ipc.c:857: in _sv_on_finish(): info: worker W1 completed task T16
1729736614.095120: 18817-7fee5e298700: cdpl_server_sched.c:955: in _assign(): info: assigning task T17 to worker W1
1729736620.677750: 18817-7fee5ea99700: cdpl_server_ipc.c:857: in _sv_on_finish(): info: worker W1 completed task T17
1729736620.677793: 18817-7fee5e298700: cdpl_server_sched.c:955: in _assign(): info: assigning task T20 to worker W1
1729736627.498050: 18817-7fee5ea99700: cdpl_server_ipc.c:857: in _sv_on_finish(): info: worker W1 completed task T20
1729736627.498088: 18817-7fee5e298700: cdpl_server_sched.c:955: in _assign(): info: assigning task T21 to worker W1
1729736638.552260: 18817-7fee5ea99700: cdpl_server_ipc.c:857: in _sv_on_finish(): info: worker W1 completed task T21
1729736896.282613: 18817-7fee765970c0: cdpl_server.c:1824: in _sv_gen_task(): info: new task T22 in B1 (prio 2)
1729736896.282626: 18817-7fee765970c0: cdpl_server.c:2558: in cdpl_sv_label_task_va(): info: setting task T22 label to "delay__B__lh__OUT__hl__ACQ_1 of NOR3"
1729736896.282665: 18817-7fee765970c0: cdpl_server.c:1824: in _sv_gen_task(): info: new task T23 in B1 (prio 2)
1729736896.282681: 18817-7fee5e298700: cdpl_server_sched.c:955: in _assign(): info: assigning task T22 to worker W1
1729736896.282734: 18817-7fee765970c0: cdpl_server.c:2558: in cdpl_sv_label_task_va(): info: setting task T23 label to "delay__B__hl__OUT__lh__ACQ_1 of NOR3"
1729736896.282764: 18817-7fee765970c0: cdpl_server.c:1824: in _sv_gen_task(): info: new task T24 in B1 (prio 3)
1729736896.282767: 18817-7fee765970c0: cdpl_server.c:2558: in cdpl_sv_label_task_va(): info: setting task T24 label to "leakage_power__ACQ_1 of NOR3"
1729736896.282788: 18817-7fee765970c0: cdpl_server.c:1824: in _sv_gen_task(): info: new task T25 in B1 (prio 2)
1729736896.282791: 18817-7fee765970c0: cdpl_server.c:2558: in cdpl_sv_label_task_va(): info: setting task T25 label to "delay__C__lh__OUT__hl__ACQ_1 of NOR3"
1729736896.282811: 18817-7fee765970c0: cdpl_server.c:1824: in _sv_gen_task(): info: new task T26 in B1 (prio 2)
1729736896.282814: 18817-7fee765970c0: cdpl_server.c:2558: in cdpl_sv_label_task_va(): info: setting task T26 label to "delay__C__hl__OUT__lh__ACQ_1 of NOR3"
1729736896.282836: 18817-7fee765970c0: cdpl_server.c:1824: in _sv_gen_task(): info: new task T27 in B1 (prio 5)
1729736896.282838: 18817-7fee765970c0: cdpl_server.c:2558: in cdpl_sv_label_task_va(): info: setting task T27 label to "Cin__VSS__lh__ACQ_1 of NOR3"
1729736896.282857: 18817-7fee765970c0: cdpl_server.c:1824: in _sv_gen_task(): info: new task T28 in B1 (prio 5)
1729736896.282860: 18817-7fee765970c0: cdpl_server.c:2558: in cdpl_sv_label_task_va(): info: setting task T28 label to "Cin__VSS__hl__ACQ_1 of NOR3"
1729736896.282880: 18817-7fee765970c0: cdpl_server.c:1824: in _sv_gen_task(): info: new task T29 in B1 (prio 2)
1729736896.282882: 18817-7fee765970c0: cdpl_server.c:2558: in cdpl_sv_label_task_va(): info: setting task T29 label to "delay__A__lh__OUT__hl__ACQ_1 of NOR3"
1729736896.282902: 18817-7fee765970c0: cdpl_server.c:1824: in _sv_gen_task(): info: new task T30 in B1 (prio 2)
1729736896.282905: 18817-7fee765970c0: cdpl_server.c:2558: in cdpl_sv_label_task_va(): info: setting task T30 label to "delay__A__hl__OUT__lh__ACQ_1 of NOR3"
1729736896.282923: 18817-7fee765970c0: cdpl_server.c:1824: in _sv_gen_task(): info: new task T31 in B1 (prio 5)
1729736896.282926: 18817-7fee765970c0: cdpl_server.c:2558: in cdpl_sv_label_task_va(): info: setting task T31 label to "Cin__VDD__lh__ACQ_1 of NOR3"
1729736896.282945: 18817-7fee765970c0: cdpl_server.c:1824: in _sv_gen_task(): info: new task T32 in B1 (prio 5)
1729736896.282947: 18817-7fee765970c0: cdpl_server.c:2558: in cdpl_sv_label_task_va(): info: setting task T32 label to "Cin__VDD__hl__ACQ_1 of NOR3"
1729736903.747653: 18817-7fee5ea99700: cdpl_server_ipc.c:857: in _sv_on_finish(): info: worker W1 completed task T22
1729736903.747705: 18817-7fee5e298700: cdpl_server_sched.c:955: in _assign(): info: assigning task T23 to worker W1
1729736911.888254: 18817-7fee5ea99700: cdpl_server_ipc.c:857: in _sv_on_finish(): info: worker W1 completed task T23
1729736911.888308: 18817-7fee5e298700: cdpl_server_sched.c:955: in _assign(): info: assigning task T25 to worker W1
1729736919.937263: 18817-7fee5ea99700: cdpl_server_ipc.c:857: in _sv_on_finish(): info: worker W1 completed task T25
1729736919.937321: 18817-7fee5e298700: cdpl_server_sched.c:955: in _assign(): info: assigning task T26 to worker W1
1729736927.013697: 18817-7fee5ea99700: cdpl_server_ipc.c:857: in _sv_on_finish(): info: worker W1 completed task T26
1729736927.013749: 18817-7fee5e298700: cdpl_server_sched.c:955: in _assign(): info: assigning task T29 to worker W1
1729736933.883445: 18817-7fee5ea99700: cdpl_server_ipc.c:857: in _sv_on_finish(): info: worker W1 completed task T29
1729736933.883484: 18817-7fee5e298700: cdpl_server_sched.c:955: in _assign(): info: assigning task T30 to worker W1
1729736940.741190: 18817-7fee5ea99700: cdpl_server_ipc.c:857: in _sv_on_finish(): info: worker W1 completed task T30
1729736940.741245: 18817-7fee5e298700: cdpl_server_sched.c:955: in _assign(): info: assigning task T24 to worker W1
1729737027.862164: 18817-7fee5ea99700: cdpl_server_ipc.c:857: in _sv_on_finish(): info: worker W1 completed task T24
1729737027.862452: 18817-7fee5e298700: cdpl_server_sched.c:955: in _assign(): info: assigning task T27 to worker W1
1729737034.626253: 18817-7fee5ea99700: cdpl_server_ipc.c:857: in _sv_on_finish(): info: worker W1 completed task T27
1729737034.626295: 18817-7fee5e298700: cdpl_server_sched.c:955: in _assign(): info: assigning task T28 to worker W1
1729737041.320860: 18817-7fee5ea99700: cdpl_server_ipc.c:857: in _sv_on_finish(): info: worker W1 completed task T28
1729737041.320901: 18817-7fee5e298700: cdpl_server_sched.c:955: in _assign(): info: assigning task T31 to worker W1
1729737048.025878: 18817-7fee5ea99700: cdpl_server_ipc.c:857: in _sv_on_finish(): info: worker W1 completed task T31
1729737048.025913: 18817-7fee5e298700: cdpl_server_sched.c:955: in _assign(): info: assigning task T32 to worker W1
1729737055.455886: 18817-7fee5ea99700: cdpl_server_ipc.c:857: in _sv_on_finish(): info: worker W1 completed task T32
1729737486.626009: 18817-7fee765970c0: cdpl_server.c:1824: in _sv_gen_task(): info: new task T33 in B1 (prio 2)
1729737486.626023: 18817-7fee765970c0: cdpl_server.c:2558: in cdpl_sv_label_task_va(): info: setting task T33 label to "delay__B__lh__OUT__hl__ACQ_1 of OAI21"
1729737486.626078: 18817-7fee765970c0: cdpl_server.c:1824: in _sv_gen_task(): info: new task T34 in B1 (prio 2)
1729737486.626088: 18817-7fee5e298700: cdpl_server_sched.c:955: in _assign(): info: assigning task T33 to worker W1
1729737486.626125: 18817-7fee765970c0: cdpl_server.c:2558: in cdpl_sv_label_task_va(): info: setting task T34 label to "delay__B__hl__OUT__lh__ACQ_1 of OAI21"
1729737486.626185: 18817-7fee765970c0: cdpl_server.c:1824: in _sv_gen_task(): info: new task T35 in B1 (prio 3)
1729737486.626188: 18817-7fee765970c0: cdpl_server.c:2558: in cdpl_sv_label_task_va(): info: setting task T35 label to "leakage_power__ACQ_1 of OAI21"
1729737486.626209: 18817-7fee765970c0: cdpl_server.c:1824: in _sv_gen_task(): info: new task T36 in B1 (prio 2)
1729737486.626212: 18817-7fee765970c0: cdpl_server.c:2558: in cdpl_sv_label_task_va(): info: setting task T36 label to "delay__C__lh__OUT__hl__ACQ_1 of OAI21"
1729737486.626232: 18817-7fee765970c0: cdpl_server.c:1824: in _sv_gen_task(): info: new task T37 in B1 (prio 2)
1729737486.626235: 18817-7fee765970c0: cdpl_server.c:2558: in cdpl_sv_label_task_va(): info: setting task T37 label to "delay__C__hl__OUT__lh__ACQ_1 of OAI21"
1729737486.626275: 18817-7fee765970c0: cdpl_server.c:1824: in _sv_gen_task(): info: new task T38 in B1 (prio 5)
1729737486.626278: 18817-7fee765970c0: cdpl_server.c:2558: in cdpl_sv_label_task_va(): info: setting task T38 label to "Cin__VSS__lh__ACQ_1 of OAI21"
1729737486.626298: 18817-7fee765970c0: cdpl_server.c:1824: in _sv_gen_task(): info: new task T39 in B1 (prio 5)
1729737486.626300: 18817-7fee765970c0: cdpl_server.c:2558: in cdpl_sv_label_task_va(): info: setting task T39 label to "Cin__VSS__hl__ACQ_1 of OAI21"
1729737486.626320: 18817-7fee765970c0: cdpl_server.c:1824: in _sv_gen_task(): info: new task T40 in B1 (prio 2)
1729737486.626323: 18817-7fee765970c0: cdpl_server.c:2558: in cdpl_sv_label_task_va(): info: setting task T40 label to "delay__A__lh__OUT__hl__ACQ_1 of OAI21"
1729737486.626342: 18817-7fee765970c0: cdpl_server.c:1824: in _sv_gen_task(): info: new task T41 in B1 (prio 2)
1729737486.626345: 18817-7fee765970c0: cdpl_server.c:2558: in cdpl_sv_label_task_va(): info: setting task T41 label to "delay__A__hl__OUT__lh__ACQ_1 of OAI21"
1729737486.626363: 18817-7fee765970c0: cdpl_server.c:1824: in _sv_gen_task(): info: new task T42 in B1 (prio 5)
1729737486.626366: 18817-7fee765970c0: cdpl_server.c:2558: in cdpl_sv_label_task_va(): info: setting task T42 label to "Cin__VDD__lh__ACQ_1 of OAI21"
1729737486.626384: 18817-7fee765970c0: cdpl_server.c:1824: in _sv_gen_task(): info: new task T43 in B1 (prio 5)
1729737486.626387: 18817-7fee765970c0: cdpl_server.c:2558: in cdpl_sv_label_task_va(): info: setting task T43 label to "Cin__VDD__hl__ACQ_1 of OAI21"
1729737493.870522: 18817-7fee5ea99700: cdpl_server_ipc.c:857: in _sv_on_finish(): info: worker W1 completed task T33
1729737493.870577: 18817-7fee5e298700: cdpl_server_sched.c:955: in _assign(): info: assigning task T34 to worker W1
1729737500.794069: 18817-7fee5ea99700: cdpl_server_ipc.c:857: in _sv_on_finish(): info: worker W1 completed task T34
1729737500.794140: 18817-7fee5e298700: cdpl_server_sched.c:955: in _assign(): info: assigning task T36 to worker W1
1729737508.935849: 18817-7fee5ea99700: cdpl_server_ipc.c:857: in _sv_on_finish(): info: worker W1 completed task T36
1729737508.935938: 18817-7fee5e298700: cdpl_server_sched.c:955: in _assign(): info: assigning task T37 to worker W1
1729737518.265553: 18817-7fee5ea99700: cdpl_server_ipc.c:857: in _sv_on_finish(): info: worker W1 completed task T37
1729737518.265597: 18817-7fee5e298700: cdpl_server_sched.c:955: in _assign(): info: assigning task T40 to worker W1
1729737527.089852: 18817-7fee5ea99700: cdpl_server_ipc.c:857: in _sv_on_finish(): info: worker W1 completed task T40
1729737527.089918: 18817-7fee5e298700: cdpl_server_sched.c:955: in _assign(): info: assigning task T41 to worker W1
1729737534.008957: 18817-7fee5ea99700: cdpl_server_ipc.c:857: in _sv_on_finish(): info: worker W1 completed task T41
1729737534.009012: 18817-7fee5e298700: cdpl_server_sched.c:955: in _assign(): info: assigning task T35 to worker W1
1729737540.622257: 18817-7fee5ea99700: cdpl_server_ipc.c:857: in _sv_on_finish(): info: worker W1 completed task T35
1729737540.622300: 18817-7fee5e298700: cdpl_server_sched.c:955: in _assign(): info: assigning task T38 to worker W1
1729737547.542154: 18817-7fee5ea99700: cdpl_server_ipc.c:857: in _sv_on_finish(): info: worker W1 completed task T38
1729737547.542227: 18817-7fee5e298700: cdpl_server_sched.c:955: in _assign(): info: assigning task T39 to worker W1
1729737554.346747: 18817-7fee5ea99700: cdpl_server_ipc.c:857: in _sv_on_finish(): info: worker W1 completed task T39
1729737554.346797: 18817-7fee5e298700: cdpl_server_sched.c:955: in _assign(): info: assigning task T42 to worker W1
1729737561.830615: 18817-7fee5ea99700: cdpl_server_ipc.c:857: in _sv_on_finish(): info: worker W1 completed task T42
1729737561.830665: 18817-7fee5e298700: cdpl_server_sched.c:955: in _assign(): info: assigning task T43 to worker W1
1729737569.675530: 18817-7fee5ea99700: cdpl_server_ipc.c:857: in _sv_on_finish(): info: worker W1 completed task T43
1729737914.973818: 18817-7fee765970c0: cdpl_server.c:1824: in _sv_gen_task(): info: new task T44 in B1 (prio 3)
1729737914.973832: 18817-7fee765970c0: cdpl_server.c:2558: in cdpl_sv_label_task_va(): info: setting task T44 label to "leakage_power__ACQ_1 of OAI22"
1729737914.973864: 18817-7fee5e298700: cdpl_server_sched.c:955: in _assign(): info: assigning task T44 to worker W1
1729737914.973887: 18817-7fee765970c0: cdpl_server.c:1824: in _sv_gen_task(): info: new task T45 in B1 (prio 5)
1729737914.973904: 18817-7fee765970c0: cdpl_server.c:2558: in cdpl_sv_label_task_va(): info: setting task T45 label to "Cin__VSS__hl__ACQ_1 of OAI22"
1729737914.973929: 18817-7fee765970c0: cdpl_server.c:1824: in _sv_gen_task(): info: new task T46 in B1 (prio 5)
1729737914.973931: 18817-7fee765970c0: cdpl_server.c:2558: in cdpl_sv_label_task_va(): info: setting task T46 label to "Cin__VSS__lh__ACQ_1 of OAI22"
1729737914.973955: 18817-7fee765970c0: cdpl_server.c:1824: in _sv_gen_task(): info: new task T47 in B1 (prio 2)
1729737914.973957: 18817-7fee765970c0: cdpl_server.c:2558: in cdpl_sv_label_task_va(): info: setting task T47 label to "delay__A__hl__OUT__lh__ACQ_1 of OAI22"
1729737914.973977: 18817-7fee765970c0: cdpl_server.c:1824: in _sv_gen_task(): info: new task T48 in B1 (prio 2)
1729737914.973980: 18817-7fee765970c0: cdpl_server.c:2558: in cdpl_sv_label_task_va(): info: setting task T48 label to "delay__A__lh__OUT__hl__ACQ_1 of OAI22"
1729737914.974000: 18817-7fee765970c0: cdpl_server.c:1824: in _sv_gen_task(): info: new task T49 in B1 (prio 2)
1729737914.974002: 18817-7fee765970c0: cdpl_server.c:2558: in cdpl_sv_label_task_va(): info: setting task T49 label to "delay__B__hl__OUT__lh__ACQ_1 of OAI22"
1729737914.974025: 18817-7fee765970c0: cdpl_server.c:1824: in _sv_gen_task(): info: new task T50 in B1 (prio 2)
1729737914.974028: 18817-7fee765970c0: cdpl_server.c:2558: in cdpl_sv_label_task_va(): info: setting task T50 label to "delay__B__lh__OUT__hl__ACQ_1 of OAI22"
1729737914.974057: 18817-7fee765970c0: cdpl_server.c:1824: in _sv_gen_task(): info: new task T51 in B1 (prio 2)
1729737914.974060: 18817-7fee765970c0: cdpl_server.c:2558: in cdpl_sv_label_task_va(): info: setting task T51 label to "delay__C__hl__OUT__lh__ACQ_1 of OAI22"
1729737914.974080: 18817-7fee765970c0: cdpl_server.c:1824: in _sv_gen_task(): info: new task T52 in B1 (prio 2)
1729737914.974083: 18817-7fee765970c0: cdpl_server.c:2558: in cdpl_sv_label_task_va(): info: setting task T52 label to "delay__C__lh__OUT__hl__ACQ_1 of OAI22"
1729737914.974102: 18817-7fee765970c0: cdpl_server.c:1824: in _sv_gen_task(): info: new task T53 in B1 (prio 2)
1729737914.974104: 18817-7fee765970c0: cdpl_server.c:2558: in cdpl_sv_label_task_va(): info: setting task T53 label to "delay__D__hl__OUT__lh__ACQ_1 of OAI22"
1729737914.974123: 18817-7fee765970c0: cdpl_server.c:1824: in _sv_gen_task(): info: new task T54 in B1 (prio 2)
1729737914.974126: 18817-7fee765970c0: cdpl_server.c:2558: in cdpl_sv_label_task_va(): info: setting task T54 label to "delay__D__lh__OUT__hl__ACQ_1 of OAI22"
1729737914.974144: 18817-7fee765970c0: cdpl_server.c:1824: in _sv_gen_task(): info: new task T55 in B1 (prio 5)
1729737914.974147: 18817-7fee765970c0: cdpl_server.c:2558: in cdpl_sv_label_task_va(): info: setting task T55 label to "Cin__VDD__hl__ACQ_1 of OAI22"
1729737914.974165: 18817-7fee765970c0: cdpl_server.c:1824: in _sv_gen_task(): info: new task T56 in B1 (prio 5)
1729737914.974168: 18817-7fee765970c0: cdpl_server.c:2558: in cdpl_sv_label_task_va(): info: setting task T56 label to "Cin__VDD__lh__ACQ_1 of OAI22"
1729737922.047526: 18817-7fee5ea99700: cdpl_server_ipc.c:857: in _sv_on_finish(): info: worker W1 completed task T44
1729737922.047588: 18817-7fee5e298700: cdpl_server_sched.c:955: in _assign(): info: assigning task T47 to worker W1
1729737928.992745: 18817-7fee5ea99700: cdpl_server_ipc.c:857: in _sv_on_finish(): info: worker W1 completed task T47
1729737928.992786: 18817-7fee5e298700: cdpl_server_sched.c:955: in _assign(): info: assigning task T48 to worker W1
1729737935.863531: 18817-7fee5ea99700: cdpl_server_ipc.c:857: in _sv_on_finish(): info: worker W1 completed task T48
1729737935.863558: 18817-7fee5e298700: cdpl_server_sched.c:955: in _assign(): info: assigning task T49 to worker W1
1729737949.375436: 18817-7fee5ea99700: cdpl_server_ipc.c:857: in _sv_on_finish(): info: worker W1 completed task T49
1729737949.375480: 18817-7fee5e298700: cdpl_server_sched.c:955: in _assign(): info: assigning task T50 to worker W1
1729737954.126864: 18817-7fee765970c0: cdpl_server.c:1824: in _sv_gen_task(): info: new task T57 in B1 (prio 2)
1729737954.126888: 18817-7fee765970c0: cdpl_server.c:2558: in cdpl_sv_label_task_va(): info: setting task T57 label to "delay__B__hl__OUT__lh__ACQ_1 of OAI22"
1729737959.013287: 18817-7fee5ea99700: cdpl_server_ipc.c:857: in _sv_on_finish(): info: worker W1 completed task T50
1729737959.013326: 18817-7fee5e298700: cdpl_server_sched.c:955: in _assign(): info: assigning task T51 to worker W1
1729737964.143343: 18817-7fee765970c0: cdpl_server.c:1824: in _sv_gen_task(): info: new task T58 in B1 (prio 2)
1729737964.143362: 18817-7fee765970c0: cdpl_server.c:2558: in cdpl_sv_label_task_va(): info: setting task T58 label to "delay__B__lh__OUT__hl__ACQ_1 of OAI22"
1729737966.215700: 18817-7fee5ea99700: cdpl_server_ipc.c:857: in _sv_on_finish(): info: worker W1 completed task T51
1729737966.215736: 18817-7fee5e298700: cdpl_server_sched.c:955: in _assign(): info: assigning task T52 to worker W1
1729737973.368319: 18817-7fee5ea99700: cdpl_server_ipc.c:857: in _sv_on_finish(): info: worker W1 completed task T52
1729737973.368349: 18817-7fee5e298700: cdpl_server_sched.c:955: in _assign(): info: assigning task T53 to worker W1
1729737980.322003: 18817-7fee5ea99700: cdpl_server_ipc.c:857: in _sv_on_finish(): info: worker W1 completed task T53
1729737980.322038: 18817-7fee5e298700: cdpl_server_sched.c:955: in _assign(): info: assigning task T54 to worker W1
1729737984.164379: 18817-7fee765970c0: cdpl_server.c:1824: in _sv_gen_task(): info: new task T59 in B1 (prio 2)
1729737984.164602: 18817-7fee765970c0: cdpl_server.c:2558: in cdpl_sv_label_task_va(): info: setting task T59 label to "delay__D__hl__OUT__lh__ACQ_1 of OAI22"
1729737987.379241: 18817-7fee5ea99700: cdpl_server_ipc.c:857: in _sv_on_finish(): info: worker W1 completed task T54
1729737987.379273: 18817-7fee5e298700: cdpl_server_sched.c:955: in _assign(): info: assigning task T57 to worker W1
1729737995.077912: 18817-7fee765970c0: cdpl_server.c:1824: in _sv_gen_task(): info: new task T60 in B1 (prio 2)
1729737995.077940: 18817-7fee765970c0: cdpl_server.c:2558: in cdpl_sv_label_task_va(): info: setting task T60 label to "delay__D__lh__OUT__hl__ACQ_1 of OAI22"
1729738002.603351: 18817-7fee5ea99700: cdpl_server_ipc.c:857: in _sv_on_finish(): info: worker W1 completed task T57
1729738002.603411: 18817-7fee5e298700: cdpl_server_sched.c:955: in _assign(): info: assigning task T58 to worker W1
1729738009.600912: 18817-7fee5ea99700: cdpl_server_ipc.c:857: in _sv_on_finish(): info: worker W1 completed task T58
1729738009.600955: 18817-7fee5e298700: cdpl_server_sched.c:955: in _assign(): info: assigning task T59 to worker W1
1729738016.619264: 18817-7fee5ea99700: cdpl_server_ipc.c:857: in _sv_on_finish(): info: worker W1 completed task T59
1729738016.619297: 18817-7fee5e298700: cdpl_server_sched.c:955: in _assign(): info: assigning task T60 to worker W1
1729738023.653544: 18817-7fee5ea99700: cdpl_server_ipc.c:857: in _sv_on_finish(): info: worker W1 completed task T60
1729738023.653577: 18817-7fee5e298700: cdpl_server_sched.c:955: in _assign(): info: assigning task T45 to worker W1
1729738030.538312: 18817-7fee5ea99700: cdpl_server_ipc.c:857: in _sv_on_finish(): info: worker W1 completed task T45
1729738030.538343: 18817-7fee5e298700: cdpl_server_sched.c:955: in _assign(): info: assigning task T46 to worker W1
1729738037.390881: 18817-7fee5ea99700: cdpl_server_ipc.c:857: in _sv_on_finish(): info: worker W1 completed task T46
1729738037.390906: 18817-7fee5e298700: cdpl_server_sched.c:955: in _assign(): info: assigning task T55 to worker W1
1729738046.713281: 18817-7fee5ea99700: cdpl_server_ipc.c:857: in _sv_on_finish(): info: worker W1 completed task T55
1729738046.713313: 18817-7fee5e298700: cdpl_server_sched.c:955: in _assign(): info: assigning task T56 to worker W1
1729738056.538982: 18817-7fee5ea99700: cdpl_server_ipc.c:857: in _sv_on_finish(): info: worker W1 completed task T56
1729738450.834935: 18817-7fee765970c0: cdpl_server.c:1824: in _sv_gen_task(): info: new task T61 in B1 (prio 3)
1729738450.834953: 18817-7fee765970c0: cdpl_server.c:2558: in cdpl_sv_label_task_va(): info: setting task T61 label to "leakage_power__ACQ_1 of OAI22"
1729738450.834991: 18817-7fee5e298700: cdpl_server_sched.c:955: in _assign(): info: assigning task T61 to worker W1
1729738450.835019: 18817-7fee765970c0: cdpl_server.c:1824: in _sv_gen_task(): info: new task T62 in B1 (prio 5)
1729738450.835039: 18817-7fee765970c0: cdpl_server.c:2558: in cdpl_sv_label_task_va(): info: setting task T62 label to "Cin__VSS__hl__ACQ_1 of OAI22"
1729738450.835074: 18817-7fee765970c0: cdpl_server.c:1824: in _sv_gen_task(): info: new task T63 in B1 (prio 5)
1729738450.835077: 18817-7fee765970c0: cdpl_server.c:2558: in cdpl_sv_label_task_va(): info: setting task T63 label to "Cin__VSS__lh__ACQ_1 of OAI22"
1729738450.835103: 18817-7fee765970c0: cdpl_server.c:1824: in _sv_gen_task(): info: new task T64 in B1 (prio 2)
1729738450.835106: 18817-7fee765970c0: cdpl_server.c:2558: in cdpl_sv_label_task_va(): info: setting task T64 label to "delay__A__hl__OUT__lh__ACQ_1 of OAI22"
1729738450.835126: 18817-7fee765970c0: cdpl_server.c:1824: in _sv_gen_task(): info: new task T65 in B1 (prio 2)
1729738450.835129: 18817-7fee765970c0: cdpl_server.c:2558: in cdpl_sv_label_task_va(): info: setting task T65 label to "delay__A__lh__OUT__hl__ACQ_1 of OAI22"
1729738450.835152: 18817-7fee765970c0: cdpl_server.c:1824: in _sv_gen_task(): info: new task T66 in B1 (prio 2)
1729738450.835159: 18817-7fee765970c0: cdpl_server.c:2558: in cdpl_sv_label_task_va(): info: setting task T66 label to "delay__B__hl__OUT__lh__ACQ_1 of OAI22"
1729738450.835184: 18817-7fee765970c0: cdpl_server.c:1824: in _sv_gen_task(): info: new task T67 in B1 (prio 2)
1729738450.835187: 18817-7fee765970c0: cdpl_server.c:2558: in cdpl_sv_label_task_va(): info: setting task T67 label to "delay__B__lh__OUT__hl__ACQ_1 of OAI22"
1729738450.835211: 18817-7fee765970c0: cdpl_server.c:1824: in _sv_gen_task(): info: new task T68 in B1 (prio 2)
1729738450.835213: 18817-7fee765970c0: cdpl_server.c:2558: in cdpl_sv_label_task_va(): info: setting task T68 label to "delay__C__hl__OUT__lh__ACQ_1 of OAI22"
1729738450.835233: 18817-7fee765970c0: cdpl_server.c:1824: in _sv_gen_task(): info: new task T69 in B1 (prio 2)
1729738450.835235: 18817-7fee765970c0: cdpl_server.c:2558: in cdpl_sv_label_task_va(): info: setting task T69 label to "delay__C__lh__OUT__hl__ACQ_1 of OAI22"
1729738450.835254: 18817-7fee765970c0: cdpl_server.c:1824: in _sv_gen_task(): info: new task T70 in B1 (prio 2)
1729738450.835256: 18817-7fee765970c0: cdpl_server.c:2558: in cdpl_sv_label_task_va(): info: setting task T70 label to "delay__D__hl__OUT__lh__ACQ_1 of OAI22"
1729738450.835275: 18817-7fee765970c0: cdpl_server.c:1824: in _sv_gen_task(): info: new task T71 in B1 (prio 2)
1729738450.835277: 18817-7fee765970c0: cdpl_server.c:2558: in cdpl_sv_label_task_va(): info: setting task T71 label to "delay__D__lh__OUT__hl__ACQ_1 of OAI22"
1729738450.835295: 18817-7fee765970c0: cdpl_server.c:1824: in _sv_gen_task(): info: new task T72 in B1 (prio 5)
1729738450.835298: 18817-7fee765970c0: cdpl_server.c:2558: in cdpl_sv_label_task_va(): info: setting task T72 label to "Cin__VDD__hl__ACQ_1 of OAI22"
1729738450.835316: 18817-7fee765970c0: cdpl_server.c:1824: in _sv_gen_task(): info: new task T73 in B1 (prio 5)
1729738450.835318: 18817-7fee765970c0: cdpl_server.c:2558: in cdpl_sv_label_task_va(): info: setting task T73 label to "Cin__VDD__lh__ACQ_1 of OAI22"
1729738465.872415: 18817-7fee5ea99700: cdpl_server_ipc.c:857: in _sv_on_finish(): info: worker W1 completed task T61
1729738465.872465: 18817-7fee5e298700: cdpl_server_sched.c:955: in _assign(): info: assigning task T64 to worker W1
1729738473.767972: 18817-7fee5ea99700: cdpl_server_ipc.c:857: in _sv_on_finish(): info: worker W1 completed task T64
1729738473.768027: 18817-7fee5e298700: cdpl_server_sched.c:955: in _assign(): info: assigning task T65 to worker W1
1729738481.175291: 18817-7fee5ea99700: cdpl_server_ipc.c:857: in _sv_on_finish(): info: worker W1 completed task T65
1729738481.175338: 18817-7fee5e298700: cdpl_server_sched.c:955: in _assign(): info: assigning task T66 to worker W1
1729738488.270497: 18817-7fee5ea99700: cdpl_server_ipc.c:857: in _sv_on_finish(): info: worker W1 completed task T66
1729738488.270542: 18817-7fee5e298700: cdpl_server_sched.c:955: in _assign(): info: assigning task T67 to worker W1
1729738490.877649: 18817-7fee765970c0: cdpl_server.c:1824: in _sv_gen_task(): info: new task T74 in B1 (prio 2)
1729738490.877670: 18817-7fee765970c0: cdpl_server.c:2558: in cdpl_sv_label_task_va(): info: setting task T74 label to "delay__B__hl__OUT__lh__ACQ_1 of OAI22"
1729738495.084081: 18817-7fee5ea99700: cdpl_server_ipc.c:857: in _sv_on_finish(): info: worker W1 completed task T67
1729738495.084160: 18817-7fee5e298700: cdpl_server_sched.c:955: in _assign(): info: assigning task T68 to worker W1
1729738500.895401: 18817-7fee765970c0: cdpl_server.c:1824: in _sv_gen_task(): info: new task T75 in B1 (prio 2)
1729738500.895423: 18817-7fee765970c0: cdpl_server.c:2558: in cdpl_sv_label_task_va(): info: setting task T75 label to "delay__B__lh__OUT__hl__ACQ_1 of OAI22"
1729738502.043663: 18817-7fee5ea99700: cdpl_server_ipc.c:857: in _sv_on_finish(): info: worker W1 completed task T68
1729738502.043714: 18817-7fee5e298700: cdpl_server_sched.c:955: in _assign(): info: assigning task T69 to worker W1
1729738509.860786: 18817-7fee5ea99700: cdpl_server_ipc.c:857: in _sv_on_finish(): info: worker W1 completed task T69
1729738509.860826: 18817-7fee5e298700: cdpl_server_sched.c:955: in _assign(): info: assigning task T70 to worker W1
1729738526.905895: 18817-7fee5ea99700: cdpl_server_ipc.c:857: in _sv_on_finish(): info: worker W1 completed task T70
1729738526.905940: 18817-7fee5e298700: cdpl_server_sched.c:955: in _assign(): info: assigning task T71 to worker W1
1729738530.059593: 18817-7fee765970c0: cdpl_server.c:1824: in _sv_gen_task(): info: new task T76 in B1 (prio 2)
1729738530.059618: 18817-7fee765970c0: cdpl_server.c:2558: in cdpl_sv_label_task_va(): info: setting task T76 label to "delay__D__hl__OUT__lh__ACQ_1 of OAI22"
1729738534.088308: 18817-7fee5ea99700: cdpl_server_ipc.c:857: in _sv_on_finish(): info: worker W1 completed task T71
1729738534.088363: 18817-7fee5e298700: cdpl_server_sched.c:955: in _assign(): info: assigning task T74 to worker W1
1729738540.075881: 18817-7fee765970c0: cdpl_server.c:1824: in _sv_gen_task(): info: new task T77 in B1 (prio 2)
1729738540.075901: 18817-7fee765970c0: cdpl_server.c:2558: in cdpl_sv_label_task_va(): info: setting task T77 label to "delay__D__lh__OUT__hl__ACQ_1 of OAI22"
1729738541.108916: 18817-7fee5ea99700: cdpl_server_ipc.c:857: in _sv_on_finish(): info: worker W1 completed task T74
1729738541.108964: 18817-7fee5e298700: cdpl_server_sched.c:955: in _assign(): info: assigning task T75 to worker W1
1729738548.003690: 18817-7fee5ea99700: cdpl_server_ipc.c:857: in _sv_on_finish(): info: worker W1 completed task T75
1729738548.003736: 18817-7fee5e298700: cdpl_server_sched.c:955: in _assign(): info: assigning task T76 to worker W1
1729738555.049235: 18817-7fee5ea99700: cdpl_server_ipc.c:857: in _sv_on_finish(): info: worker W1 completed task T76
1729738555.049277: 18817-7fee5e298700: cdpl_server_sched.c:955: in _assign(): info: assigning task T77 to worker W1
1729738570.618725: 18817-7fee5ea99700: cdpl_server_ipc.c:857: in _sv_on_finish(): info: worker W1 completed task T77
1729738570.618769: 18817-7fee5e298700: cdpl_server_sched.c:955: in _assign(): info: assigning task T62 to worker W1
1729738582.811123: 18817-7fee5ea99700: cdpl_server_ipc.c:857: in _sv_on_finish(): info: worker W1 completed task T62
1729738582.811161: 18817-7fee5e298700: cdpl_server_sched.c:955: in _assign(): info: assigning task T63 to worker W1
1729738589.792333: 18817-7fee5ea99700: cdpl_server_ipc.c:857: in _sv_on_finish(): info: worker W1 completed task T63
1729738589.792372: 18817-7fee5e298700: cdpl_server_sched.c:955: in _assign(): info: assigning task T72 to worker W1
1729738596.680529: 18817-7fee5ea99700: cdpl_server_ipc.c:857: in _sv_on_finish(): info: worker W1 completed task T72
1729738596.680568: 18817-7fee5e298700: cdpl_server_sched.c:955: in _assign(): info: assigning task T73 to worker W1
1729738603.542732: 18817-7fee5ea99700: cdpl_server_ipc.c:857: in _sv_on_finish(): info: worker W1 completed task T73
1729739204.589658: 18817-7fee5f29a700: cdpl_ipc.c:738: in _readv(): warning: read(): EOF
1729740536.730537: 18817-7fee765970c0: cdpl_server.c:1824: in _sv_gen_task(): info: new task T78 in B1 (prio 3)
1729740536.730551: 18817-7fee765970c0: cdpl_server.c:2558: in cdpl_sv_label_task_va(): info: setting task T78 label to "leakage_power__ACQ_1 of OAI22"
1729740536.730595: 18817-7fee765970c0: cdpl_server.c:1824: in _sv_gen_task(): info: new task T79 in B1 (prio 5)
1729740536.730623: 18817-7fee5e298700: cdpl_server_sched.c:700: in _sv_launch_worker(): info: started worker W2 (as C2) in bin B1
1729740536.730650: 18817-7fee765970c0: cdpl_server.c:2558: in cdpl_sv_label_task_va(): info: setting task T79 label to "Cin__VSS__hl__ACQ_1 of OAI22"
1729740536.730665: 18817-7fee5da97700: cdpl_sh.c:49: in _sh_detached_submit(): info: SH : /home/eng/s/sxv240035/cad/gf65/primelib_gf65/NAND4/runtime/cdpl/pid18817/run_18817.sh
1729740536.730681: 18817-7fee765970c0: cdpl_server.c:1824: in _sv_gen_task(): info: new task T80 in B1 (prio 5)
1729740536.730688: 18817-7fee765970c0: cdpl_server.c:2558: in cdpl_sv_label_task_va(): info: setting task T80 label to "Cin__VSS__lh__ACQ_1 of OAI22"
1729740536.734807: 18817-7fee765970c0: cdpl_server.c:1824: in _sv_gen_task(): info: new task T81 in B1 (prio 2)
1729740536.734827: 18817-7fee765970c0: cdpl_server.c:2558: in cdpl_sv_label_task_va(): info: setting task T81 label to "delay__A__hl__OUT__lh__ACQ_1 of OAI22"
1729740536.734895: 18817-7fee765970c0: cdpl_server.c:1824: in _sv_gen_task(): info: new task T82 in B1 (prio 2)
1729740536.734899: 18817-7fee765970c0: cdpl_server.c:2558: in cdpl_sv_label_task_va(): info: setting task T82 label to "delay__A__lh__OUT__hl__ACQ_1 of OAI22"
1729740536.734957: 18817-7fee765970c0: cdpl_server.c:1824: in _sv_gen_task(): info: new task T83 in B1 (prio 2)
1729740536.734962: 18817-7fee765970c0: cdpl_server.c:2558: in cdpl_sv_label_task_va(): info: setting task T83 label to "delay__B__hl__OUT__lh__ACQ_1 of OAI22"
1729740536.735021: 18817-7fee765970c0: cdpl_server.c:1824: in _sv_gen_task(): info: new task T84 in B1 (prio 2)
1729740536.735025: 18817-7fee765970c0: cdpl_server.c:2558: in cdpl_sv_label_task_va(): info: setting task T84 label to "delay__B__lh__OUT__hl__ACQ_1 of OAI22"
1729740536.735077: 18817-7fee765970c0: cdpl_server.c:1824: in _sv_gen_task(): info: new task T85 in B1 (prio 2)
1729740536.735080: 18817-7fee765970c0: cdpl_server.c:2558: in cdpl_sv_label_task_va(): info: setting task T85 label to "delay__C__hl__OUT__lh__ACQ_1 of OAI22"
1729740536.735123: 18817-7fee765970c0: cdpl_server.c:1824: in _sv_gen_task(): info: new task T86 in B1 (prio 2)
1729740536.735126: 18817-7fee765970c0: cdpl_server.c:2558: in cdpl_sv_label_task_va(): info: setting task T86 label to "delay__C__lh__OUT__hl__ACQ_1 of OAI22"
1729740536.735162: 18817-7fee765970c0: cdpl_server.c:1824: in _sv_gen_task(): info: new task T87 in B1 (prio 2)
1729740536.735164: 18817-7fee765970c0: cdpl_server.c:2558: in cdpl_sv_label_task_va(): info: setting task T87 label to "delay__D__hl__OUT__lh__ACQ_1 of OAI22"
1729740536.735210: 18817-7fee765970c0: cdpl_server.c:1824: in _sv_gen_task(): info: new task T88 in B1 (prio 2)
1729740536.735214: 18817-7fee765970c0: cdpl_server.c:2558: in cdpl_sv_label_task_va(): info: setting task T88 label to "delay__D__lh__OUT__hl__ACQ_1 of OAI22"
1729740536.735274: 18817-7fee765970c0: cdpl_server.c:1824: in _sv_gen_task(): info: new task T89 in B1 (prio 5)
1729740536.735280: 18817-7fee765970c0: cdpl_server.c:2558: in cdpl_sv_label_task_va(): info: setting task T89 label to "Cin__VDD__hl__ACQ_1 of OAI22"
1729740536.735311: 18817-7fee765970c0: cdpl_server.c:1824: in _sv_gen_task(): info: new task T90 in B1 (prio 5)
1729740536.735314: 18817-7fee765970c0: cdpl_server.c:2558: in cdpl_sv_label_task_va(): info: setting task T90 label to "Cin__VDD__lh__ACQ_1 of OAI22"
1729740537.454161: 18817-7fee5ea99700: cdpl_server_ipc.c:452: in _sv_on_hello(): info: W2 is `10.182.66.67:56058'
1729740537.454181: 18817-7fee5ea99700: cdpl_server_ipc.c:454: in _sv_on_hello(): info: W2 log file is /dev/null
1729740537.454206: 18817-7fee5ea99700: cdpl_server_ipc.c:481: in _sv_on_hello(): info: up to 1 alive workers in B1
1729740537.454242: 18817-7fee5e298700: cdpl_server_sched.c:955: in _assign(): info: assigning task T81 to worker W2
1729740557.619913: 18817-7fee5ea99700: cdpl_server_ipc.c:857: in _sv_on_finish(): info: worker W2 completed task T81
1729740557.619969: 18817-7fee5e298700: cdpl_server_sched.c:955: in _assign(): info: assigning task T82 to worker W2
1729740564.497370: 18817-7fee5ea99700: cdpl_server_ipc.c:857: in _sv_on_finish(): info: worker W2 completed task T82
1729740564.497410: 18817-7fee5e298700: cdpl_server_sched.c:955: in _assign(): info: assigning task T83 to worker W2
1729740566.780394: 18817-7fee765970c0: cdpl_server.c:1824: in _sv_gen_task(): info: new task T91 in B1 (prio 2)
1729740566.780419: 18817-7fee765970c0: cdpl_server.c:2558: in cdpl_sv_label_task_va(): info: setting task T91 label to "delay__A__hl__OUT__lh__ACQ_1 of OAI22"
1729740566.796890: 18817-7fee765970c0: cdpl_server.c:1824: in _sv_gen_task(): info: new task T92 in B1 (prio 2)
1729740566.796905: 18817-7fee765970c0: cdpl_server.c:2558: in cdpl_sv_label_task_va(): info: setting task T92 label to "delay__A__lh__OUT__hl__ACQ_1 of OAI22"
1729740571.308682: 18817-7fee5ea99700: cdpl_server_ipc.c:857: in _sv_on_finish(): info: worker W2 completed task T83
1729740571.308831: 18817-7fee5e298700: cdpl_server_sched.c:955: in _assign(): info: assigning task T84 to worker W2
1729740576.812529: 18817-7fee765970c0: cdpl_server.c:1824: in _sv_gen_task(): info: new task T93 in B1 (prio 2)
1729740576.812553: 18817-7fee765970c0: cdpl_server.c:2558: in cdpl_sv_label_task_va(): info: setting task T93 label to "delay__B__hl__OUT__lh__ACQ_1 of OAI22"
1729740578.488061: 18817-7fee5ea99700: cdpl_server_ipc.c:857: in _sv_on_finish(): info: worker W2 completed task T84
1729740578.488115: 18817-7fee5e298700: cdpl_server_sched.c:955: in _assign(): info: assigning task T85 to worker W2
1729740585.521992: 18817-7fee5ea99700: cdpl_server_ipc.c:857: in _sv_on_finish(): info: worker W2 completed task T85
1729740585.522041: 18817-7fee5e298700: cdpl_server_sched.c:955: in _assign(): info: assigning task T86 to worker W2
1729740586.828388: 18817-7fee765970c0: cdpl_server.c:1824: in _sv_gen_task(): info: new task T94 in B1 (prio 2)
1729740586.828410: 18817-7fee765970c0: cdpl_server.c:2558: in cdpl_sv_label_task_va(): info: setting task T94 label to "delay__B__lh__OUT__hl__ACQ_1 of OAI22"
1729740586.844536: 18817-7fee765970c0: cdpl_server.c:1824: in _sv_gen_task(): info: new task T95 in B1 (prio 2)
1729740586.844559: 18817-7fee765970c0: cdpl_server.c:2558: in cdpl_sv_label_task_va(): info: setting task T95 label to "delay__C__hl__OUT__lh__ACQ_1 of OAI22"
1729740598.669316: 18817-7fee5ea99700: cdpl_server_ipc.c:857: in _sv_on_finish(): info: worker W2 completed task T86
1729740598.669371: 18817-7fee5e298700: cdpl_server_sched.c:955: in _assign(): info: assigning task T87 to worker W2
1729740607.693727: 18817-7fee765970c0: cdpl_server.c:1824: in _sv_gen_task(): info: new task T96 in B1 (prio 2)
1729740607.693754: 18817-7fee765970c0: cdpl_server.c:2558: in cdpl_sv_label_task_va(): info: setting task T96 label to "delay__C__lh__OUT__hl__ACQ_1 of OAI22"
1729740612.044847: 18817-7fee5ea99700: cdpl_server_ipc.c:857: in _sv_on_finish(): info: worker W2 completed task T87
1729740612.044910: 18817-7fee5e298700: cdpl_server_sched.c:955: in _assign(): info: assigning task T88 to worker W2
1729740616.709144: 18817-7fee765970c0: cdpl_server.c:1824: in _sv_gen_task(): info: new task T97 in B1 (prio 2)
1729740616.709168: 18817-7fee765970c0: cdpl_server.c:2558: in cdpl_sv_label_task_va(): info: setting task T97 label to "delay__D__hl__OUT__lh__ACQ_1 of OAI22"
1729740618.912917: 18817-7fee5ea99700: cdpl_server_ipc.c:857: in _sv_on_finish(): info: worker W2 completed task T88
1729740618.912967: 18817-7fee5e298700: cdpl_server_sched.c:955: in _assign(): info: assigning task T91 to worker W2
1729740625.779332: 18817-7fee5ea99700: cdpl_server_ipc.c:857: in _sv_on_finish(): info: worker W2 completed task T91
1729740625.779385: 18817-7fee5e298700: cdpl_server_sched.c:955: in _assign(): info: assigning task T92 to worker W2
1729740626.723982: 18817-7fee765970c0: cdpl_server.c:1824: in _sv_gen_task(): info: new task T98 in B1 (prio 2)
1729740626.724002: 18817-7fee765970c0: cdpl_server.c:2558: in cdpl_sv_label_task_va(): info: setting task T98 label to "delay__D__lh__OUT__hl__ACQ_1 of OAI22"
1729740632.916833: 18817-7fee5ea99700: cdpl_server_ipc.c:857: in _sv_on_finish(): info: worker W2 completed task T92
1729740632.916888: 18817-7fee5e298700: cdpl_server_sched.c:955: in _assign(): info: assigning task T93 to worker W2
1729740639.831826: 18817-7fee5ea99700: cdpl_server_ipc.c:857: in _sv_on_finish(): info: worker W2 completed task T93
1729740639.831873: 18817-7fee5e298700: cdpl_server_sched.c:955: in _assign(): info: assigning task T94 to worker W2
1729740654.879894: 18817-7fee5ea99700: cdpl_server_ipc.c:857: in _sv_on_finish(): info: worker W2 completed task T94
1729740654.879935: 18817-7fee5e298700: cdpl_server_sched.c:955: in _assign(): info: assigning task T95 to worker W2
1729740662.845434: 18817-7fee5ea99700: cdpl_server_ipc.c:857: in _sv_on_finish(): info: worker W2 completed task T95
1729740662.845478: 18817-7fee5e298700: cdpl_server_sched.c:955: in _assign(): info: assigning task T96 to worker W2
1729740669.979687: 18817-7fee5ea99700: cdpl_server_ipc.c:857: in _sv_on_finish(): info: worker W2 completed task T96
1729740669.979730: 18817-7fee5e298700: cdpl_server_sched.c:955: in _assign(): info: assigning task T97 to worker W2
1729740677.140052: 18817-7fee5ea99700: cdpl_server_ipc.c:857: in _sv_on_finish(): info: worker W2 completed task T97
1729740677.140096: 18817-7fee5e298700: cdpl_server_sched.c:955: in _assign(): info: assigning task T98 to worker W2
1729740684.458980: 18817-7fee5ea99700: cdpl_server_ipc.c:857: in _sv_on_finish(): info: worker W2 completed task T98
1729740684.459027: 18817-7fee5e298700: cdpl_server_sched.c:955: in _assign(): info: assigning task T78 to worker W2
1729740693.647207: 18817-7fee5ea99700: cdpl_server_ipc.c:857: in _sv_on_finish(): info: worker W2 completed task T78
1729740693.647257: 18817-7fee5e298700: cdpl_server_sched.c:955: in _assign(): info: assigning task T79 to worker W2
1729740703.811023: 18817-7fee5ea99700: cdpl_server_ipc.c:857: in _sv_on_finish(): info: worker W2 completed task T79
1729740703.811083: 18817-7fee5e298700: cdpl_server_sched.c:955: in _assign(): info: assigning task T80 to worker W2
1729740710.892401: 18817-7fee5ea99700: cdpl_server_ipc.c:857: in _sv_on_finish(): info: worker W2 completed task T80
1729740710.892452: 18817-7fee5e298700: cdpl_server_sched.c:955: in _assign(): info: assigning task T89 to worker W2
1729740717.640030: 18817-7fee5ea99700: cdpl_server_ipc.c:857: in _sv_on_finish(): info: worker W2 completed task T89
1729740717.640095: 18817-7fee5e298700: cdpl_server_sched.c:955: in _assign(): info: assigning task T90 to worker W2
1729740724.208874: 18817-7fee5ea99700: cdpl_server_ipc.c:857: in _sv_on_finish(): info: worker W2 completed task T90
1729740998.780529: 18817-7fee765970c0: cdpl_server.c:1824: in _sv_gen_task(): info: new task T99 in B1 (prio 3)
1729740998.780543: 18817-7fee765970c0: cdpl_server.c:2558: in cdpl_sv_label_task_va(): info: setting task T99 label to "leakage_power__ACQ_1 of XOR2"
1729740998.780577: 18817-7fee5e298700: cdpl_server_sched.c:955: in _assign(): info: assigning task T99 to worker W2
1729740998.780598: 18817-7fee765970c0: cdpl_server.c:1824: in _sv_gen_task(): info: new task T100 in B1 (prio 5)
1729740998.780616: 18817-7fee765970c0: cdpl_server.c:2558: in cdpl_sv_label_task_va(): info: setting task T100 label to "Cin__VSS__hl__ACQ_1 of XOR2"
1729740998.780641: 18817-7fee765970c0: cdpl_server.c:1824: in _sv_gen_task(): info: new task T101 in B1 (prio 5)
1729740998.780644: 18817-7fee765970c0: cdpl_server.c:2558: in cdpl_sv_label_task_va(): info: setting task T101 label to "Cin__VSS__lh__ACQ_1 of XOR2"
1729740998.780671: 18817-7fee765970c0: cdpl_server.c:1824: in _sv_gen_task(): info: new task T102 in B1 (prio 2)
1729740998.780674: 18817-7fee765970c0: cdpl_server.c:2558: in cdpl_sv_label_task_va(): info: setting task T102 label to "delay__A__hl__OUT__hl__ACQ_1 of XOR2"
1729740998.780696: 18817-7fee765970c0: cdpl_server.c:1824: in _sv_gen_task(): info: new task T103 in B1 (prio 2)
1729740998.780698: 18817-7fee765970c0: cdpl_server.c:2558: in cdpl_sv_label_task_va(): info: setting task T103 label to "delay__A__hl__OUT__lh__ACQ_1 of XOR2"
1729740998.780721: 18817-7fee765970c0: cdpl_server.c:1824: in _sv_gen_task(): info: new task T104 in B1 (prio 2)
1729740998.780724: 18817-7fee765970c0: cdpl_server.c:2558: in cdpl_sv_label_task_va(): info: setting task T104 label to "delay__A__lh__OUT__hl__ACQ_1 of XOR2"
1729740998.780745: 18817-7fee765970c0: cdpl_server.c:1824: in _sv_gen_task(): info: new task T105 in B1 (prio 2)
1729740998.780748: 18817-7fee765970c0: cdpl_server.c:2558: in cdpl_sv_label_task_va(): info: setting task T105 label to "delay__A__lh__OUT__lh__ACQ_1 of XOR2"
1729740998.780775: 18817-7fee765970c0: cdpl_server.c:1824: in _sv_gen_task(): info: new task T106 in B1 (prio 2)
1729740998.780778: 18817-7fee765970c0: cdpl_server.c:2558: in cdpl_sv_label_task_va(): info: setting task T106 label to "delay__B__hl__OUT__hl__ACQ_1 of XOR2"
1729740998.780801: 18817-7fee765970c0: cdpl_server.c:1824: in _sv_gen_task(): info: new task T107 in B1 (prio 2)
1729740998.780804: 18817-7fee765970c0: cdpl_server.c:2558: in cdpl_sv_label_task_va(): info: setting task T107 label to "delay__B__hl__OUT__lh__ACQ_1 of XOR2"
1729740998.780823: 18817-7fee765970c0: cdpl_server.c:1824: in _sv_gen_task(): info: new task T108 in B1 (prio 2)
1729740998.780826: 18817-7fee765970c0: cdpl_server.c:2558: in cdpl_sv_label_task_va(): info: setting task T108 label to "delay__B__lh__OUT__hl__ACQ_1 of XOR2"
1729740998.780846: 18817-7fee765970c0: cdpl_server.c:1824: in _sv_gen_task(): info: new task T109 in B1 (prio 2)
1729740998.780849: 18817-7fee765970c0: cdpl_server.c:2558: in cdpl_sv_label_task_va(): info: setting task T109 label to "delay__B__lh__OUT__lh__ACQ_1 of XOR2"
1729740998.780868: 18817-7fee765970c0: cdpl_server.c:1824: in _sv_gen_task(): info: new task T110 in B1 (prio 5)
1729740998.780870: 18817-7fee765970c0: cdpl_server.c:2558: in cdpl_sv_label_task_va(): info: setting task T110 label to "Cin__VDD__hl__ACQ_1 of XOR2"
1729740998.780889: 18817-7fee765970c0: cdpl_server.c:1824: in _sv_gen_task(): info: new task T111 in B1 (prio 5)
1729740998.780892: 18817-7fee765970c0: cdpl_server.c:2558: in cdpl_sv_label_task_va(): info: setting task T111 label to "Cin__VDD__lh__ACQ_1 of XOR2"
1729741088.549762: 18817-7fee5ea99700: cdpl_server_ipc.c:857: in _sv_on_finish(): info: worker W2 completed task T99
1729741088.550012: 18817-7fee5e298700: cdpl_server_sched.c:955: in _assign(): info: assigning task T102 to worker W2
1729741096.046089: 18817-7fee5ea99700: cdpl_server_ipc.c:857: in _sv_on_finish(): info: worker W2 completed task T102
1729741096.046137: 18817-7fee5e298700: cdpl_server_sched.c:955: in _assign(): info: assigning task T103 to worker W2
1729741106.906823: 18817-7fee5ea99700: cdpl_server_ipc.c:857: in _sv_on_finish(): info: worker W2 completed task T103
1729741106.906863: 18817-7fee5e298700: cdpl_server_sched.c:955: in _assign(): info: assigning task T104 to worker W2
1729741113.969200: 18817-7fee5ea99700: cdpl_server_ipc.c:857: in _sv_on_finish(): info: worker W2 completed task T104
1729741113.969243: 18817-7fee5e298700: cdpl_server_sched.c:955: in _assign(): info: assigning task T105 to worker W2
1729741120.855302: 18817-7fee5ea99700: cdpl_server_ipc.c:857: in _sv_on_finish(): info: worker W2 completed task T105
1729741120.855345: 18817-7fee5e298700: cdpl_server_sched.c:955: in _assign(): info: assigning task T106 to worker W2
1729741127.531034: 18817-7fee5ea99700: cdpl_server_ipc.c:857: in _sv_on_finish(): info: worker W2 completed task T106
1729741127.531088: 18817-7fee5e298700: cdpl_server_sched.c:955: in _assign(): info: assigning task T107 to worker W2
1729741134.185017: 18817-7fee5ea99700: cdpl_server_ipc.c:857: in _sv_on_finish(): info: worker W2 completed task T107
1729741134.185071: 18817-7fee5e298700: cdpl_server_sched.c:955: in _assign(): info: assigning task T108 to worker W2
1729741141.856458: 18817-7fee5ea99700: cdpl_server_ipc.c:857: in _sv_on_finish(): info: worker W2 completed task T108
1729741141.856504: 18817-7fee5e298700: cdpl_server_sched.c:955: in _assign(): info: assigning task T109 to worker W2
1729741150.517873: 18817-7fee5ea99700: cdpl_server_ipc.c:857: in _sv_on_finish(): info: worker W2 completed task T109
1729741150.517931: 18817-7fee5e298700: cdpl_server_sched.c:955: in _assign(): info: assigning task T100 to worker W2
1729741158.332635: 18817-7fee5ea99700: cdpl_server_ipc.c:857: in _sv_on_finish(): info: worker W2 completed task T100
1729741158.332679: 18817-7fee5e298700: cdpl_server_sched.c:955: in _assign(): info: assigning task T101 to worker W2
1729741165.034532: 18817-7fee5ea99700: cdpl_server_ipc.c:857: in _sv_on_finish(): info: worker W2 completed task T101
1729741165.034578: 18817-7fee5e298700: cdpl_server_sched.c:955: in _assign(): info: assigning task T110 to worker W2
1729741171.806869: 18817-7fee5ea99700: cdpl_server_ipc.c:857: in _sv_on_finish(): info: worker W2 completed task T110
1729741171.806908: 18817-7fee5e298700: cdpl_server_sched.c:955: in _assign(): info: assigning task T111 to worker W2
1729741178.595808: 18817-7fee5ea99700: cdpl_server_ipc.c:857: in _sv_on_finish(): info: worker W2 completed task T111
1729741366.251365: 18817-7fee765970c0: cdpl_server.c:1824: in _sv_gen_task(): info: new task T112 in B1 (prio 3)
1729741366.251380: 18817-7fee765970c0: cdpl_server.c:2558: in cdpl_sv_label_task_va(): info: setting task T112 label to "leakage_power__ACQ_1 of Tri_INV"
1729741366.251416: 18817-7fee5e298700: cdpl_server_sched.c:955: in _assign(): info: assigning task T112 to worker W2
1729741366.251438: 18817-7fee765970c0: cdpl_server.c:1824: in _sv_gen_task(): info: new task T113 in B1 (prio 2)
1729741366.251458: 18817-7fee765970c0: cdpl_server.c:2558: in cdpl_sv_label_task_va(): info: setting task T113 label to "delay__IN__lh__OUT__hl__ACQ_1 of Tri_INV"
1729741366.251483: 18817-7fee765970c0: cdpl_server.c:1824: in _sv_gen_task(): info: new task T114 in B1 (prio 2)
1729741366.251485: 18817-7fee765970c0: cdpl_server.c:2558: in cdpl_sv_label_task_va(): info: setting task T114 label to "delay__IN__hl__OUT__lh__ACQ_1 of Tri_INV"
1729741366.251505: 18817-7fee765970c0: cdpl_server.c:1824: in _sv_gen_task(): info: new task T115 in B1 (prio 2)
1729741366.251507: 18817-7fee765970c0: cdpl_server.c:2558: in cdpl_sv_label_task_va(): info: setting task T115 label to "delay__EN__lh__OUT__lh__ACQ_1 of Tri_INV"
1729741366.251527: 18817-7fee765970c0: cdpl_server.c:1824: in _sv_gen_task(): info: new task T116 in B1 (prio 2)
1729741366.251529: 18817-7fee765970c0: cdpl_server.c:2558: in cdpl_sv_label_task_va(): info: setting task T116 label to "delay__EN__hl__OUT__hl__ACQ_1 of Tri_INV"
1729741366.251553: 18817-7fee765970c0: cdpl_server.c:1824: in _sv_gen_task(): info: new task T117 in B1 (prio 5)
1729741366.251557: 18817-7fee765970c0: cdpl_server.c:2558: in cdpl_sv_label_task_va(): info: setting task T117 label to "Cin__VSS__lh__ACQ_1 of Tri_INV"
1729741366.251577: 18817-7fee765970c0: cdpl_server.c:1824: in _sv_gen_task(): info: new task T118 in B1 (prio 5)
1729741366.251580: 18817-7fee765970c0: cdpl_server.c:2558: in cdpl_sv_label_task_va(): info: setting task T118 label to "Cin__VSS__hl__ACQ_1 of Tri_INV"
1729741366.251598: 18817-7fee765970c0: cdpl_server.c:1824: in _sv_gen_task(): info: new task T119 in B1 (prio 5)
1729741366.251601: 18817-7fee765970c0: cdpl_server.c:2558: in cdpl_sv_label_task_va(): info: setting task T119 label to "Cin__VDD__lh__ACQ_1 of Tri_INV"
1729741366.251619: 18817-7fee765970c0: cdpl_server.c:1824: in _sv_gen_task(): info: new task T120 in B1 (prio 5)
1729741366.251622: 18817-7fee765970c0: cdpl_server.c:2558: in cdpl_sv_label_task_va(): info: setting task T120 label to "Cin__VDD__hl__ACQ_1 of Tri_INV"
1729741447.409256: 18817-7fee5ea99700: cdpl_server_ipc.c:857: in _sv_on_finish(): info: worker W2 completed task T112
1729741447.409506: 18817-7fee5e298700: cdpl_server_sched.c:955: in _assign(): info: assigning task T113 to worker W2
1729741454.238512: 18817-7fee5ea99700: cdpl_server_ipc.c:857: in _sv_on_finish(): info: worker W2 completed task T113
1729741454.238554: 18817-7fee5e298700: cdpl_server_sched.c:955: in _assign(): info: assigning task T114 to worker W2
1729741461.264702: 18817-7fee5ea99700: cdpl_server_ipc.c:857: in _sv_on_finish(): info: worker W2 completed task T114
1729741461.264742: 18817-7fee5e298700: cdpl_server_sched.c:955: in _assign(): info: assigning task T115 to worker W2
1729741477.070545: 18817-7fee5ea99700: cdpl_server_ipc.c:857: in _sv_on_finish(): info: worker W2 completed task T115
1729741477.070578: 18817-7fee5e298700: cdpl_server_sched.c:955: in _assign(): info: assigning task T116 to worker W2
1729741485.737298: 18817-7fee5ea99700: cdpl_server_ipc.c:857: in _sv_on_finish(): info: worker W2 completed task T116
1729741485.737338: 18817-7fee5e298700: cdpl_server_sched.c:955: in _assign(): info: assigning task T117 to worker W2
1729741486.324352: 18817-7fee765970c0: cdpl_server.c:1824: in _sv_gen_task(): info: new task T121 in B1 (prio 2)
1729741486.324372: 18817-7fee765970c0: cdpl_server.c:2558: in cdpl_sv_label_task_va(): info: setting task T121 label to "delay__EN__lh__OUT__lh__ACQ_1 of Tri_INV"
1729741486.338870: 18817-7fee765970c0: cdpl_server.c:1824: in _sv_gen_task(): info: new task T122 in B1 (prio 2)
1729741486.338892: 18817-7fee765970c0: cdpl_server.c:2558: in cdpl_sv_label_task_va(): info: setting task T122 label to "delay__EN__hl__OUT__hl__ACQ_1 of Tri_INV"
1729741492.273755: 18817-7fee5ea99700: cdpl_server_ipc.c:857: in _sv_on_finish(): info: worker W2 completed task T117
1729741492.273804: 18817-7fee5e298700: cdpl_server_sched.c:955: in _assign(): info: assigning task T121 to worker W2
1729741499.201921: 18817-7fee5ea99700: cdpl_server_ipc.c:857: in _sv_on_finish(): info: worker W2 completed task T121
1729741499.201958: 18817-7fee5e298700: cdpl_server_sched.c:955: in _assign(): info: assigning task T122 to worker W2
1729741506.151764: 18817-7fee5ea99700: cdpl_server_ipc.c:857: in _sv_on_finish(): info: worker W2 completed task T122
1729741506.151809: 18817-7fee5e298700: cdpl_server_sched.c:955: in _assign(): info: assigning task T118 to worker W2
1729741514.204157: 18817-7fee5ea99700: cdpl_server_ipc.c:857: in _sv_on_finish(): info: worker W2 completed task T118
1729741514.204220: 18817-7fee5e298700: cdpl_server_sched.c:955: in _assign(): info: assigning task T119 to worker W2
1729741526.082205: 18817-7fee5ea99700: cdpl_server_ipc.c:857: in _sv_on_finish(): info: worker W2 completed task T119
1729741526.082254: 18817-7fee5e298700: cdpl_server_sched.c:955: in _assign(): info: assigning task T120 to worker W2
1729741533.415751: 18817-7fee5ea99700: cdpl_server_ipc.c:857: in _sv_on_finish(): info: worker W2 completed task T120
1729741635.057831: 18817-7fee765970c0: cdpl_server.c:1824: in _sv_gen_task(): info: new task T123 in B1 (prio 3)
1729741635.057846: 18817-7fee765970c0: cdpl_server.c:2558: in cdpl_sv_label_task_va(): info: setting task T123 label to "leakage_power__ACQ_1 of OAI22"
1729741635.057885: 18817-7fee5e298700: cdpl_server_sched.c:955: in _assign(): info: assigning task T123 to worker W2
1729741635.057923: 18817-7fee765970c0: cdpl_server.c:1824: in _sv_gen_task(): info: new task T124 in B1 (prio 5)
1729741635.057945: 18817-7fee765970c0: cdpl_server.c:2558: in cdpl_sv_label_task_va(): info: setting task T124 label to "Cin__VSS__hl__ACQ_1 of OAI22"
1729741635.057970: 18817-7fee765970c0: cdpl_server.c:1824: in _sv_gen_task(): info: new task T125 in B1 (prio 5)
1729741635.057973: 18817-7fee765970c0: cdpl_server.c:2558: in cdpl_sv_label_task_va(): info: setting task T125 label to "Cin__VSS__lh__ACQ_1 of OAI22"
1729741635.057998: 18817-7fee765970c0: cdpl_server.c:1824: in _sv_gen_task(): info: new task T126 in B1 (prio 2)
1729741635.058001: 18817-7fee765970c0: cdpl_server.c:2558: in cdpl_sv_label_task_va(): info: setting task T126 label to "delay__A__hl__OUT__lh__ACQ_1 of OAI22"
1729741635.058021: 18817-7fee765970c0: cdpl_server.c:1824: in _sv_gen_task(): info: new task T127 in B1 (prio 2)
1729741635.058024: 18817-7fee765970c0: cdpl_server.c:2558: in cdpl_sv_label_task_va(): info: setting task T127 label to "delay__A__lh__OUT__hl__ACQ_1 of OAI22"
1729741635.058051: 18817-7fee765970c0: cdpl_server.c:1824: in _sv_gen_task(): info: new task T128 in B1 (prio 2)
1729741635.058054: 18817-7fee765970c0: cdpl_server.c:2558: in cdpl_sv_label_task_va(): info: setting task T128 label to "delay__B__hl__OUT__lh__ACQ_1 of OAI22"
1729741635.058075: 18817-7fee765970c0: cdpl_server.c:1824: in _sv_gen_task(): info: new task T129 in B1 (prio 2)
1729741635.058077: 18817-7fee765970c0: cdpl_server.c:2558: in cdpl_sv_label_task_va(): info: setting task T129 label to "delay__B__lh__OUT__hl__ACQ_1 of OAI22"
1729741635.058097: 18817-7fee765970c0: cdpl_server.c:1824: in _sv_gen_task(): info: new task T130 in B1 (prio 2)
1729741635.058100: 18817-7fee765970c0: cdpl_server.c:2558: in cdpl_sv_label_task_va(): info: setting task T130 label to "delay__C__hl__OUT__lh__ACQ_1 of OAI22"
1729741635.058123: 18817-7fee765970c0: cdpl_server.c:1824: in _sv_gen_task(): info: new task T131 in B1 (prio 2)
1729741635.058126: 18817-7fee765970c0: cdpl_server.c:2558: in cdpl_sv_label_task_va(): info: setting task T131 label to "delay__C__lh__OUT__hl__ACQ_1 of OAI22"
1729741635.058145: 18817-7fee765970c0: cdpl_server.c:1824: in _sv_gen_task(): info: new task T132 in B1 (prio 2)
1729741635.058148: 18817-7fee765970c0: cdpl_server.c:2558: in cdpl_sv_label_task_va(): info: setting task T132 label to "delay__D__hl__OUT__lh__ACQ_1 of OAI22"
1729741635.058167: 18817-7fee765970c0: cdpl_server.c:1824: in _sv_gen_task(): info: new task T133 in B1 (prio 2)
1729741635.058169: 18817-7fee765970c0: cdpl_server.c:2558: in cdpl_sv_label_task_va(): info: setting task T133 label to "delay__D__lh__OUT__hl__ACQ_1 of OAI22"
1729741635.058188: 18817-7fee765970c0: cdpl_server.c:1824: in _sv_gen_task(): info: new task T134 in B1 (prio 5)
1729741635.058191: 18817-7fee765970c0: cdpl_server.c:2558: in cdpl_sv_label_task_va(): info: setting task T134 label to "Cin__VDD__hl__ACQ_1 of OAI22"
1729741635.058209: 18817-7fee765970c0: cdpl_server.c:1824: in _sv_gen_task(): info: new task T135 in B1 (prio 5)
1729741635.058212: 18817-7fee765970c0: cdpl_server.c:2558: in cdpl_sv_label_task_va(): info: setting task T135 label to "Cin__VDD__lh__ACQ_1 of OAI22"
1729741641.969489: 18817-7fee5ea99700: cdpl_server_ipc.c:857: in _sv_on_finish(): info: worker W2 completed task T123
1729741641.969527: 18817-7fee5e298700: cdpl_server_sched.c:955: in _assign(): info: assigning task T126 to worker W2
1729741659.723083: 18817-7fee5ea99700: cdpl_server_ipc.c:857: in _sv_on_finish(): info: worker W2 completed task T126
1729741659.723130: 18817-7fee5e298700: cdpl_server_sched.c:955: in _assign(): info: assigning task T127 to worker W2
1729741665.099086: 18817-7fee765970c0: cdpl_server.c:1824: in _sv_gen_task(): info: new task T136 in B1 (prio 2)
1729741665.099105: 18817-7fee765970c0: cdpl_server.c:2558: in cdpl_sv_label_task_va(): info: setting task T136 label to "delay__A__hl__OUT__lh__ACQ_1 of OAI22"
1729741667.745429: 18817-7fee5ea99700: cdpl_server_ipc.c:857: in _sv_on_finish(): info: worker W2 completed task T127
1729741667.745475: 18817-7fee5e298700: cdpl_server_sched.c:955: in _assign(): info: assigning task T128 to worker W2
1729741674.977693: 18817-7fee5ea99700: cdpl_server_ipc.c:857: in _sv_on_finish(): info: worker W2 completed task T128
1729741674.977729: 18817-7fee5e298700: cdpl_server_sched.c:955: in _assign(): info: assigning task T129 to worker W2
1729741675.114288: 18817-7fee765970c0: cdpl_server.c:1824: in _sv_gen_task(): info: new task T137 in B1 (prio 2)
1729741675.114303: 18817-7fee765970c0: cdpl_server.c:2558: in cdpl_sv_label_task_va(): info: setting task T137 label to "delay__A__lh__OUT__hl__ACQ_1 of OAI22"
1729741675.130391: 18817-7fee765970c0: cdpl_server.c:1824: in _sv_gen_task(): info: new task T138 in B1 (prio 2)
1729741675.130408: 18817-7fee765970c0: cdpl_server.c:2558: in cdpl_sv_label_task_va(): info: setting task T138 label to "delay__B__hl__OUT__lh__ACQ_1 of OAI22"
1729741681.955412: 18817-7fee5ea99700: cdpl_server_ipc.c:857: in _sv_on_finish(): info: worker W2 completed task T129
1729741681.955447: 18817-7fee5e298700: cdpl_server_sched.c:955: in _assign(): info: assigning task T130 to worker W2
1729741685.145350: 18817-7fee765970c0: cdpl_server.c:1824: in _sv_gen_task(): info: new task T139 in B1 (prio 2)
1729741685.145368: 18817-7fee765970c0: cdpl_server.c:2558: in cdpl_sv_label_task_va(): info: setting task T139 label to "delay__B__lh__OUT__hl__ACQ_1 of OAI22"
1729741689.012686: 18817-7fee5ea99700: cdpl_server_ipc.c:857: in _sv_on_finish(): info: worker W2 completed task T130
1729741689.012719: 18817-7fee5e298700: cdpl_server_sched.c:955: in _assign(): info: assigning task T131 to worker W2
1729741695.181334: 18817-7fee765970c0: cdpl_server.c:1824: in _sv_gen_task(): info: new task T140 in B1 (prio 2)
1729741695.181356: 18817-7fee765970c0: cdpl_server.c:2558: in cdpl_sv_label_task_va(): info: setting task T140 label to "delay__C__hl__OUT__lh__ACQ_1 of OAI22"
1729741696.261722: 18817-7fee5ea99700: cdpl_server_ipc.c:857: in _sv_on_finish(): info: worker W2 completed task T131
1729741696.261758: 18817-7fee5e298700: cdpl_server_sched.c:955: in _assign(): info: assigning task T132 to worker W2
1729741705.945556: 18817-7fee765970c0: cdpl_server.c:1824: in _sv_gen_task(): info: new task T141 in B1 (prio 2)
1729741705.945586: 18817-7fee765970c0: cdpl_server.c:2558: in cdpl_sv_label_task_va(): info: setting task T141 label to "delay__C__lh__OUT__hl__ACQ_1 of OAI22"
1729741713.677399: 18817-7fee5ea99700: cdpl_server_ipc.c:857: in _sv_on_finish(): info: worker W2 completed task T132
1729741713.677430: 18817-7fee5e298700: cdpl_server_sched.c:955: in _assign(): info: assigning task T133 to worker W2
1729741716.072318: 18817-7fee765970c0: cdpl_server.c:1824: in _sv_gen_task(): info: new task T142 in B1 (prio 2)
1729741716.072336: 18817-7fee765970c0: cdpl_server.c:2558: in cdpl_sv_label_task_va(): info: setting task T142 label to "delay__D__hl__OUT__lh__ACQ_1 of OAI22"
1729741722.425366: 18817-7fee5ea99700: cdpl_server_ipc.c:857: in _sv_on_finish(): info: worker W2 completed task T133
1729741722.425405: 18817-7fee5e298700: cdpl_server_sched.c:955: in _assign(): info: assigning task T136 to worker W2
1729741725.088335: 18817-7fee765970c0: cdpl_server.c:1824: in _sv_gen_task(): info: new task T143 in B1 (prio 2)
1729741725.088362: 18817-7fee765970c0: cdpl_server.c:2558: in cdpl_sv_label_task_va(): info: setting task T143 label to "delay__D__lh__OUT__hl__ACQ_1 of OAI22"
1729741729.593617: 18817-7fee5ea99700: cdpl_server_ipc.c:857: in _sv_on_finish(): info: worker W2 completed task T136
1729741729.593678: 18817-7fee5e298700: cdpl_server_sched.c:955: in _assign(): info: assigning task T137 to worker W2
1729741736.828535: 18817-7fee5ea99700: cdpl_server_ipc.c:857: in _sv_on_finish(): info: worker W2 completed task T137
1729741736.828578: 18817-7fee5e298700: cdpl_server_sched.c:955: in _assign(): info: assigning task T138 to worker W2
1729741744.074210: 18817-7fee5ea99700: cdpl_server_ipc.c:857: in _sv_on_finish(): info: worker W2 completed task T138
1729741744.074244: 18817-7fee5e298700: cdpl_server_sched.c:955: in _assign(): info: assigning task T139 to worker W2
