1733251373.161888: 30843-7f403f3bb0c0: cdpl_log.c:228: in cdpl_log_open(): info: @@start_of_log@@
1733251373.161913: 30843-7f403f3bb0c0: cdpl_log.c:866: in cdpl_log_dump_sysinfo(): info: time: 2024/12/03 12:42:53 CST -0600
1733251373.161918: 30843-7f403f3bb0c0: cdpl_log.c:868: in cdpl_log_dump_sysinfo(): info: version: T-2022.03 
1733251373.161920: 30843-7f403f3bb0c0: cdpl_log.c:870: in cdpl_log_dump_sysinfo(): info: system: Linux 3.10.0-1160.119.1.el7.x86_64 #1 SMP Tue May 14 11:55:25 EDT 2024
1733251373.161922: 30843-7f403f3bb0c0: cdpl_log.c:875: in cdpl_log_dump_sysinfo(): info: processor: x86_64 64-bits
1733251373.161923: 30843-7f403f3bb0c0: cdpl_log.c:879: in cdpl_log_dump_sysinfo(): info: hostname: engnx03a.utdallas.edu
1733251373.161925: 30843-7f403f3bb0c0: cdpl_log.c:230: in cdpl_log_open(): debug: path: /home/eng/s/sxv240035/cad/gf65/primelib_gf65/AOI21/runtime/cdpl/pid30843/master.engnx03a.utdallas.edu.30843.log
1733251373.161928: 30843-7f403f3bb0c0: cdpl_log.c:231: in cdpl_log_open(): debug: dir: /home/eng/s/sxv240035/cad/gf65/primelib_gf65/AOI21/runtime/cdpl/pid30843
1733251373.161935: 30843-7f403f3bb0c0: cdpl_log.c:758: in cdpl_log_set_filter(): info: filter level 1
1733251373.161953: 30843-7f403f3bb0c0: cdpl_server.c:543: in cdpl_sv_init(): info: new server S312467634
1733251373.161969: 30843-7f403f3bb0c0: cdpl_ipc.c:3030: in cdpl_ipc_init(): info: requesting IPv4 protocol
1733251373.162494: 30843-7f403f3bb0c0: cdpl_ipc.c:800: in _selectaddrfamily(): info: selected IPv4 protocol
1733251373.162830: 30843-7f403f3bb0c0: cdpl_server.c:657: in cdpl_sv_new_master(): info: new master M1
1733251373.162841: 30843-7f403f3bb0c0: cdpl_server.c:5494: in cdpl_sv_ctl_master(): info: Setting worker heartbeat to 60 seconds
1733251373.162842: 30843-7f403f3bb0c0: cdpl_server.c:5503: in cdpl_sv_ctl_master(): info: Setting worker heartbeat timeout to 3 heartbeats
1733251373.162846: 30843-7f403f3bb0c0: cdpl_compat_master.c:2407: in cdplInitMaster(): info: bcast dir is `/dev/null'
1733251373.162923: 30843-7f403f3bb0c0: cdpl_server.c:5394: in cdpl_sv_ctl_master(): info: farm worker timeout set to 36000
1733251373.162925: 30843-7f403f3bb0c0: cdpl_server.c:5410: in cdpl_sv_ctl_master(): info: grid worker timeout set to 36000
1733251373.162927: 30843-7f403f3bb0c0: cdpl_server.c:5438: in cdpl_sv_ctl_master(): info: farm submit command failure threshold set to 100
1733251373.162966: 30843-7f403f3bb0c0: cdpl_farm.c:2268: in cdpl_farm_new_sh(): info: creating SH farm on localhost
1733251373.162975: 30843-7f403f3bb0c0: cdpl_compat_master.c:207: in _set_farm_env(): info: exporting CDPL_LOGDIR as `/home/eng/s/sxv240035/cad/gf65/primelib_gf65/AOI21/runtime/cdpl/pid30843'
1733251373.162977: 30843-7f403f3bb0c0: cdpl_compat_master.c:213: in _set_farm_env(): info: exporting CDPL_TMPDIR as `/var/tmp'
1733251373.162979: 30843-7f403f3bb0c0: cdpl_compat_master.c:220: in _set_farm_env(): info: exporting CDPL_HOME as `/proj/cad/synopsys/synopsys_2021/primelib/T-2022.03-SP1/cdpl_runtime_linux64'
1733251373.162982: 30843-7f403f3bb0c0: cdpl_compat_master.c:227: in _set_farm_env(): info: exporting SNPSLMD_LICENSE_FILE as `1700@engdmv.utdallas.edu'
1733251373.162984: 30843-7f403f3bb0c0: cdpl_compat_master.c:247: in _set_farm_env(): info: exporting CDPL_OPTIONS as `[filter][nowlogs]'
1733251373.162986: 30843-7f403f3bb0c0: cdpl_compat_master.c:254: in _set_farm_env(): info: exporting DISPLAY as `:1034'
1733251373.162988: 30843-7f403f3bb0c0: cdpl_compat_master.c:262: in _set_farm_env(): info: exporting CDPL_HEARTBEAT as `60'
1733251373.162992: 30843-7f403f3bb0c0: cdpl_compat_master.c:348: in _set_farm_env(): info: exporting SIS_MALIBU as `2'
1733251373.162994: 30843-7f403f3bb0c0: cdpl_compat_master.c:348: in _set_farm_env(): info: exporting SIS_CDPL as `5'
1733251373.207139: 30843-7f403f3bb0c0: cdpl_server.c:738: in cdpl_sv_new_job(): info: new job J1 in M1
1733251373.207158: 30843-7f403f3bb0c0: cdpl_compat_master.c:1314: in _add_worker(): info: new worker type 100, min:1, max:1, cmd:`/home/eng/s/sxv240035/cad/gf65/primelib_gf65/AOI21/runtime/cdpl/pid30843/run_30843.sh'
1733251373.207168: 30843-7f403f3bb0c0: cdpl_server.c:900: in cdpl_sv_new_bin_withfarm(): info: new bin B1 in J1
1733251373.220163: 30843-7f403f3bb0c0: cdpl_server.c:3116: in cdpl_sv_start_job(): info: starting job J1
1733251373.229266: 30843-7f403f3bb0c0: cdpl_server.c:1824: in _sv_gen_task(): info: new task T0 in B1 (prio 2)
1733251373.229278: 30843-7f403f3bb0c0: cdpl_server.c:2558: in cdpl_sv_label_task_va(): info: setting task T0 label to "delay__B__lh__OUT__hl__ACQ_1 of AOI21"
1733251373.229337: 30843-7f403f3bb0c0: cdpl_server.c:1824: in _sv_gen_task(): info: new task T1 in B1 (prio 2)
1733251373.229384: 30843-7f40270bf700: cdpl_server_sched.c:700: in _sv_launch_worker(): info: started worker W1 (as C1) in bin B1
1733251373.229406: 30843-7f403f3bb0c0: cdpl_server.c:2558: in cdpl_sv_label_task_va(): info: setting task T1 label to "delay__B__hl__OUT__lh__ACQ_1 of AOI21"
1733251373.229417: 30843-7f40268be700: cdpl_farm.c:1899: in _schedule(): info: worker submit failure threshold set to 100
1733251373.229437: 30843-7f40268be700: cdpl_sh.c:49: in _sh_detached_submit(): info: SH : /home/eng/s/sxv240035/cad/gf65/primelib_gf65/AOI21/runtime/cdpl/pid30843/run_30843.sh
1733251373.229443: 30843-7f403f3bb0c0: cdpl_server.c:1824: in _sv_gen_task(): info: new task T2 in B1 (prio 3)
1733251373.229447: 30843-7f403f3bb0c0: cdpl_server.c:2558: in cdpl_sv_label_task_va(): info: setting task T2 label to "leakage_power__ACQ_1 of AOI21"
1733251373.232054: 30843-7f403f3bb0c0: cdpl_server.c:1824: in _sv_gen_task(): info: new task T3 in B1 (prio 2)
1733251373.232076: 30843-7f403f3bb0c0: cdpl_server.c:2558: in cdpl_sv_label_task_va(): info: setting task T3 label to "delay__C__lh__OUT__hl__ACQ_1 of AOI21"
1733251373.232324: 30843-7f403f3bb0c0: cdpl_server.c:1824: in _sv_gen_task(): info: new task T4 in B1 (prio 2)
1733251373.232328: 30843-7f403f3bb0c0: cdpl_server.c:2558: in cdpl_sv_label_task_va(): info: setting task T4 label to "delay__C__hl__OUT__lh__ACQ_1 of AOI21"
1733251373.232392: 30843-7f403f3bb0c0: cdpl_server.c:1824: in _sv_gen_task(): info: new task T5 in B1 (prio 5)
1733251373.232396: 30843-7f403f3bb0c0: cdpl_server.c:2558: in cdpl_sv_label_task_va(): info: setting task T5 label to "Cin__VSS__lh__ACQ_1 of AOI21"
1733251373.232451: 30843-7f403f3bb0c0: cdpl_server.c:1824: in _sv_gen_task(): info: new task T6 in B1 (prio 5)
1733251373.232455: 30843-7f403f3bb0c0: cdpl_server.c:2558: in cdpl_sv_label_task_va(): info: setting task T6 label to "Cin__VSS__hl__ACQ_1 of AOI21"
1733251373.232501: 30843-7f403f3bb0c0: cdpl_server.c:1824: in _sv_gen_task(): info: new task T7 in B1 (prio 2)
1733251373.232504: 30843-7f403f3bb0c0: cdpl_server.c:2558: in cdpl_sv_label_task_va(): info: setting task T7 label to "delay__A__lh__OUT__hl__ACQ_1 of AOI21"
1733251373.232553: 30843-7f403f3bb0c0: cdpl_server.c:1824: in _sv_gen_task(): info: new task T8 in B1 (prio 2)
1733251373.232557: 30843-7f403f3bb0c0: cdpl_server.c:2558: in cdpl_sv_label_task_va(): info: setting task T8 label to "delay__A__hl__OUT__lh__ACQ_1 of AOI21"
1733251373.232618: 30843-7f403f3bb0c0: cdpl_server.c:1824: in _sv_gen_task(): info: new task T9 in B1 (prio 5)
1733251373.232622: 30843-7f403f3bb0c0: cdpl_server.c:2558: in cdpl_sv_label_task_va(): info: setting task T9 label to "Cin__VDD__lh__ACQ_1 of AOI21"
1733251373.232668: 30843-7f403f3bb0c0: cdpl_server.c:1824: in _sv_gen_task(): info: new task T10 in B1 (prio 5)
1733251373.232672: 30843-7f403f3bb0c0: cdpl_server.c:2558: in cdpl_sv_label_task_va(): info: setting task T10 label to "Cin__VDD__hl__ACQ_1 of AOI21"
1733251373.920460: 30843-7f40278c0700: cdpl_server_ipc.c:452: in _sv_on_hello(): info: W1 is `10.182.66.68:56698'
1733251373.920477: 30843-7f40278c0700: cdpl_server_ipc.c:454: in _sv_on_hello(): info: W1 log file is /dev/null
1733251373.920486: 30843-7f40278c0700: cdpl_server_ipc.c:481: in _sv_on_hello(): info: up to 1 alive workers in B1
1733251373.920523: 30843-7f40270bf700: cdpl_server_sched.c:955: in _assign(): info: assigning task T0 to worker W1
1733251381.471318: 30843-7f40278c0700: cdpl_server_ipc.c:857: in _sv_on_finish(): info: worker W1 completed task T0
1733251381.471364: 30843-7f40270bf700: cdpl_server_sched.c:955: in _assign(): info: assigning task T1 to worker W1
1733251388.199722: 30843-7f40278c0700: cdpl_server_ipc.c:857: in _sv_on_finish(): info: worker W1 completed task T1
1733251388.199770: 30843-7f40270bf700: cdpl_server_sched.c:955: in _assign(): info: assigning task T3 to worker W1
1733251394.914615: 30843-7f40278c0700: cdpl_server_ipc.c:857: in _sv_on_finish(): info: worker W1 completed task T3
1733251394.914672: 30843-7f40270bf700: cdpl_server_sched.c:955: in _assign(): info: assigning task T4 to worker W1
1733251401.523953: 30843-7f40278c0700: cdpl_server_ipc.c:857: in _sv_on_finish(): info: worker W1 completed task T4
1733251401.524007: 30843-7f40270bf700: cdpl_server_sched.c:955: in _assign(): info: assigning task T7 to worker W1
1733251408.352967: 30843-7f40278c0700: cdpl_server_ipc.c:857: in _sv_on_finish(): info: worker W1 completed task T7
1733251408.353272: 30843-7f40270bf700: cdpl_server_sched.c:955: in _assign(): info: assigning task T8 to worker W1
1733251415.248523: 30843-7f40278c0700: cdpl_server_ipc.c:857: in _sv_on_finish(): info: worker W1 completed task T8
1733251415.248568: 30843-7f40270bf700: cdpl_server_sched.c:955: in _assign(): info: assigning task T2 to worker W1
1733251421.947551: 30843-7f40278c0700: cdpl_server_ipc.c:857: in _sv_on_finish(): info: worker W1 completed task T2
1733251421.947602: 30843-7f40270bf700: cdpl_server_sched.c:955: in _assign(): info: assigning task T5 to worker W1
1733251428.614042: 30843-7f40278c0700: cdpl_server_ipc.c:857: in _sv_on_finish(): info: worker W1 completed task T5
1733251428.614083: 30843-7f40270bf700: cdpl_server_sched.c:955: in _assign(): info: assigning task T6 to worker W1
1733251435.547097: 30843-7f40278c0700: cdpl_server_ipc.c:857: in _sv_on_finish(): info: worker W1 completed task T6
1733251435.547139: 30843-7f40270bf700: cdpl_server_sched.c:955: in _assign(): info: assigning task T9 to worker W1
1733251442.303974: 30843-7f40278c0700: cdpl_server_ipc.c:857: in _sv_on_finish(): info: worker W1 completed task T9
1733251442.304230: 30843-7f40270bf700: cdpl_server_sched.c:955: in _assign(): info: assigning task T10 to worker W1
1733251448.985723: 30843-7f40278c0700: cdpl_server_ipc.c:857: in _sv_on_finish(): info: worker W1 completed task T10
1733252050.030859: 30843-7f40280c1700: cdpl_ipc.c:738: in _readv(): warning: read(): EOF
1733252781.206710: 30843-7f403f3bb0c0: cdpl_compat_master.c:5152: in cdplMasterLogInfo(): info: [non-CDPL log entry] Ending current CDPL job
1733252781.206730: 30843-7f403f3bb0c0: cdpl_server.c:2890: in cdpl_sv_halt_job_errno(): info: stopping job J1
1733252781.206828: 30843-7f403f3bb0c0: cdpl_server.c:2875: in cdpl_sv_halt_job_errno(): info: killing job J1
1733252781.206836: 30843-7f403f3bb0c0: cdpl_server.c:288: in _sv_free_job(): info: freeing job J1
1733252781.206888: 30843-7f403f3bb0c0: cdpl_farm.c:2395: in cdpl_farm_free(): info: freeing farm
1733252781.207169: 30843-7f403f3bb0c0: cdpl_server.c:3011: in cdpl_sv_free(): info: freeing server S312467634
1733252781.207172: 30843-7f403f3bb0c0: cdpl_server.c:2976: in cdpl_sv_kill_errno(): info: killing server
1733252781.207214: 30843-7f403f3bb0c0: cdpl_server.c:328: in _sv_free_master(): info: freeing master M1
1733252781.207274: 30843-7f403f3bb0c0: cdpl_log.c:371: in cdpl_log_close(): info: @@end_of_log@@
