1733253346.626374: 27747-7f4945ee80c0: cdpl_log.c:228: in cdpl_log_open(): info: @@start_of_log@@
1733253346.626406: 27747-7f4945ee80c0: cdpl_log.c:866: in cdpl_log_dump_sysinfo(): info: time: 2024/12/03 13:15:46 CST -0600
1733253346.626411: 27747-7f4945ee80c0: cdpl_log.c:868: in cdpl_log_dump_sysinfo(): info: version: T-2022.03 
1733253346.626413: 27747-7f4945ee80c0: cdpl_log.c:870: in cdpl_log_dump_sysinfo(): info: system: Linux 3.10.0-1160.119.1.el7.x86_64 #1 SMP Tue May 14 11:55:25 EDT 2024
1733253346.626415: 27747-7f4945ee80c0: cdpl_log.c:875: in cdpl_log_dump_sysinfo(): info: processor: x86_64 64-bits
1733253346.626417: 27747-7f4945ee80c0: cdpl_log.c:879: in cdpl_log_dump_sysinfo(): info: hostname: engnx03a.utdallas.edu
1733253346.626420: 27747-7f4945ee80c0: cdpl_log.c:230: in cdpl_log_open(): debug: path: /home/eng/s/sxv240035/cad/gf65/primelib_gf65/NAND3/runtime/cdpl/pid27747/master.engnx03a.utdallas.edu.27747.log
1733253346.626422: 27747-7f4945ee80c0: cdpl_log.c:231: in cdpl_log_open(): debug: dir: /home/eng/s/sxv240035/cad/gf65/primelib_gf65/NAND3/runtime/cdpl/pid27747
1733253346.626430: 27747-7f4945ee80c0: cdpl_log.c:758: in cdpl_log_set_filter(): info: filter level 1
1733253346.626458: 27747-7f4945ee80c0: cdpl_server.c:543: in cdpl_sv_init(): info: new server S1866087530
1733253346.626466: 27747-7f4945ee80c0: cdpl_ipc.c:3030: in cdpl_ipc_init(): info: requesting IPv4 protocol
1733253346.627005: 27747-7f4945ee80c0: cdpl_ipc.c:800: in _selectaddrfamily(): info: selected IPv4 protocol
1733253346.627394: 27747-7f4945ee80c0: cdpl_server.c:657: in cdpl_sv_new_master(): info: new master M1
1733253346.627410: 27747-7f4945ee80c0: cdpl_server.c:5494: in cdpl_sv_ctl_master(): info: Setting worker heartbeat to 60 seconds
1733253346.627413: 27747-7f4945ee80c0: cdpl_server.c:5503: in cdpl_sv_ctl_master(): info: Setting worker heartbeat timeout to 3 heartbeats
1733253346.627420: 27747-7f4945ee80c0: cdpl_compat_master.c:2407: in cdplInitMaster(): info: bcast dir is `/dev/null'
1733253346.627507: 27747-7f4945ee80c0: cdpl_server.c:5394: in cdpl_sv_ctl_master(): info: farm worker timeout set to 36000
1733253346.627510: 27747-7f4945ee80c0: cdpl_server.c:5410: in cdpl_sv_ctl_master(): info: grid worker timeout set to 36000
1733253346.627512: 27747-7f4945ee80c0: cdpl_server.c:5438: in cdpl_sv_ctl_master(): info: farm submit command failure threshold set to 100
1733253346.627563: 27747-7f4945ee80c0: cdpl_farm.c:2268: in cdpl_farm_new_sh(): info: creating SH farm on localhost
1733253346.627579: 27747-7f4945ee80c0: cdpl_compat_master.c:207: in _set_farm_env(): info: exporting CDPL_LOGDIR as `/home/eng/s/sxv240035/cad/gf65/primelib_gf65/NAND3/runtime/cdpl/pid27747'
1733253346.627583: 27747-7f4945ee80c0: cdpl_compat_master.c:213: in _set_farm_env(): info: exporting CDPL_TMPDIR as `/var/tmp'
1733253346.627586: 27747-7f4945ee80c0: cdpl_compat_master.c:220: in _set_farm_env(): info: exporting CDPL_HOME as `/proj/cad/synopsys/synopsys_2021/primelib/T-2022.03-SP1/cdpl_runtime_linux64'
1733253346.627588: 27747-7f4945ee80c0: cdpl_compat_master.c:227: in _set_farm_env(): info: exporting SNPSLMD_LICENSE_FILE as `1700@engdmv.utdallas.edu'
1733253346.627592: 27747-7f4945ee80c0: cdpl_compat_master.c:247: in _set_farm_env(): info: exporting CDPL_OPTIONS as `[filter][nowlogs]'
1733253346.627594: 27747-7f4945ee80c0: cdpl_compat_master.c:254: in _set_farm_env(): info: exporting DISPLAY as `:1034'
1733253346.627597: 27747-7f4945ee80c0: cdpl_compat_master.c:262: in _set_farm_env(): info: exporting CDPL_HEARTBEAT as `60'
1733253346.627600: 27747-7f4945ee80c0: cdpl_compat_master.c:348: in _set_farm_env(): info: exporting SIS_MALIBU as `2'
1733253346.627602: 27747-7f4945ee80c0: cdpl_compat_master.c:348: in _set_farm_env(): info: exporting SIS_CDPL as `5'
1733253346.671122: 27747-7f4945ee80c0: cdpl_server.c:738: in cdpl_sv_new_job(): info: new job J1 in M1
1733253346.671139: 27747-7f4945ee80c0: cdpl_compat_master.c:1314: in _add_worker(): info: new worker type 100, min:1, max:1, cmd:`/home/eng/s/sxv240035/cad/gf65/primelib_gf65/NAND3/runtime/cdpl/pid27747/run_27747.sh'
1733253346.671149: 27747-7f4945ee80c0: cdpl_server.c:900: in cdpl_sv_new_bin_withfarm(): info: new bin B1 in J1
1733253346.679397: 27747-7f4945ee80c0: cdpl_server.c:3116: in cdpl_sv_start_job(): info: starting job J1
1733253346.689948: 27747-7f4945ee80c0: cdpl_server.c:1824: in _sv_gen_task(): info: new task T0 in B1 (prio 2)
1733253346.689973: 27747-7f4945ee80c0: cdpl_server.c:2558: in cdpl_sv_label_task_va(): info: setting task T0 label to "delay__B__lh__OUT__hl__ACQ_1 of NAND3"
1733253346.690376: 27747-7f4945ee80c0: cdpl_server.c:1824: in _sv_gen_task(): info: new task T1 in B1 (prio 2)
1733253346.690400: 27747-7f492dbec700: cdpl_server_sched.c:700: in _sv_launch_worker(): info: started worker W1 (as C1) in bin B1
1733253346.690426: 27747-7f4945ee80c0: cdpl_server.c:2558: in cdpl_sv_label_task_va(): info: setting task T1 label to "delay__B__hl__OUT__lh__ACQ_1 of NAND3"
1733253346.690441: 27747-7f492d3eb700: cdpl_farm.c:1899: in _schedule(): info: worker submit failure threshold set to 100
1733253346.690464: 27747-7f492d3eb700: cdpl_sh.c:49: in _sh_detached_submit(): info: SH : /home/eng/s/sxv240035/cad/gf65/primelib_gf65/NAND3/runtime/cdpl/pid27747/run_27747.sh
1733253346.692916: 27747-7f4945ee80c0: cdpl_server.c:1824: in _sv_gen_task(): info: new task T2 in B1 (prio 3)
1733253346.692975: 27747-7f4945ee80c0: cdpl_server.c:2558: in cdpl_sv_label_task_va(): info: setting task T2 label to "leakage_power__ACQ_1 of NAND3"
1733253346.693572: 27747-7f4945ee80c0: cdpl_server.c:1824: in _sv_gen_task(): info: new task T3 in B1 (prio 2)
1733253346.693579: 27747-7f4945ee80c0: cdpl_server.c:2558: in cdpl_sv_label_task_va(): info: setting task T3 label to "delay__C__lh__OUT__hl__ACQ_1 of NAND3"
1733253346.693629: 27747-7f4945ee80c0: cdpl_server.c:1824: in _sv_gen_task(): info: new task T4 in B1 (prio 2)
1733253346.693632: 27747-7f4945ee80c0: cdpl_server.c:2558: in cdpl_sv_label_task_va(): info: setting task T4 label to "delay__C__hl__OUT__lh__ACQ_1 of NAND3"
1733253346.693675: 27747-7f4945ee80c0: cdpl_server.c:1824: in _sv_gen_task(): info: new task T5 in B1 (prio 5)
1733253346.693678: 27747-7f4945ee80c0: cdpl_server.c:2558: in cdpl_sv_label_task_va(): info: setting task T5 label to "Cin__VSS__lh__ACQ_1 of NAND3"
1733253346.693717: 27747-7f4945ee80c0: cdpl_server.c:1824: in _sv_gen_task(): info: new task T6 in B1 (prio 5)
1733253346.693719: 27747-7f4945ee80c0: cdpl_server.c:2558: in cdpl_sv_label_task_va(): info: setting task T6 label to "Cin__VSS__hl__ACQ_1 of NAND3"
1733253346.693761: 27747-7f4945ee80c0: cdpl_server.c:1824: in _sv_gen_task(): info: new task T7 in B1 (prio 2)
1733253346.693764: 27747-7f4945ee80c0: cdpl_server.c:2558: in cdpl_sv_label_task_va(): info: setting task T7 label to "delay__A__lh__OUT__hl__ACQ_1 of NAND3"
1733253346.693797: 27747-7f4945ee80c0: cdpl_server.c:1824: in _sv_gen_task(): info: new task T8 in B1 (prio 2)
1733253346.693799: 27747-7f4945ee80c0: cdpl_server.c:2558: in cdpl_sv_label_task_va(): info: setting task T8 label to "delay__A__hl__OUT__lh__ACQ_1 of NAND3"
1733253346.693826: 27747-7f4945ee80c0: cdpl_server.c:1824: in _sv_gen_task(): info: new task T9 in B1 (prio 5)
1733253346.693829: 27747-7f4945ee80c0: cdpl_server.c:2558: in cdpl_sv_label_task_va(): info: setting task T9 label to "Cin__VDD__lh__ACQ_1 of NAND3"
1733253346.693881: 27747-7f4945ee80c0: cdpl_server.c:1824: in _sv_gen_task(): info: new task T10 in B1 (prio 5)
1733253346.693883: 27747-7f4945ee80c0: cdpl_server.c:2558: in cdpl_sv_label_task_va(): info: setting task T10 label to "Cin__VDD__hl__ACQ_1 of NAND3"
1733253347.340487: 27747-7f492e3ed700: cdpl_server_ipc.c:452: in _sv_on_hello(): info: W1 is `10.182.66.68:47726'
1733253347.340499: 27747-7f492e3ed700: cdpl_server_ipc.c:454: in _sv_on_hello(): info: W1 log file is /dev/null
1733253347.340507: 27747-7f492e3ed700: cdpl_server_ipc.c:481: in _sv_on_hello(): info: up to 1 alive workers in B1
1733253347.340534: 27747-7f492dbec700: cdpl_server_sched.c:955: in _assign(): info: assigning task T0 to worker W1
1733253354.467311: 27747-7f492e3ed700: cdpl_server_ipc.c:857: in _sv_on_finish(): info: worker W1 completed task T0
1733253354.467359: 27747-7f492dbec700: cdpl_server_sched.c:955: in _assign(): info: assigning task T1 to worker W1
1733253361.214938: 27747-7f492e3ed700: cdpl_server_ipc.c:857: in _sv_on_finish(): info: worker W1 completed task T1
1733253361.214987: 27747-7f492dbec700: cdpl_server_sched.c:955: in _assign(): info: assigning task T3 to worker W1
1733253368.110659: 27747-7f492e3ed700: cdpl_server_ipc.c:857: in _sv_on_finish(): info: worker W1 completed task T3
1733253368.110697: 27747-7f492dbec700: cdpl_server_sched.c:955: in _assign(): info: assigning task T4 to worker W1
1733253374.929710: 27747-7f492e3ed700: cdpl_server_ipc.c:857: in _sv_on_finish(): info: worker W1 completed task T4
1733253374.929744: 27747-7f492dbec700: cdpl_server_sched.c:955: in _assign(): info: assigning task T7 to worker W1
1733253381.607089: 27747-7f492e3ed700: cdpl_server_ipc.c:857: in _sv_on_finish(): info: worker W1 completed task T7
1733253381.607123: 27747-7f492dbec700: cdpl_server_sched.c:955: in _assign(): info: assigning task T8 to worker W1
1733253388.115938: 27747-7f492e3ed700: cdpl_server_ipc.c:857: in _sv_on_finish(): info: worker W1 completed task T8
1733253388.116211: 27747-7f492dbec700: cdpl_server_sched.c:955: in _assign(): info: assigning task T2 to worker W1
1733253394.646072: 27747-7f492e3ed700: cdpl_server_ipc.c:857: in _sv_on_finish(): info: worker W1 completed task T2
1733253394.646118: 27747-7f492dbec700: cdpl_server_sched.c:955: in _assign(): info: assigning task T5 to worker W1
1733253401.591236: 27747-7f492e3ed700: cdpl_server_ipc.c:857: in _sv_on_finish(): info: worker W1 completed task T5
1733253401.591279: 27747-7f492dbec700: cdpl_server_sched.c:955: in _assign(): info: assigning task T6 to worker W1
1733253408.176488: 27747-7f492e3ed700: cdpl_server_ipc.c:857: in _sv_on_finish(): info: worker W1 completed task T6
1733253408.176531: 27747-7f492dbec700: cdpl_server_sched.c:955: in _assign(): info: assigning task T9 to worker W1
1733253414.742066: 27747-7f492e3ed700: cdpl_server_ipc.c:857: in _sv_on_finish(): info: worker W1 completed task T9
1733253414.742115: 27747-7f492dbec700: cdpl_server_sched.c:955: in _assign(): info: assigning task T10 to worker W1
1733253421.274766: 27747-7f492e3ed700: cdpl_server_ipc.c:857: in _sv_on_finish(): info: worker W1 completed task T10
1733253447.374451: 27747-7f4945ee80c0: cdpl_compat_master.c:5152: in cdplMasterLogInfo(): info: [non-CDPL log entry] Ending current CDPL job
1733253447.374732: 27747-7f4945ee80c0: cdpl_server.c:2890: in cdpl_sv_halt_job_errno(): info: stopping job J1
1733253447.374825: 27747-7f492dbec700: cdpl_server_sched.c:2711: in _sv_drop_worker(): info: down to 0 alive workers in B1
1733253447.374897: 27747-7f4945ee80c0: cdpl_server.c:2875: in cdpl_sv_halt_job_errno(): info: killing job J1
1733253447.374904: 27747-7f4945ee80c0: cdpl_server.c:288: in _sv_free_job(): info: freeing job J1
1733253447.374952: 27747-7f4945ee80c0: cdpl_farm.c:2395: in cdpl_farm_free(): info: freeing farm
1733253447.375227: 27747-7f4945ee80c0: cdpl_server.c:3011: in cdpl_sv_free(): info: freeing server S1866087530
1733253447.375230: 27747-7f4945ee80c0: cdpl_server.c:2976: in cdpl_sv_kill_errno(): info: killing server
1733253447.375259: 27747-7f4945ee80c0: cdpl_server.c:328: in _sv_free_master(): info: freeing master M1
1733253447.375303: 27747-7f4945ee80c0: cdpl_log.c:371: in cdpl_log_close(): info: @@end_of_log@@
