1733253758.122543: 12999-7f5fd7a270c0: cdpl_log.c:228: in cdpl_log_open(): info: @@start_of_log@@
1733253758.122574: 12999-7f5fd7a270c0: cdpl_log.c:866: in cdpl_log_dump_sysinfo(): info: time: 2024/12/03 13:22:38 CST -0600
1733253758.122579: 12999-7f5fd7a270c0: cdpl_log.c:868: in cdpl_log_dump_sysinfo(): info: version: T-2022.03 
1733253758.122581: 12999-7f5fd7a270c0: cdpl_log.c:870: in cdpl_log_dump_sysinfo(): info: system: Linux 3.10.0-1160.119.1.el7.x86_64 #1 SMP Tue May 14 11:55:25 EDT 2024
1733253758.122584: 12999-7f5fd7a270c0: cdpl_log.c:875: in cdpl_log_dump_sysinfo(): info: processor: x86_64 64-bits
1733253758.122586: 12999-7f5fd7a270c0: cdpl_log.c:879: in cdpl_log_dump_sysinfo(): info: hostname: engnx03a.utdallas.edu
1733253758.122588: 12999-7f5fd7a270c0: cdpl_log.c:230: in cdpl_log_open(): debug: path: /home/eng/s/sxv240035/cad/gf65/primelib_gf65/NOR3/runtime/cdpl/pid12999/master.engnx03a.utdallas.edu.12999.log
1733253758.122591: 12999-7f5fd7a270c0: cdpl_log.c:231: in cdpl_log_open(): debug: dir: /home/eng/s/sxv240035/cad/gf65/primelib_gf65/NOR3/runtime/cdpl/pid12999
1733253758.122599: 12999-7f5fd7a270c0: cdpl_log.c:758: in cdpl_log_set_filter(): info: filter level 1
1733253758.122618: 12999-7f5fd7a270c0: cdpl_server.c:543: in cdpl_sv_init(): info: new server S45196457
1733253758.122624: 12999-7f5fd7a270c0: cdpl_ipc.c:3030: in cdpl_ipc_init(): info: requesting IPv4 protocol
1733253758.123084: 12999-7f5fd7a270c0: cdpl_ipc.c:800: in _selectaddrfamily(): info: selected IPv4 protocol
1733253758.123352: 12999-7f5fd7a270c0: cdpl_server.c:657: in cdpl_sv_new_master(): info: new master M1
1733253758.123365: 12999-7f5fd7a270c0: cdpl_server.c:5494: in cdpl_sv_ctl_master(): info: Setting worker heartbeat to 60 seconds
1733253758.123367: 12999-7f5fd7a270c0: cdpl_server.c:5503: in cdpl_sv_ctl_master(): info: Setting worker heartbeat timeout to 3 heartbeats
1733253758.123371: 12999-7f5fd7a270c0: cdpl_compat_master.c:2407: in cdplInitMaster(): info: bcast dir is `/dev/null'
1733253758.123437: 12999-7f5fd7a270c0: cdpl_server.c:5394: in cdpl_sv_ctl_master(): info: farm worker timeout set to 36000
1733253758.123439: 12999-7f5fd7a270c0: cdpl_server.c:5410: in cdpl_sv_ctl_master(): info: grid worker timeout set to 36000
1733253758.123441: 12999-7f5fd7a270c0: cdpl_server.c:5438: in cdpl_sv_ctl_master(): info: farm submit command failure threshold set to 100
1733253758.123476: 12999-7f5fd7a270c0: cdpl_farm.c:2268: in cdpl_farm_new_sh(): info: creating SH farm on localhost
1733253758.123484: 12999-7f5fd7a270c0: cdpl_compat_master.c:207: in _set_farm_env(): info: exporting CDPL_LOGDIR as `/home/eng/s/sxv240035/cad/gf65/primelib_gf65/NOR3/runtime/cdpl/pid12999'
1733253758.123487: 12999-7f5fd7a270c0: cdpl_compat_master.c:213: in _set_farm_env(): info: exporting CDPL_TMPDIR as `/var/tmp'
1733253758.123489: 12999-7f5fd7a270c0: cdpl_compat_master.c:220: in _set_farm_env(): info: exporting CDPL_HOME as `/proj/cad/synopsys/synopsys_2021/primelib/T-2022.03-SP1/cdpl_runtime_linux64'
1733253758.123491: 12999-7f5fd7a270c0: cdpl_compat_master.c:227: in _set_farm_env(): info: exporting SNPSLMD_LICENSE_FILE as `1700@engdmv.utdallas.edu'
1733253758.123494: 12999-7f5fd7a270c0: cdpl_compat_master.c:247: in _set_farm_env(): info: exporting CDPL_OPTIONS as `[filter][nowlogs]'
1733253758.123496: 12999-7f5fd7a270c0: cdpl_compat_master.c:254: in _set_farm_env(): info: exporting DISPLAY as `:1034'
1733253758.123498: 12999-7f5fd7a270c0: cdpl_compat_master.c:262: in _set_farm_env(): info: exporting CDPL_HEARTBEAT as `60'
1733253758.123500: 12999-7f5fd7a270c0: cdpl_compat_master.c:348: in _set_farm_env(): info: exporting SIS_MALIBU as `2'
1733253758.123502: 12999-7f5fd7a270c0: cdpl_compat_master.c:348: in _set_farm_env(): info: exporting SIS_CDPL as `5'
1733253758.166230: 12999-7f5fd7a270c0: cdpl_server.c:738: in cdpl_sv_new_job(): info: new job J1 in M1
1733253758.166250: 12999-7f5fd7a270c0: cdpl_compat_master.c:1314: in _add_worker(): info: new worker type 100, min:1, max:1, cmd:`/home/eng/s/sxv240035/cad/gf65/primelib_gf65/NOR3/runtime/cdpl/pid12999/run_12999.sh'
1733253758.166259: 12999-7f5fd7a270c0: cdpl_server.c:900: in cdpl_sv_new_bin_withfarm(): info: new bin B1 in J1
1733253758.175017: 12999-7f5fd7a270c0: cdpl_server.c:3116: in cdpl_sv_start_job(): info: starting job J1
1733253758.183852: 12999-7f5fd7a270c0: cdpl_server.c:1824: in _sv_gen_task(): info: new task T0 in B1 (prio 2)
1733253758.183863: 12999-7f5fd7a270c0: cdpl_server.c:2558: in cdpl_sv_label_task_va(): info: setting task T0 label to "delay__B__lh__OUT__hl__ACQ_1 of NOR3"
1733253758.183924: 12999-7f5fd7a270c0: cdpl_server.c:1824: in _sv_gen_task(): info: new task T1 in B1 (prio 2)
1733253758.184073: 12999-7f5fbf72b700: cdpl_server_sched.c:700: in _sv_launch_worker(): info: started worker W1 (as C1) in bin B1
1733253758.184116: 12999-7f5fd7a270c0: cdpl_server.c:2558: in cdpl_sv_label_task_va(): info: setting task T1 label to "delay__B__hl__OUT__lh__ACQ_1 of NOR3"
1733253758.184122: 12999-7f5fbef2a700: cdpl_farm.c:1899: in _schedule(): info: worker submit failure threshold set to 100
1733253758.184152: 12999-7f5fbef2a700: cdpl_sh.c:49: in _sh_detached_submit(): info: SH : /home/eng/s/sxv240035/cad/gf65/primelib_gf65/NOR3/runtime/cdpl/pid12999/run_12999.sh
1733253758.184164: 12999-7f5fd7a270c0: cdpl_server.c:1824: in _sv_gen_task(): info: new task T2 in B1 (prio 3)
1733253758.184169: 12999-7f5fd7a270c0: cdpl_server.c:2558: in cdpl_sv_label_task_va(): info: setting task T2 label to "leakage_power__ACQ_1 of NOR3"
1733253758.186790: 12999-7f5fd7a270c0: cdpl_server.c:1824: in _sv_gen_task(): info: new task T3 in B1 (prio 2)
1733253758.186815: 12999-7f5fd7a270c0: cdpl_server.c:2558: in cdpl_sv_label_task_va(): info: setting task T3 label to "delay__C__lh__OUT__hl__ACQ_1 of NOR3"
1733253758.187470: 12999-7f5fd7a270c0: cdpl_server.c:1824: in _sv_gen_task(): info: new task T4 in B1 (prio 2)
1733253758.187475: 12999-7f5fd7a270c0: cdpl_server.c:2558: in cdpl_sv_label_task_va(): info: setting task T4 label to "delay__C__hl__OUT__lh__ACQ_1 of NOR3"
1733253758.187533: 12999-7f5fd7a270c0: cdpl_server.c:1824: in _sv_gen_task(): info: new task T5 in B1 (prio 5)
1733253758.187537: 12999-7f5fd7a270c0: cdpl_server.c:2558: in cdpl_sv_label_task_va(): info: setting task T5 label to "Cin__VSS__lh__ACQ_1 of NOR3"
1733253758.187582: 12999-7f5fd7a270c0: cdpl_server.c:1824: in _sv_gen_task(): info: new task T6 in B1 (prio 5)
1733253758.187586: 12999-7f5fd7a270c0: cdpl_server.c:2558: in cdpl_sv_label_task_va(): info: setting task T6 label to "Cin__VSS__hl__ACQ_1 of NOR3"
1733253758.187658: 12999-7f5fd7a270c0: cdpl_server.c:1824: in _sv_gen_task(): info: new task T7 in B1 (prio 2)
1733253758.187662: 12999-7f5fd7a270c0: cdpl_server.c:2558: in cdpl_sv_label_task_va(): info: setting task T7 label to "delay__A__lh__OUT__hl__ACQ_1 of NOR3"
1733253758.187724: 12999-7f5fd7a270c0: cdpl_server.c:1824: in _sv_gen_task(): info: new task T8 in B1 (prio 2)
1733253758.187728: 12999-7f5fd7a270c0: cdpl_server.c:2558: in cdpl_sv_label_task_va(): info: setting task T8 label to "delay__A__hl__OUT__lh__ACQ_1 of NOR3"
1733253758.187768: 12999-7f5fd7a270c0: cdpl_server.c:1824: in _sv_gen_task(): info: new task T9 in B1 (prio 5)
1733253758.187772: 12999-7f5fd7a270c0: cdpl_server.c:2558: in cdpl_sv_label_task_va(): info: setting task T9 label to "Cin__VDD__lh__ACQ_1 of NOR3"
1733253758.187815: 12999-7f5fd7a270c0: cdpl_server.c:1824: in _sv_gen_task(): info: new task T10 in B1 (prio 5)
1733253758.187818: 12999-7f5fd7a270c0: cdpl_server.c:2558: in cdpl_sv_label_task_va(): info: setting task T10 label to "Cin__VDD__hl__ACQ_1 of NOR3"
1733253758.827823: 12999-7f5fbff2c700: cdpl_server_ipc.c:452: in _sv_on_hello(): info: W1 is `10.182.66.68:43150'
1733253758.827842: 12999-7f5fbff2c700: cdpl_server_ipc.c:454: in _sv_on_hello(): info: W1 log file is /dev/null
1733253758.827851: 12999-7f5fbff2c700: cdpl_server_ipc.c:481: in _sv_on_hello(): info: up to 1 alive workers in B1
1733253758.827910: 12999-7f5fbf72b700: cdpl_server_sched.c:955: in _assign(): info: assigning task T0 to worker W1
1733253765.779795: 12999-7f5fbff2c700: cdpl_server_ipc.c:857: in _sv_on_finish(): info: worker W1 completed task T0
1733253765.779846: 12999-7f5fbf72b700: cdpl_server_sched.c:955: in _assign(): info: assigning task T1 to worker W1
1733253772.460553: 12999-7f5fbff2c700: cdpl_server_ipc.c:857: in _sv_on_finish(): info: worker W1 completed task T1
1733253772.460598: 12999-7f5fbf72b700: cdpl_server_sched.c:955: in _assign(): info: assigning task T3 to worker W1
1733253779.144084: 12999-7f5fbff2c700: cdpl_server_ipc.c:857: in _sv_on_finish(): info: worker W1 completed task T3
1733253779.144137: 12999-7f5fbf72b700: cdpl_server_sched.c:955: in _assign(): info: assigning task T4 to worker W1
1733253785.788880: 12999-7f5fbff2c700: cdpl_server_ipc.c:857: in _sv_on_finish(): info: worker W1 completed task T4
1733253785.788925: 12999-7f5fbf72b700: cdpl_server_sched.c:955: in _assign(): info: assigning task T7 to worker W1
1733253792.567137: 12999-7f5fbff2c700: cdpl_server_ipc.c:857: in _sv_on_finish(): info: worker W1 completed task T7
1733253792.567178: 12999-7f5fbf72b700: cdpl_server_sched.c:955: in _assign(): info: assigning task T8 to worker W1
1733253799.120243: 12999-7f5fbff2c700: cdpl_server_ipc.c:857: in _sv_on_finish(): info: worker W1 completed task T8
1733253799.120563: 12999-7f5fbf72b700: cdpl_server_sched.c:955: in _assign(): info: assigning task T2 to worker W1
1733253805.711944: 12999-7f5fbff2c700: cdpl_server_ipc.c:857: in _sv_on_finish(): info: worker W1 completed task T2
1733253805.711999: 12999-7f5fbf72b700: cdpl_server_sched.c:955: in _assign(): info: assigning task T5 to worker W1
1733253812.326857: 12999-7f5fbff2c700: cdpl_server_ipc.c:857: in _sv_on_finish(): info: worker W1 completed task T5
1733253812.326900: 12999-7f5fbf72b700: cdpl_server_sched.c:955: in _assign(): info: assigning task T6 to worker W1
1733253818.994679: 12999-7f5fbff2c700: cdpl_server_ipc.c:857: in _sv_on_finish(): info: worker W1 completed task T6
1733253818.994720: 12999-7f5fbf72b700: cdpl_server_sched.c:955: in _assign(): info: assigning task T9 to worker W1
1733253825.628686: 12999-7f5fbff2c700: cdpl_server_ipc.c:857: in _sv_on_finish(): info: worker W1 completed task T9
1733253825.628728: 12999-7f5fbf72b700: cdpl_server_sched.c:955: in _assign(): info: assigning task T10 to worker W1
1733253832.176083: 12999-7f5fbff2c700: cdpl_server_ipc.c:857: in _sv_on_finish(): info: worker W1 completed task T10
1733253858.066263: 12999-7f5fd7a270c0: cdpl_compat_master.c:5152: in cdplMasterLogInfo(): info: [non-CDPL log entry] Ending current CDPL job
1733253858.066586: 12999-7f5fd7a270c0: cdpl_server.c:2890: in cdpl_sv_halt_job_errno(): info: stopping job J1
1733253858.066672: 12999-7f5fbf72b700: cdpl_server_sched.c:2711: in _sv_drop_worker(): info: down to 0 alive workers in B1
1733253858.066730: 12999-7f5fd7a270c0: cdpl_server.c:2875: in cdpl_sv_halt_job_errno(): info: killing job J1
1733253858.066738: 12999-7f5fd7a270c0: cdpl_server.c:288: in _sv_free_job(): info: freeing job J1
1733253858.066784: 12999-7f5fd7a270c0: cdpl_farm.c:2395: in cdpl_farm_free(): info: freeing farm
1733253858.067029: 12999-7f5fd7a270c0: cdpl_server.c:3011: in cdpl_sv_free(): info: freeing server S45196457
1733253858.067032: 12999-7f5fd7a270c0: cdpl_server.c:2976: in cdpl_sv_kill_errno(): info: killing server
1733253858.067064: 12999-7f5fd7a270c0: cdpl_server.c:328: in _sv_free_master(): info: freeing master M1
1733253858.067107: 12999-7f5fd7a270c0: cdpl_log.c:371: in cdpl_log_close(): info: @@end_of_log@@
