1733254012.107072: 2410-7fde0acb50c0: cdpl_log.c:228: in cdpl_log_open(): info: @@start_of_log@@
1733254012.107096: 2410-7fde0acb50c0: cdpl_log.c:866: in cdpl_log_dump_sysinfo(): info: time: 2024/12/03 13:26:52 CST -0600
1733254012.107101: 2410-7fde0acb50c0: cdpl_log.c:868: in cdpl_log_dump_sysinfo(): info: version: T-2022.03 
1733254012.107103: 2410-7fde0acb50c0: cdpl_log.c:870: in cdpl_log_dump_sysinfo(): info: system: Linux 3.10.0-1160.119.1.el7.x86_64 #1 SMP Tue May 14 11:55:25 EDT 2024
1733254012.107105: 2410-7fde0acb50c0: cdpl_log.c:875: in cdpl_log_dump_sysinfo(): info: processor: x86_64 64-bits
1733254012.107106: 2410-7fde0acb50c0: cdpl_log.c:879: in cdpl_log_dump_sysinfo(): info: hostname: engnx03a.utdallas.edu
1733254012.107109: 2410-7fde0acb50c0: cdpl_log.c:230: in cdpl_log_open(): debug: path: /home/eng/s/sxv240035/cad/gf65/primelib_gf65/OAI22/runtime/cdpl/pid2410/master.engnx03a.utdallas.edu.2410.log
1733254012.107111: 2410-7fde0acb50c0: cdpl_log.c:231: in cdpl_log_open(): debug: dir: /home/eng/s/sxv240035/cad/gf65/primelib_gf65/OAI22/runtime/cdpl/pid2410
1733254012.107122: 2410-7fde0acb50c0: cdpl_log.c:758: in cdpl_log_set_filter(): info: filter level 1
1733254012.107142: 2410-7fde0acb50c0: cdpl_server.c:543: in cdpl_sv_init(): info: new server S2047570139
1733254012.107152: 2410-7fde0acb50c0: cdpl_ipc.c:3030: in cdpl_ipc_init(): info: requesting IPv4 protocol
1733254012.107623: 2410-7fde0acb50c0: cdpl_ipc.c:800: in _selectaddrfamily(): info: selected IPv4 protocol
1733254012.107909: 2410-7fde0acb50c0: cdpl_server.c:657: in cdpl_sv_new_master(): info: new master M1
1733254012.107924: 2410-7fde0acb50c0: cdpl_server.c:5494: in cdpl_sv_ctl_master(): info: Setting worker heartbeat to 60 seconds
1733254012.107927: 2410-7fde0acb50c0: cdpl_server.c:5503: in cdpl_sv_ctl_master(): info: Setting worker heartbeat timeout to 3 heartbeats
1733254012.107930: 2410-7fde0acb50c0: cdpl_compat_master.c:2407: in cdplInitMaster(): info: bcast dir is `/dev/null'
1733254012.107998: 2410-7fde0acb50c0: cdpl_server.c:5394: in cdpl_sv_ctl_master(): info: farm worker timeout set to 36000
1733254012.108000: 2410-7fde0acb50c0: cdpl_server.c:5410: in cdpl_sv_ctl_master(): info: grid worker timeout set to 36000
1733254012.108002: 2410-7fde0acb50c0: cdpl_server.c:5438: in cdpl_sv_ctl_master(): info: farm submit command failure threshold set to 100
1733254012.108041: 2410-7fde0acb50c0: cdpl_farm.c:2268: in cdpl_farm_new_sh(): info: creating SH farm on localhost
1733254012.108054: 2410-7fde0acb50c0: cdpl_compat_master.c:207: in _set_farm_env(): info: exporting CDPL_LOGDIR as `/home/eng/s/sxv240035/cad/gf65/primelib_gf65/OAI22/runtime/cdpl/pid2410'
1733254012.108058: 2410-7fde0acb50c0: cdpl_compat_master.c:213: in _set_farm_env(): info: exporting CDPL_TMPDIR as `/var/tmp'
1733254012.108060: 2410-7fde0acb50c0: cdpl_compat_master.c:220: in _set_farm_env(): info: exporting CDPL_HOME as `/proj/cad/synopsys/synopsys_2021/primelib/T-2022.03-SP1/cdpl_runtime_linux64'
1733254012.108062: 2410-7fde0acb50c0: cdpl_compat_master.c:227: in _set_farm_env(): info: exporting SNPSLMD_LICENSE_FILE as `1700@engdmv.utdallas.edu'
1733254012.108065: 2410-7fde0acb50c0: cdpl_compat_master.c:247: in _set_farm_env(): info: exporting CDPL_OPTIONS as `[filter][nowlogs]'
1733254012.108067: 2410-7fde0acb50c0: cdpl_compat_master.c:254: in _set_farm_env(): info: exporting DISPLAY as `:1034'
1733254012.108069: 2410-7fde0acb50c0: cdpl_compat_master.c:262: in _set_farm_env(): info: exporting CDPL_HEARTBEAT as `60'
1733254012.108073: 2410-7fde0acb50c0: cdpl_compat_master.c:348: in _set_farm_env(): info: exporting SIS_MALIBU as `2'
1733254012.108074: 2410-7fde0acb50c0: cdpl_compat_master.c:348: in _set_farm_env(): info: exporting SIS_CDPL as `5'
1733254012.149301: 2410-7fde0acb50c0: cdpl_server.c:738: in cdpl_sv_new_job(): info: new job J1 in M1
1733254012.149319: 2410-7fde0acb50c0: cdpl_compat_master.c:1314: in _add_worker(): info: new worker type 100, min:1, max:1, cmd:`/home/eng/s/sxv240035/cad/gf65/primelib_gf65/OAI22/runtime/cdpl/pid2410/run_2410.sh'
1733254012.149326: 2410-7fde0acb50c0: cdpl_server.c:900: in cdpl_sv_new_bin_withfarm(): info: new bin B1 in J1
1733254012.157748: 2410-7fde0acb50c0: cdpl_server.c:3116: in cdpl_sv_start_job(): info: starting job J1
1733254012.180727: 2410-7fde0acb50c0: cdpl_server.c:1824: in _sv_gen_task(): info: new task T0 in B1 (prio 3)
1733254012.180738: 2410-7fde0acb50c0: cdpl_server.c:2558: in cdpl_sv_label_task_va(): info: setting task T0 label to "leakage_power__ACQ_1 of OAI22"
1733254012.180799: 2410-7fde0acb50c0: cdpl_server.c:1824: in _sv_gen_task(): info: new task T1 in B1 (prio 5)
1733254012.180863: 2410-7fddf29b9700: cdpl_server_sched.c:700: in _sv_launch_worker(): info: started worker W1 (as C1) in bin B1
1733254012.180882: 2410-7fddf21b8700: cdpl_farm.c:1899: in _schedule(): info: worker submit failure threshold set to 100
1733254012.180889: 2410-7fde0acb50c0: cdpl_server.c:2558: in cdpl_sv_label_task_va(): info: setting task T1 label to "Cin__VSS__hl__ACQ_1 of OAI22"
1733254012.180897: 2410-7fddf21b8700: cdpl_sh.c:49: in _sh_detached_submit(): info: SH : /home/eng/s/sxv240035/cad/gf65/primelib_gf65/OAI22/runtime/cdpl/pid2410/run_2410.sh
1733254012.182617: 2410-7fde0acb50c0: cdpl_server.c:1824: in _sv_gen_task(): info: new task T2 in B1 (prio 5)
1733254012.182646: 2410-7fde0acb50c0: cdpl_server.c:2558: in cdpl_sv_label_task_va(): info: setting task T2 label to "Cin__VSS__lh__ACQ_1 of OAI22"
1733254012.183253: 2410-7fde0acb50c0: cdpl_server.c:1824: in _sv_gen_task(): info: new task T3 in B1 (prio 2)
1733254012.183258: 2410-7fde0acb50c0: cdpl_server.c:2558: in cdpl_sv_label_task_va(): info: setting task T3 label to "delay__A__hl__OUT__lh__ACQ_1 of OAI22"
1733254012.183324: 2410-7fde0acb50c0: cdpl_server.c:1824: in _sv_gen_task(): info: new task T4 in B1 (prio 2)
1733254012.183327: 2410-7fde0acb50c0: cdpl_server.c:2558: in cdpl_sv_label_task_va(): info: setting task T4 label to "delay__A__lh__OUT__hl__ACQ_1 of OAI22"
1733254012.183394: 2410-7fde0acb50c0: cdpl_server.c:1824: in _sv_gen_task(): info: new task T5 in B1 (prio 2)
1733254012.183399: 2410-7fde0acb50c0: cdpl_server.c:2558: in cdpl_sv_label_task_va(): info: setting task T5 label to "delay__B__hl__OUT__lh__ACQ_1 of OAI22"
1733254012.183462: 2410-7fde0acb50c0: cdpl_server.c:1824: in _sv_gen_task(): info: new task T6 in B1 (prio 2)
1733254012.183465: 2410-7fde0acb50c0: cdpl_server.c:2558: in cdpl_sv_label_task_va(): info: setting task T6 label to "delay__B__lh__OUT__hl__ACQ_1 of OAI22"
1733254012.183525: 2410-7fde0acb50c0: cdpl_server.c:1824: in _sv_gen_task(): info: new task T7 in B1 (prio 2)
1733254012.183528: 2410-7fde0acb50c0: cdpl_server.c:2558: in cdpl_sv_label_task_va(): info: setting task T7 label to "delay__C__hl__OUT__lh__ACQ_1 of OAI22"
1733254012.183564: 2410-7fde0acb50c0: cdpl_server.c:1824: in _sv_gen_task(): info: new task T8 in B1 (prio 2)
1733254012.183567: 2410-7fde0acb50c0: cdpl_server.c:2558: in cdpl_sv_label_task_va(): info: setting task T8 label to "delay__C__lh__OUT__hl__ACQ_1 of OAI22"
1733254012.183596: 2410-7fde0acb50c0: cdpl_server.c:1824: in _sv_gen_task(): info: new task T9 in B1 (prio 2)
1733254012.183598: 2410-7fde0acb50c0: cdpl_server.c:2558: in cdpl_sv_label_task_va(): info: setting task T9 label to "delay__D__hl__OUT__lh__ACQ_1 of OAI22"
1733254012.183638: 2410-7fde0acb50c0: cdpl_server.c:1824: in _sv_gen_task(): info: new task T10 in B1 (prio 2)
1733254012.183641: 2410-7fde0acb50c0: cdpl_server.c:2558: in cdpl_sv_label_task_va(): info: setting task T10 label to "delay__D__lh__OUT__hl__ACQ_1 of OAI22"
1733254012.183670: 2410-7fde0acb50c0: cdpl_server.c:1824: in _sv_gen_task(): info: new task T11 in B1 (prio 5)
1733254012.183673: 2410-7fde0acb50c0: cdpl_server.c:2558: in cdpl_sv_label_task_va(): info: setting task T11 label to "Cin__VDD__hl__ACQ_1 of OAI22"
1733254012.183699: 2410-7fde0acb50c0: cdpl_server.c:1824: in _sv_gen_task(): info: new task T12 in B1 (prio 5)
1733254012.183701: 2410-7fde0acb50c0: cdpl_server.c:2558: in cdpl_sv_label_task_va(): info: setting task T12 label to "Cin__VDD__lh__ACQ_1 of OAI22"
1733254012.807495: 2410-7fddf31ba700: cdpl_server_ipc.c:452: in _sv_on_hello(): info: W1 is `10.182.66.68:55532'
1733254012.807517: 2410-7fddf31ba700: cdpl_server_ipc.c:454: in _sv_on_hello(): info: W1 log file is /dev/null
1733254012.807527: 2410-7fddf31ba700: cdpl_server_ipc.c:481: in _sv_on_hello(): info: up to 1 alive workers in B1
1733254012.807565: 2410-7fddf29b9700: cdpl_server_sched.c:955: in _assign(): info: assigning task T3 to worker W1
1733254019.718997: 2410-7fddf31ba700: cdpl_server_ipc.c:857: in _sv_on_finish(): info: worker W1 completed task T3
1733254019.719042: 2410-7fddf29b9700: cdpl_server_sched.c:955: in _assign(): info: assigning task T4 to worker W1
1733254026.323135: 2410-7fddf31ba700: cdpl_server_ipc.c:857: in _sv_on_finish(): info: worker W1 completed task T4
1733254026.323176: 2410-7fddf29b9700: cdpl_server_sched.c:955: in _assign(): info: assigning task T5 to worker W1
1733254032.968358: 2410-7fddf31ba700: cdpl_server_ipc.c:857: in _sv_on_finish(): info: worker W1 completed task T5
1733254032.968404: 2410-7fddf29b9700: cdpl_server_sched.c:955: in _assign(): info: assigning task T6 to worker W1
1733254039.798696: 2410-7fddf31ba700: cdpl_server_ipc.c:857: in _sv_on_finish(): info: worker W1 completed task T6
1733254039.798735: 2410-7fddf29b9700: cdpl_server_sched.c:955: in _assign(): info: assigning task T7 to worker W1
1733254046.416500: 2410-7fddf31ba700: cdpl_server_ipc.c:857: in _sv_on_finish(): info: worker W1 completed task T7
1733254046.416544: 2410-7fddf29b9700: cdpl_server_sched.c:955: in _assign(): info: assigning task T8 to worker W1
1733254053.366498: 2410-7fddf31ba700: cdpl_server_ipc.c:857: in _sv_on_finish(): info: worker W1 completed task T8
1733254053.366797: 2410-7fddf29b9700: cdpl_server_sched.c:955: in _assign(): info: assigning task T9 to worker W1
1733254059.966440: 2410-7fddf31ba700: cdpl_server_ipc.c:857: in _sv_on_finish(): info: worker W1 completed task T9
1733254059.966481: 2410-7fddf29b9700: cdpl_server_sched.c:955: in _assign(): info: assigning task T10 to worker W1
1733254066.747551: 2410-7fddf31ba700: cdpl_server_ipc.c:857: in _sv_on_finish(): info: worker W1 completed task T10
1733254066.747594: 2410-7fddf29b9700: cdpl_server_sched.c:955: in _assign(): info: assigning task T0 to worker W1
1733254073.388850: 2410-7fddf31ba700: cdpl_server_ipc.c:857: in _sv_on_finish(): info: worker W1 completed task T0
1733254073.388897: 2410-7fddf29b9700: cdpl_server_sched.c:955: in _assign(): info: assigning task T1 to worker W1
1733254079.899592: 2410-7fddf31ba700: cdpl_server_ipc.c:857: in _sv_on_finish(): info: worker W1 completed task T1
1733254079.899639: 2410-7fddf29b9700: cdpl_server_sched.c:955: in _assign(): info: assigning task T2 to worker W1
1733254086.470293: 2410-7fddf31ba700: cdpl_server_ipc.c:857: in _sv_on_finish(): info: worker W1 completed task T2
1733254086.470551: 2410-7fddf29b9700: cdpl_server_sched.c:955: in _assign(): info: assigning task T11 to worker W1
1733254093.098712: 2410-7fddf31ba700: cdpl_server_ipc.c:857: in _sv_on_finish(): info: worker W1 completed task T11
1733254093.098751: 2410-7fddf29b9700: cdpl_server_sched.c:955: in _assign(): info: assigning task T12 to worker W1
1733254099.709308: 2410-7fddf31ba700: cdpl_server_ipc.c:857: in _sv_on_finish(): info: worker W1 completed task T12
1733254124.085453: 2410-7fde0acb50c0: cdpl_compat_master.c:5152: in cdplMasterLogInfo(): info: [non-CDPL log entry] Ending current CDPL job
1733254124.085691: 2410-7fde0acb50c0: cdpl_server.c:2890: in cdpl_sv_halt_job_errno(): info: stopping job J1
1733254124.085759: 2410-7fddf29b9700: cdpl_server_sched.c:2711: in _sv_drop_worker(): info: down to 0 alive workers in B1
1733254124.085826: 2410-7fde0acb50c0: cdpl_server.c:2875: in cdpl_sv_halt_job_errno(): info: killing job J1
1733254124.085833: 2410-7fde0acb50c0: cdpl_server.c:288: in _sv_free_job(): info: freeing job J1
1733254124.085871: 2410-7fde0acb50c0: cdpl_farm.c:2395: in cdpl_farm_free(): info: freeing farm
1733254124.086133: 2410-7fde0acb50c0: cdpl_server.c:3011: in cdpl_sv_free(): info: freeing server S2047570139
1733254124.086138: 2410-7fde0acb50c0: cdpl_server.c:2976: in cdpl_sv_kill_errno(): info: killing server
1733254124.086183: 2410-7fde0acb50c0: cdpl_server.c:328: in _sv_free_master(): info: freeing master M1
1733254124.086235: 2410-7fde0acb50c0: cdpl_log.c:371: in cdpl_log_close(): info: @@end_of_log@@
