1733459763.970339: 21441-7f83f5a0f0c0: cdpl_log.c:228: in cdpl_log_open(): info: @@start_of_log@@
1733459763.970356: 21441-7f83f5a0f0c0: cdpl_log.c:866: in cdpl_log_dump_sysinfo(): info: time: 2024/12/05 22:36:03 CST -0600
1733459763.970361: 21441-7f83f5a0f0c0: cdpl_log.c:868: in cdpl_log_dump_sysinfo(): info: version: T-2022.03 
1733459763.970362: 21441-7f83f5a0f0c0: cdpl_log.c:870: in cdpl_log_dump_sysinfo(): info: system: Linux 3.10.0-1160.119.1.el7.x86_64 #1 SMP Tue May 14 11:55:25 EDT 2024
1733459763.970364: 21441-7f83f5a0f0c0: cdpl_log.c:875: in cdpl_log_dump_sysinfo(): info: processor: x86_64 64-bits
1733459763.970366: 21441-7f83f5a0f0c0: cdpl_log.c:879: in cdpl_log_dump_sysinfo(): info: hostname: engnx02a.utdallas.edu
1733459763.970367: 21441-7f83f5a0f0c0: cdpl_log.c:230: in cdpl_log_open(): debug: path: /home/eng/s/sxv240035/cad/gf65/primelib_gf65/Tri_INV/runtime/cdpl/pid21441/master.engnx02a.utdallas.edu.21441.log
1733459763.970370: 21441-7f83f5a0f0c0: cdpl_log.c:231: in cdpl_log_open(): debug: dir: /home/eng/s/sxv240035/cad/gf65/primelib_gf65/Tri_INV/runtime/cdpl/pid21441
1733459763.970374: 21441-7f83f5a0f0c0: cdpl_log.c:758: in cdpl_log_set_filter(): info: filter level 1
1733459763.970389: 21441-7f83f5a0f0c0: cdpl_server.c:543: in cdpl_sv_init(): info: new server S984715051
1733459763.970398: 21441-7f83f5a0f0c0: cdpl_ipc.c:3030: in cdpl_ipc_init(): info: requesting IPv4 protocol
1733459763.970956: 21441-7f83f5a0f0c0: cdpl_ipc.c:800: in _selectaddrfamily(): info: selected IPv4 protocol
1733459763.971256: 21441-7f83f5a0f0c0: cdpl_server.c:657: in cdpl_sv_new_master(): info: new master M1
1733459763.971269: 21441-7f83f5a0f0c0: cdpl_server.c:5494: in cdpl_sv_ctl_master(): info: Setting worker heartbeat to 60 seconds
1733459763.971271: 21441-7f83f5a0f0c0: cdpl_server.c:5503: in cdpl_sv_ctl_master(): info: Setting worker heartbeat timeout to 3 heartbeats
1733459763.971274: 21441-7f83f5a0f0c0: cdpl_compat_master.c:2407: in cdplInitMaster(): info: bcast dir is `/dev/null'
1733459763.971322: 21441-7f83f5a0f0c0: cdpl_server.c:5394: in cdpl_sv_ctl_master(): info: farm worker timeout set to 36000
1733459763.971324: 21441-7f83f5a0f0c0: cdpl_server.c:5410: in cdpl_sv_ctl_master(): info: grid worker timeout set to 36000
1733459763.971326: 21441-7f83f5a0f0c0: cdpl_server.c:5438: in cdpl_sv_ctl_master(): info: farm submit command failure threshold set to 100
1733459763.971349: 21441-7f83f5a0f0c0: cdpl_farm.c:2268: in cdpl_farm_new_sh(): info: creating SH farm on localhost
1733459763.971363: 21441-7f83f5a0f0c0: cdpl_compat_master.c:207: in _set_farm_env(): info: exporting CDPL_LOGDIR as `/home/eng/s/sxv240035/cad/gf65/primelib_gf65/Tri_INV/runtime/cdpl/pid21441'
1733459763.971366: 21441-7f83f5a0f0c0: cdpl_compat_master.c:213: in _set_farm_env(): info: exporting CDPL_TMPDIR as `/var/tmp'
1733459763.971368: 21441-7f83f5a0f0c0: cdpl_compat_master.c:220: in _set_farm_env(): info: exporting CDPL_HOME as `/proj/cad/synopsys/synopsys_2021/primelib/T-2022.03-SP1/cdpl_runtime_linux64'
1733459763.971370: 21441-7f83f5a0f0c0: cdpl_compat_master.c:227: in _set_farm_env(): info: exporting SNPSLMD_LICENSE_FILE as `1700@engdmv.utdallas.edu'
1733459763.971373: 21441-7f83f5a0f0c0: cdpl_compat_master.c:247: in _set_farm_env(): info: exporting CDPL_OPTIONS as `[filter][nowlogs]'
1733459763.971375: 21441-7f83f5a0f0c0: cdpl_compat_master.c:254: in _set_farm_env(): info: exporting DISPLAY as `:1038'
1733459763.971376: 21441-7f83f5a0f0c0: cdpl_compat_master.c:262: in _set_farm_env(): info: exporting CDPL_HEARTBEAT as `60'
1733459763.971379: 21441-7f83f5a0f0c0: cdpl_compat_master.c:348: in _set_farm_env(): info: exporting SIS_MALIBU as `2'
1733459763.971381: 21441-7f83f5a0f0c0: cdpl_compat_master.c:348: in _set_farm_env(): info: exporting SIS_CDPL as `5'
1733459764.012262: 21441-7f83f5a0f0c0: cdpl_server.c:738: in cdpl_sv_new_job(): info: new job J1 in M1
1733459764.012280: 21441-7f83f5a0f0c0: cdpl_compat_master.c:1314: in _add_worker(): info: new worker type 100, min:1, max:1, cmd:`/home/eng/s/sxv240035/cad/gf65/primelib_gf65/Tri_INV/runtime/cdpl/pid21441/run_21441.sh'
1733459764.012288: 21441-7f83f5a0f0c0: cdpl_server.c:900: in cdpl_sv_new_bin_withfarm(): info: new bin B1 in J1
1733459764.017599: 21441-7f83f5a0f0c0: cdpl_server.c:3116: in cdpl_sv_start_job(): info: starting job J1
1733459764.026089: 21441-7f83f5a0f0c0: cdpl_server.c:1824: in _sv_gen_task(): info: new task T0 in B1 (prio 5)
1733459764.026101: 21441-7f83f5a0f0c0: cdpl_server.c:2558: in cdpl_sv_label_task_va(): info: setting task T0 label to "Cin__VSS__hl__ACQ_1 of Tri_INV"
1733459764.026159: 21441-7f83f5a0f0c0: cdpl_server.c:1824: in _sv_gen_task(): info: new task T1 in B1 (prio 5)
1733459764.026267: 21441-7f83dd710700: cdpl_server_sched.c:700: in _sv_launch_worker(): info: started worker W1 (as C1) in bin B1
1733459764.026306: 21441-7f83f5a0f0c0: cdpl_server.c:2558: in cdpl_sv_label_task_va(): info: setting task T1 label to "Cin__VSS__lh__ACQ_1 of Tri_INV"
1733459764.026317: 21441-7f83dcf0f700: cdpl_farm.c:1899: in _schedule(): info: worker submit failure threshold set to 100
1733459764.026344: 21441-7f83dcf0f700: cdpl_sh.c:49: in _sh_detached_submit(): info: SH : /home/eng/s/sxv240035/cad/gf65/primelib_gf65/Tri_INV/runtime/cdpl/pid21441/run_21441.sh
1733459764.026357: 21441-7f83f5a0f0c0: cdpl_server.c:1824: in _sv_gen_task(): info: new task T2 in B1 (prio 3)
1733459764.026362: 21441-7f83f5a0f0c0: cdpl_server.c:2558: in cdpl_sv_label_task_va(): info: setting task T2 label to "leakage_power__ACQ_1 of Tri_INV"
1733459764.031068: 21441-7f83f5a0f0c0: cdpl_server.c:1824: in _sv_gen_task(): info: new task T3 in B1 (prio 2)
1733459764.031084: 21441-7f83f5a0f0c0: cdpl_server.c:2558: in cdpl_sv_label_task_va(): info: setting task T3 label to "zen__EN__lh__OUT__lzh__ACQ_1 of Tri_INV"
1733459764.031142: 21441-7f83f5a0f0c0: cdpl_server.c:1824: in _sv_gen_task(): info: new task T4 in B1 (prio 2)
1733459764.031145: 21441-7f83f5a0f0c0: cdpl_server.c:2558: in cdpl_sv_label_task_va(): info: setting task T4 label to "zen__EN__lh__OUT__hzl__ACQ_1 of Tri_INV"
1733459764.031205: 21441-7f83f5a0f0c0: cdpl_server.c:1824: in _sv_gen_task(): info: new task T5 in B1 (prio 5)
1733459764.031208: 21441-7f83f5a0f0c0: cdpl_server.c:2558: in cdpl_sv_label_task_va(): info: setting task T5 label to "energy__EN__hl__OUT__hz__ACQ_1 of Tri_INV"
1733459764.031249: 21441-7f83f5a0f0c0: cdpl_server.c:1824: in _sv_gen_task(): info: new task T6 in B1 (prio 2)
1733459764.031252: 21441-7f83f5a0f0c0: cdpl_server.c:2558: in cdpl_sv_label_task_va(): info: setting task T6 label to "zdis__EN__hl__OUT__hz__ACQ_1 of Tri_INV"
1733459764.031286: 21441-7f83f5a0f0c0: cdpl_server.c:1824: in _sv_gen_task(): info: new task T7 in B1 (prio 2)
1733459764.031289: 21441-7f83f5a0f0c0: cdpl_server.c:2558: in cdpl_sv_label_task_va(): info: setting task T7 label to "delay__IN__hl__OUT__lh__ACQ_1 of Tri_INV"
1733459764.031330: 21441-7f83f5a0f0c0: cdpl_server.c:1824: in _sv_gen_task(): info: new task T8 in B1 (prio 2)
1733459764.031332: 21441-7f83f5a0f0c0: cdpl_server.c:2558: in cdpl_sv_label_task_va(): info: setting task T8 label to "delay__IN__lh__OUT__hl__ACQ_1 of Tri_INV"
1733459764.031365: 21441-7f83f5a0f0c0: cdpl_server.c:1824: in _sv_gen_task(): info: new task T9 in B1 (prio 2)
1733459764.031368: 21441-7f83f5a0f0c0: cdpl_server.c:2558: in cdpl_sv_label_task_va(): info: setting task T9 label to "zdis__EN__hl__OUT__lz__ACQ_1 of Tri_INV"
1733459764.031397: 21441-7f83f5a0f0c0: cdpl_server.c:1824: in _sv_gen_task(): info: new task T10 in B1 (prio 5)
1733459764.031400: 21441-7f83f5a0f0c0: cdpl_server.c:2558: in cdpl_sv_label_task_va(): info: setting task T10 label to "energy__EN__hl__OUT__lz__ACQ_1 of Tri_INV"
1733459764.031428: 21441-7f83f5a0f0c0: cdpl_server.c:1824: in _sv_gen_task(): info: new task T11 in B1 (prio 5)
1733459764.031430: 21441-7f83f5a0f0c0: cdpl_server.c:2558: in cdpl_sv_label_task_va(): info: setting task T11 label to "energy__EN__lh__OUT__hzl__ACQ_1 of Tri_INV"
1733459764.031470: 21441-7f83f5a0f0c0: cdpl_server.c:1824: in _sv_gen_task(): info: new task T12 in B1 (prio 5)
1733459764.031473: 21441-7f83f5a0f0c0: cdpl_server.c:2558: in cdpl_sv_label_task_va(): info: setting task T12 label to "energy__EN__lh__OUT__lzh__ACQ_1 of Tri_INV"
1733459764.031525: 21441-7f83f5a0f0c0: cdpl_server.c:1824: in _sv_gen_task(): info: new task T13 in B1 (prio 5)
1733459764.031532: 21441-7f83f5a0f0c0: cdpl_server.c:2558: in cdpl_sv_label_task_va(): info: setting task T13 label to "Cin__VDD__hl__ACQ_1 of Tri_INV"
1733459764.031577: 21441-7f83f5a0f0c0: cdpl_server.c:1824: in _sv_gen_task(): info: new task T14 in B1 (prio 5)
1733459764.031580: 21441-7f83f5a0f0c0: cdpl_server.c:2558: in cdpl_sv_label_task_va(): info: setting task T14 label to "Cin__VDD__lh__ACQ_1 of Tri_INV"
1733459764.676627: 21441-7f83ddf11700: cdpl_server_ipc.c:452: in _sv_on_hello(): info: W1 is `10.182.66.67:59092'
1733459764.676638: 21441-7f83ddf11700: cdpl_server_ipc.c:454: in _sv_on_hello(): info: W1 log file is /dev/null
1733459764.676644: 21441-7f83ddf11700: cdpl_server_ipc.c:481: in _sv_on_hello(): info: up to 1 alive workers in B1
1733459764.676678: 21441-7f83dd710700: cdpl_server_sched.c:955: in _assign(): info: assigning task T3 to worker W1
1733459771.755344: 21441-7f83ddf11700: cdpl_server_ipc.c:857: in _sv_on_finish(): info: worker W1 completed task T3
1733459771.755390: 21441-7f83dd710700: cdpl_server_sched.c:955: in _assign(): info: assigning task T4 to worker W1
1733459778.485691: 21441-7f83ddf11700: cdpl_server_ipc.c:857: in _sv_on_finish(): info: worker W1 completed task T4
1733459778.485976: 21441-7f83dd710700: cdpl_server_sched.c:955: in _assign(): info: assigning task T6 to worker W1
1733459785.025945: 21441-7f83ddf11700: cdpl_server_ipc.c:857: in _sv_on_finish(): info: worker W1 completed task T6
1733459785.026000: 21441-7f83dd710700: cdpl_server_sched.c:955: in _assign(): info: assigning task T7 to worker W1
1733459791.790692: 21441-7f83ddf11700: cdpl_server_ipc.c:857: in _sv_on_finish(): info: worker W1 completed task T7
1733459791.790744: 21441-7f83dd710700: cdpl_server_sched.c:955: in _assign(): info: assigning task T8 to worker W1
1733459798.762987: 21441-7f83ddf11700: cdpl_server_ipc.c:857: in _sv_on_finish(): info: worker W1 completed task T8
1733459798.763040: 21441-7f83dd710700: cdpl_server_sched.c:955: in _assign(): info: assigning task T9 to worker W1
1733459805.281678: 21441-7f83ddf11700: cdpl_server_ipc.c:857: in _sv_on_finish(): info: worker W1 completed task T9
1733459805.281722: 21441-7f83dd710700: cdpl_server_sched.c:955: in _assign(): info: assigning task T2 to worker W1
1733459811.773579: 21441-7f83ddf11700: cdpl_server_ipc.c:857: in _sv_on_finish(): info: worker W1 completed task T2
1733459811.773621: 21441-7f83dd710700: cdpl_server_sched.c:955: in _assign(): info: assigning task T0 to worker W1
1733459818.203597: 21441-7f83ddf11700: cdpl_server_ipc.c:857: in _sv_on_finish(): info: worker W1 completed task T0
1733459818.203652: 21441-7f83dd710700: cdpl_server_sched.c:955: in _assign(): info: assigning task T1 to worker W1
1733459824.797752: 21441-7f83ddf11700: cdpl_server_ipc.c:857: in _sv_on_finish(): info: worker W1 completed task T1
1733459824.797795: 21441-7f83dd710700: cdpl_server_sched.c:955: in _assign(): info: assigning task T5 to worker W1
1733459831.397013: 21441-7f83ddf11700: cdpl_server_ipc.c:857: in _sv_on_finish(): info: worker W1 completed task T5
1733459831.397327: 21441-7f83dd710700: cdpl_server_sched.c:955: in _assign(): info: assigning task T10 to worker W1
1733459837.987504: 21441-7f83ddf11700: cdpl_server_ipc.c:857: in _sv_on_finish(): info: worker W1 completed task T10
1733459837.987560: 21441-7f83dd710700: cdpl_server_sched.c:955: in _assign(): info: assigning task T11 to worker W1
1733459844.665239: 21441-7f83ddf11700: cdpl_server_ipc.c:857: in _sv_on_finish(): info: worker W1 completed task T11
1733459844.665284: 21441-7f83dd710700: cdpl_server_sched.c:955: in _assign(): info: assigning task T12 to worker W1
1733459851.384162: 21441-7f83ddf11700: cdpl_server_ipc.c:857: in _sv_on_finish(): info: worker W1 completed task T12
1733459851.384446: 21441-7f83dd710700: cdpl_server_sched.c:955: in _assign(): info: assigning task T13 to worker W1
1733459857.868174: 21441-7f83ddf11700: cdpl_server_ipc.c:857: in _sv_on_finish(): info: worker W1 completed task T13
1733459857.868237: 21441-7f83dd710700: cdpl_server_sched.c:955: in _assign(): info: assigning task T14 to worker W1
1733459864.504298: 21441-7f83ddf11700: cdpl_server_ipc.c:857: in _sv_on_finish(): info: worker W1 completed task T14
1733459896.062937: 21441-7f83f5a0f0c0: cdpl_compat_master.c:5152: in cdplMasterLogInfo(): info: [non-CDPL log entry] Ending current CDPL job
1733459896.063201: 21441-7f83f5a0f0c0: cdpl_server.c:2890: in cdpl_sv_halt_job_errno(): info: stopping job J1
1733459896.063280: 21441-7f83dd710700: cdpl_server_sched.c:2711: in _sv_drop_worker(): info: down to 0 alive workers in B1
1733459896.063333: 21441-7f83f5a0f0c0: cdpl_server.c:2875: in cdpl_sv_halt_job_errno(): info: killing job J1
1733459896.063343: 21441-7f83f5a0f0c0: cdpl_server.c:288: in _sv_free_job(): info: freeing job J1
1733459896.063398: 21441-7f83f5a0f0c0: cdpl_farm.c:2395: in cdpl_farm_free(): info: freeing farm
1733459896.063616: 21441-7f83f5a0f0c0: cdpl_server.c:3011: in cdpl_sv_free(): info: freeing server S984715051
1733459896.063621: 21441-7f83f5a0f0c0: cdpl_server.c:2976: in cdpl_sv_kill_errno(): info: killing server
1733459896.063658: 21441-7f83f5a0f0c0: cdpl_server.c:328: in _sv_free_master(): info: freeing master M1
1733459896.063704: 21441-7f83f5a0f0c0: cdpl_log.c:371: in cdpl_log_close(): info: @@end_of_log@@
