1733458943.678321: 4321-7f7c62c4a0c0: cdpl_log.c:228: in cdpl_log_open(): info: @@start_of_log@@
1733458943.678348: 4321-7f7c62c4a0c0: cdpl_log.c:866: in cdpl_log_dump_sysinfo(): info: time: 2024/12/05 22:22:23 CST -0600
1733458943.678352: 4321-7f7c62c4a0c0: cdpl_log.c:868: in cdpl_log_dump_sysinfo(): info: version: T-2022.03 
1733458943.678354: 4321-7f7c62c4a0c0: cdpl_log.c:870: in cdpl_log_dump_sysinfo(): info: system: Linux 3.10.0-1160.119.1.el7.x86_64 #1 SMP Tue May 14 11:55:25 EDT 2024
1733458943.678356: 4321-7f7c62c4a0c0: cdpl_log.c:875: in cdpl_log_dump_sysinfo(): info: processor: x86_64 64-bits
1733458943.678357: 4321-7f7c62c4a0c0: cdpl_log.c:879: in cdpl_log_dump_sysinfo(): info: hostname: engnx02a.utdallas.edu
1733458943.678359: 4321-7f7c62c4a0c0: cdpl_log.c:230: in cdpl_log_open(): debug: path: /home/eng/s/sxv240035/cad/gf65/primelib_gf65/NAND4/runtime/cdpl/pid4321/master.engnx02a.utdallas.edu.4321.log
1733458943.678362: 4321-7f7c62c4a0c0: cdpl_log.c:231: in cdpl_log_open(): debug: dir: /home/eng/s/sxv240035/cad/gf65/primelib_gf65/NAND4/runtime/cdpl/pid4321
1733458943.678370: 4321-7f7c62c4a0c0: cdpl_log.c:758: in cdpl_log_set_filter(): info: filter level 1
1733458943.678390: 4321-7f7c62c4a0c0: cdpl_server.c:543: in cdpl_sv_init(): info: new server S725614226
1733458943.678399: 4321-7f7c62c4a0c0: cdpl_ipc.c:3030: in cdpl_ipc_init(): info: requesting IPv4 protocol
1733458943.678965: 4321-7f7c62c4a0c0: cdpl_ipc.c:800: in _selectaddrfamily(): info: selected IPv4 protocol
1733458943.679301: 4321-7f7c62c4a0c0: cdpl_server.c:657: in cdpl_sv_new_master(): info: new master M1
1733458943.679314: 4321-7f7c62c4a0c0: cdpl_server.c:5494: in cdpl_sv_ctl_master(): info: Setting worker heartbeat to 60 seconds
1733458943.679316: 4321-7f7c62c4a0c0: cdpl_server.c:5503: in cdpl_sv_ctl_master(): info: Setting worker heartbeat timeout to 3 heartbeats
1733458943.679321: 4321-7f7c62c4a0c0: cdpl_compat_master.c:2407: in cdplInitMaster(): info: bcast dir is `/dev/null'
1733458943.679384: 4321-7f7c62c4a0c0: cdpl_server.c:5394: in cdpl_sv_ctl_master(): info: farm worker timeout set to 36000
1733458943.679387: 4321-7f7c62c4a0c0: cdpl_server.c:5410: in cdpl_sv_ctl_master(): info: grid worker timeout set to 36000
1733458943.679389: 4321-7f7c62c4a0c0: cdpl_server.c:5438: in cdpl_sv_ctl_master(): info: farm submit command failure threshold set to 100
1733458943.679435: 4321-7f7c62c4a0c0: cdpl_farm.c:2268: in cdpl_farm_new_sh(): info: creating SH farm on localhost
1733458943.679447: 4321-7f7c62c4a0c0: cdpl_compat_master.c:207: in _set_farm_env(): info: exporting CDPL_LOGDIR as `/home/eng/s/sxv240035/cad/gf65/primelib_gf65/NAND4/runtime/cdpl/pid4321'
1733458943.679451: 4321-7f7c62c4a0c0: cdpl_compat_master.c:213: in _set_farm_env(): info: exporting CDPL_TMPDIR as `/var/tmp'
1733458943.679453: 4321-7f7c62c4a0c0: cdpl_compat_master.c:220: in _set_farm_env(): info: exporting CDPL_HOME as `/proj/cad/synopsys/synopsys_2021/primelib/T-2022.03-SP1/cdpl_runtime_linux64'
1733458943.679456: 4321-7f7c62c4a0c0: cdpl_compat_master.c:227: in _set_farm_env(): info: exporting SNPSLMD_LICENSE_FILE as `1700@engdmv.utdallas.edu'
1733458943.679458: 4321-7f7c62c4a0c0: cdpl_compat_master.c:247: in _set_farm_env(): info: exporting CDPL_OPTIONS as `[filter][nowlogs]'
1733458943.679460: 4321-7f7c62c4a0c0: cdpl_compat_master.c:254: in _set_farm_env(): info: exporting DISPLAY as `:1038'
1733458943.679462: 4321-7f7c62c4a0c0: cdpl_compat_master.c:262: in _set_farm_env(): info: exporting CDPL_HEARTBEAT as `60'
1733458943.679466: 4321-7f7c62c4a0c0: cdpl_compat_master.c:348: in _set_farm_env(): info: exporting SIS_MALIBU as `2'
1733458943.679467: 4321-7f7c62c4a0c0: cdpl_compat_master.c:348: in _set_farm_env(): info: exporting SIS_CDPL as `5'
1733458943.721009: 4321-7f7c62c4a0c0: cdpl_server.c:738: in cdpl_sv_new_job(): info: new job J1 in M1
1733458943.721024: 4321-7f7c62c4a0c0: cdpl_compat_master.c:1314: in _add_worker(): info: new worker type 100, min:1, max:1, cmd:`/home/eng/s/sxv240035/cad/gf65/primelib_gf65/NAND4/runtime/cdpl/pid4321/run_4321.sh'
1733458943.721032: 4321-7f7c62c4a0c0: cdpl_server.c:900: in cdpl_sv_new_bin_withfarm(): info: new bin B1 in J1
1733458943.726940: 4321-7f7c62c4a0c0: cdpl_server.c:3116: in cdpl_sv_start_job(): info: starting job J1
1733458943.735432: 4321-7f7c62c4a0c0: cdpl_server.c:1824: in _sv_gen_task(): info: new task T0 in B1 (prio 3)
1733458943.735443: 4321-7f7c62c4a0c0: cdpl_server.c:2558: in cdpl_sv_label_task_va(): info: setting task T0 label to "leakage_power__ACQ_1 of NAND4"
1733458943.735518: 4321-7f7c62c4a0c0: cdpl_server.c:1824: in _sv_gen_task(): info: new task T1 in B1 (prio 5)
1733458943.735561: 4321-7f7c4a94b700: cdpl_server_sched.c:700: in _sv_launch_worker(): info: started worker W1 (as C1) in bin B1
1733458943.735586: 4321-7f7c62c4a0c0: cdpl_server.c:2558: in cdpl_sv_label_task_va(): info: setting task T1 label to "Cin__VSS__hl__ACQ_1 of NAND4"
1733458943.735616: 4321-7f7c62c4a0c0: cdpl_server.c:1824: in _sv_gen_task(): info: new task T2 in B1 (prio 5)
1733458943.735618: 4321-7f7c62c4a0c0: cdpl_server.c:2558: in cdpl_sv_label_task_va(): info: setting task T2 label to "Cin__VSS__lh__ACQ_1 of NAND4"
1733458943.735642: 4321-7f7c62c4a0c0: cdpl_server.c:1824: in _sv_gen_task(): info: new task T3 in B1 (prio 2)
1733458943.735644: 4321-7f7c62c4a0c0: cdpl_server.c:2558: in cdpl_sv_label_task_va(): info: setting task T3 label to "delay__A__hl__OUT__lh__ACQ_1 of NAND4"
1733458943.735665: 4321-7f7c62c4a0c0: cdpl_server.c:1824: in _sv_gen_task(): info: new task T4 in B1 (prio 2)
1733458943.735667: 4321-7f7c62c4a0c0: cdpl_server.c:2558: in cdpl_sv_label_task_va(): info: setting task T4 label to "delay__A__lh__OUT__hl__ACQ_1 of NAND4"
1733458943.735686: 4321-7f7c62c4a0c0: cdpl_server.c:1824: in _sv_gen_task(): info: new task T5 in B1 (prio 2)
1733458943.735689: 4321-7f7c62c4a0c0: cdpl_server.c:2558: in cdpl_sv_label_task_va(): info: setting task T5 label to "delay__B__hl__OUT__lh__ACQ_1 of NAND4"
1733458943.735707: 4321-7f7c62c4a0c0: cdpl_server.c:1824: in _sv_gen_task(): info: new task T6 in B1 (prio 2)
1733458943.735710: 4321-7f7c62c4a0c0: cdpl_server.c:2558: in cdpl_sv_label_task_va(): info: setting task T6 label to "delay__B__lh__OUT__hl__ACQ_1 of NAND4"
1733458943.735729: 4321-7f7c62c4a0c0: cdpl_server.c:1824: in _sv_gen_task(): info: new task T7 in B1 (prio 2)
1733458943.735731: 4321-7f7c62c4a0c0: cdpl_server.c:2558: in cdpl_sv_label_task_va(): info: setting task T7 label to "delay__C__hl__OUT__lh__ACQ_1 of NAND4"
1733458943.735750: 4321-7f7c62c4a0c0: cdpl_server.c:1824: in _sv_gen_task(): info: new task T8 in B1 (prio 2)
1733458943.735752: 4321-7f7c62c4a0c0: cdpl_server.c:2558: in cdpl_sv_label_task_va(): info: setting task T8 label to "delay__C__lh__OUT__hl__ACQ_1 of NAND4"
1733458943.735771: 4321-7f7c62c4a0c0: cdpl_server.c:1824: in _sv_gen_task(): info: new task T9 in B1 (prio 2)
1733458943.735773: 4321-7f7c62c4a0c0: cdpl_server.c:2558: in cdpl_sv_label_task_va(): info: setting task T9 label to "delay__D__hl__OUT__lh__ACQ_1 of NAND4"
1733458943.735796: 4321-7f7c62c4a0c0: cdpl_server.c:1824: in _sv_gen_task(): info: new task T10 in B1 (prio 2)
1733458943.735798: 4321-7f7c62c4a0c0: cdpl_server.c:2558: in cdpl_sv_label_task_va(): info: setting task T10 label to "delay__D__lh__OUT__hl__ACQ_1 of NAND4"
1733458943.735819: 4321-7f7c62c4a0c0: cdpl_server.c:1824: in _sv_gen_task(): info: new task T11 in B1 (prio 5)
1733458943.735822: 4321-7f7c62c4a0c0: cdpl_server.c:2558: in cdpl_sv_label_task_va(): info: setting task T11 label to "Cin__VDD__hl__ACQ_1 of NAND4"
1733458943.735840: 4321-7f7c62c4a0c0: cdpl_server.c:1824: in _sv_gen_task(): info: new task T12 in B1 (prio 5)
1733458943.735843: 4321-7f7c62c4a0c0: cdpl_server.c:2558: in cdpl_sv_label_task_va(): info: setting task T12 label to "Cin__VDD__lh__ACQ_1 of NAND4"
1733458943.736240: 4321-7f7c4a14a700: cdpl_farm.c:1899: in _schedule(): info: worker submit failure threshold set to 100
1733458943.736268: 4321-7f7c4a14a700: cdpl_sh.c:49: in _sh_detached_submit(): info: SH : /home/eng/s/sxv240035/cad/gf65/primelib_gf65/NAND4/runtime/cdpl/pid4321/run_4321.sh
1733458944.376812: 4321-7f7c4b14c700: cdpl_server_ipc.c:452: in _sv_on_hello(): info: W1 is `10.182.66.67:46222'
1733458944.376831: 4321-7f7c4b14c700: cdpl_server_ipc.c:454: in _sv_on_hello(): info: W1 log file is /dev/null
1733458944.376840: 4321-7f7c4b14c700: cdpl_server_ipc.c:481: in _sv_on_hello(): info: up to 1 alive workers in B1
1733458944.376861: 4321-7f7c4a94b700: cdpl_server_sched.c:955: in _assign(): info: assigning task T3 to worker W1
1733458951.231842: 4321-7f7c4b14c700: cdpl_server_ipc.c:857: in _sv_on_finish(): info: worker W1 completed task T3
1733458951.231879: 4321-7f7c4a94b700: cdpl_server_sched.c:955: in _assign(): info: assigning task T4 to worker W1
1733458957.881549: 4321-7f7c4b14c700: cdpl_server_ipc.c:857: in _sv_on_finish(): info: worker W1 completed task T4
1733458957.881598: 4321-7f7c4a94b700: cdpl_server_sched.c:955: in _assign(): info: assigning task T5 to worker W1
1733458964.478266: 4321-7f7c4b14c700: cdpl_server_ipc.c:857: in _sv_on_finish(): info: worker W1 completed task T5
1733458964.478301: 4321-7f7c4a94b700: cdpl_server_sched.c:955: in _assign(): info: assigning task T6 to worker W1
1733458971.147301: 4321-7f7c4b14c700: cdpl_server_ipc.c:857: in _sv_on_finish(): info: worker W1 completed task T6
1733458971.147345: 4321-7f7c4a94b700: cdpl_server_sched.c:955: in _assign(): info: assigning task T7 to worker W1
1733458977.894898: 4321-7f7c4b14c700: cdpl_server_ipc.c:857: in _sv_on_finish(): info: worker W1 completed task T7
1733458977.895150: 4321-7f7c4a94b700: cdpl_server_sched.c:955: in _assign(): info: assigning task T8 to worker W1
1733458984.555858: 4321-7f7c4b14c700: cdpl_server_ipc.c:857: in _sv_on_finish(): info: worker W1 completed task T8
1733458984.555895: 4321-7f7c4a94b700: cdpl_server_sched.c:955: in _assign(): info: assigning task T9 to worker W1
1733458991.223341: 4321-7f7c4b14c700: cdpl_server_ipc.c:857: in _sv_on_finish(): info: worker W1 completed task T9
1733458991.223385: 4321-7f7c4a94b700: cdpl_server_sched.c:955: in _assign(): info: assigning task T10 to worker W1
1733458997.878094: 4321-7f7c4b14c700: cdpl_server_ipc.c:857: in _sv_on_finish(): info: worker W1 completed task T10
1733458997.878140: 4321-7f7c4a94b700: cdpl_server_sched.c:955: in _assign(): info: assigning task T0 to worker W1
1733459004.326575: 4321-7f7c4b14c700: cdpl_server_ipc.c:857: in _sv_on_finish(): info: worker W1 completed task T0
1733459004.326612: 4321-7f7c4a94b700: cdpl_server_sched.c:955: in _assign(): info: assigning task T1 to worker W1
1733459010.864968: 4321-7f7c4b14c700: cdpl_server_ipc.c:857: in _sv_on_finish(): info: worker W1 completed task T1
1733459010.866702: 4321-7f7c4a94b700: cdpl_server_sched.c:955: in _assign(): info: assigning task T2 to worker W1
1733459017.371016: 4321-7f7c4b14c700: cdpl_server_ipc.c:857: in _sv_on_finish(): info: worker W1 completed task T2
1733459017.371057: 4321-7f7c4a94b700: cdpl_server_sched.c:955: in _assign(): info: assigning task T11 to worker W1
1733459023.903749: 4321-7f7c4b14c700: cdpl_server_ipc.c:857: in _sv_on_finish(): info: worker W1 completed task T11
1733459023.903795: 4321-7f7c4a94b700: cdpl_server_sched.c:955: in _assign(): info: assigning task T12 to worker W1
1733459030.344351: 4321-7f7c4b14c700: cdpl_server_ipc.c:857: in _sv_on_finish(): info: worker W1 completed task T12
1733459055.469765: 4321-7f7c62c4a0c0: cdpl_compat_master.c:5152: in cdplMasterLogInfo(): info: [non-CDPL log entry] Ending current CDPL job
1733459055.469997: 4321-7f7c62c4a0c0: cdpl_server.c:2890: in cdpl_sv_halt_job_errno(): info: stopping job J1
1733459055.470068: 4321-7f7c4a94b700: cdpl_server_sched.c:2711: in _sv_drop_worker(): info: down to 0 alive workers in B1
1733459055.470126: 4321-7f7c62c4a0c0: cdpl_server.c:2875: in cdpl_sv_halt_job_errno(): info: killing job J1
1733459055.470133: 4321-7f7c62c4a0c0: cdpl_server.c:288: in _sv_free_job(): info: freeing job J1
1733459055.470171: 4321-7f7c62c4a0c0: cdpl_farm.c:2395: in cdpl_farm_free(): info: freeing farm
1733459055.470402: 4321-7f7c62c4a0c0: cdpl_server.c:3011: in cdpl_sv_free(): info: freeing server S725614226
1733459055.470404: 4321-7f7c62c4a0c0: cdpl_server.c:2976: in cdpl_sv_kill_errno(): info: killing server
1733459055.470450: 4321-7f7c62c4a0c0: cdpl_server.c:328: in _sv_free_master(): info: freeing master M1
1733459055.470499: 4321-7f7c62c4a0c0: cdpl_log.c:371: in cdpl_log_close(): info: @@end_of_log@@
