1729719796.237165: 19582-7f31586f80c0: cdpl_log.c:228: in cdpl_log_open(): info: @@start_of_log@@
1729719796.237198: 19582-7f31586f80c0: cdpl_log.c:866: in cdpl_log_dump_sysinfo(): info: time: 2024/10/23 16:43:16 CDT -0500
1729719796.237204: 19582-7f31586f80c0: cdpl_log.c:868: in cdpl_log_dump_sysinfo(): info: version: T-2022.03 
1729719796.237206: 19582-7f31586f80c0: cdpl_log.c:870: in cdpl_log_dump_sysinfo(): info: system: Linux 3.10.0-1160.119.1.el7.x86_64 #1 SMP Tue May 14 11:55:25 EDT 2024
1729719796.237208: 19582-7f31586f80c0: cdpl_log.c:875: in cdpl_log_dump_sysinfo(): info: processor: x86_64 64-bits
1729719796.237210: 19582-7f31586f80c0: cdpl_log.c:879: in cdpl_log_dump_sysinfo(): info: hostname: engnx02a.utdallas.edu
1729719796.237212: 19582-7f31586f80c0: cdpl_log.c:230: in cdpl_log_open(): debug: path: /home/eng/s/sxv240035/cad/gf65/primelib_gf65/AOI21/runtime/cdpl/pid19582/master.engnx02a.utdallas.edu.19582.log
1729719796.237215: 19582-7f31586f80c0: cdpl_log.c:231: in cdpl_log_open(): debug: dir: /home/eng/s/sxv240035/cad/gf65/primelib_gf65/AOI21/runtime/cdpl/pid19582
1729719796.237222: 19582-7f31586f80c0: cdpl_log.c:758: in cdpl_log_set_filter(): info: filter level 1
1729719796.237246: 19582-7f31586f80c0: cdpl_server.c:543: in cdpl_sv_init(): info: new server S463213392
1729719796.237256: 19582-7f31586f80c0: cdpl_ipc.c:3030: in cdpl_ipc_init(): info: requesting IPv4 protocol
1729719796.237756: 19582-7f31586f80c0: cdpl_ipc.c:800: in _selectaddrfamily(): info: selected IPv4 protocol
1729719796.238095: 19582-7f31586f80c0: cdpl_server.c:657: in cdpl_sv_new_master(): info: new master M1
1729719796.238114: 19582-7f31586f80c0: cdpl_server.c:5494: in cdpl_sv_ctl_master(): info: Setting worker heartbeat to 60 seconds
1729719796.238119: 19582-7f31586f80c0: cdpl_server.c:5503: in cdpl_sv_ctl_master(): info: Setting worker heartbeat timeout to 3 heartbeats
1729719796.238124: 19582-7f31586f80c0: cdpl_compat_master.c:2407: in cdplInitMaster(): info: bcast dir is `/dev/null'
1729719796.238184: 19582-7f31586f80c0: cdpl_server.c:5394: in cdpl_sv_ctl_master(): info: farm worker timeout set to 36000
1729719796.238187: 19582-7f31586f80c0: cdpl_server.c:5410: in cdpl_sv_ctl_master(): info: grid worker timeout set to 36000
1729719796.238189: 19582-7f31586f80c0: cdpl_server.c:5438: in cdpl_sv_ctl_master(): info: farm submit command failure threshold set to 100
1729719796.238227: 19582-7f31586f80c0: cdpl_farm.c:2268: in cdpl_farm_new_sh(): info: creating SH farm on localhost
1729719796.238246: 19582-7f31586f80c0: cdpl_compat_master.c:207: in _set_farm_env(): info: exporting CDPL_LOGDIR as `/home/eng/s/sxv240035/cad/gf65/primelib_gf65/AOI21/runtime/cdpl/pid19582'
1729719796.238249: 19582-7f31586f80c0: cdpl_compat_master.c:213: in _set_farm_env(): info: exporting CDPL_TMPDIR as `/var/tmp'
1729719796.238252: 19582-7f31586f80c0: cdpl_compat_master.c:220: in _set_farm_env(): info: exporting CDPL_HOME as `/proj/cad/synopsys/synopsys_2021/primelib/T-2022.03-SP1/cdpl_runtime_linux64'
1729719796.238255: 19582-7f31586f80c0: cdpl_compat_master.c:227: in _set_farm_env(): info: exporting SNPSLMD_LICENSE_FILE as `1700@engdmv.utdallas.edu'
1729719796.238258: 19582-7f31586f80c0: cdpl_compat_master.c:247: in _set_farm_env(): info: exporting CDPL_OPTIONS as `[filter][nowlogs]'
1729719796.238261: 19582-7f31586f80c0: cdpl_compat_master.c:254: in _set_farm_env(): info: exporting DISPLAY as `:1027'
1729719796.238264: 19582-7f31586f80c0: cdpl_compat_master.c:262: in _set_farm_env(): info: exporting CDPL_HEARTBEAT as `60'
1729719796.238267: 19582-7f31586f80c0: cdpl_compat_master.c:348: in _set_farm_env(): info: exporting SIS_MALIBU as `2'
1729719796.238269: 19582-7f31586f80c0: cdpl_compat_master.c:348: in _set_farm_env(): info: exporting SIS_CDPL as `5'
1729719796.297472: 19582-7f31586f80c0: cdpl_server.c:738: in cdpl_sv_new_job(): info: new job J1 in M1
1729719796.297491: 19582-7f31586f80c0: cdpl_compat_master.c:1314: in _add_worker(): info: new worker type 100, min:1, max:1, cmd:`/home/eng/s/sxv240035/cad/gf65/primelib_gf65/AOI21/runtime/cdpl/pid19582/run_19582.sh'
1729719796.297504: 19582-7f31586f80c0: cdpl_server.c:900: in cdpl_sv_new_bin_withfarm(): info: new bin B1 in J1
1729719796.304954: 19582-7f31586f80c0: cdpl_server.c:3116: in cdpl_sv_start_job(): info: starting job J1
1729719796.316892: 19582-7f31586f80c0: cdpl_server.c:1824: in _sv_gen_task(): info: new task T0 in B1 (prio 2)
1729719796.316906: 19582-7f31586f80c0: cdpl_server.c:2558: in cdpl_sv_label_task_va(): info: setting task T0 label to "delay__B__lh__OUT__hl__ACQ_1 of AOI21"
1729719796.316978: 19582-7f31586f80c0: cdpl_server.c:1824: in _sv_gen_task(): info: new task T1 in B1 (prio 2)
1729719796.317023: 19582-7f31403f9700: cdpl_server_sched.c:700: in _sv_launch_worker(): info: started worker W1 (as C1) in bin B1
1729719796.317042: 19582-7f31586f80c0: cdpl_server.c:2558: in cdpl_sv_label_task_va(): info: setting task T1 label to "delay__B__hl__OUT__lh__ACQ_1 of AOI21"
1729719796.317054: 19582-7f313fbf8700: cdpl_farm.c:1899: in _schedule(): info: worker submit failure threshold set to 100
1729719796.317075: 19582-7f313fbf8700: cdpl_sh.c:49: in _sh_detached_submit(): info: SH : /home/eng/s/sxv240035/cad/gf65/primelib_gf65/AOI21/runtime/cdpl/pid19582/run_19582.sh
1729719796.317080: 19582-7f31586f80c0: cdpl_server.c:1824: in _sv_gen_task(): info: new task T2 in B1 (prio 3)
1729719796.317084: 19582-7f31586f80c0: cdpl_server.c:2558: in cdpl_sv_label_task_va(): info: setting task T2 label to "leakage_power__ACQ_1 of AOI21"
1729719796.319759: 19582-7f31586f80c0: cdpl_server.c:1824: in _sv_gen_task(): info: new task T3 in B1 (prio 2)
1729719796.319774: 19582-7f31586f80c0: cdpl_server.c:2558: in cdpl_sv_label_task_va(): info: setting task T3 label to "delay__C__lh__OUT__hl__ACQ_1 of AOI21"
1729719796.319951: 19582-7f31586f80c0: cdpl_server.c:1824: in _sv_gen_task(): info: new task T4 in B1 (prio 2)
1729719796.319955: 19582-7f31586f80c0: cdpl_server.c:2558: in cdpl_sv_label_task_va(): info: setting task T4 label to "delay__C__hl__OUT__lh__ACQ_1 of AOI21"
1729719796.319999: 19582-7f31586f80c0: cdpl_server.c:1824: in _sv_gen_task(): info: new task T5 in B1 (prio 5)
1729719796.320002: 19582-7f31586f80c0: cdpl_server.c:2558: in cdpl_sv_label_task_va(): info: setting task T5 label to "Cin__VSS__lh__ACQ_1 of AOI21"
1729719796.320086: 19582-7f31586f80c0: cdpl_server.c:1824: in _sv_gen_task(): info: new task T6 in B1 (prio 5)
1729719796.320091: 19582-7f31586f80c0: cdpl_server.c:2558: in cdpl_sv_label_task_va(): info: setting task T6 label to "Cin__VSS__hl__ACQ_1 of AOI21"
1729719796.320134: 19582-7f31586f80c0: cdpl_server.c:1824: in _sv_gen_task(): info: new task T7 in B1 (prio 2)
1729719796.320137: 19582-7f31586f80c0: cdpl_server.c:2558: in cdpl_sv_label_task_va(): info: setting task T7 label to "delay__A__lh__OUT__hl__ACQ_1 of AOI21"
1729719796.320174: 19582-7f31586f80c0: cdpl_server.c:1824: in _sv_gen_task(): info: new task T8 in B1 (prio 2)
1729719796.320177: 19582-7f31586f80c0: cdpl_server.c:2558: in cdpl_sv_label_task_va(): info: setting task T8 label to "delay__A__hl__OUT__lh__ACQ_1 of AOI21"
1729719796.320213: 19582-7f31586f80c0: cdpl_server.c:1824: in _sv_gen_task(): info: new task T9 in B1 (prio 5)
1729719796.320219: 19582-7f31586f80c0: cdpl_server.c:2558: in cdpl_sv_label_task_va(): info: setting task T9 label to "Cin__VDD__lh__ACQ_1 of AOI21"
1729719796.320283: 19582-7f31586f80c0: cdpl_server.c:1824: in _sv_gen_task(): info: new task T10 in B1 (prio 5)
1729719796.320287: 19582-7f31586f80c0: cdpl_server.c:2558: in cdpl_sv_label_task_va(): info: setting task T10 label to "Cin__VDD__hl__ACQ_1 of AOI21"
1729719798.123973: 19582-7f3140bfa700: cdpl_server_ipc.c:452: in _sv_on_hello(): info: W1 is `10.182.66.67:37532'
1729719798.123989: 19582-7f3140bfa700: cdpl_server_ipc.c:454: in _sv_on_hello(): info: W1 log file is /dev/null
1729719798.123997: 19582-7f3140bfa700: cdpl_server_ipc.c:481: in _sv_on_hello(): info: up to 1 alive workers in B1
1729719798.124030: 19582-7f31403f9700: cdpl_server_sched.c:955: in _assign(): info: assigning task T0 to worker W1
1729719805.623645: 19582-7f3140bfa700: cdpl_server_ipc.c:857: in _sv_on_finish(): info: worker W1 completed task T0
1729719805.623701: 19582-7f31403f9700: cdpl_server_sched.c:955: in _assign(): info: assigning task T1 to worker W1
1729719812.413926: 19582-7f3140bfa700: cdpl_server_ipc.c:857: in _sv_on_finish(): info: worker W1 completed task T1
1729719812.413966: 19582-7f31403f9700: cdpl_server_sched.c:955: in _assign(): info: assigning task T3 to worker W1
1729719819.357304: 19582-7f3140bfa700: cdpl_server_ipc.c:857: in _sv_on_finish(): info: worker W1 completed task T3
1729719819.357344: 19582-7f31403f9700: cdpl_server_sched.c:955: in _assign(): info: assigning task T4 to worker W1
1729719830.914842: 19582-7f3140bfa700: cdpl_server_ipc.c:857: in _sv_on_finish(): info: worker W1 completed task T4
1729719830.997028: 19582-7f31403f9700: cdpl_server_sched.c:955: in _assign(): info: assigning task T7 to worker W1
1729719838.594886: 19582-7f3140bfa700: cdpl_server_ipc.c:857: in _sv_on_finish(): info: worker W1 completed task T7
1729719838.594926: 19582-7f31403f9700: cdpl_server_sched.c:955: in _assign(): info: assigning task T8 to worker W1
1729719845.453492: 19582-7f3140bfa700: cdpl_server_ipc.c:857: in _sv_on_finish(): info: worker W1 completed task T8
1729719845.453535: 19582-7f31403f9700: cdpl_server_sched.c:955: in _assign(): info: assigning task T2 to worker W1
1729719852.231257: 19582-7f3140bfa700: cdpl_server_ipc.c:857: in _sv_on_finish(): info: worker W1 completed task T2
1729719852.231299: 19582-7f31403f9700: cdpl_server_sched.c:955: in _assign(): info: assigning task T5 to worker W1
1729719859.093543: 19582-7f3140bfa700: cdpl_server_ipc.c:857: in _sv_on_finish(): info: worker W1 completed task T5
1729719859.093585: 19582-7f31403f9700: cdpl_server_sched.c:955: in _assign(): info: assigning task T6 to worker W1
1729719865.940625: 19582-7f3140bfa700: cdpl_server_ipc.c:857: in _sv_on_finish(): info: worker W1 completed task T6
1729719865.940881: 19582-7f31403f9700: cdpl_server_sched.c:955: in _assign(): info: assigning task T9 to worker W1
1729719873.437196: 19582-7f3140bfa700: cdpl_server_ipc.c:857: in _sv_on_finish(): info: worker W1 completed task T9
1729719873.437241: 19582-7f31403f9700: cdpl_server_sched.c:955: in _assign(): info: assigning task T10 to worker W1
1729719880.950540: 19582-7f3140bfa700: cdpl_server_ipc.c:857: in _sv_on_finish(): info: worker W1 completed task T10
1729720271.247565: 19582-7f31586f80c0: cdpl_server.c:1824: in _sv_gen_task(): info: new task T11 in B1 (prio 3)
1729720271.247580: 19582-7f31586f80c0: cdpl_server.c:2558: in cdpl_sv_label_task_va(): info: setting task T11 label to "leakage_power__ACQ_1 of AOI22"
1729720271.247615: 19582-7f31403f9700: cdpl_server_sched.c:955: in _assign(): info: assigning task T11 to worker W1
1729720271.247646: 19582-7f31586f80c0: cdpl_server.c:1824: in _sv_gen_task(): info: new task T12 in B1 (prio 5)
1729720271.247666: 19582-7f31586f80c0: cdpl_server.c:2558: in cdpl_sv_label_task_va(): info: setting task T12 label to "Cin__VSS__hl__ACQ_1 of AOI22"
1729720271.247690: 19582-7f31586f80c0: cdpl_server.c:1824: in _sv_gen_task(): info: new task T13 in B1 (prio 5)
1729720271.247693: 19582-7f31586f80c0: cdpl_server.c:2558: in cdpl_sv_label_task_va(): info: setting task T13 label to "Cin__VSS__lh__ACQ_1 of AOI22"
1729720271.247719: 19582-7f31586f80c0: cdpl_server.c:1824: in _sv_gen_task(): info: new task T14 in B1 (prio 2)
1729720271.247721: 19582-7f31586f80c0: cdpl_server.c:2558: in cdpl_sv_label_task_va(): info: setting task T14 label to "delay__A__hl__OUT__lh__ACQ_1 of AOI22"
1729720271.247749: 19582-7f31586f80c0: cdpl_server.c:1824: in _sv_gen_task(): info: new task T15 in B1 (prio 2)
1729720271.247752: 19582-7f31586f80c0: cdpl_server.c:2558: in cdpl_sv_label_task_va(): info: setting task T15 label to "delay__A__lh__OUT__hl__ACQ_1 of AOI22"
1729720271.247773: 19582-7f31586f80c0: cdpl_server.c:1824: in _sv_gen_task(): info: new task T16 in B1 (prio 2)
1729720271.247775: 19582-7f31586f80c0: cdpl_server.c:2558: in cdpl_sv_label_task_va(): info: setting task T16 label to "delay__B__hl__OUT__lh__ACQ_1 of AOI22"
1729720271.247795: 19582-7f31586f80c0: cdpl_server.c:1824: in _sv_gen_task(): info: new task T17 in B1 (prio 2)
1729720271.247800: 19582-7f31586f80c0: cdpl_server.c:2558: in cdpl_sv_label_task_va(): info: setting task T17 label to "delay__B__lh__OUT__hl__ACQ_1 of AOI22"
1729720271.247820: 19582-7f31586f80c0: cdpl_server.c:1824: in _sv_gen_task(): info: new task T18 in B1 (prio 2)
1729720271.247823: 19582-7f31586f80c0: cdpl_server.c:2558: in cdpl_sv_label_task_va(): info: setting task T18 label to "delay__C__hl__OUT__lh__ACQ_1 of AOI22"
1729720271.247842: 19582-7f31586f80c0: cdpl_server.c:1824: in _sv_gen_task(): info: new task T19 in B1 (prio 2)
1729720271.247845: 19582-7f31586f80c0: cdpl_server.c:2558: in cdpl_sv_label_task_va(): info: setting task T19 label to "delay__C__lh__OUT__hl__ACQ_1 of AOI22"
1729720271.247864: 19582-7f31586f80c0: cdpl_server.c:1824: in _sv_gen_task(): info: new task T20 in B1 (prio 2)
1729720271.247866: 19582-7f31586f80c0: cdpl_server.c:2558: in cdpl_sv_label_task_va(): info: setting task T20 label to "delay__D__hl__OUT__lh__ACQ_1 of AOI22"
1729720271.247885: 19582-7f31586f80c0: cdpl_server.c:1824: in _sv_gen_task(): info: new task T21 in B1 (prio 2)
1729720271.247888: 19582-7f31586f80c0: cdpl_server.c:2558: in cdpl_sv_label_task_va(): info: setting task T21 label to "delay__D__lh__OUT__hl__ACQ_1 of AOI22"
1729720271.247906: 19582-7f31586f80c0: cdpl_server.c:1824: in _sv_gen_task(): info: new task T22 in B1 (prio 5)
1729720271.247908: 19582-7f31586f80c0: cdpl_server.c:2558: in cdpl_sv_label_task_va(): info: setting task T22 label to "Cin__VDD__hl__ACQ_1 of AOI22"
1729720271.247927: 19582-7f31586f80c0: cdpl_server.c:1824: in _sv_gen_task(): info: new task T23 in B1 (prio 5)
1729720271.247930: 19582-7f31586f80c0: cdpl_server.c:2558: in cdpl_sv_label_task_va(): info: setting task T23 label to "Cin__VDD__lh__ACQ_1 of AOI22"
1729720278.658218: 19582-7f3140bfa700: cdpl_server_ipc.c:857: in _sv_on_finish(): info: worker W1 completed task T11
1729720278.658272: 19582-7f31403f9700: cdpl_server_sched.c:955: in _assign(): info: assigning task T14 to worker W1
1729720285.795535: 19582-7f3140bfa700: cdpl_server_ipc.c:857: in _sv_on_finish(): info: worker W1 completed task T14
1729720285.795581: 19582-7f31403f9700: cdpl_server_sched.c:955: in _assign(): info: assigning task T15 to worker W1
1729720292.704122: 19582-7f3140bfa700: cdpl_server_ipc.c:857: in _sv_on_finish(): info: worker W1 completed task T15
1729720292.704164: 19582-7f31403f9700: cdpl_server_sched.c:955: in _assign(): info: assigning task T16 to worker W1
1729720300.088759: 19582-7f3140bfa700: cdpl_server_ipc.c:857: in _sv_on_finish(): info: worker W1 completed task T16
1729720300.156027: 19582-7f31403f9700: cdpl_server_sched.c:955: in _assign(): info: assigning task T17 to worker W1
1729720309.223147: 19582-7f3140bfa700: cdpl_server_ipc.c:857: in _sv_on_finish(): info: worker W1 completed task T17
1729720309.223196: 19582-7f31403f9700: cdpl_server_sched.c:955: in _assign(): info: assigning task T18 to worker W1
1729720317.418705: 19582-7f3140bfa700: cdpl_server_ipc.c:857: in _sv_on_finish(): info: worker W1 completed task T18
1729720317.418748: 19582-7f31403f9700: cdpl_server_sched.c:955: in _assign(): info: assigning task T19 to worker W1
1729720324.291951: 19582-7f3140bfa700: cdpl_server_ipc.c:857: in _sv_on_finish(): info: worker W1 completed task T19
1729720324.291991: 19582-7f31403f9700: cdpl_server_sched.c:955: in _assign(): info: assigning task T20 to worker W1
1729720331.351364: 19582-7f3140bfa700: cdpl_server_ipc.c:857: in _sv_on_finish(): info: worker W1 completed task T20
1729720331.351411: 19582-7f31403f9700: cdpl_server_sched.c:955: in _assign(): info: assigning task T21 to worker W1
1729720338.273102: 19582-7f3140bfa700: cdpl_server_ipc.c:857: in _sv_on_finish(): info: worker W1 completed task T21
1729720338.273143: 19582-7f31403f9700: cdpl_server_sched.c:955: in _assign(): info: assigning task T12 to worker W1
1729720345.143545: 19582-7f3140bfa700: cdpl_server_ipc.c:857: in _sv_on_finish(): info: worker W1 completed task T12
1729720345.143585: 19582-7f31403f9700: cdpl_server_sched.c:955: in _assign(): info: assigning task T13 to worker W1
1729720354.050163: 19582-7f3140bfa700: cdpl_server_ipc.c:857: in _sv_on_finish(): info: worker W1 completed task T13
1729720354.050205: 19582-7f31403f9700: cdpl_server_sched.c:955: in _assign(): info: assigning task T22 to worker W1
1729720361.623435: 19582-7f3140bfa700: cdpl_server_ipc.c:857: in _sv_on_finish(): info: worker W1 completed task T22
1729720361.623506: 19582-7f31403f9700: cdpl_server_sched.c:955: in _assign(): info: assigning task T23 to worker W1
1729720368.853034: 19582-7f3140bfa700: cdpl_server_ipc.c:857: in _sv_on_finish(): info: worker W1 completed task T23
1729720537.268041: 19582-7f31586f80c0: cdpl_server.c:1824: in _sv_gen_task(): info: new task T24 in B1 (prio 3)
1729720537.268064: 19582-7f31586f80c0: cdpl_server.c:2558: in cdpl_sv_label_task_va(): info: setting task T24 label to "leakage_power__ACQ_1 of AOI22"
1729720537.268087: 19582-7f31403f9700: cdpl_server_sched.c:955: in _assign(): info: assigning task T24 to worker W1
1729720537.268118: 19582-7f31586f80c0: cdpl_server.c:1824: in _sv_gen_task(): info: new task T25 in B1 (prio 5)
1729720537.268122: 19582-7f31586f80c0: cdpl_server.c:2558: in cdpl_sv_label_task_va(): info: setting task T25 label to "Cin__VSS__hl__ACQ_1 of AOI22"
1729720537.268148: 19582-7f31586f80c0: cdpl_server.c:1824: in _sv_gen_task(): info: new task T26 in B1 (prio 5)
1729720537.268151: 19582-7f31586f80c0: cdpl_server.c:2558: in cdpl_sv_label_task_va(): info: setting task T26 label to "Cin__VSS__lh__ACQ_1 of AOI22"
1729720537.268178: 19582-7f31586f80c0: cdpl_server.c:1824: in _sv_gen_task(): info: new task T27 in B1 (prio 2)
1729720537.268180: 19582-7f31586f80c0: cdpl_server.c:2558: in cdpl_sv_label_task_va(): info: setting task T27 label to "delay__A__hl__OUT__lh__ACQ_1 of AOI22"
1729720537.268201: 19582-7f31586f80c0: cdpl_server.c:1824: in _sv_gen_task(): info: new task T28 in B1 (prio 2)
1729720537.268204: 19582-7f31586f80c0: cdpl_server.c:2558: in cdpl_sv_label_task_va(): info: setting task T28 label to "delay__A__lh__OUT__hl__ACQ_1 of AOI22"
1729720537.268224: 19582-7f31586f80c0: cdpl_server.c:1824: in _sv_gen_task(): info: new task T29 in B1 (prio 2)
1729720537.268227: 19582-7f31586f80c0: cdpl_server.c:2558: in cdpl_sv_label_task_va(): info: setting task T29 label to "delay__B__hl__OUT__lh__ACQ_1 of AOI22"
1729720537.268245: 19582-7f31586f80c0: cdpl_server.c:1824: in _sv_gen_task(): info: new task T30 in B1 (prio 2)
1729720537.268248: 19582-7f31586f80c0: cdpl_server.c:2558: in cdpl_sv_label_task_va(): info: setting task T30 label to "delay__B__lh__OUT__hl__ACQ_1 of AOI22"
1729720537.268267: 19582-7f31586f80c0: cdpl_server.c:1824: in _sv_gen_task(): info: new task T31 in B1 (prio 2)
1729720537.268269: 19582-7f31586f80c0: cdpl_server.c:2558: in cdpl_sv_label_task_va(): info: setting task T31 label to "delay__C__hl__OUT__lh__ACQ_1 of AOI22"
1729720537.268289: 19582-7f31586f80c0: cdpl_server.c:1824: in _sv_gen_task(): info: new task T32 in B1 (prio 2)
1729720537.268291: 19582-7f31586f80c0: cdpl_server.c:2558: in cdpl_sv_label_task_va(): info: setting task T32 label to "delay__C__lh__OUT__hl__ACQ_1 of AOI22"
1729720537.268310: 19582-7f31586f80c0: cdpl_server.c:1824: in _sv_gen_task(): info: new task T33 in B1 (prio 2)
1729720537.268312: 19582-7f31586f80c0: cdpl_server.c:2558: in cdpl_sv_label_task_va(): info: setting task T33 label to "delay__D__hl__OUT__lh__ACQ_1 of AOI22"
1729720537.268331: 19582-7f31586f80c0: cdpl_server.c:1824: in _sv_gen_task(): info: new task T34 in B1 (prio 2)
1729720537.268334: 19582-7f31586f80c0: cdpl_server.c:2558: in cdpl_sv_label_task_va(): info: setting task T34 label to "delay__D__lh__OUT__hl__ACQ_1 of AOI22"
1729720537.268352: 19582-7f31586f80c0: cdpl_server.c:1824: in _sv_gen_task(): info: new task T35 in B1 (prio 5)
1729720537.268354: 19582-7f31586f80c0: cdpl_server.c:2558: in cdpl_sv_label_task_va(): info: setting task T35 label to "Cin__VDD__hl__ACQ_1 of AOI22"
1729720537.268372: 19582-7f31586f80c0: cdpl_server.c:1824: in _sv_gen_task(): info: new task T36 in B1 (prio 5)
1729720537.268378: 19582-7f31586f80c0: cdpl_server.c:2558: in cdpl_sv_label_task_va(): info: setting task T36 label to "Cin__VDD__lh__ACQ_1 of AOI22"
1729720544.164458: 19582-7f3140bfa700: cdpl_server_ipc.c:857: in _sv_on_finish(): info: worker W1 completed task T24
1729720544.164526: 19582-7f31403f9700: cdpl_server_sched.c:955: in _assign(): info: assigning task T27 to worker W1
1729720551.529919: 19582-7f3140bfa700: cdpl_server_ipc.c:857: in _sv_on_finish(): info: worker W1 completed task T27
1729720551.529968: 19582-7f31403f9700: cdpl_server_sched.c:955: in _assign(): info: assigning task T28 to worker W1
1729720559.354112: 19582-7f3140bfa700: cdpl_server_ipc.c:857: in _sv_on_finish(): info: worker W1 completed task T28
1729720559.354165: 19582-7f31403f9700: cdpl_server_sched.c:955: in _assign(): info: assigning task T29 to worker W1
1729720566.466552: 19582-7f3140bfa700: cdpl_server_ipc.c:857: in _sv_on_finish(): info: worker W1 completed task T29
1729720566.466592: 19582-7f31403f9700: cdpl_server_sched.c:955: in _assign(): info: assigning task T30 to worker W1
1729720573.543568: 19582-7f3140bfa700: cdpl_server_ipc.c:857: in _sv_on_finish(): info: worker W1 completed task T30
1729720573.543619: 19582-7f31403f9700: cdpl_server_sched.c:955: in _assign(): info: assigning task T31 to worker W1
1729720580.450497: 19582-7f3140bfa700: cdpl_server_ipc.c:857: in _sv_on_finish(): info: worker W1 completed task T31
1729720580.450548: 19582-7f31403f9700: cdpl_server_sched.c:955: in _assign(): info: assigning task T32 to worker W1
1729720587.427372: 19582-7f3140bfa700: cdpl_server_ipc.c:857: in _sv_on_finish(): info: worker W1 completed task T32
1729720587.427419: 19582-7f31403f9700: cdpl_server_sched.c:955: in _assign(): info: assigning task T33 to worker W1
1729720594.256800: 19582-7f3140bfa700: cdpl_server_ipc.c:857: in _sv_on_finish(): info: worker W1 completed task T33
1729720594.256862: 19582-7f31403f9700: cdpl_server_sched.c:955: in _assign(): info: assigning task T34 to worker W1
1729720605.486078: 19582-7f3140bfa700: cdpl_server_ipc.c:857: in _sv_on_finish(): info: worker W1 completed task T34
1729720605.486125: 19582-7f31403f9700: cdpl_server_sched.c:955: in _assign(): info: assigning task T25 to worker W1
1729720615.000349: 19582-7f3140bfa700: cdpl_server_ipc.c:857: in _sv_on_finish(): info: worker W1 completed task T25
1729720615.000386: 19582-7f31403f9700: cdpl_server_sched.c:955: in _assign(): info: assigning task T26 to worker W1
1729720621.940163: 19582-7f3140bfa700: cdpl_server_ipc.c:857: in _sv_on_finish(): info: worker W1 completed task T26
1729720621.940203: 19582-7f31403f9700: cdpl_server_sched.c:955: in _assign(): info: assigning task T35 to worker W1
1729720628.742310: 19582-7f3140bfa700: cdpl_server_ipc.c:857: in _sv_on_finish(): info: worker W1 completed task T35
1729720628.742350: 19582-7f31403f9700: cdpl_server_sched.c:955: in _assign(): info: assigning task T36 to worker W1
1729720635.676797: 19582-7f3140bfa700: cdpl_server_ipc.c:857: in _sv_on_finish(): info: worker W1 completed task T36
1729720839.634889: 19582-7f31586f80c0: cdpl_server.c:1824: in _sv_gen_task(): info: new task T37 in B1 (prio 3)
1729720839.634903: 19582-7f31586f80c0: cdpl_server.c:2558: in cdpl_sv_label_task_va(): info: setting task T37 label to "leakage_power__ACQ_1 of MUX21"
1729720839.634940: 19582-7f31403f9700: cdpl_server_sched.c:955: in _assign(): info: assigning task T37 to worker W1
1729720839.634967: 19582-7f31586f80c0: cdpl_server.c:1824: in _sv_gen_task(): info: new task T38 in B1 (prio 5)
1729720839.634987: 19582-7f31586f80c0: cdpl_server.c:2558: in cdpl_sv_label_task_va(): info: setting task T38 label to "Cin__VSS__hl__ACQ_1 of MUX21"
1729720839.635010: 19582-7f31586f80c0: cdpl_server.c:1824: in _sv_gen_task(): info: new task T39 in B1 (prio 5)
1729720839.635012: 19582-7f31586f80c0: cdpl_server.c:2558: in cdpl_sv_label_task_va(): info: setting task T39 label to "Cin__VSS__lh__ACQ_1 of MUX21"
1729720839.635036: 19582-7f31586f80c0: cdpl_server.c:1824: in _sv_gen_task(): info: new task T40 in B1 (prio 2)
1729720839.635042: 19582-7f31586f80c0: cdpl_server.c:2558: in cdpl_sv_label_task_va(): info: setting task T40 label to "delay__A__hl__OUT__hl__ACQ_1 of MUX21"
1729720839.635072: 19582-7f31586f80c0: cdpl_server.c:1824: in _sv_gen_task(): info: new task T41 in B1 (prio 2)
1729720839.635074: 19582-7f31586f80c0: cdpl_server.c:2558: in cdpl_sv_label_task_va(): info: setting task T41 label to "delay__A__lh__OUT__lh__ACQ_1 of MUX21"
1729720839.635095: 19582-7f31586f80c0: cdpl_server.c:1824: in _sv_gen_task(): info: new task T42 in B1 (prio 2)
1729720839.635098: 19582-7f31586f80c0: cdpl_server.c:2558: in cdpl_sv_label_task_va(): info: setting task T42 label to "delay__B__hl__OUT__hl__ACQ_1 of MUX21"
1729720839.635118: 19582-7f31586f80c0: cdpl_server.c:1824: in _sv_gen_task(): info: new task T43 in B1 (prio 2)
1729720839.635120: 19582-7f31586f80c0: cdpl_server.c:2558: in cdpl_sv_label_task_va(): info: setting task T43 label to "delay__B__lh__OUT__lh__ACQ_1 of MUX21"
1729720839.635140: 19582-7f31586f80c0: cdpl_server.c:1824: in _sv_gen_task(): info: new task T44 in B1 (prio 2)
1729720839.635143: 19582-7f31586f80c0: cdpl_server.c:2558: in cdpl_sv_label_task_va(): info: setting task T44 label to "delay__S__hl__OUT__hl__ACQ_1 of MUX21"
1729720839.635162: 19582-7f31586f80c0: cdpl_server.c:1824: in _sv_gen_task(): info: new task T45 in B1 (prio 2)
1729720839.635165: 19582-7f31586f80c0: cdpl_server.c:2558: in cdpl_sv_label_task_va(): info: setting task T45 label to "delay__S__hl__OUT__lh__ACQ_1 of MUX21"
1729720839.635184: 19582-7f31586f80c0: cdpl_server.c:1824: in _sv_gen_task(): info: new task T46 in B1 (prio 2)
1729720839.635187: 19582-7f31586f80c0: cdpl_server.c:2558: in cdpl_sv_label_task_va(): info: setting task T46 label to "delay__S__lh__OUT__hl__ACQ_1 of MUX21"
1729720839.635207: 19582-7f31586f80c0: cdpl_server.c:1824: in _sv_gen_task(): info: new task T47 in B1 (prio 2)
1729720839.635209: 19582-7f31586f80c0: cdpl_server.c:2558: in cdpl_sv_label_task_va(): info: setting task T47 label to "delay__S__lh__OUT__lh__ACQ_1 of MUX21"
1729720839.635228: 19582-7f31586f80c0: cdpl_server.c:1824: in _sv_gen_task(): info: new task T48 in B1 (prio 5)
1729720839.635231: 19582-7f31586f80c0: cdpl_server.c:2558: in cdpl_sv_label_task_va(): info: setting task T48 label to "Cin__VDD__hl__ACQ_1 of MUX21"
1729720839.635250: 19582-7f31586f80c0: cdpl_server.c:1824: in _sv_gen_task(): info: new task T49 in B1 (prio 5)
1729720839.635252: 19582-7f31586f80c0: cdpl_server.c:2558: in cdpl_sv_label_task_va(): info: setting task T49 label to "Cin__VDD__lh__ACQ_1 of MUX21"
1729720928.679504: 19582-7f3140bfa700: cdpl_server_ipc.c:857: in _sv_on_finish(): info: worker W1 completed task T37
1729720928.679755: 19582-7f31403f9700: cdpl_server_sched.c:955: in _assign(): info: assigning task T40 to worker W1
1729720935.649492: 19582-7f3140bfa700: cdpl_server_ipc.c:857: in _sv_on_finish(): info: worker W1 completed task T40
1729720935.649533: 19582-7f31403f9700: cdpl_server_sched.c:955: in _assign(): info: assigning task T41 to worker W1
1729720942.964981: 19582-7f3140bfa700: cdpl_server_ipc.c:857: in _sv_on_finish(): info: worker W1 completed task T41
1729720942.965024: 19582-7f31403f9700: cdpl_server_sched.c:955: in _assign(): info: assigning task T42 to worker W1
1729720952.961166: 19582-7f3140bfa700: cdpl_server_ipc.c:857: in _sv_on_finish(): info: worker W1 completed task T42
1729720952.961213: 19582-7f31403f9700: cdpl_server_sched.c:955: in _assign(): info: assigning task T43 to worker W1
1729720960.243823: 19582-7f3140bfa700: cdpl_server_ipc.c:857: in _sv_on_finish(): info: worker W1 completed task T43
1729720960.243855: 19582-7f31403f9700: cdpl_server_sched.c:955: in _assign(): info: assigning task T44 to worker W1
1729720967.284937: 19582-7f3140bfa700: cdpl_server_ipc.c:857: in _sv_on_finish(): info: worker W1 completed task T44
1729720967.284978: 19582-7f31403f9700: cdpl_server_sched.c:955: in _assign(): info: assigning task T45 to worker W1
1729720974.168410: 19582-7f3140bfa700: cdpl_server_ipc.c:857: in _sv_on_finish(): info: worker W1 completed task T45
1729720974.168472: 19582-7f31403f9700: cdpl_server_sched.c:955: in _assign(): info: assigning task T46 to worker W1
1729720981.202247: 19582-7f3140bfa700: cdpl_server_ipc.c:857: in _sv_on_finish(): info: worker W1 completed task T46
1729720981.202277: 19582-7f31403f9700: cdpl_server_sched.c:955: in _assign(): info: assigning task T47 to worker W1
1729720997.850186: 19582-7f3140bfa700: cdpl_server_ipc.c:857: in _sv_on_finish(): info: worker W1 completed task T47
1729720997.850212: 19582-7f31403f9700: cdpl_server_sched.c:955: in _assign(): info: assigning task T38 to worker W1
1729721009.681894: 19582-7f3140bfa700: cdpl_server_ipc.c:857: in _sv_on_finish(): info: worker W1 completed task T38
1729721009.681924: 19582-7f31403f9700: cdpl_server_sched.c:955: in _assign(): info: assigning task T39 to worker W1
1729721016.481944: 19582-7f3140bfa700: cdpl_server_ipc.c:857: in _sv_on_finish(): info: worker W1 completed task T39
1729721016.481975: 19582-7f31403f9700: cdpl_server_sched.c:955: in _assign(): info: assigning task T48 to worker W1
1729721023.163319: 19582-7f3140bfa700: cdpl_server_ipc.c:857: in _sv_on_finish(): info: worker W1 completed task T48
1729721023.163371: 19582-7f31403f9700: cdpl_server_sched.c:955: in _assign(): info: assigning task T49 to worker W1
1729721029.901427: 19582-7f3140bfa700: cdpl_server_ipc.c:857: in _sv_on_finish(): info: worker W1 completed task T49
1729721104.314352: 19582-7f31586f80c0: cdpl_compat_master.c:5152: in cdplMasterLogInfo(): info: [non-CDPL log entry] Ending current CDPL job
1729721104.314560: 19582-7f31586f80c0: cdpl_server.c:2890: in cdpl_sv_halt_job_errno(): info: stopping job J1
1729721104.314649: 19582-7f31403f9700: cdpl_server_sched.c:2711: in _sv_drop_worker(): info: down to 0 alive workers in B1
1729721104.314700: 19582-7f31586f80c0: cdpl_server.c:2875: in cdpl_sv_halt_job_errno(): info: killing job J1
1729721104.314709: 19582-7f31586f80c0: cdpl_server.c:288: in _sv_free_job(): info: freeing job J1
1729721104.314815: 19582-7f31586f80c0: cdpl_farm.c:2395: in cdpl_farm_free(): info: freeing farm
1729721104.315023: 19582-7f31586f80c0: cdpl_server.c:3011: in cdpl_sv_free(): info: freeing server S463213392
1729721104.315025: 19582-7f31586f80c0: cdpl_server.c:2976: in cdpl_sv_kill_errno(): info: killing server
1729721104.315214: 19582-7f31586f80c0: cdpl_server.c:328: in _sv_free_master(): info: freeing master M1
1729721104.315289: 19582-7f31586f80c0: cdpl_log.c:371: in cdpl_log_close(): info: @@end_of_log@@
