1731529102.895917: 30081-7f46d18ce0c0: cdpl_log.c:228: in cdpl_log_open(): info: @@start_of_log@@
1731529102.895944: 30081-7f46d18ce0c0: cdpl_log.c:866: in cdpl_log_dump_sysinfo(): info: time: 2024/11/13 14:18:22 CST -0600
1731529102.895949: 30081-7f46d18ce0c0: cdpl_log.c:868: in cdpl_log_dump_sysinfo(): info: version: T-2022.03 
1731529102.895951: 30081-7f46d18ce0c0: cdpl_log.c:870: in cdpl_log_dump_sysinfo(): info: system: Linux 3.10.0-1160.119.1.el7.x86_64 #1 SMP Tue May 14 11:55:25 EDT 2024
1731529102.895953: 30081-7f46d18ce0c0: cdpl_log.c:875: in cdpl_log_dump_sysinfo(): info: processor: x86_64 64-bits
1731529102.895955: 30081-7f46d18ce0c0: cdpl_log.c:879: in cdpl_log_dump_sysinfo(): info: hostname: engnx02a.utdallas.edu
1731529102.895957: 30081-7f46d18ce0c0: cdpl_log.c:230: in cdpl_log_open(): debug: path: /home/eng/s/sxv240035/cad/gf65/primelib_gf65/dff/runtime/cdpl/pid30081/master.engnx02a.utdallas.edu.30081.log
1731529102.895959: 30081-7f46d18ce0c0: cdpl_log.c:231: in cdpl_log_open(): debug: dir: /home/eng/s/sxv240035/cad/gf65/primelib_gf65/dff/runtime/cdpl/pid30081
1731529102.895968: 30081-7f46d18ce0c0: cdpl_log.c:758: in cdpl_log_set_filter(): info: filter level 1
1731529102.895989: 30081-7f46d18ce0c0: cdpl_server.c:543: in cdpl_sv_init(): info: new server S2060253749
1731529102.896000: 30081-7f46d18ce0c0: cdpl_ipc.c:3030: in cdpl_ipc_init(): info: requesting IPv4 protocol
1731529102.896498: 30081-7f46d18ce0c0: cdpl_ipc.c:800: in _selectaddrfamily(): info: selected IPv4 protocol
1731529102.896892: 30081-7f46d18ce0c0: cdpl_server.c:657: in cdpl_sv_new_master(): info: new master M1
1731529102.896908: 30081-7f46d18ce0c0: cdpl_server.c:5494: in cdpl_sv_ctl_master(): info: Setting worker heartbeat to 60 seconds
1731529102.896910: 30081-7f46d18ce0c0: cdpl_server.c:5503: in cdpl_sv_ctl_master(): info: Setting worker heartbeat timeout to 3 heartbeats
1731529102.896915: 30081-7f46d18ce0c0: cdpl_compat_master.c:2407: in cdplInitMaster(): info: bcast dir is `/dev/null'
1731529102.896995: 30081-7f46d18ce0c0: cdpl_server.c:5394: in cdpl_sv_ctl_master(): info: farm worker timeout set to 36000
1731529102.896997: 30081-7f46d18ce0c0: cdpl_server.c:5410: in cdpl_sv_ctl_master(): info: grid worker timeout set to 36000
1731529102.896999: 30081-7f46d18ce0c0: cdpl_server.c:5438: in cdpl_sv_ctl_master(): info: farm submit command failure threshold set to 100
1731529102.897039: 30081-7f46d18ce0c0: cdpl_farm.c:2268: in cdpl_farm_new_sh(): info: creating SH farm on localhost
1731529102.897051: 30081-7f46d18ce0c0: cdpl_compat_master.c:207: in _set_farm_env(): info: exporting CDPL_LOGDIR as `/home/eng/s/sxv240035/cad/gf65/primelib_gf65/dff/runtime/cdpl/pid30081'
1731529102.897055: 30081-7f46d18ce0c0: cdpl_compat_master.c:213: in _set_farm_env(): info: exporting CDPL_TMPDIR as `/var/tmp'
1731529102.897057: 30081-7f46d18ce0c0: cdpl_compat_master.c:220: in _set_farm_env(): info: exporting CDPL_HOME as `/proj/cad/synopsys/synopsys_2021/primelib/T-2022.03-SP1/cdpl_runtime_linux64'
1731529102.897059: 30081-7f46d18ce0c0: cdpl_compat_master.c:227: in _set_farm_env(): info: exporting SNPSLMD_LICENSE_FILE as `1700@engdmv.utdallas.edu'
1731529102.897062: 30081-7f46d18ce0c0: cdpl_compat_master.c:247: in _set_farm_env(): info: exporting CDPL_OPTIONS as `[filter][nowlogs]'
1731529102.897065: 30081-7f46d18ce0c0: cdpl_compat_master.c:254: in _set_farm_env(): info: exporting DISPLAY as `:1029'
1731529102.897067: 30081-7f46d18ce0c0: cdpl_compat_master.c:262: in _set_farm_env(): info: exporting CDPL_HEARTBEAT as `60'
1731529102.897070: 30081-7f46d18ce0c0: cdpl_compat_master.c:348: in _set_farm_env(): info: exporting SIS_MALIBU as `2'
1731529102.897072: 30081-7f46d18ce0c0: cdpl_compat_master.c:348: in _set_farm_env(): info: exporting SIS_CDPL as `5'
1731529102.944525: 30081-7f46d18ce0c0: cdpl_server.c:738: in cdpl_sv_new_job(): info: new job J1 in M1
1731529102.944543: 30081-7f46d18ce0c0: cdpl_compat_master.c:1314: in _add_worker(): info: new worker type 100, min:1, max:1, cmd:`/home/eng/s/sxv240035/cad/gf65/primelib_gf65/dff/runtime/cdpl/pid30081/run_30081.sh'
1731529102.944552: 30081-7f46d18ce0c0: cdpl_server.c:900: in cdpl_sv_new_bin_withfarm(): info: new bin B1 in J1
1731529102.952707: 30081-7f46d18ce0c0: cdpl_server.c:3116: in cdpl_sv_start_job(): info: starting job J1
1731529102.961837: 30081-7f46d18ce0c0: cdpl_server.c:1824: in _sv_gen_task(): info: new task T0 in B1 (prio -1)
1731529102.961847: 30081-7f46d18ce0c0: cdpl_server.c:2558: in cdpl_sv_label_task_va(): info: setting task T0 label to "initialization__ACQ_7 of dff"
1731529102.961944: 30081-7f46d18ce0c0: cdpl_server.c:1824: in _sv_gen_task(): info: new task T1 in B1 (prio -1)
1731529102.961978: 30081-7f46b95cf700: cdpl_server_sched.c:700: in _sv_launch_worker(): info: started worker W1 (as C1) in bin B1
1731529102.961987: 30081-7f46d18ce0c0: cdpl_server.c:2558: in cdpl_sv_label_task_va(): info: setting task T1 label to "setup_hbm__D__lh__CLK__hl__ACQ_1 of dff"
1731529102.962008: 30081-7f46b8dce700: cdpl_farm.c:1899: in _schedule(): info: worker submit failure threshold set to 100
1731529102.962023: 30081-7f46b8dce700: cdpl_sh.c:49: in _sh_detached_submit(): info: SH : /home/eng/s/sxv240035/cad/gf65/primelib_gf65/dff/runtime/cdpl/pid30081/run_30081.sh
1731529102.962030: 30081-7f46d18ce0c0: cdpl_server.c:1824: in _sv_gen_task(): info: new task T2 in B1 (prio -1)
1731529102.962035: 30081-7f46d18ce0c0: cdpl_server.c:2558: in cdpl_sv_label_task_va(): info: setting task T2 label to "initialization__ACQ_6 of dff"
1731529102.965164: 30081-7f46d18ce0c0: cdpl_server.c:1824: in _sv_gen_task(): info: new task T3 in B1 (prio -1)
1731529102.965177: 30081-7f46d18ce0c0: cdpl_server.c:2558: in cdpl_sv_label_task_va(): info: setting task T3 label to "setup_hbm__D__hl__CLK__hl__ACQ_1 of dff"
1731529102.965290: 30081-7f46d18ce0c0: cdpl_server.c:1824: in _sv_gen_task(): info: new task T4 in B1 (prio -1)
1731529102.965293: 30081-7f46d18ce0c0: cdpl_server.c:2558: in cdpl_sv_label_task_va(): info: setting task T4 label to "initialization__ACQ_4 of dff"
1731529102.965385: 30081-7f46d18ce0c0: cdpl_server.c:1824: in _sv_gen_task(): info: new task T5 in B1 (prio 3)
1731529102.965391: 30081-7f46d18ce0c0: cdpl_server.c:2558: in cdpl_sv_label_task_va(): info: setting task T5 label to "leakage_power__ACQ_1 of dff"
1731529102.965440: 30081-7f46d18ce0c0: cdpl_server.c:1824: in _sv_gen_task(): info: new task T6 in B1 (prio 5)
1731529102.965443: 30081-7f46d18ce0c0: cdpl_server.c:2558: in cdpl_sv_label_task_va(): info: setting task T6 label to "Cin__D__hl__ACQ_1 of dff"
1731529102.965475: 30081-7f46d18ce0c0: cdpl_server.c:1824: in _sv_gen_task(): info: new task T7 in B1 (prio 5)
1731529102.965477: 30081-7f46d18ce0c0: cdpl_server.c:2558: in cdpl_sv_label_task_va(): info: setting task T7 label to "Cin__D__lh__ACQ_1 of dff"
1731529102.965512: 30081-7f46d18ce0c0: cdpl_server.c:1824: in _sv_gen_task(): info: new task T8 in B1 (prio 5)
1731529102.965514: 30081-7f46d18ce0c0: cdpl_server.c:2558: in cdpl_sv_label_task_va(): info: setting task T8 label to "Cin__VSS__hl__ACQ_1 of dff"
1731529102.965540: 30081-7f46d18ce0c0: cdpl_server.c:1824: in _sv_gen_task(): info: new task T9 in B1 (prio 5)
1731529102.965543: 30081-7f46d18ce0c0: cdpl_server.c:2558: in cdpl_sv_label_task_va(): info: setting task T9 label to "Cin__VSS__lh__ACQ_1 of dff"
1731529102.965579: 30081-7f46d18ce0c0: cdpl_server.c:1824: in _sv_gen_task(): info: new task T10 in B1 (prio -1)
1731529102.965582: 30081-7f46d18ce0c0: cdpl_server.c:2558: in cdpl_sv_label_task_va(): info: setting task T10 label to "initialization__ACQ_5 of dff"
1731529102.965631: 30081-7f46d18ce0c0: cdpl_server.c:1824: in _sv_gen_task(): info: new task T11 in B1 (prio -1)
1731529102.965634: 30081-7f46d18ce0c0: cdpl_server.c:2558: in cdpl_sv_label_task_va(): info: setting task T11 label to "ncmpw_hbm__CLK__lh__CLK__hl__ACQ_1 of dff"
1731529102.965667: 30081-7f46d18ce0c0: cdpl_server.c:1824: in _sv_gen_task(): info: new task T12 in B1 (prio -1)
1731529102.965670: 30081-7f46d18ce0c0: cdpl_server.c:2558: in cdpl_sv_label_task_va(): info: setting task T12 label to "removal_hbm__R__hl__CLK__hl__ACQ_1 of dff"
1731529102.965696: 30081-7f46d18ce0c0: cdpl_server.c:1824: in _sv_gen_task(): info: new task T13 in B1 (prio -1)
1731529102.965702: 30081-7f46d18ce0c0: cdpl_server.c:2558: in cdpl_sv_label_task_va(): info: setting task T13 label to "recover_hbm__R__hl__CLK__hl__ACQ_1 of dff"
1731529102.965740: 30081-7f46d18ce0c0: cdpl_server.c:1824: in _sv_gen_task(): info: new task T14 in B1 (prio -1)
1731529102.965743: 30081-7f46d18ce0c0: cdpl_server.c:2558: in cdpl_sv_label_task_va(): info: setting task T14 label to "initialization__ACQ_1 of dff"
1731529102.965768: 30081-7f46d18ce0c0: cdpl_server.c:1824: in _sv_gen_task(): info: new task T15 in B1 (prio -1)
1731529102.965771: 30081-7f46d18ce0c0: cdpl_server.c:2558: in cdpl_sv_label_task_va(): info: setting task T15 label to "initialization__ACQ_2 of dff"
1731529102.965848: 30081-7f46d18ce0c0: cdpl_server.c:1824: in _sv_gen_task(): info: new task T16 in B1 (prio -1)
1731529102.965851: 30081-7f46d18ce0c0: cdpl_server.c:2558: in cdpl_sv_label_task_va(): info: setting task T16 label to "cmpw_hbm__CLK__hl__CLK__lh__ACQ_1 of dff"
1731529102.965888: 30081-7f46d18ce0c0: cdpl_server.c:1824: in _sv_gen_task(): info: new task T17 in B1 (prio -1)
1731529102.965892: 30081-7f46d18ce0c0: cdpl_server.c:2558: in cdpl_sv_label_task_va(): info: setting task T17 label to "cmpw_hbm__R__lh__R__hl__ACQ_1 of dff"
1731529102.965922: 30081-7f46d18ce0c0: cdpl_server.c:1824: in _sv_gen_task(): info: new task T18 in B1 (prio -1)
1731529102.965925: 30081-7f46d18ce0c0: cdpl_server.c:2558: in cdpl_sv_label_task_va(): info: setting task T18 label to "initialization__ACQ_3 of dff"
1731529102.965954: 30081-7f46d18ce0c0: cdpl_server.c:1824: in _sv_gen_task(): info: new task T19 in B1 (prio 2)
1731529102.965957: 30081-7f46d18ce0c0: cdpl_server.c:2558: in cdpl_sv_label_task_va(): info: setting task T19 label to "delay__CLK__hl__Q__hl__ACQ_1 of dff"
1731529102.965993: 30081-7f46d18ce0c0: cdpl_server.c:1824: in _sv_gen_task(): info: new task T20 in B1 (prio 2)
1731529102.965996: 30081-7f46d18ce0c0: cdpl_server.c:2558: in cdpl_sv_label_task_va(): info: setting task T20 label to "delay__CLK__hl__Q__lh__ACQ_1 of dff"
1731529102.966026: 30081-7f46d18ce0c0: cdpl_server.c:1824: in _sv_gen_task(): info: new task T21 in B1 (prio -1)
1731529102.966029: 30081-7f46d18ce0c0: cdpl_server.c:2558: in cdpl_sv_label_task_va(): info: setting task T21 label to "hold_hbm__D__lh__CLK__hl__ACQ_1 of dff"
1731529102.966067: 30081-7f46d18ce0c0: cdpl_server.c:1824: in _sv_gen_task(): info: new task T22 in B1 (prio -1)
1731529102.966070: 30081-7f46d18ce0c0: cdpl_server.c:2558: in cdpl_sv_label_task_va(): info: setting task T22 label to "hold_hbm__D__hl__CLK__hl__ACQ_1 of dff"
1731529102.966101: 30081-7f46d18ce0c0: cdpl_server.c:1824: in _sv_gen_task(): info: new task T23 in B1 (prio 5)
1731529102.966104: 30081-7f46d18ce0c0: cdpl_server.c:2558: in cdpl_sv_label_task_va(): info: setting task T23 label to "Cin__CLK__lh__ACQ_1 of dff"
1731529102.966131: 30081-7f46d18ce0c0: cdpl_server.c:1824: in _sv_gen_task(): info: new task T24 in B1 (prio 5)
1731529102.966133: 30081-7f46d18ce0c0: cdpl_server.c:2558: in cdpl_sv_label_task_va(): info: setting task T24 label to "Cin__VDD__hl__ACQ_1 of dff"
1731529102.966162: 30081-7f46d18ce0c0: cdpl_server.c:1824: in _sv_gen_task(): info: new task T25 in B1 (prio 5)
1731529102.966164: 30081-7f46d18ce0c0: cdpl_server.c:2558: in cdpl_sv_label_task_va(): info: setting task T25 label to "Cin__VDD__lh__ACQ_1 of dff"
1731529102.966207: 30081-7f46d18ce0c0: cdpl_server.c:1824: in _sv_gen_task(): info: new task T26 in B1 (prio 2)
1731529102.966210: 30081-7f46d18ce0c0: cdpl_server.c:2558: in cdpl_sv_label_task_va(): info: setting task T26 label to "delay__R__lh__Q__hl__ACQ_1 of dff"
1731529102.966245: 30081-7f46d18ce0c0: cdpl_server.c:1824: in _sv_gen_task(): info: new task T27 in B1 (prio 5)
1731529102.966247: 30081-7f46d18ce0c0: cdpl_server.c:2558: in cdpl_sv_label_task_va(): info: setting task T27 label to "Cin__R__hl__ACQ_1 of dff"
1731529103.662022: 30081-7f46b9dd0700: cdpl_server_ipc.c:452: in _sv_on_hello(): info: W1 is `10.182.66.67:50892'
1731529103.662043: 30081-7f46b9dd0700: cdpl_server_ipc.c:454: in _sv_on_hello(): info: W1 log file is /dev/null
1731529103.662057: 30081-7f46b9dd0700: cdpl_server_ipc.c:481: in _sv_on_hello(): info: up to 1 alive workers in B1
1731529103.662093: 30081-7f46b95cf700: cdpl_server_sched.c:955: in _assign(): info: assigning task T0 to worker W1
1731529110.422484: 30081-7f46b9dd0700: cdpl_server_ipc.c:857: in _sv_on_finish(): info: worker W1 completed task T0
1731529110.422527: 30081-7f46b95cf700: cdpl_server_sched.c:955: in _assign(): info: assigning task T2 to worker W1
1731529117.039134: 30081-7f46b9dd0700: cdpl_server_ipc.c:857: in _sv_on_finish(): info: worker W1 completed task T2
1731529117.039177: 30081-7f46b95cf700: cdpl_server_sched.c:955: in _assign(): info: assigning task T4 to worker W1
1731529123.583542: 30081-7f46b9dd0700: cdpl_server_ipc.c:857: in _sv_on_finish(): info: worker W1 completed task T4
1731529123.583599: 30081-7f46b95cf700: cdpl_server_sched.c:955: in _assign(): info: assigning task T10 to worker W1
1731529130.150618: 30081-7f46b9dd0700: cdpl_server_ipc.c:857: in _sv_on_finish(): info: worker W1 completed task T10
1731529130.150663: 30081-7f46b95cf700: cdpl_server_sched.c:955: in _assign(): info: assigning task T12 to worker W1
1731529146.287018: 30081-7f46b9dd0700: cdpl_server_ipc.c:857: in _sv_on_finish(): info: worker W1 completed task T12
1731529146.287231: 30081-7f46b95cf700: cdpl_server_sched.c:955: in _assign(): info: assigning task T13 to worker W1
1731529153.006056: 30081-7f46d18ce0c0: cdpl_server.c:1824: in _sv_gen_task(): info: new task T28 in B1 (prio -1)
1731529153.006077: 30081-7f46d18ce0c0: cdpl_server.c:2558: in cdpl_sv_label_task_va(): info: setting task T28 label to "removal_hbm__R__hl__CLK__hl__ACQ_1 of dff"
1731529153.325617: 30081-7f46b9dd0700: cdpl_server_ipc.c:857: in _sv_on_finish(): info: worker W1 completed task T13
1731529153.325666: 30081-7f46b95cf700: cdpl_server_sched.c:955: in _assign(): info: assigning task T14 to worker W1
1731529159.854536: 30081-7f46b9dd0700: cdpl_server_ipc.c:857: in _sv_on_finish(): info: worker W1 completed task T14
1731529159.854586: 30081-7f46b95cf700: cdpl_server_sched.c:955: in _assign(): info: assigning task T15 to worker W1
1731529162.017800: 30081-7f46d18ce0c0: cdpl_server.c:1824: in _sv_gen_task(): info: new task T29 in B1 (prio -1)
1731529162.017814: 30081-7f46d18ce0c0: cdpl_server.c:2558: in cdpl_sv_label_task_va(): info: setting task T29 label to "recover_hbm__R__hl__CLK__hl__ACQ_1 of dff"
1731529166.577107: 30081-7f46b9dd0700: cdpl_server_ipc.c:857: in _sv_on_finish(): info: worker W1 completed task T15
1731529166.577163: 30081-7f46b95cf700: cdpl_server_sched.c:955: in _assign(): info: assigning task T18 to worker W1
1731529173.257044: 30081-7f46b9dd0700: cdpl_server_ipc.c:857: in _sv_on_finish(): info: worker W1 completed task T18
1731529173.257084: 30081-7f46b95cf700: cdpl_server_sched.c:955: in _assign(): info: assigning task T1 to worker W1
1731529180.258455: 30081-7f46b9dd0700: cdpl_server_ipc.c:857: in _sv_on_finish(): info: worker W1 completed task T1
1731529180.258496: 30081-7f46b95cf700: cdpl_server_sched.c:955: in _assign(): info: assigning task T3 to worker W1
1731529182.035248: 30081-7f46d18ce0c0: cdpl_server.c:1824: in _sv_gen_task(): info: new task T30 in B1 (prio -1)
1731529182.035275: 30081-7f46d18ce0c0: cdpl_server.c:2558: in cdpl_sv_label_task_va(): info: setting task T30 label to "setup_hbm__D__lh__CLK__hl__ACQ_1 of dff"
1731529187.302390: 30081-7f46b9dd0700: cdpl_server_ipc.c:857: in _sv_on_finish(): info: worker W1 completed task T3
1731529187.302436: 30081-7f46b95cf700: cdpl_server_sched.c:955: in _assign(): info: assigning task T11 to worker W1
1731529192.050481: 30081-7f46d18ce0c0: cdpl_server.c:1824: in _sv_gen_task(): info: new task T31 in B1 (prio -1)
1731529192.050503: 30081-7f46d18ce0c0: cdpl_server.c:2558: in cdpl_sv_label_task_va(): info: setting task T31 label to "setup_hbm__D__hl__CLK__hl__ACQ_1 of dff"
1731529194.134450: 30081-7f46b9dd0700: cdpl_server_ipc.c:857: in _sv_on_finish(): info: worker W1 completed task T11
1731529194.134498: 30081-7f46b95cf700: cdpl_server_sched.c:955: in _assign(): info: assigning task T28 to worker W1
1731529202.062756: 30081-7f46d18ce0c0: cdpl_server.c:1824: in _sv_gen_task(): info: new task T32 in B1 (prio -1)
1731529202.062780: 30081-7f46d18ce0c0: cdpl_server.c:2558: in cdpl_sv_label_task_va(): info: setting task T32 label to "ncmpw_hbm__CLK__lh__CLK__hl__ACQ_1 of dff"
1731529210.474599: 30081-7f46b9dd0700: cdpl_server_ipc.c:857: in _sv_on_finish(): info: worker W1 completed task T28
1731529210.474653: 30081-7f46b95cf700: cdpl_server_sched.c:955: in _assign(): info: assigning task T16 to worker W1
1731529217.399047: 30081-7f46b9dd0700: cdpl_server_ipc.c:857: in _sv_on_finish(): info: worker W1 completed task T16
1731529217.399302: 30081-7f46b95cf700: cdpl_server_sched.c:955: in _assign(): info: assigning task T22 to worker W1
1731529222.078849: 30081-7f46d18ce0c0: cdpl_server.c:1824: in _sv_gen_task(): info: new task T33 in B1 (prio -1)
1731529222.078868: 30081-7f46d18ce0c0: cdpl_server.c:2558: in cdpl_sv_label_task_va(): info: setting task T33 label to "cmpw_hbm__CLK__hl__CLK__lh__ACQ_1 of dff"
1731529224.383285: 30081-7f46b9dd0700: cdpl_server_ipc.c:857: in _sv_on_finish(): info: worker W1 completed task T22
1731529224.383336: 30081-7f46b95cf700: cdpl_server_sched.c:955: in _assign(): info: assigning task T29 to worker W1
1731529231.434401: 30081-7f46b9dd0700: cdpl_server_ipc.c:857: in _sv_on_finish(): info: worker W1 completed task T29
1731529231.434456: 30081-7f46b95cf700: cdpl_server_sched.c:955: in _assign(): info: assigning task T17 to worker W1
1731529232.092951: 30081-7f46d18ce0c0: cdpl_server.c:1824: in _sv_gen_task(): info: new task T34 in B1 (prio -1)
1731529232.092966: 30081-7f46d18ce0c0: cdpl_server.c:2558: in cdpl_sv_label_task_va(): info: setting task T34 label to "hold_hbm__D__hl__CLK__hl__ACQ_1 of dff"
1731529238.119200: 30081-7f46b9dd0700: cdpl_server_ipc.c:857: in _sv_on_finish(): info: worker W1 completed task T17
1731529238.119261: 30081-7f46b95cf700: cdpl_server_sched.c:955: in _assign(): info: assigning task T21 to worker W1
1731529242.110163: 30081-7f46d18ce0c0: cdpl_server.c:1824: in _sv_gen_task(): info: new task T35 in B1 (prio -1)
1731529242.110189: 30081-7f46d18ce0c0: cdpl_server.c:2558: in cdpl_sv_label_task_va(): info: setting task T35 label to "cmpw_hbm__R__lh__R__hl__ACQ_1 of dff"
1731529245.155339: 30081-7f46b9dd0700: cdpl_server_ipc.c:857: in _sv_on_finish(): info: worker W1 completed task T21
1731529245.155400: 30081-7f46b95cf700: cdpl_server_sched.c:955: in _assign(): info: assigning task T30 to worker W1
1731529252.124067: 30081-7f46d18ce0c0: cdpl_server.c:1824: in _sv_gen_task(): info: new task T36 in B1 (prio -1)
1731529252.124088: 30081-7f46d18ce0c0: cdpl_server.c:2558: in cdpl_sv_label_task_va(): info: setting task T36 label to "hold_hbm__D__lh__CLK__hl__ACQ_1 of dff"
1731529252.178381: 30081-7f46b9dd0700: cdpl_server_ipc.c:857: in _sv_on_finish(): info: worker W1 completed task T30
1731529252.178443: 30081-7f46b95cf700: cdpl_server_sched.c:955: in _assign(): info: assigning task T31 to worker W1
1731529259.221187: 30081-7f46b9dd0700: cdpl_server_ipc.c:857: in _sv_on_finish(): info: worker W1 completed task T31
1731529259.221233: 30081-7f46b95cf700: cdpl_server_sched.c:955: in _assign(): info: assigning task T32 to worker W1
1731529265.921567: 30081-7f46b9dd0700: cdpl_server_ipc.c:857: in _sv_on_finish(): info: worker W1 completed task T32
1731529265.921614: 30081-7f46b95cf700: cdpl_server_sched.c:955: in _assign(): info: assigning task T33 to worker W1
1731529272.673193: 30081-7f46b9dd0700: cdpl_server_ipc.c:857: in _sv_on_finish(): info: worker W1 completed task T33
1731529272.673229: 30081-7f46b95cf700: cdpl_server_sched.c:955: in _assign(): info: assigning task T34 to worker W1
1731529279.740212: 30081-7f46b9dd0700: cdpl_server_ipc.c:857: in _sv_on_finish(): info: worker W1 completed task T34
1731529279.740263: 30081-7f46b95cf700: cdpl_server_sched.c:955: in _assign(): info: assigning task T35 to worker W1
1731529286.411757: 30081-7f46b9dd0700: cdpl_server_ipc.c:857: in _sv_on_finish(): info: worker W1 completed task T35
1731529286.411805: 30081-7f46b95cf700: cdpl_server_sched.c:955: in _assign(): info: assigning task T36 to worker W1
1731529293.492755: 30081-7f46b9dd0700: cdpl_server_ipc.c:857: in _sv_on_finish(): info: worker W1 completed task T36
1731529293.493050: 30081-7f46b95cf700: cdpl_server_sched.c:955: in _assign(): info: assigning task T20 to worker W1
1731529300.845091: 30081-7f46b9dd0700: cdpl_server_ipc.c:857: in _sv_on_finish(): info: worker W1 completed task T20
1731529300.845143: 30081-7f46b95cf700: cdpl_server_sched.c:955: in _assign(): info: assigning task T26 to worker W1
1731529302.149013: 30081-7f46d18ce0c0: cdpl_server.c:1824: in _sv_gen_task(): info: new task T37 in B1 (prio 2)
1731529302.149037: 30081-7f46d18ce0c0: cdpl_server.c:2558: in cdpl_sv_label_task_va(): info: setting task T37 label to "delay__CLK__hl__Q__lh__ACQ_1 of dff"
1731529307.869618: 30081-7f46b9dd0700: cdpl_server_ipc.c:857: in _sv_on_finish(): info: worker W1 completed task T26
1731529307.869669: 30081-7f46b95cf700: cdpl_server_sched.c:955: in _assign(): info: assigning task T19 to worker W1
1731529312.163499: 30081-7f46d18ce0c0: cdpl_server.c:1824: in _sv_gen_task(): info: new task T38 in B1 (prio 2)
1731529312.163519: 30081-7f46d18ce0c0: cdpl_server.c:2558: in cdpl_sv_label_task_va(): info: setting task T38 label to "delay__R__lh__Q__hl__ACQ_1 of dff"
1731529315.055845: 30081-7f46b9dd0700: cdpl_server_ipc.c:857: in _sv_on_finish(): info: worker W1 completed task T19
1731529315.055905: 30081-7f46b95cf700: cdpl_server_sched.c:955: in _assign(): info: assigning task T37 to worker W1
1731529322.177556: 30081-7f46d18ce0c0: cdpl_server.c:1824: in _sv_gen_task(): info: new task T39 in B1 (prio 2)
1731529322.177580: 30081-7f46d18ce0c0: cdpl_server.c:2558: in cdpl_sv_label_task_va(): info: setting task T39 label to "delay__CLK__hl__Q__hl__ACQ_1 of dff"
1731529322.391730: 30081-7f46b9dd0700: cdpl_server_ipc.c:857: in _sv_on_finish(): info: worker W1 completed task T37
1731529322.391781: 30081-7f46b95cf700: cdpl_server_sched.c:955: in _assign(): info: assigning task T38 to worker W1
1731529329.506036: 30081-7f46b9dd0700: cdpl_server_ipc.c:857: in _sv_on_finish(): info: worker W1 completed task T38
1731529329.506087: 30081-7f46b95cf700: cdpl_server_sched.c:955: in _assign(): info: assigning task T39 to worker W1
1731529336.769652: 30081-7f46b9dd0700: cdpl_server_ipc.c:857: in _sv_on_finish(): info: worker W1 completed task T39
1731529336.769705: 30081-7f46b95cf700: cdpl_server_sched.c:955: in _assign(): info: assigning task T5 to worker W1
1731529356.616891: 30081-7f46b9dd0700: cdpl_server_ipc.c:857: in _sv_on_finish(): info: worker W1 completed task T5
1731529356.616945: 30081-7f46b95cf700: cdpl_server_sched.c:955: in _assign(): info: assigning task T6 to worker W1
1731529363.293411: 30081-7f46b9dd0700: cdpl_server_ipc.c:857: in _sv_on_finish(): info: worker W1 completed task T6
1731529363.293466: 30081-7f46b95cf700: cdpl_server_sched.c:955: in _assign(): info: assigning task T7 to worker W1
1731529369.717374: 30081-7f46b9dd0700: cdpl_server_ipc.c:857: in _sv_on_finish(): info: worker W1 completed task T7
1731529369.717424: 30081-7f46b95cf700: cdpl_server_sched.c:955: in _assign(): info: assigning task T8 to worker W1
1731529376.472715: 30081-7f46b9dd0700: cdpl_server_ipc.c:857: in _sv_on_finish(): info: worker W1 completed task T8
1731529376.472747: 30081-7f46b95cf700: cdpl_server_sched.c:955: in _assign(): info: assigning task T9 to worker W1
1731529383.170285: 30081-7f46b9dd0700: cdpl_server_ipc.c:857: in _sv_on_finish(): info: worker W1 completed task T9
1731529383.170314: 30081-7f46b95cf700: cdpl_server_sched.c:955: in _assign(): info: assigning task T23 to worker W1
1731529389.917705: 30081-7f46b9dd0700: cdpl_server_ipc.c:857: in _sv_on_finish(): info: worker W1 completed task T23
1731529389.917730: 30081-7f46b95cf700: cdpl_server_sched.c:955: in _assign(): info: assigning task T24 to worker W1
1731529396.560441: 30081-7f46b9dd0700: cdpl_server_ipc.c:857: in _sv_on_finish(): info: worker W1 completed task T24
1731529396.560481: 30081-7f46b95cf700: cdpl_server_sched.c:955: in _assign(): info: assigning task T25 to worker W1
1731529403.278442: 30081-7f46b9dd0700: cdpl_server_ipc.c:857: in _sv_on_finish(): info: worker W1 completed task T25
1731529403.278473: 30081-7f46b95cf700: cdpl_server_sched.c:955: in _assign(): info: assigning task T27 to worker W1
1731529410.081031: 30081-7f46b9dd0700: cdpl_server_ipc.c:857: in _sv_on_finish(): info: worker W1 completed task T27
1731530011.122903: 30081-7f46ba5d1700: cdpl_ipc.c:738: in _readv(): warning: read(): EOF
1731530148.994202: 30081-7f46d18ce0c0: cdpl_server.c:1824: in _sv_gen_task(): info: new task T40 in B1 (prio -1)
1731530148.994213: 30081-7f46d18ce0c0: cdpl_server.c:2558: in cdpl_sv_label_task_va(): info: setting task T40 label to "initialization__ACQ_7 of dff"
1731530148.994277: 30081-7f46d18ce0c0: cdpl_server.c:1824: in _sv_gen_task(): info: new task T41 in B1 (prio -1)
1731530148.994303: 30081-7f46b95cf700: cdpl_server_sched.c:700: in _sv_launch_worker(): info: started worker W2 (as C2) in bin B1
1731530148.994337: 30081-7f46d18ce0c0: cdpl_server.c:2558: in cdpl_sv_label_task_va(): info: setting task T41 label to "setup_hbm__D__lh__CLK__hl__ACQ_1 of dff"
1731530148.994346: 30081-7f46b8dce700: cdpl_sh.c:49: in _sh_detached_submit(): info: SH : /home/eng/s/sxv240035/cad/gf65/primelib_gf65/dff/runtime/cdpl/pid30081/run_30081.sh
1731530148.994373: 30081-7f46d18ce0c0: cdpl_server.c:1824: in _sv_gen_task(): info: new task T42 in B1 (prio -1)
1731530148.994378: 30081-7f46d18ce0c0: cdpl_server.c:2558: in cdpl_sv_label_task_va(): info: setting task T42 label to "initialization__ACQ_6 of dff"
1731530148.997034: 30081-7f46d18ce0c0: cdpl_server.c:1824: in _sv_gen_task(): info: new task T43 in B1 (prio -1)
1731530148.997054: 30081-7f46d18ce0c0: cdpl_server.c:2558: in cdpl_sv_label_task_va(): info: setting task T43 label to "setup_hbm__D__hl__CLK__hl__ACQ_1 of dff"
1731530148.997531: 30081-7f46d18ce0c0: cdpl_server.c:1824: in _sv_gen_task(): info: new task T44 in B1 (prio -1)
1731530148.997535: 30081-7f46d18ce0c0: cdpl_server.c:2558: in cdpl_sv_label_task_va(): info: setting task T44 label to "initialization__ACQ_4 of dff"
1731530148.997599: 30081-7f46d18ce0c0: cdpl_server.c:1824: in _sv_gen_task(): info: new task T45 in B1 (prio 3)
1731530148.997603: 30081-7f46d18ce0c0: cdpl_server.c:2558: in cdpl_sv_label_task_va(): info: setting task T45 label to "leakage_power__ACQ_1 of dff"
1731530148.997646: 30081-7f46d18ce0c0: cdpl_server.c:1824: in _sv_gen_task(): info: new task T46 in B1 (prio 5)
1731530148.997649: 30081-7f46d18ce0c0: cdpl_server.c:2558: in cdpl_sv_label_task_va(): info: setting task T46 label to "Cin__D__hl__ACQ_1 of dff"
1731530148.997684: 30081-7f46d18ce0c0: cdpl_server.c:1824: in _sv_gen_task(): info: new task T47 in B1 (prio 5)
1731530148.997686: 30081-7f46d18ce0c0: cdpl_server.c:2558: in cdpl_sv_label_task_va(): info: setting task T47 label to "Cin__D__lh__ACQ_1 of dff"
1731530148.997727: 30081-7f46d18ce0c0: cdpl_server.c:1824: in _sv_gen_task(): info: new task T48 in B1 (prio 5)
1731530148.997730: 30081-7f46d18ce0c0: cdpl_server.c:2558: in cdpl_sv_label_task_va(): info: setting task T48 label to "Cin__VSS__hl__ACQ_1 of dff"
1731530148.997760: 30081-7f46d18ce0c0: cdpl_server.c:1824: in _sv_gen_task(): info: new task T49 in B1 (prio 5)
1731530148.997763: 30081-7f46d18ce0c0: cdpl_server.c:2558: in cdpl_sv_label_task_va(): info: setting task T49 label to "Cin__VSS__lh__ACQ_1 of dff"
1731530148.997797: 30081-7f46d18ce0c0: cdpl_server.c:1824: in _sv_gen_task(): info: new task T50 in B1 (prio -1)
1731530148.997799: 30081-7f46d18ce0c0: cdpl_server.c:2558: in cdpl_sv_label_task_va(): info: setting task T50 label to "initialization__ACQ_5 of dff"
1731530148.997848: 30081-7f46d18ce0c0: cdpl_server.c:1824: in _sv_gen_task(): info: new task T51 in B1 (prio -1)
1731530148.997851: 30081-7f46d18ce0c0: cdpl_server.c:2558: in cdpl_sv_label_task_va(): info: setting task T51 label to "ncmpw_hbm__CLK__lh__CLK__hl__ACQ_1 of dff"
1731530148.997900: 30081-7f46d18ce0c0: cdpl_server.c:1824: in _sv_gen_task(): info: new task T52 in B1 (prio -1)
1731530148.997907: 30081-7f46d18ce0c0: cdpl_server.c:2558: in cdpl_sv_label_task_va(): info: setting task T52 label to "removal_hbm__R__hl__CLK__hl__ACQ_1 of dff"
1731530148.997938: 30081-7f46d18ce0c0: cdpl_server.c:1824: in _sv_gen_task(): info: new task T53 in B1 (prio -1)
1731530148.997941: 30081-7f46d18ce0c0: cdpl_server.c:2558: in cdpl_sv_label_task_va(): info: setting task T53 label to "recover_hbm__R__hl__CLK__hl__ACQ_1 of dff"
1731530148.997969: 30081-7f46d18ce0c0: cdpl_server.c:1824: in _sv_gen_task(): info: new task T54 in B1 (prio -1)
1731530148.998719: 30081-7f46d18ce0c0: cdpl_server.c:2558: in cdpl_sv_label_task_va(): info: setting task T54 label to "initialization__ACQ_1 of dff"
1731530148.998748: 30081-7f46d18ce0c0: cdpl_server.c:1824: in _sv_gen_task(): info: new task T55 in B1 (prio -1)
1731530148.998751: 30081-7f46d18ce0c0: cdpl_server.c:2558: in cdpl_sv_label_task_va(): info: setting task T55 label to "initialization__ACQ_2 of dff"
1731530148.998791: 30081-7f46d18ce0c0: cdpl_server.c:1824: in _sv_gen_task(): info: new task T56 in B1 (prio -1)
1731530148.998793: 30081-7f46d18ce0c0: cdpl_server.c:2558: in cdpl_sv_label_task_va(): info: setting task T56 label to "cmpw_hbm__CLK__hl__CLK__lh__ACQ_1 of dff"
1731530148.998826: 30081-7f46d18ce0c0: cdpl_server.c:1824: in _sv_gen_task(): info: new task T57 in B1 (prio -1)
1731530148.998829: 30081-7f46d18ce0c0: cdpl_server.c:2558: in cdpl_sv_label_task_va(): info: setting task T57 label to "cmpw_hbm__R__lh__R__hl__ACQ_1 of dff"
1731530148.998852: 30081-7f46d18ce0c0: cdpl_server.c:1824: in _sv_gen_task(): info: new task T58 in B1 (prio -1)
1731530148.998855: 30081-7f46d18ce0c0: cdpl_server.c:2558: in cdpl_sv_label_task_va(): info: setting task T58 label to "initialization__ACQ_3 of dff"
1731530148.998891: 30081-7f46d18ce0c0: cdpl_server.c:1824: in _sv_gen_task(): info: new task T59 in B1 (prio 2)
1731530148.998894: 30081-7f46d18ce0c0: cdpl_server.c:2558: in cdpl_sv_label_task_va(): info: setting task T59 label to "delay__CLK__hl__Q__hl__ACQ_1 of dff"
1731530148.998934: 30081-7f46d18ce0c0: cdpl_server.c:1824: in _sv_gen_task(): info: new task T60 in B1 (prio 2)
1731530148.998937: 30081-7f46d18ce0c0: cdpl_server.c:2558: in cdpl_sv_label_task_va(): info: setting task T60 label to "delay__CLK__hl__Q__lh__ACQ_1 of dff"
1731530148.998983: 30081-7f46d18ce0c0: cdpl_server.c:1824: in _sv_gen_task(): info: new task T61 in B1 (prio -1)
1731530148.998986: 30081-7f46d18ce0c0: cdpl_server.c:2558: in cdpl_sv_label_task_va(): info: setting task T61 label to "hold_hbm__D__lh__CLK__hl__ACQ_1 of dff"
1731530148.999025: 30081-7f46d18ce0c0: cdpl_server.c:1824: in _sv_gen_task(): info: new task T62 in B1 (prio -1)
1731530148.999028: 30081-7f46d18ce0c0: cdpl_server.c:2558: in cdpl_sv_label_task_va(): info: setting task T62 label to "hold_hbm__D__hl__CLK__hl__ACQ_1 of dff"
1731530148.999054: 30081-7f46d18ce0c0: cdpl_server.c:1824: in _sv_gen_task(): info: new task T63 in B1 (prio 5)
1731530148.999057: 30081-7f46d18ce0c0: cdpl_server.c:2558: in cdpl_sv_label_task_va(): info: setting task T63 label to "Cin__CLK__lh__ACQ_1 of dff"
1731530148.999081: 30081-7f46d18ce0c0: cdpl_server.c:1824: in _sv_gen_task(): info: new task T64 in B1 (prio 5)
1731530148.999084: 30081-7f46d18ce0c0: cdpl_server.c:2558: in cdpl_sv_label_task_va(): info: setting task T64 label to "Cin__VDD__hl__ACQ_1 of dff"
1731530148.999110: 30081-7f46d18ce0c0: cdpl_server.c:1824: in _sv_gen_task(): info: new task T65 in B1 (prio 5)
1731530148.999112: 30081-7f46d18ce0c0: cdpl_server.c:2558: in cdpl_sv_label_task_va(): info: setting task T65 label to "Cin__VDD__lh__ACQ_1 of dff"
1731530148.999153: 30081-7f46d18ce0c0: cdpl_server.c:1824: in _sv_gen_task(): info: new task T66 in B1 (prio 2)
1731530148.999155: 30081-7f46d18ce0c0: cdpl_server.c:2558: in cdpl_sv_label_task_va(): info: setting task T66 label to "delay__R__lh__Q__hl__ACQ_1 of dff"
1731530148.999177: 30081-7f46d18ce0c0: cdpl_server.c:1824: in _sv_gen_task(): info: new task T67 in B1 (prio 5)
1731530148.999182: 30081-7f46d18ce0c0: cdpl_server.c:2558: in cdpl_sv_label_task_va(): info: setting task T67 label to "Cin__R__hl__ACQ_1 of dff"
1731530149.641346: 30081-7f46b9dd0700: cdpl_server_ipc.c:452: in _sv_on_hello(): info: W2 is `10.182.66.67:35198'
1731530149.641364: 30081-7f46b9dd0700: cdpl_server_ipc.c:454: in _sv_on_hello(): info: W2 log file is /dev/null
1731530149.641374: 30081-7f46b9dd0700: cdpl_server_ipc.c:481: in _sv_on_hello(): info: up to 1 alive workers in B1
1731530149.641396: 30081-7f46b95cf700: cdpl_server_sched.c:955: in _assign(): info: assigning task T40 to worker W2
1731530156.418067: 30081-7f46b9dd0700: cdpl_server_ipc.c:857: in _sv_on_finish(): info: worker W2 completed task T40
1731530156.418103: 30081-7f46b95cf700: cdpl_server_sched.c:955: in _assign(): info: assigning task T42 to worker W2
1731530162.905988: 30081-7f46b9dd0700: cdpl_server_ipc.c:857: in _sv_on_finish(): info: worker W2 completed task T42
1731530162.906020: 30081-7f46b95cf700: cdpl_server_sched.c:955: in _assign(): info: assigning task T44 to worker W2
1731530169.393278: 30081-7f46b9dd0700: cdpl_server_ipc.c:857: in _sv_on_finish(): info: worker W2 completed task T44
1731530169.393303: 30081-7f46b95cf700: cdpl_server_sched.c:955: in _assign(): info: assigning task T50 to worker W2
1731530175.927308: 30081-7f46b9dd0700: cdpl_server_ipc.c:857: in _sv_on_finish(): info: worker W2 completed task T50
1731530175.927348: 30081-7f46b95cf700: cdpl_server_sched.c:955: in _assign(): info: assigning task T52 to worker W2
1731530192.252825: 30081-7f46b9dd0700: cdpl_server_ipc.c:857: in _sv_on_finish(): info: worker W2 completed task T52
1731530192.252857: 30081-7f46b95cf700: cdpl_server_sched.c:955: in _assign(): info: assigning task T53 to worker W2
1731530199.037315: 30081-7f46d18ce0c0: cdpl_server.c:1824: in _sv_gen_task(): info: new task T68 in B1 (prio -1)
1731530199.037334: 30081-7f46d18ce0c0: cdpl_server.c:2558: in cdpl_sv_label_task_va(): info: setting task T68 label to "removal_hbm__R__hl__CLK__hl__ACQ_1 of dff"
1731530199.403697: 30081-7f46b9dd0700: cdpl_server_ipc.c:857: in _sv_on_finish(): info: worker W2 completed task T53
1731530199.403753: 30081-7f46b95cf700: cdpl_server_sched.c:955: in _assign(): info: assigning task T54 to worker W2
1731530205.978377: 30081-7f46b9dd0700: cdpl_server_ipc.c:857: in _sv_on_finish(): info: worker W2 completed task T54
1731530205.978422: 30081-7f46b95cf700: cdpl_server_sched.c:955: in _assign(): info: assigning task T55 to worker W2
1731530209.051201: 30081-7f46d18ce0c0: cdpl_server.c:1824: in _sv_gen_task(): info: new task T69 in B1 (prio -1)
1731530209.051214: 30081-7f46d18ce0c0: cdpl_server.c:2558: in cdpl_sv_label_task_va(): info: setting task T69 label to "recover_hbm__R__hl__CLK__hl__ACQ_1 of dff"
1731530212.872460: 30081-7f46b9dd0700: cdpl_server_ipc.c:857: in _sv_on_finish(): info: worker W2 completed task T55
1731530212.872508: 30081-7f46b95cf700: cdpl_server_sched.c:955: in _assign(): info: assigning task T58 to worker W2
1731530219.332575: 30081-7f46b9dd0700: cdpl_server_ipc.c:857: in _sv_on_finish(): info: worker W2 completed task T58
1731530219.332618: 30081-7f46b95cf700: cdpl_server_sched.c:955: in _assign(): info: assigning task T41 to worker W2
1731530226.290228: 30081-7f46b9dd0700: cdpl_server_ipc.c:857: in _sv_on_finish(): info: worker W2 completed task T41
1731530226.290288: 30081-7f46b95cf700: cdpl_server_sched.c:955: in _assign(): info: assigning task T43 to worker W2
1731530229.067855: 30081-7f46d18ce0c0: cdpl_server.c:1824: in _sv_gen_task(): info: new task T70 in B1 (prio -1)
1731530229.067873: 30081-7f46d18ce0c0: cdpl_server.c:2558: in cdpl_sv_label_task_va(): info: setting task T70 label to "setup_hbm__D__lh__CLK__hl__ACQ_1 of dff"
1731530233.446197: 30081-7f46b9dd0700: cdpl_server_ipc.c:857: in _sv_on_finish(): info: worker W2 completed task T43
1731530233.446235: 30081-7f46b95cf700: cdpl_server_sched.c:955: in _assign(): info: assigning task T51 to worker W2
1731530239.082879: 30081-7f46d18ce0c0: cdpl_server.c:1824: in _sv_gen_task(): info: new task T71 in B1 (prio -1)
1731530239.082897: 30081-7f46d18ce0c0: cdpl_server.c:2558: in cdpl_sv_label_task_va(): info: setting task T71 label to "setup_hbm__D__hl__CLK__hl__ACQ_1 of dff"
1731530240.143513: 30081-7f46b9dd0700: cdpl_server_ipc.c:857: in _sv_on_finish(): info: worker W2 completed task T51
1731530240.143550: 30081-7f46b95cf700: cdpl_server_sched.c:955: in _assign(): info: assigning task T68 to worker W2
1731530249.096462: 30081-7f46d18ce0c0: cdpl_server.c:1824: in _sv_gen_task(): info: new task T72 in B1 (prio -1)
1731530249.096481: 30081-7f46d18ce0c0: cdpl_server.c:2558: in cdpl_sv_label_task_va(): info: setting task T72 label to "ncmpw_hbm__CLK__lh__CLK__hl__ACQ_1 of dff"
1731530256.101150: 30081-7f46b9dd0700: cdpl_server_ipc.c:857: in _sv_on_finish(): info: worker W2 completed task T68
1731530256.101178: 30081-7f46b95cf700: cdpl_server_sched.c:955: in _assign(): info: assigning task T56 to worker W2
1731530262.725539: 30081-7f46b9dd0700: cdpl_server_ipc.c:857: in _sv_on_finish(): info: worker W2 completed task T56
1731530262.725568: 30081-7f46b95cf700: cdpl_server_sched.c:955: in _assign(): info: assigning task T62 to worker W2
1731530269.619059: 30081-7f46b9dd0700: cdpl_server_ipc.c:857: in _sv_on_finish(): info: worker W2 completed task T62
1731530269.619085: 30081-7f46b95cf700: cdpl_server_sched.c:955: in _assign(): info: assigning task T69 to worker W2
1731530270.260560: 30081-7f46d18ce0c0: cdpl_server.c:1824: in _sv_gen_task(): info: new task T73 in B1 (prio -1)
1731530270.260581: 30081-7f46d18ce0c0: cdpl_server.c:2558: in cdpl_sv_label_task_va(): info: setting task T73 label to "cmpw_hbm__CLK__hl__CLK__lh__ACQ_1 of dff"
1731530270.271204: 30081-7f46d18ce0c0: cdpl_server.c:1824: in _sv_gen_task(): info: new task T74 in B1 (prio -1)
1731530270.271225: 30081-7f46d18ce0c0: cdpl_server.c:2558: in cdpl_sv_label_task_va(): info: setting task T74 label to "hold_hbm__D__hl__CLK__hl__ACQ_1 of dff"
1731530276.595821: 30081-7f46b9dd0700: cdpl_server_ipc.c:857: in _sv_on_finish(): info: worker W2 completed task T69
1731530276.595855: 30081-7f46b95cf700: cdpl_server_sched.c:955: in _assign(): info: assigning task T57 to worker W2
1731530283.151330: 30081-7f46b9dd0700: cdpl_server_ipc.c:857: in _sv_on_finish(): info: worker W2 completed task T57
1731530283.151363: 30081-7f46b95cf700: cdpl_server_sched.c:955: in _assign(): info: assigning task T61 to worker W2
1731530289.916091: 30081-7f46b9dd0700: cdpl_server_ipc.c:857: in _sv_on_finish(): info: worker W2 completed task T61
1731530289.916125: 30081-7f46b95cf700: cdpl_server_sched.c:955: in _assign(): info: assigning task T70 to worker W2
1731530290.286206: 30081-7f46d18ce0c0: cdpl_server.c:1824: in _sv_gen_task(): info: new task T75 in B1 (prio -1)
1731530290.286226: 30081-7f46d18ce0c0: cdpl_server.c:2558: in cdpl_sv_label_task_va(): info: setting task T75 label to "cmpw_hbm__R__lh__R__hl__ACQ_1 of dff"
1731530290.299930: 30081-7f46d18ce0c0: cdpl_server.c:1824: in _sv_gen_task(): info: new task T76 in B1 (prio -1)
1731530290.299958: 30081-7f46d18ce0c0: cdpl_server.c:2558: in cdpl_sv_label_task_va(): info: setting task T76 label to "hold_hbm__D__lh__CLK__hl__ACQ_1 of dff"
1731530296.871276: 30081-7f46b9dd0700: cdpl_server_ipc.c:857: in _sv_on_finish(): info: worker W2 completed task T70
1731530296.871314: 30081-7f46b95cf700: cdpl_server_sched.c:955: in _assign(): info: assigning task T71 to worker W2
1731530303.809311: 30081-7f46b9dd0700: cdpl_server_ipc.c:857: in _sv_on_finish(): info: worker W2 completed task T71
1731530303.809354: 30081-7f46b95cf700: cdpl_server_sched.c:955: in _assign(): info: assigning task T72 to worker W2
1731530310.403317: 30081-7f46b9dd0700: cdpl_server_ipc.c:857: in _sv_on_finish(): info: worker W2 completed task T72
1731530310.403354: 30081-7f46b95cf700: cdpl_server_sched.c:955: in _assign(): info: assigning task T73 to worker W2
1731530317.556380: 30081-7f46b9dd0700: cdpl_server_ipc.c:857: in _sv_on_finish(): info: worker W2 completed task T73
1731530317.556409: 30081-7f46b95cf700: cdpl_server_sched.c:955: in _assign(): info: assigning task T74 to worker W2
1731530324.538325: 30081-7f46b9dd0700: cdpl_server_ipc.c:857: in _sv_on_finish(): info: worker W2 completed task T74
1731530324.538350: 30081-7f46b95cf700: cdpl_server_sched.c:955: in _assign(): info: assigning task T75 to worker W2
1731530331.217997: 30081-7f46b9dd0700: cdpl_server_ipc.c:857: in _sv_on_finish(): info: worker W2 completed task T75
1731530331.218031: 30081-7f46b95cf700: cdpl_server_sched.c:955: in _assign(): info: assigning task T76 to worker W2
1731530338.144079: 30081-7f46b9dd0700: cdpl_server_ipc.c:857: in _sv_on_finish(): info: worker W2 completed task T76
1731530338.144128: 30081-7f46b95cf700: cdpl_server_sched.c:955: in _assign(): info: assigning task T60 to worker W2
1731530345.544070: 30081-7f46b9dd0700: cdpl_server_ipc.c:857: in _sv_on_finish(): info: worker W2 completed task T60
1731530345.544104: 30081-7f46b95cf700: cdpl_server_sched.c:955: in _assign(): info: assigning task T66 to worker W2
1731530350.327800: 30081-7f46d18ce0c0: cdpl_server.c:1824: in _sv_gen_task(): info: new task T77 in B1 (prio 2)
1731530350.327821: 30081-7f46d18ce0c0: cdpl_server.c:2558: in cdpl_sv_label_task_va(): info: setting task T77 label to "delay__CLK__hl__Q__lh__ACQ_1 of dff"
1731530352.664628: 30081-7f46b9dd0700: cdpl_server_ipc.c:857: in _sv_on_finish(): info: worker W2 completed task T66
1731530352.664675: 30081-7f46b95cf700: cdpl_server_sched.c:955: in _assign(): info: assigning task T59 to worker W2
1731530359.763637: 30081-7f46b9dd0700: cdpl_server_ipc.c:857: in _sv_on_finish(): info: worker W2 completed task T59
1731530359.763672: 30081-7f46b95cf700: cdpl_server_sched.c:955: in _assign(): info: assigning task T77 to worker W2
1731530360.340950: 30081-7f46d18ce0c0: cdpl_server.c:1824: in _sv_gen_task(): info: new task T78 in B1 (prio 2)
1731530360.340971: 30081-7f46d18ce0c0: cdpl_server.c:2558: in cdpl_sv_label_task_va(): info: setting task T78 label to "delay__CLK__hl__Q__hl__ACQ_1 of dff"
1731530360.349474: 30081-7f46d18ce0c0: cdpl_server.c:1824: in _sv_gen_task(): info: new task T79 in B1 (prio 2)
1731530360.349492: 30081-7f46d18ce0c0: cdpl_server.c:2558: in cdpl_sv_label_task_va(): info: setting task T79 label to "delay__R__lh__Q__hl__ACQ_1 of dff"
1731530367.018172: 30081-7f46b9dd0700: cdpl_server_ipc.c:857: in _sv_on_finish(): info: worker W2 completed task T77
1731530367.018202: 30081-7f46b95cf700: cdpl_server_sched.c:955: in _assign(): info: assigning task T78 to worker W2
1731530374.137880: 30081-7f46b9dd0700: cdpl_server_ipc.c:857: in _sv_on_finish(): info: worker W2 completed task T78
1731530374.137909: 30081-7f46b95cf700: cdpl_server_sched.c:955: in _assign(): info: assigning task T79 to worker W2
1731530381.262152: 30081-7f46b9dd0700: cdpl_server_ipc.c:857: in _sv_on_finish(): info: worker W2 completed task T79
1731530381.262178: 30081-7f46b95cf700: cdpl_server_sched.c:955: in _assign(): info: assigning task T45 to worker W2
1731530401.004926: 30081-7f46b9dd0700: cdpl_server_ipc.c:857: in _sv_on_finish(): info: worker W2 completed task T45
1731530401.004966: 30081-7f46b95cf700: cdpl_server_sched.c:955: in _assign(): info: assigning task T46 to worker W2
1731530407.731432: 30081-7f46b9dd0700: cdpl_server_ipc.c:857: in _sv_on_finish(): info: worker W2 completed task T46
1731530407.731469: 30081-7f46b95cf700: cdpl_server_sched.c:955: in _assign(): info: assigning task T47 to worker W2
1731530414.488386: 30081-7f46b9dd0700: cdpl_server_ipc.c:857: in _sv_on_finish(): info: worker W2 completed task T47
1731530414.488414: 30081-7f46b95cf700: cdpl_server_sched.c:955: in _assign(): info: assigning task T48 to worker W2
1731530421.034912: 30081-7f46b9dd0700: cdpl_server_ipc.c:857: in _sv_on_finish(): info: worker W2 completed task T48
1731530421.034941: 30081-7f46b95cf700: cdpl_server_sched.c:955: in _assign(): info: assigning task T49 to worker W2
1731530427.745324: 30081-7f46b9dd0700: cdpl_server_ipc.c:857: in _sv_on_finish(): info: worker W2 completed task T49
1731530427.745359: 30081-7f46b95cf700: cdpl_server_sched.c:955: in _assign(): info: assigning task T63 to worker W2
1731530434.305391: 30081-7f46b9dd0700: cdpl_server_ipc.c:857: in _sv_on_finish(): info: worker W2 completed task T63
1731530434.305424: 30081-7f46b95cf700: cdpl_server_sched.c:955: in _assign(): info: assigning task T64 to worker W2
1731530440.891999: 30081-7f46b9dd0700: cdpl_server_ipc.c:857: in _sv_on_finish(): info: worker W2 completed task T64
1731530440.892038: 30081-7f46b95cf700: cdpl_server_sched.c:955: in _assign(): info: assigning task T65 to worker W2
1731530447.480415: 30081-7f46b9dd0700: cdpl_server_ipc.c:857: in _sv_on_finish(): info: worker W2 completed task T65
1731530447.480445: 30081-7f46b95cf700: cdpl_server_sched.c:955: in _assign(): info: assigning task T67 to worker W2
1731530454.117971: 30081-7f46b9dd0700: cdpl_server_ipc.c:857: in _sv_on_finish(): info: worker W2 completed task T67
1731530670.536983: 30081-7f46d18ce0c0: cdpl_compat_master.c:5152: in cdplMasterLogInfo(): info: [non-CDPL log entry] Ending current CDPL job
1731530670.537012: 30081-7f46d18ce0c0: cdpl_server.c:2890: in cdpl_sv_halt_job_errno(): info: stopping job J1
1731530670.537143: 30081-7f46b95cf700: cdpl_server_sched.c:2711: in _sv_drop_worker(): info: down to 0 alive workers in B1
1731530670.537195: 30081-7f46d18ce0c0: cdpl_server.c:2875: in cdpl_sv_halt_job_errno(): info: killing job J1
1731530670.537204: 30081-7f46d18ce0c0: cdpl_server.c:288: in _sv_free_job(): info: freeing job J1
1731530670.537284: 30081-7f46d18ce0c0: cdpl_farm.c:2395: in cdpl_farm_free(): info: freeing farm
1731530670.537690: 30081-7f46d18ce0c0: cdpl_server.c:3011: in cdpl_sv_free(): info: freeing server S2060253749
1731530670.537693: 30081-7f46d18ce0c0: cdpl_server.c:2976: in cdpl_sv_kill_errno(): info: killing server
1731530670.537753: 30081-7f46d18ce0c0: cdpl_server.c:328: in _sv_free_master(): info: freeing master M1
1731530670.537794: 30081-7f46d18ce0c0: cdpl_log.c:371: in cdpl_log_close(): info: @@end_of_log@@
