1733253881.753133: 24377-7f1d76c7f0c0: cdpl_log.c:228: in cdpl_log_open(): info: @@start_of_log@@
1733253881.753162: 24377-7f1d76c7f0c0: cdpl_log.c:866: in cdpl_log_dump_sysinfo(): info: time: 2024/12/03 13:24:41 CST -0600
1733253881.753167: 24377-7f1d76c7f0c0: cdpl_log.c:868: in cdpl_log_dump_sysinfo(): info: version: T-2022.03 
1733253881.753168: 24377-7f1d76c7f0c0: cdpl_log.c:870: in cdpl_log_dump_sysinfo(): info: system: Linux 3.10.0-1160.119.1.el7.x86_64 #1 SMP Tue May 14 11:55:25 EDT 2024
1733253881.753170: 24377-7f1d76c7f0c0: cdpl_log.c:875: in cdpl_log_dump_sysinfo(): info: processor: x86_64 64-bits
1733253881.753172: 24377-7f1d76c7f0c0: cdpl_log.c:879: in cdpl_log_dump_sysinfo(): info: hostname: engnx03a.utdallas.edu
1733253881.753174: 24377-7f1d76c7f0c0: cdpl_log.c:230: in cdpl_log_open(): debug: path: /home/eng/s/sxv240035/cad/gf65/primelib_gf65/OAI21/runtime/cdpl/pid24377/master.engnx03a.utdallas.edu.24377.log
1733253881.753176: 24377-7f1d76c7f0c0: cdpl_log.c:231: in cdpl_log_open(): debug: dir: /home/eng/s/sxv240035/cad/gf65/primelib_gf65/OAI21/runtime/cdpl/pid24377
1733253881.753181: 24377-7f1d76c7f0c0: cdpl_log.c:758: in cdpl_log_set_filter(): info: filter level 1
1733253881.753198: 24377-7f1d76c7f0c0: cdpl_server.c:543: in cdpl_sv_init(): info: new server S624413972
1733253881.753206: 24377-7f1d76c7f0c0: cdpl_ipc.c:3030: in cdpl_ipc_init(): info: requesting IPv4 protocol
1733253881.753771: 24377-7f1d76c7f0c0: cdpl_ipc.c:800: in _selectaddrfamily(): info: selected IPv4 protocol
1733253881.754044: 24377-7f1d76c7f0c0: cdpl_server.c:657: in cdpl_sv_new_master(): info: new master M1
1733253881.754059: 24377-7f1d76c7f0c0: cdpl_server.c:5494: in cdpl_sv_ctl_master(): info: Setting worker heartbeat to 60 seconds
1733253881.754061: 24377-7f1d76c7f0c0: cdpl_server.c:5503: in cdpl_sv_ctl_master(): info: Setting worker heartbeat timeout to 3 heartbeats
1733253881.754064: 24377-7f1d76c7f0c0: cdpl_compat_master.c:2407: in cdplInitMaster(): info: bcast dir is `/dev/null'
1733253881.754132: 24377-7f1d76c7f0c0: cdpl_server.c:5394: in cdpl_sv_ctl_master(): info: farm worker timeout set to 36000
1733253881.754134: 24377-7f1d76c7f0c0: cdpl_server.c:5410: in cdpl_sv_ctl_master(): info: grid worker timeout set to 36000
1733253881.754136: 24377-7f1d76c7f0c0: cdpl_server.c:5438: in cdpl_sv_ctl_master(): info: farm submit command failure threshold set to 100
1733253881.754167: 24377-7f1d76c7f0c0: cdpl_farm.c:2268: in cdpl_farm_new_sh(): info: creating SH farm on localhost
1733253881.754180: 24377-7f1d76c7f0c0: cdpl_compat_master.c:207: in _set_farm_env(): info: exporting CDPL_LOGDIR as `/home/eng/s/sxv240035/cad/gf65/primelib_gf65/OAI21/runtime/cdpl/pid24377'
1733253881.754183: 24377-7f1d76c7f0c0: cdpl_compat_master.c:213: in _set_farm_env(): info: exporting CDPL_TMPDIR as `/var/tmp'
1733253881.754185: 24377-7f1d76c7f0c0: cdpl_compat_master.c:220: in _set_farm_env(): info: exporting CDPL_HOME as `/proj/cad/synopsys/synopsys_2021/primelib/T-2022.03-SP1/cdpl_runtime_linux64'
1733253881.754187: 24377-7f1d76c7f0c0: cdpl_compat_master.c:227: in _set_farm_env(): info: exporting SNPSLMD_LICENSE_FILE as `1700@engdmv.utdallas.edu'
1733253881.754190: 24377-7f1d76c7f0c0: cdpl_compat_master.c:247: in _set_farm_env(): info: exporting CDPL_OPTIONS as `[filter][nowlogs]'
1733253881.754192: 24377-7f1d76c7f0c0: cdpl_compat_master.c:254: in _set_farm_env(): info: exporting DISPLAY as `:1034'
1733253881.754194: 24377-7f1d76c7f0c0: cdpl_compat_master.c:262: in _set_farm_env(): info: exporting CDPL_HEARTBEAT as `60'
1733253881.754199: 24377-7f1d76c7f0c0: cdpl_compat_master.c:348: in _set_farm_env(): info: exporting SIS_MALIBU as `2'
1733253881.754200: 24377-7f1d76c7f0c0: cdpl_compat_master.c:348: in _set_farm_env(): info: exporting SIS_CDPL as `5'
1733253881.796449: 24377-7f1d76c7f0c0: cdpl_server.c:738: in cdpl_sv_new_job(): info: new job J1 in M1
1733253881.796466: 24377-7f1d76c7f0c0: cdpl_compat_master.c:1314: in _add_worker(): info: new worker type 100, min:1, max:1, cmd:`/home/eng/s/sxv240035/cad/gf65/primelib_gf65/OAI21/runtime/cdpl/pid24377/run_24377.sh'
1733253881.796474: 24377-7f1d76c7f0c0: cdpl_server.c:900: in cdpl_sv_new_bin_withfarm(): info: new bin B1 in J1
1733253881.802161: 24377-7f1d76c7f0c0: cdpl_server.c:3116: in cdpl_sv_start_job(): info: starting job J1
1733253881.812561: 24377-7f1d76c7f0c0: cdpl_server.c:1824: in _sv_gen_task(): info: new task T0 in B1 (prio 2)
1733253881.812575: 24377-7f1d76c7f0c0: cdpl_server.c:2558: in cdpl_sv_label_task_va(): info: setting task T0 label to "delay__B__lh__OUT__hl__ACQ_1 of OAI21"
1733253881.812643: 24377-7f1d76c7f0c0: cdpl_server.c:1824: in _sv_gen_task(): info: new task T1 in B1 (prio 2)
1733253881.812696: 24377-7f1d5e983700: cdpl_server_sched.c:700: in _sv_launch_worker(): info: started worker W1 (as C1) in bin B1
1733253881.812715: 24377-7f1d5e182700: cdpl_farm.c:1899: in _schedule(): info: worker submit failure threshold set to 100
1733253881.812730: 24377-7f1d76c7f0c0: cdpl_server.c:2558: in cdpl_sv_label_task_va(): info: setting task T1 label to "delay__B__hl__OUT__lh__ACQ_1 of OAI21"
1733253881.812742: 24377-7f1d5e182700: cdpl_sh.c:49: in _sh_detached_submit(): info: SH : /home/eng/s/sxv240035/cad/gf65/primelib_gf65/OAI21/runtime/cdpl/pid24377/run_24377.sh
1733253881.814126: 24377-7f1d76c7f0c0: cdpl_server.c:1824: in _sv_gen_task(): info: new task T2 in B1 (prio 3)
1733253881.814150: 24377-7f1d76c7f0c0: cdpl_server.c:2558: in cdpl_sv_label_task_va(): info: setting task T2 label to "leakage_power__ACQ_1 of OAI21"
1733253881.814369: 24377-7f1d76c7f0c0: cdpl_server.c:1824: in _sv_gen_task(): info: new task T3 in B1 (prio 2)
1733253881.814375: 24377-7f1d76c7f0c0: cdpl_server.c:2558: in cdpl_sv_label_task_va(): info: setting task T3 label to "delay__C__lh__OUT__hl__ACQ_1 of OAI21"
1733253881.814443: 24377-7f1d76c7f0c0: cdpl_server.c:1824: in _sv_gen_task(): info: new task T4 in B1 (prio 2)
1733253881.814449: 24377-7f1d76c7f0c0: cdpl_server.c:2558: in cdpl_sv_label_task_va(): info: setting task T4 label to "delay__C__hl__OUT__lh__ACQ_1 of OAI21"
1733253881.814497: 24377-7f1d76c7f0c0: cdpl_server.c:1824: in _sv_gen_task(): info: new task T5 in B1 (prio 5)
1733253881.814501: 24377-7f1d76c7f0c0: cdpl_server.c:2558: in cdpl_sv_label_task_va(): info: setting task T5 label to "Cin__VSS__lh__ACQ_1 of OAI21"
1733253881.814557: 24377-7f1d76c7f0c0: cdpl_server.c:1824: in _sv_gen_task(): info: new task T6 in B1 (prio 5)
1733253881.814564: 24377-7f1d76c7f0c0: cdpl_server.c:2558: in cdpl_sv_label_task_va(): info: setting task T6 label to "Cin__VSS__hl__ACQ_1 of OAI21"
1733253881.814634: 24377-7f1d76c7f0c0: cdpl_server.c:1824: in _sv_gen_task(): info: new task T7 in B1 (prio 2)
1733253881.814639: 24377-7f1d76c7f0c0: cdpl_server.c:2558: in cdpl_sv_label_task_va(): info: setting task T7 label to "delay__A__lh__OUT__hl__ACQ_1 of OAI21"
1733253881.814695: 24377-7f1d76c7f0c0: cdpl_server.c:1824: in _sv_gen_task(): info: new task T8 in B1 (prio 2)
1733253881.814699: 24377-7f1d76c7f0c0: cdpl_server.c:2558: in cdpl_sv_label_task_va(): info: setting task T8 label to "delay__A__hl__OUT__lh__ACQ_1 of OAI21"
1733253881.814734: 24377-7f1d76c7f0c0: cdpl_server.c:1824: in _sv_gen_task(): info: new task T9 in B1 (prio 5)
1733253881.814737: 24377-7f1d76c7f0c0: cdpl_server.c:2558: in cdpl_sv_label_task_va(): info: setting task T9 label to "Cin__VDD__lh__ACQ_1 of OAI21"
1733253881.814801: 24377-7f1d76c7f0c0: cdpl_server.c:1824: in _sv_gen_task(): info: new task T10 in B1 (prio 5)
1733253881.814806: 24377-7f1d76c7f0c0: cdpl_server.c:2558: in cdpl_sv_label_task_va(): info: setting task T10 label to "Cin__VDD__hl__ACQ_1 of OAI21"
1733253882.504479: 24377-7f1d5f184700: cdpl_server_ipc.c:452: in _sv_on_hello(): info: W1 is `10.182.66.68:49052'
1733253882.504498: 24377-7f1d5f184700: cdpl_server_ipc.c:454: in _sv_on_hello(): info: W1 log file is /dev/null
1733253882.504508: 24377-7f1d5f184700: cdpl_server_ipc.c:481: in _sv_on_hello(): info: up to 1 alive workers in B1
1733253882.504532: 24377-7f1d5e983700: cdpl_server_sched.c:955: in _assign(): info: assigning task T0 to worker W1
1733253889.398473: 24377-7f1d5f184700: cdpl_server_ipc.c:857: in _sv_on_finish(): info: worker W1 completed task T0
1733253889.398515: 24377-7f1d5e983700: cdpl_server_sched.c:955: in _assign(): info: assigning task T1 to worker W1
1733253896.143117: 24377-7f1d5f184700: cdpl_server_ipc.c:857: in _sv_on_finish(): info: worker W1 completed task T1
1733253896.143160: 24377-7f1d5e983700: cdpl_server_sched.c:955: in _assign(): info: assigning task T3 to worker W1
1733253903.009935: 24377-7f1d5f184700: cdpl_server_ipc.c:857: in _sv_on_finish(): info: worker W1 completed task T3
1733253903.009991: 24377-7f1d5e983700: cdpl_server_sched.c:955: in _assign(): info: assigning task T4 to worker W1
1733253909.645544: 24377-7f1d5f184700: cdpl_server_ipc.c:857: in _sv_on_finish(): info: worker W1 completed task T4
1733253909.645588: 24377-7f1d5e983700: cdpl_server_sched.c:955: in _assign(): info: assigning task T7 to worker W1
1733253916.330387: 24377-7f1d5f184700: cdpl_server_ipc.c:857: in _sv_on_finish(): info: worker W1 completed task T7
1733253916.330432: 24377-7f1d5e983700: cdpl_server_sched.c:955: in _assign(): info: assigning task T8 to worker W1
1733253923.109438: 24377-7f1d5f184700: cdpl_server_ipc.c:857: in _sv_on_finish(): info: worker W1 completed task T8
1733253923.109720: 24377-7f1d5e983700: cdpl_server_sched.c:955: in _assign(): info: assigning task T2 to worker W1
1733253929.752719: 24377-7f1d5f184700: cdpl_server_ipc.c:857: in _sv_on_finish(): info: worker W1 completed task T2
1733253929.752757: 24377-7f1d5e983700: cdpl_server_sched.c:955: in _assign(): info: assigning task T5 to worker W1
1733253936.205663: 24377-7f1d5f184700: cdpl_server_ipc.c:857: in _sv_on_finish(): info: worker W1 completed task T5
1733253936.205706: 24377-7f1d5e983700: cdpl_server_sched.c:955: in _assign(): info: assigning task T6 to worker W1
1733253942.769857: 24377-7f1d5f184700: cdpl_server_ipc.c:857: in _sv_on_finish(): info: worker W1 completed task T6
1733253942.769903: 24377-7f1d5e983700: cdpl_server_sched.c:955: in _assign(): info: assigning task T9 to worker W1
1733253949.446984: 24377-7f1d5f184700: cdpl_server_ipc.c:857: in _sv_on_finish(): info: worker W1 completed task T9
1733253949.447031: 24377-7f1d5e983700: cdpl_server_sched.c:955: in _assign(): info: assigning task T10 to worker W1
1733253956.384643: 24377-7f1d5f184700: cdpl_server_ipc.c:857: in _sv_on_finish(): info: worker W1 completed task T10
1733253988.116635: 24377-7f1d76c7f0c0: cdpl_compat_master.c:5152: in cdplMasterLogInfo(): info: [non-CDPL log entry] Ending current CDPL job
1733253988.116892: 24377-7f1d76c7f0c0: cdpl_server.c:2890: in cdpl_sv_halt_job_errno(): info: stopping job J1
1733253988.116995: 24377-7f1d5e983700: cdpl_server_sched.c:2711: in _sv_drop_worker(): info: down to 0 alive workers in B1
1733253988.117042: 24377-7f1d76c7f0c0: cdpl_server.c:2875: in cdpl_sv_halt_job_errno(): info: killing job J1
1733253988.117050: 24377-7f1d76c7f0c0: cdpl_server.c:288: in _sv_free_job(): info: freeing job J1
1733253988.117098: 24377-7f1d76c7f0c0: cdpl_farm.c:2395: in cdpl_farm_free(): info: freeing farm
1733253988.117344: 24377-7f1d76c7f0c0: cdpl_server.c:3011: in cdpl_sv_free(): info: freeing server S624413972
1733253988.117350: 24377-7f1d76c7f0c0: cdpl_server.c:2976: in cdpl_sv_kill_errno(): info: killing server
1733253988.117385: 24377-7f1d76c7f0c0: cdpl_server.c:328: in _sv_free_master(): info: freeing master M1
1733253988.117539: 24377-7f1d76c7f0c0: cdpl_log.c:371: in cdpl_log_close(): info: @@end_of_log@@
