1729804478.935119: 10539-7f5e6ea760c0: cdpl_log.c:228: in cdpl_log_open(): info: @@start_of_log@@
1729804478.935147: 10539-7f5e6ea760c0: cdpl_log.c:866: in cdpl_log_dump_sysinfo(): info: time: 2024/10/24 16:14:38 CDT -0500
1729804478.935152: 10539-7f5e6ea760c0: cdpl_log.c:868: in cdpl_log_dump_sysinfo(): info: version: T-2022.03 
1729804478.935154: 10539-7f5e6ea760c0: cdpl_log.c:870: in cdpl_log_dump_sysinfo(): info: system: Linux 3.10.0-1160.119.1.el7.x86_64 #1 SMP Tue May 14 11:55:25 EDT 2024
1729804478.935155: 10539-7f5e6ea760c0: cdpl_log.c:875: in cdpl_log_dump_sysinfo(): info: processor: x86_64 64-bits
1729804478.935157: 10539-7f5e6ea760c0: cdpl_log.c:879: in cdpl_log_dump_sysinfo(): info: hostname: engnx02a.utdallas.edu
1729804478.935159: 10539-7f5e6ea760c0: cdpl_log.c:230: in cdpl_log_open(): debug: path: /home/eng/s/sxv240035/cad/gf65/primelib_gf65/OAI22/runtime/cdpl/pid10539/master.engnx02a.utdallas.edu.10539.log
1729804478.935161: 10539-7f5e6ea760c0: cdpl_log.c:231: in cdpl_log_open(): debug: dir: /home/eng/s/sxv240035/cad/gf65/primelib_gf65/OAI22/runtime/cdpl/pid10539
1729804478.935168: 10539-7f5e6ea760c0: cdpl_log.c:758: in cdpl_log_set_filter(): info: filter level 1
1729804478.935185: 10539-7f5e6ea760c0: cdpl_server.c:543: in cdpl_sv_init(): info: new server S1754902904
1729804478.935192: 10539-7f5e6ea760c0: cdpl_ipc.c:3030: in cdpl_ipc_init(): info: requesting IPv4 protocol
1729804478.935732: 10539-7f5e6ea760c0: cdpl_ipc.c:800: in _selectaddrfamily(): info: selected IPv4 protocol
1729804478.936023: 10539-7f5e6ea760c0: cdpl_server.c:657: in cdpl_sv_new_master(): info: new master M1
1729804478.936036: 10539-7f5e6ea760c0: cdpl_server.c:5494: in cdpl_sv_ctl_master(): info: Setting worker heartbeat to 60 seconds
1729804478.936038: 10539-7f5e6ea760c0: cdpl_server.c:5503: in cdpl_sv_ctl_master(): info: Setting worker heartbeat timeout to 3 heartbeats
1729804478.936042: 10539-7f5e6ea760c0: cdpl_compat_master.c:2407: in cdplInitMaster(): info: bcast dir is `/dev/null'
1729804478.936111: 10539-7f5e6ea760c0: cdpl_server.c:5394: in cdpl_sv_ctl_master(): info: farm worker timeout set to 36000
1729804478.936113: 10539-7f5e6ea760c0: cdpl_server.c:5410: in cdpl_sv_ctl_master(): info: grid worker timeout set to 36000
1729804478.936115: 10539-7f5e6ea760c0: cdpl_server.c:5438: in cdpl_sv_ctl_master(): info: farm submit command failure threshold set to 100
1729804478.936151: 10539-7f5e6ea760c0: cdpl_farm.c:2268: in cdpl_farm_new_sh(): info: creating SH farm on localhost
1729804478.936164: 10539-7f5e6ea760c0: cdpl_compat_master.c:207: in _set_farm_env(): info: exporting CDPL_LOGDIR as `/home/eng/s/sxv240035/cad/gf65/primelib_gf65/OAI22/runtime/cdpl/pid10539'
1729804478.936167: 10539-7f5e6ea760c0: cdpl_compat_master.c:213: in _set_farm_env(): info: exporting CDPL_TMPDIR as `/var/tmp'
1729804478.936169: 10539-7f5e6ea760c0: cdpl_compat_master.c:220: in _set_farm_env(): info: exporting CDPL_HOME as `/proj/cad/synopsys/synopsys_2021/primelib/T-2022.03-SP1/cdpl_runtime_linux64'
1729804478.936172: 10539-7f5e6ea760c0: cdpl_compat_master.c:227: in _set_farm_env(): info: exporting SNPSLMD_LICENSE_FILE as `1700@engdmv.utdallas.edu'
1729804478.936174: 10539-7f5e6ea760c0: cdpl_compat_master.c:247: in _set_farm_env(): info: exporting CDPL_OPTIONS as `[filter][nowlogs]'
1729804478.936176: 10539-7f5e6ea760c0: cdpl_compat_master.c:254: in _set_farm_env(): info: exporting DISPLAY as `:1027'
1729804478.936178: 10539-7f5e6ea760c0: cdpl_compat_master.c:262: in _set_farm_env(): info: exporting CDPL_HEARTBEAT as `60'
1729804478.936183: 10539-7f5e6ea760c0: cdpl_compat_master.c:348: in _set_farm_env(): info: exporting SIS_MALIBU as `2'
1729804478.936185: 10539-7f5e6ea760c0: cdpl_compat_master.c:348: in _set_farm_env(): info: exporting SIS_CDPL as `5'
1729804478.978124: 10539-7f5e6ea760c0: cdpl_server.c:738: in cdpl_sv_new_job(): info: new job J1 in M1
1729804478.978138: 10539-7f5e6ea760c0: cdpl_compat_master.c:1314: in _add_worker(): info: new worker type 100, min:1, max:1, cmd:`/home/eng/s/sxv240035/cad/gf65/primelib_gf65/OAI22/runtime/cdpl/pid10539/run_10539.sh'
1729804478.978146: 10539-7f5e6ea760c0: cdpl_server.c:900: in cdpl_sv_new_bin_withfarm(): info: new bin B1 in J1
1729804478.985550: 10539-7f5e6ea760c0: cdpl_server.c:3116: in cdpl_sv_start_job(): info: starting job J1
1729804478.994996: 10539-7f5e6ea760c0: cdpl_server.c:1824: in _sv_gen_task(): info: new task T0 in B1 (prio 3)
1729804478.995009: 10539-7f5e6ea760c0: cdpl_server.c:2558: in cdpl_sv_label_task_va(): info: setting task T0 label to "leakage_power__ACQ_1 of OAI22"
1729804478.995080: 10539-7f5e6ea760c0: cdpl_server.c:1824: in _sv_gen_task(): info: new task T1 in B1 (prio 5)
1729804478.995083: 10539-7f5e6ea760c0: cdpl_server.c:2558: in cdpl_sv_label_task_va(): info: setting task T1 label to "Cin__VSS__hl__ACQ_1 of OAI22"
1729804478.995111: 10539-7f5e6ea760c0: cdpl_server.c:1824: in _sv_gen_task(): info: new task T2 in B1 (prio 5)
1729804478.995191: 10539-7f5e56777700: cdpl_server_sched.c:700: in _sv_launch_worker(): info: started worker W1 (as C1) in bin B1
1729804478.995210: 10539-7f5e6ea760c0: cdpl_server.c:2558: in cdpl_sv_label_task_va(): info: setting task T2 label to "Cin__VSS__lh__ACQ_1 of OAI22"
1729804478.995221: 10539-7f5e55f76700: cdpl_farm.c:1899: in _schedule(): info: worker submit failure threshold set to 100
1729804478.995241: 10539-7f5e55f76700: cdpl_sh.c:49: in _sh_detached_submit(): info: SH : /home/eng/s/sxv240035/cad/gf65/primelib_gf65/OAI22/runtime/cdpl/pid10539/run_10539.sh
1729804478.995253: 10539-7f5e6ea760c0: cdpl_server.c:1824: in _sv_gen_task(): info: new task T3 in B1 (prio 2)
1729804478.995260: 10539-7f5e6ea760c0: cdpl_server.c:2558: in cdpl_sv_label_task_va(): info: setting task T3 label to "delay__A__hl__OUT__lh__ACQ_1 of OAI22"
1729804478.998377: 10539-7f5e6ea760c0: cdpl_server.c:1824: in _sv_gen_task(): info: new task T4 in B1 (prio 2)
1729804478.998399: 10539-7f5e6ea760c0: cdpl_server.c:2558: in cdpl_sv_label_task_va(): info: setting task T4 label to "delay__A__lh__OUT__hl__ACQ_1 of OAI22"
1729804478.998458: 10539-7f5e6ea760c0: cdpl_server.c:1824: in _sv_gen_task(): info: new task T5 in B1 (prio 2)
1729804478.998461: 10539-7f5e6ea760c0: cdpl_server.c:2558: in cdpl_sv_label_task_va(): info: setting task T5 label to "delay__B__hl__OUT__lh__ACQ_1 of OAI22"
1729804478.998513: 10539-7f5e6ea760c0: cdpl_server.c:1824: in _sv_gen_task(): info: new task T6 in B1 (prio 2)
1729804478.998517: 10539-7f5e6ea760c0: cdpl_server.c:2558: in cdpl_sv_label_task_va(): info: setting task T6 label to "delay__B__lh__OUT__hl__ACQ_1 of OAI22"
1729804478.998559: 10539-7f5e6ea760c0: cdpl_server.c:1824: in _sv_gen_task(): info: new task T7 in B1 (prio 2)
1729804478.998562: 10539-7f5e6ea760c0: cdpl_server.c:2558: in cdpl_sv_label_task_va(): info: setting task T7 label to "delay__C__hl__OUT__lh__ACQ_1 of OAI22"
1729804478.998606: 10539-7f5e6ea760c0: cdpl_server.c:1824: in _sv_gen_task(): info: new task T8 in B1 (prio 2)
1729804478.998609: 10539-7f5e6ea760c0: cdpl_server.c:2558: in cdpl_sv_label_task_va(): info: setting task T8 label to "delay__C__lh__OUT__hl__ACQ_1 of OAI22"
1729804478.998648: 10539-7f5e6ea760c0: cdpl_server.c:1824: in _sv_gen_task(): info: new task T9 in B1 (prio 2)
1729804478.998652: 10539-7f5e6ea760c0: cdpl_server.c:2558: in cdpl_sv_label_task_va(): info: setting task T9 label to "delay__D__hl__OUT__lh__ACQ_1 of OAI22"
1729804478.998694: 10539-7f5e6ea760c0: cdpl_server.c:1824: in _sv_gen_task(): info: new task T10 in B1 (prio 2)
1729804478.998697: 10539-7f5e6ea760c0: cdpl_server.c:2558: in cdpl_sv_label_task_va(): info: setting task T10 label to "delay__D__lh__OUT__hl__ACQ_1 of OAI22"
1729804478.998730: 10539-7f5e6ea760c0: cdpl_server.c:1824: in _sv_gen_task(): info: new task T11 in B1 (prio 5)
1729804478.998733: 10539-7f5e6ea760c0: cdpl_server.c:2558: in cdpl_sv_label_task_va(): info: setting task T11 label to "Cin__VDD__hl__ACQ_1 of OAI22"
1729804478.998774: 10539-7f5e6ea760c0: cdpl_server.c:1824: in _sv_gen_task(): info: new task T12 in B1 (prio 5)
1729804478.998777: 10539-7f5e6ea760c0: cdpl_server.c:2558: in cdpl_sv_label_task_va(): info: setting task T12 label to "Cin__VDD__lh__ACQ_1 of OAI22"
1729804479.666318: 10539-7f5e56f78700: cdpl_server_ipc.c:452: in _sv_on_hello(): info: W1 is `10.182.66.67:51656'
1729804479.666336: 10539-7f5e56f78700: cdpl_server_ipc.c:454: in _sv_on_hello(): info: W1 log file is /dev/null
1729804479.666344: 10539-7f5e56f78700: cdpl_server_ipc.c:481: in _sv_on_hello(): info: up to 1 alive workers in B1
1729804479.666382: 10539-7f5e56777700: cdpl_server_sched.c:955: in _assign(): info: assigning task T3 to worker W1
1729804487.041084: 10539-7f5e56f78700: cdpl_server_ipc.c:857: in _sv_on_finish(): info: worker W1 completed task T3
1729804487.041132: 10539-7f5e56777700: cdpl_server_sched.c:955: in _assign(): info: assigning task T4 to worker W1
1729804489.033987: 10539-7f5e6ea760c0: cdpl_server.c:1824: in _sv_gen_task(): info: new task T13 in B1 (prio 2)
1729804489.034005: 10539-7f5e6ea760c0: cdpl_server.c:2558: in cdpl_sv_label_task_va(): info: setting task T13 label to "delay__A__hl__OUT__lh__ACQ_1 of OAI22"
1729804494.022660: 10539-7f5e56f78700: cdpl_server_ipc.c:857: in _sv_on_finish(): info: worker W1 completed task T4
1729804494.022699: 10539-7f5e56777700: cdpl_server_sched.c:955: in _assign(): info: assigning task T5 to worker W1
1729804499.050440: 10539-7f5e6ea760c0: cdpl_server.c:1824: in _sv_gen_task(): info: new task T14 in B1 (prio 2)
1729804499.050458: 10539-7f5e6ea760c0: cdpl_server.c:2558: in cdpl_sv_label_task_va(): info: setting task T14 label to "delay__A__lh__OUT__hl__ACQ_1 of OAI22"
1729804511.832364: 10539-7f5e56f78700: cdpl_server_ipc.c:857: in _sv_on_finish(): info: worker W1 completed task T5
1729804511.832398: 10539-7f5e56777700: cdpl_server_sched.c:955: in _assign(): info: assigning task T6 to worker W1
1729804519.387353: 10539-7f5e6ea760c0: cdpl_server.c:1824: in _sv_gen_task(): info: new task T15 in B1 (prio 2)
1729804519.387371: 10539-7f5e6ea760c0: cdpl_server.c:2558: in cdpl_sv_label_task_va(): info: setting task T15 label to "delay__B__hl__OUT__lh__ACQ_1 of OAI22"
1729804521.724777: 10539-7f5e56f78700: cdpl_server_ipc.c:857: in _sv_on_finish(): info: worker W1 completed task T6
1729804521.724826: 10539-7f5e56777700: cdpl_server_sched.c:955: in _assign(): info: assigning task T7 to worker W1
1729804528.739723: 10539-7f5e56f78700: cdpl_server_ipc.c:857: in _sv_on_finish(): info: worker W1 completed task T7
1729804528.740008: 10539-7f5e56777700: cdpl_server_sched.c:955: in _assign(): info: assigning task T8 to worker W1
1729804529.401814: 10539-7f5e6ea760c0: cdpl_server.c:1824: in _sv_gen_task(): info: new task T16 in B1 (prio 2)
1729804529.401833: 10539-7f5e6ea760c0: cdpl_server.c:2558: in cdpl_sv_label_task_va(): info: setting task T16 label to "delay__B__lh__OUT__hl__ACQ_1 of OAI22"
1729804529.414490: 10539-7f5e6ea760c0: cdpl_server.c:1824: in _sv_gen_task(): info: new task T17 in B1 (prio 2)
1729804529.414500: 10539-7f5e6ea760c0: cdpl_server.c:2558: in cdpl_sv_label_task_va(): info: setting task T17 label to "delay__C__hl__OUT__lh__ACQ_1 of OAI22"
1729804535.715986: 10539-7f5e56f78700: cdpl_server_ipc.c:857: in _sv_on_finish(): info: worker W1 completed task T8
1729804535.716030: 10539-7f5e56777700: cdpl_server_sched.c:955: in _assign(): info: assigning task T9 to worker W1
1729804539.429622: 10539-7f5e6ea760c0: cdpl_server.c:1824: in _sv_gen_task(): info: new task T18 in B1 (prio 2)
1729804539.429644: 10539-7f5e6ea760c0: cdpl_server.c:2558: in cdpl_sv_label_task_va(): info: setting task T18 label to "delay__C__lh__OUT__hl__ACQ_1 of OAI22"
1729804542.781260: 10539-7f5e56f78700: cdpl_server_ipc.c:857: in _sv_on_finish(): info: worker W1 completed task T9
1729804542.781313: 10539-7f5e56777700: cdpl_server_sched.c:955: in _assign(): info: assigning task T10 to worker W1
1729804549.446836: 10539-7f5e6ea760c0: cdpl_server.c:1824: in _sv_gen_task(): info: new task T19 in B1 (prio 2)
1729804549.446854: 10539-7f5e6ea760c0: cdpl_server.c:2558: in cdpl_sv_label_task_va(): info: setting task T19 label to "delay__D__hl__OUT__lh__ACQ_1 of OAI22"
1729804549.815639: 10539-7f5e56f78700: cdpl_server_ipc.c:857: in _sv_on_finish(): info: worker W1 completed task T10
1729804549.815701: 10539-7f5e56777700: cdpl_server_sched.c:955: in _assign(): info: assigning task T13 to worker W1
1729804560.359024: 10539-7f5e6ea760c0: cdpl_server.c:1824: in _sv_gen_task(): info: new task T20 in B1 (prio 2)
1729804560.359055: 10539-7f5e6ea760c0: cdpl_server.c:2558: in cdpl_sv_label_task_va(): info: setting task T20 label to "delay__D__lh__OUT__hl__ACQ_1 of OAI22"
1729804568.587297: 10539-7f5e56f78700: cdpl_server_ipc.c:857: in _sv_on_finish(): info: worker W1 completed task T13
1729804568.587347: 10539-7f5e56777700: cdpl_server_sched.c:955: in _assign(): info: assigning task T14 to worker W1
1729804575.959910: 10539-7f5e56f78700: cdpl_server_ipc.c:857: in _sv_on_finish(): info: worker W1 completed task T14
1729804575.960158: 10539-7f5e56777700: cdpl_server_sched.c:955: in _assign(): info: assigning task T15 to worker W1
1729804583.081711: 10539-7f5e56f78700: cdpl_server_ipc.c:857: in _sv_on_finish(): info: worker W1 completed task T15
1729804583.081757: 10539-7f5e56777700: cdpl_server_sched.c:955: in _assign(): info: assigning task T16 to worker W1
1729804589.999923: 10539-7f5e56f78700: cdpl_server_ipc.c:857: in _sv_on_finish(): info: worker W1 completed task T16
1729804589.999959: 10539-7f5e56777700: cdpl_server_sched.c:955: in _assign(): info: assigning task T17 to worker W1
1729804597.098156: 10539-7f5e56f78700: cdpl_server_ipc.c:857: in _sv_on_finish(): info: worker W1 completed task T17
1729804597.098195: 10539-7f5e56777700: cdpl_server_sched.c:955: in _assign(): info: assigning task T18 to worker W1
1729804612.597073: 10539-7f5e56f78700: cdpl_server_ipc.c:857: in _sv_on_finish(): info: worker W1 completed task T18
1729804612.597120: 10539-7f5e56777700: cdpl_server_sched.c:955: in _assign(): info: assigning task T19 to worker W1
1729804627.560577: 10539-7f5e56f78700: cdpl_server_ipc.c:857: in _sv_on_finish(): info: worker W1 completed task T19
1729804627.560618: 10539-7f5e56777700: cdpl_server_sched.c:955: in _assign(): info: assigning task T20 to worker W1
1729804634.707251: 10539-7f5e56f78700: cdpl_server_ipc.c:857: in _sv_on_finish(): info: worker W1 completed task T20
1729804634.707560: 10539-7f5e56777700: cdpl_server_sched.c:955: in _assign(): info: assigning task T0 to worker W1
1729804641.501983: 10539-7f5e56f78700: cdpl_server_ipc.c:857: in _sv_on_finish(): info: worker W1 completed task T0
1729804641.502020: 10539-7f5e56777700: cdpl_server_sched.c:955: in _assign(): info: assigning task T1 to worker W1
1729804648.319227: 10539-7f5e56f78700: cdpl_server_ipc.c:857: in _sv_on_finish(): info: worker W1 completed task T1
1729804648.319273: 10539-7f5e56777700: cdpl_server_sched.c:955: in _assign(): info: assigning task T2 to worker W1
1729804655.840314: 10539-7f5e56f78700: cdpl_server_ipc.c:857: in _sv_on_finish(): info: worker W1 completed task T2
1729804655.840364: 10539-7f5e56777700: cdpl_server_sched.c:955: in _assign(): info: assigning task T11 to worker W1
1729804665.807453: 10539-7f5e56f78700: cdpl_server_ipc.c:857: in _sv_on_finish(): info: worker W1 completed task T11
1729804665.807495: 10539-7f5e56777700: cdpl_server_sched.c:955: in _assign(): info: assigning task T12 to worker W1
1729804672.964877: 10539-7f5e56f78700: cdpl_server_ipc.c:857: in _sv_on_finish(): info: worker W1 completed task T12
1729804894.090204: 10539-7f5e6ea760c0: cdpl_server.c:1824: in _sv_gen_task(): info: new task T21 in B1 (prio 3)
1729804894.090220: 10539-7f5e6ea760c0: cdpl_server.c:2558: in cdpl_sv_label_task_va(): info: setting task T21 label to "leakage_power__ACQ_1 of OAI22"
1729804894.090244: 10539-7f5e56777700: cdpl_server_sched.c:955: in _assign(): info: assigning task T21 to worker W1
1729804894.090261: 10539-7f5e6ea760c0: cdpl_server.c:1824: in _sv_gen_task(): info: new task T22 in B1 (prio 5)
1729804894.090281: 10539-7f5e6ea760c0: cdpl_server.c:2558: in cdpl_sv_label_task_va(): info: setting task T22 label to "Cin__VSS__hl__ACQ_1 of OAI22"
1729804894.090325: 10539-7f5e6ea760c0: cdpl_server.c:1824: in _sv_gen_task(): info: new task T23 in B1 (prio 5)
1729804894.090329: 10539-7f5e6ea760c0: cdpl_server.c:2558: in cdpl_sv_label_task_va(): info: setting task T23 label to "Cin__VSS__lh__ACQ_1 of OAI22"
1729804894.090359: 10539-7f5e6ea760c0: cdpl_server.c:1824: in _sv_gen_task(): info: new task T24 in B1 (prio 2)
1729804894.090363: 10539-7f5e6ea760c0: cdpl_server.c:2558: in cdpl_sv_label_task_va(): info: setting task T24 label to "delay__A__hl__OUT__lh__ACQ_1 of OAI22"
1729804894.090384: 10539-7f5e6ea760c0: cdpl_server.c:1824: in _sv_gen_task(): info: new task T25 in B1 (prio 2)
1729804894.090386: 10539-7f5e6ea760c0: cdpl_server.c:2558: in cdpl_sv_label_task_va(): info: setting task T25 label to "delay__A__lh__OUT__hl__ACQ_1 of OAI22"
1729804894.090406: 10539-7f5e6ea760c0: cdpl_server.c:1824: in _sv_gen_task(): info: new task T26 in B1 (prio 2)
1729804894.090409: 10539-7f5e6ea760c0: cdpl_server.c:2558: in cdpl_sv_label_task_va(): info: setting task T26 label to "delay__B__hl__OUT__lh__ACQ_1 of OAI22"
1729804894.090427: 10539-7f5e6ea760c0: cdpl_server.c:1824: in _sv_gen_task(): info: new task T27 in B1 (prio 2)
1729804894.090430: 10539-7f5e6ea760c0: cdpl_server.c:2558: in cdpl_sv_label_task_va(): info: setting task T27 label to "delay__B__lh__OUT__hl__ACQ_1 of OAI22"
1729804894.090449: 10539-7f5e6ea760c0: cdpl_server.c:1824: in _sv_gen_task(): info: new task T28 in B1 (prio 2)
1729804894.090451: 10539-7f5e6ea760c0: cdpl_server.c:2558: in cdpl_sv_label_task_va(): info: setting task T28 label to "delay__C__hl__OUT__lh__ACQ_1 of OAI22"
1729804894.090470: 10539-7f5e6ea760c0: cdpl_server.c:1824: in _sv_gen_task(): info: new task T29 in B1 (prio 2)
1729804894.090472: 10539-7f5e6ea760c0: cdpl_server.c:2558: in cdpl_sv_label_task_va(): info: setting task T29 label to "delay__C__lh__OUT__hl__ACQ_1 of OAI22"
1729804894.090491: 10539-7f5e6ea760c0: cdpl_server.c:1824: in _sv_gen_task(): info: new task T30 in B1 (prio 2)
1729804894.090494: 10539-7f5e6ea760c0: cdpl_server.c:2558: in cdpl_sv_label_task_va(): info: setting task T30 label to "delay__D__hl__OUT__lh__ACQ_1 of OAI22"
1729804894.090512: 10539-7f5e6ea760c0: cdpl_server.c:1824: in _sv_gen_task(): info: new task T31 in B1 (prio 2)
1729804894.090515: 10539-7f5e6ea760c0: cdpl_server.c:2558: in cdpl_sv_label_task_va(): info: setting task T31 label to "delay__D__lh__OUT__hl__ACQ_1 of OAI22"
1729804894.090533: 10539-7f5e6ea760c0: cdpl_server.c:1824: in _sv_gen_task(): info: new task T32 in B1 (prio 5)
1729804894.090536: 10539-7f5e6ea760c0: cdpl_server.c:2558: in cdpl_sv_label_task_va(): info: setting task T32 label to "Cin__VDD__hl__ACQ_1 of OAI22"
1729804894.090554: 10539-7f5e6ea760c0: cdpl_server.c:1824: in _sv_gen_task(): info: new task T33 in B1 (prio 5)
1729804894.090556: 10539-7f5e6ea760c0: cdpl_server.c:2558: in cdpl_sv_label_task_va(): info: setting task T33 label to "Cin__VDD__lh__ACQ_1 of OAI22"
1729804901.135167: 10539-7f5e56f78700: cdpl_server_ipc.c:857: in _sv_on_finish(): info: worker W1 completed task T21
1729804901.135217: 10539-7f5e56777700: cdpl_server_sched.c:955: in _assign(): info: assigning task T24 to worker W1
1729804916.179549: 10539-7f5e56f78700: cdpl_server_ipc.c:857: in _sv_on_finish(): info: worker W1 completed task T24
1729804916.179584: 10539-7f5e56777700: cdpl_server_sched.c:955: in _assign(): info: assigning task T25 to worker W1
1729804924.885992: 10539-7f5e6ea760c0: cdpl_server.c:1824: in _sv_gen_task(): info: new task T34 in B1 (prio 2)
1729804924.886013: 10539-7f5e6ea760c0: cdpl_server.c:2558: in cdpl_sv_label_task_va(): info: setting task T34 label to "delay__A__hl__OUT__lh__ACQ_1 of OAI22"
1729804925.313953: 10539-7f5e56f78700: cdpl_server_ipc.c:857: in _sv_on_finish(): info: worker W1 completed task T25
1729804925.313998: 10539-7f5e56777700: cdpl_server_sched.c:955: in _assign(): info: assigning task T26 to worker W1
1729804932.195293: 10539-7f5e56f78700: cdpl_server_ipc.c:857: in _sv_on_finish(): info: worker W1 completed task T26
1729804932.195324: 10539-7f5e56777700: cdpl_server_sched.c:955: in _assign(): info: assigning task T27 to worker W1
1729804934.898771: 10539-7f5e6ea760c0: cdpl_server.c:1824: in _sv_gen_task(): info: new task T35 in B1 (prio 2)
1729804934.898791: 10539-7f5e6ea760c0: cdpl_server.c:2558: in cdpl_sv_label_task_va(): info: setting task T35 label to "delay__A__lh__OUT__hl__ACQ_1 of OAI22"
1729804934.913282: 10539-7f5e6ea760c0: cdpl_server.c:1824: in _sv_gen_task(): info: new task T36 in B1 (prio 2)
1729804934.913303: 10539-7f5e6ea760c0: cdpl_server.c:2558: in cdpl_sv_label_task_va(): info: setting task T36 label to "delay__B__hl__OUT__lh__ACQ_1 of OAI22"
1729804939.269948: 10539-7f5e56f78700: cdpl_server_ipc.c:857: in _sv_on_finish(): info: worker W1 completed task T27
1729804939.269988: 10539-7f5e56777700: cdpl_server_sched.c:955: in _assign(): info: assigning task T28 to worker W1
1729804944.928854: 10539-7f5e6ea760c0: cdpl_server.c:1824: in _sv_gen_task(): info: new task T37 in B1 (prio 2)
1729804944.928879: 10539-7f5e6ea760c0: cdpl_server.c:2558: in cdpl_sv_label_task_va(): info: setting task T37 label to "delay__B__lh__OUT__hl__ACQ_1 of OAI22"
1729804946.243160: 10539-7f5e56f78700: cdpl_server_ipc.c:857: in _sv_on_finish(): info: worker W1 completed task T28
1729804946.243196: 10539-7f5e56777700: cdpl_server_sched.c:955: in _assign(): info: assigning task T29 to worker W1
1729804953.293351: 10539-7f5e56f78700: cdpl_server_ipc.c:857: in _sv_on_finish(): info: worker W1 completed task T29
1729804953.293378: 10539-7f5e56777700: cdpl_server_sched.c:955: in _assign(): info: assigning task T30 to worker W1
1729804954.945868: 10539-7f5e6ea760c0: cdpl_server.c:1824: in _sv_gen_task(): info: new task T38 in B1 (prio 2)
1729804954.945889: 10539-7f5e6ea760c0: cdpl_server.c:2558: in cdpl_sv_label_task_va(): info: setting task T38 label to "delay__C__hl__OUT__lh__ACQ_1 of OAI22"
1729804954.963432: 10539-7f5e6ea760c0: cdpl_server.c:1824: in _sv_gen_task(): info: new task T39 in B1 (prio 2)
1729804954.963452: 10539-7f5e6ea760c0: cdpl_server.c:2558: in cdpl_sv_label_task_va(): info: setting task T39 label to "delay__C__lh__OUT__hl__ACQ_1 of OAI22"
1729804969.489000: 10539-7f5e56f78700: cdpl_server_ipc.c:857: in _sv_on_finish(): info: worker W1 completed task T30
1729804969.489035: 10539-7f5e56777700: cdpl_server_sched.c:955: in _assign(): info: assigning task T31 to worker W1
1729804975.610500: 10539-7f5e6ea760c0: cdpl_server.c:1824: in _sv_gen_task(): info: new task T40 in B1 (prio 2)
1729804975.610521: 10539-7f5e6ea760c0: cdpl_server.c:2558: in cdpl_sv_label_task_va(): info: setting task T40 label to "delay__D__hl__OUT__lh__ACQ_1 of OAI22"
1729804977.244560: 10539-7f5e56f78700: cdpl_server_ipc.c:857: in _sv_on_finish(): info: worker W1 completed task T31
1729804977.244601: 10539-7f5e56777700: cdpl_server_sched.c:955: in _assign(): info: assigning task T34 to worker W1
1729804984.410376: 10539-7f5e56f78700: cdpl_server_ipc.c:857: in _sv_on_finish(): info: worker W1 completed task T34
1729804984.410414: 10539-7f5e56777700: cdpl_server_sched.c:955: in _assign(): info: assigning task T35 to worker W1
1729804984.627010: 10539-7f5e6ea760c0: cdpl_server.c:1824: in _sv_gen_task(): info: new task T41 in B1 (prio 2)
1729804984.627029: 10539-7f5e6ea760c0: cdpl_server.c:2558: in cdpl_sv_label_task_va(): info: setting task T41 label to "delay__D__lh__OUT__hl__ACQ_1 of OAI22"
1729804991.634255: 10539-7f5e56f78700: cdpl_server_ipc.c:857: in _sv_on_finish(): info: worker W1 completed task T35
1729804991.634292: 10539-7f5e56777700: cdpl_server_sched.c:955: in _assign(): info: assigning task T36 to worker W1
1729804998.587790: 10539-7f5e56f78700: cdpl_server_ipc.c:857: in _sv_on_finish(): info: worker W1 completed task T36
1729804998.587820: 10539-7f5e56777700: cdpl_server_sched.c:955: in _assign(): info: assigning task T37 to worker W1
1729805005.743887: 10539-7f5e56f78700: cdpl_server_ipc.c:857: in _sv_on_finish(): info: worker W1 completed task T37
1729805005.743928: 10539-7f5e56777700: cdpl_server_sched.c:955: in _assign(): info: assigning task T38 to worker W1
1729805020.881849: 10539-7f5e56f78700: cdpl_server_ipc.c:857: in _sv_on_finish(): info: worker W1 completed task T38
1729805026.552093: 10539-7f5e56777700: cdpl_server_sched.c:955: in _assign(): info: assigning task T39 to worker W1
1729805033.664369: 10539-7f5e56f78700: cdpl_server_ipc.c:857: in _sv_on_finish(): info: worker W1 completed task T39
1729805033.664409: 10539-7f5e56777700: cdpl_server_sched.c:955: in _assign(): info: assigning task T40 to worker W1
1729805040.865694: 10539-7f5e56f78700: cdpl_server_ipc.c:857: in _sv_on_finish(): info: worker W1 completed task T40
1729805040.865729: 10539-7f5e56777700: cdpl_server_sched.c:955: in _assign(): info: assigning task T41 to worker W1
1729805048.287817: 10539-7f5e56f78700: cdpl_server_ipc.c:857: in _sv_on_finish(): info: worker W1 completed task T41
1729805048.287847: 10539-7f5e56777700: cdpl_server_sched.c:955: in _assign(): info: assigning task T22 to worker W1
1729805055.284472: 10539-7f5e56f78700: cdpl_server_ipc.c:857: in _sv_on_finish(): info: worker W1 completed task T22
1729805055.284510: 10539-7f5e56777700: cdpl_server_sched.c:955: in _assign(): info: assigning task T23 to worker W1
1729805063.700206: 10539-7f5e56f78700: cdpl_server_ipc.c:857: in _sv_on_finish(): info: worker W1 completed task T23
1729805063.700250: 10539-7f5e56777700: cdpl_server_sched.c:955: in _assign(): info: assigning task T32 to worker W1
1729805073.598236: 10539-7f5e56f78700: cdpl_server_ipc.c:857: in _sv_on_finish(): info: worker W1 completed task T32
1729805073.598289: 10539-7f5e56777700: cdpl_server_sched.c:955: in _assign(): info: assigning task T33 to worker W1
1729805081.354267: 10539-7f5e56f78700: cdpl_server_ipc.c:857: in _sv_on_finish(): info: worker W1 completed task T33
1729805102.404452: 10539-7f5e6ea760c0: cdpl_server.c:1824: in _sv_gen_task(): info: new task T42 in B1 (prio 3)
1729805102.404468: 10539-7f5e6ea760c0: cdpl_server.c:2558: in cdpl_sv_label_task_va(): info: setting task T42 label to "leakage_power__ACQ_1 of OAI22"
1729805102.404511: 10539-7f5e6ea760c0: cdpl_server.c:1824: in _sv_gen_task(): info: new task T43 in B1 (prio 5)
1729805102.404515: 10539-7f5e6ea760c0: cdpl_server.c:2558: in cdpl_sv_label_task_va(): info: setting task T43 label to "Cin__VSS__hl__ACQ_1 of OAI22"
1729805102.404542: 10539-7f5e6ea760c0: cdpl_server.c:1824: in _sv_gen_task(): info: new task T44 in B1 (prio 5)
1729805102.404556: 10539-7f5e56777700: cdpl_server_sched.c:955: in _assign(): info: assigning task T42 to worker W1
1729805102.404603: 10539-7f5e6ea760c0: cdpl_server.c:2558: in cdpl_sv_label_task_va(): info: setting task T44 label to "Cin__VSS__lh__ACQ_1 of OAI22"
1729805102.404635: 10539-7f5e6ea760c0: cdpl_server.c:1824: in _sv_gen_task(): info: new task T45 in B1 (prio 2)
1729805102.404638: 10539-7f5e6ea760c0: cdpl_server.c:2558: in cdpl_sv_label_task_va(): info: setting task T45 label to "delay__A__hl__OUT__lh__ACQ_1 of OAI22"
1729805102.404664: 10539-7f5e6ea760c0: cdpl_server.c:1824: in _sv_gen_task(): info: new task T46 in B1 (prio 2)
1729805102.404668: 10539-7f5e6ea760c0: cdpl_server.c:2558: in cdpl_sv_label_task_va(): info: setting task T46 label to "delay__A__lh__OUT__hl__ACQ_1 of OAI22"
1729805102.404693: 10539-7f5e6ea760c0: cdpl_server.c:1824: in _sv_gen_task(): info: new task T47 in B1 (prio 2)
1729805102.404696: 10539-7f5e6ea760c0: cdpl_server.c:2558: in cdpl_sv_label_task_va(): info: setting task T47 label to "delay__B__hl__OUT__lh__ACQ_1 of OAI22"
1729805102.404721: 10539-7f5e6ea760c0: cdpl_server.c:1824: in _sv_gen_task(): info: new task T48 in B1 (prio 2)
1729805102.404724: 10539-7f5e6ea760c0: cdpl_server.c:2558: in cdpl_sv_label_task_va(): info: setting task T48 label to "delay__B__lh__OUT__hl__ACQ_1 of OAI22"
1729805102.404749: 10539-7f5e6ea760c0: cdpl_server.c:1824: in _sv_gen_task(): info: new task T49 in B1 (prio 2)
1729805102.404752: 10539-7f5e6ea760c0: cdpl_server.c:2558: in cdpl_sv_label_task_va(): info: setting task T49 label to "delay__C__hl__OUT__lh__ACQ_1 of OAI22"
1729805102.404777: 10539-7f5e6ea760c0: cdpl_server.c:1824: in _sv_gen_task(): info: new task T50 in B1 (prio 2)
1729805102.404780: 10539-7f5e6ea760c0: cdpl_server.c:2558: in cdpl_sv_label_task_va(): info: setting task T50 label to "delay__C__lh__OUT__hl__ACQ_1 of OAI22"
1729805102.404805: 10539-7f5e6ea760c0: cdpl_server.c:1824: in _sv_gen_task(): info: new task T51 in B1 (prio 2)
1729805102.404812: 10539-7f5e6ea760c0: cdpl_server.c:2558: in cdpl_sv_label_task_va(): info: setting task T51 label to "delay__D__hl__OUT__lh__ACQ_1 of OAI22"
1729805102.404839: 10539-7f5e6ea760c0: cdpl_server.c:1824: in _sv_gen_task(): info: new task T52 in B1 (prio 2)
1729805102.404842: 10539-7f5e6ea760c0: cdpl_server.c:2558: in cdpl_sv_label_task_va(): info: setting task T52 label to "delay__D__lh__OUT__hl__ACQ_1 of OAI22"
1729805102.404866: 10539-7f5e6ea760c0: cdpl_server.c:1824: in _sv_gen_task(): info: new task T53 in B1 (prio 5)
1729805102.404869: 10539-7f5e6ea760c0: cdpl_server.c:2558: in cdpl_sv_label_task_va(): info: setting task T53 label to "Cin__VDD__hl__ACQ_1 of OAI22"
1729805102.404892: 10539-7f5e6ea760c0: cdpl_server.c:1824: in _sv_gen_task(): info: new task T54 in B1 (prio 5)
1729805102.404895: 10539-7f5e6ea760c0: cdpl_server.c:2558: in cdpl_sv_label_task_va(): info: setting task T54 label to "Cin__VDD__lh__ACQ_1 of OAI22"
1729805109.438719: 10539-7f5e56f78700: cdpl_server_ipc.c:857: in _sv_on_finish(): info: worker W1 completed task T42
1729805109.438766: 10539-7f5e56777700: cdpl_server_sched.c:955: in _assign(): info: assigning task T45 to worker W1
1729805124.753036: 10539-7f5e56f78700: cdpl_server_ipc.c:857: in _sv_on_finish(): info: worker W1 completed task T45
1729805124.753079: 10539-7f5e56777700: cdpl_server_sched.c:955: in _assign(): info: assigning task T46 to worker W1
1729805132.484139: 10539-7f5e6ea760c0: cdpl_server.c:1824: in _sv_gen_task(): info: new task T55 in B1 (prio 2)
1729805132.484156: 10539-7f5e6ea760c0: cdpl_server.c:2558: in cdpl_sv_label_task_va(): info: setting task T55 label to "delay__A__hl__OUT__lh__ACQ_1 of OAI22"
1729805133.667281: 10539-7f5e56f78700: cdpl_server_ipc.c:857: in _sv_on_finish(): info: worker W1 completed task T46
1729805133.667327: 10539-7f5e56777700: cdpl_server_sched.c:955: in _assign(): info: assigning task T47 to worker W1
1729805140.637348: 10539-7f5e56f78700: cdpl_server_ipc.c:857: in _sv_on_finish(): info: worker W1 completed task T47
1729805140.637386: 10539-7f5e56777700: cdpl_server_sched.c:955: in _assign(): info: assigning task T48 to worker W1
1729805142.501500: 10539-7f5e6ea760c0: cdpl_server.c:1824: in _sv_gen_task(): info: new task T56 in B1 (prio 2)
1729805142.501521: 10539-7f5e6ea760c0: cdpl_server.c:2558: in cdpl_sv_label_task_va(): info: setting task T56 label to "delay__A__lh__OUT__hl__ACQ_1 of OAI22"
1729805142.517261: 10539-7f5e6ea760c0: cdpl_server.c:1824: in _sv_gen_task(): info: new task T57 in B1 (prio 2)
1729805142.517272: 10539-7f5e6ea760c0: cdpl_server.c:2558: in cdpl_sv_label_task_va(): info: setting task T57 label to "delay__B__hl__OUT__lh__ACQ_1 of OAI22"
1729805147.618456: 10539-7f5e56f78700: cdpl_server_ipc.c:857: in _sv_on_finish(): info: worker W1 completed task T48
1729805147.618496: 10539-7f5e56777700: cdpl_server_sched.c:955: in _assign(): info: assigning task T49 to worker W1
1729805152.536365: 10539-7f5e6ea760c0: cdpl_server.c:1824: in _sv_gen_task(): info: new task T58 in B1 (prio 2)
1729805152.536383: 10539-7f5e6ea760c0: cdpl_server.c:2558: in cdpl_sv_label_task_va(): info: setting task T58 label to "delay__B__lh__OUT__hl__ACQ_1 of OAI22"
1729805154.483705: 10539-7f5e56f78700: cdpl_server_ipc.c:857: in _sv_on_finish(): info: worker W1 completed task T49
1729805154.483748: 10539-7f5e56777700: cdpl_server_sched.c:955: in _assign(): info: assigning task T50 to worker W1
1729805164.480264: 10539-7f5e6ea760c0: cdpl_server.c:1824: in _sv_gen_task(): info: new task T59 in B1 (prio 2)
1729805164.480285: 10539-7f5e6ea760c0: cdpl_server.c:2558: in cdpl_sv_label_task_va(): info: setting task T59 label to "delay__C__hl__OUT__lh__ACQ_1 of OAI22"
1729805169.851002: 10539-7f5e56f78700: cdpl_server_ipc.c:857: in _sv_on_finish(): info: worker W1 completed task T50
1729805169.851036: 10539-7f5e56777700: cdpl_server_sched.c:955: in _assign(): info: assigning task T51 to worker W1
1729805173.405342: 10539-7f5e6ea760c0: cdpl_server.c:1824: in _sv_gen_task(): info: new task T60 in B1 (prio 2)
1729805173.405367: 10539-7f5e6ea760c0: cdpl_server.c:2558: in cdpl_sv_label_task_va(): info: setting task T60 label to "delay__C__lh__OUT__hl__ACQ_1 of OAI22"
1729805180.356183: 10539-7f5e56f78700: cdpl_server_ipc.c:857: in _sv_on_finish(): info: worker W1 completed task T51
1729805180.356228: 10539-7f5e56777700: cdpl_server_sched.c:955: in _assign(): info: assigning task T52 to worker W1
1729805182.420893: 10539-7f5e6ea760c0: cdpl_server.c:1824: in _sv_gen_task(): info: new task T61 in B1 (prio 2)
1729805182.420911: 10539-7f5e6ea760c0: cdpl_server.c:2558: in cdpl_sv_label_task_va(): info: setting task T61 label to "delay__D__hl__OUT__lh__ACQ_1 of OAI22"
1729805187.313177: 10539-7f5e56f78700: cdpl_server_ipc.c:857: in _sv_on_finish(): info: worker W1 completed task T52
1729805187.313227: 10539-7f5e56777700: cdpl_server_sched.c:955: in _assign(): info: assigning task T55 to worker W1
1729805192.439338: 10539-7f5e6ea760c0: cdpl_server.c:1824: in _sv_gen_task(): info: new task T62 in B1 (prio 2)
1729805192.439359: 10539-7f5e6ea760c0: cdpl_server.c:2558: in cdpl_sv_label_task_va(): info: setting task T62 label to "delay__D__lh__OUT__hl__ACQ_1 of OAI22"
1729805194.280419: 10539-7f5e56f78700: cdpl_server_ipc.c:857: in _sv_on_finish(): info: worker W1 completed task T55
1729805194.280470: 10539-7f5e56777700: cdpl_server_sched.c:955: in _assign(): info: assigning task T56 to worker W1
1729805201.290641: 10539-7f5e56f78700: cdpl_server_ipc.c:857: in _sv_on_finish(): info: worker W1 completed task T56
1729805201.290683: 10539-7f5e56777700: cdpl_server_sched.c:955: in _assign(): info: assigning task T57 to worker W1
1729805208.305187: 10539-7f5e56f78700: cdpl_server_ipc.c:857: in _sv_on_finish(): info: worker W1 completed task T57
1729805208.305244: 10539-7f5e56777700: cdpl_server_sched.c:955: in _assign(): info: assigning task T58 to worker W1
1729805224.207674: 10539-7f5e56f78700: cdpl_server_ipc.c:857: in _sv_on_finish(): info: worker W1 completed task T58
1729805224.207717: 10539-7f5e56777700: cdpl_server_sched.c:955: in _assign(): info: assigning task T59 to worker W1
1729805232.340977: 10539-7f5e56f78700: cdpl_server_ipc.c:857: in _sv_on_finish(): info: worker W1 completed task T59
1729805232.341018: 10539-7f5e56777700: cdpl_server_sched.c:955: in _assign(): info: assigning task T60 to worker W1
1729805239.345733: 10539-7f5e56f78700: cdpl_server_ipc.c:857: in _sv_on_finish(): info: worker W1 completed task T60
1729805239.345782: 10539-7f5e56777700: cdpl_server_sched.c:955: in _assign(): info: assigning task T61 to worker W1
1729805246.519881: 10539-7f5e56f78700: cdpl_server_ipc.c:857: in _sv_on_finish(): info: worker W1 completed task T61
1729805246.519918: 10539-7f5e56777700: cdpl_server_sched.c:955: in _assign(): info: assigning task T62 to worker W1
1729805253.725552: 10539-7f5e56f78700: cdpl_server_ipc.c:857: in _sv_on_finish(): info: worker W1 completed task T62
1729805253.725590: 10539-7f5e56777700: cdpl_server_sched.c:955: in _assign(): info: assigning task T43 to worker W1
1729805260.646651: 10539-7f5e56f78700: cdpl_server_ipc.c:857: in _sv_on_finish(): info: worker W1 completed task T43
1729805260.646702: 10539-7f5e56777700: cdpl_server_sched.c:955: in _assign(): info: assigning task T44 to worker W1
1729805268.464095: 10539-7f5e56f78700: cdpl_server_ipc.c:857: in _sv_on_finish(): info: worker W1 completed task T44
1729805268.464152: 10539-7f5e56777700: cdpl_server_sched.c:955: in _assign(): info: assigning task T53 to worker W1
1729805277.956849: 10539-7f5e56f78700: cdpl_server_ipc.c:857: in _sv_on_finish(): info: worker W1 completed task T53
1729805277.956910: 10539-7f5e56777700: cdpl_server_sched.c:955: in _assign(): info: assigning task T54 to worker W1
1729805285.066328: 10539-7f5e56f78700: cdpl_server_ipc.c:857: in _sv_on_finish(): info: worker W1 completed task T54
1729805502.463233: 10539-7f5e6ea760c0: cdpl_server.c:1824: in _sv_gen_task(): info: new task T63 in B1 (prio 3)
1729805502.463246: 10539-7f5e6ea760c0: cdpl_server.c:2558: in cdpl_sv_label_task_va(): info: setting task T63 label to "leakage_power__ACQ_1 of OAI22"
1729805502.463287: 10539-7f5e6ea760c0: cdpl_server.c:1824: in _sv_gen_task(): info: new task T64 in B1 (prio 5)
1729805502.463290: 10539-7f5e6ea760c0: cdpl_server.c:2558: in cdpl_sv_label_task_va(): info: setting task T64 label to "Cin__VSS__hl__ACQ_1 of OAI22"
1729805502.463310: 10539-7f5e6ea760c0: cdpl_server.c:1824: in _sv_gen_task(): info: new task T65 in B1 (prio 5)
1729805502.463313: 10539-7f5e6ea760c0: cdpl_server.c:2558: in cdpl_sv_label_task_va(): info: setting task T65 label to "Cin__VSS__lh__ACQ_1 of OAI22"
1729805502.463336: 10539-7f5e6ea760c0: cdpl_server.c:1824: in _sv_gen_task(): info: new task T66 in B1 (prio 2)
1729805502.463339: 10539-7f5e6ea760c0: cdpl_server.c:2558: in cdpl_sv_label_task_va(): info: setting task T66 label to "delay__A__hl__OUT__lh__ACQ_1 of OAI22"
1729805502.463358: 10539-7f5e6ea760c0: cdpl_server.c:1824: in _sv_gen_task(): info: new task T67 in B1 (prio 2)
1729805502.463361: 10539-7f5e6ea760c0: cdpl_server.c:2558: in cdpl_sv_label_task_va(): info: setting task T67 label to "delay__A__lh__OUT__hl__ACQ_1 of OAI22"
1729805502.463380: 10539-7f5e6ea760c0: cdpl_server.c:1824: in _sv_gen_task(): info: new task T68 in B1 (prio 2)
1729805502.463383: 10539-7f5e6ea760c0: cdpl_server.c:2558: in cdpl_sv_label_task_va(): info: setting task T68 label to "delay__B__hl__OUT__lh__ACQ_1 of OAI22"
1729805502.463402: 10539-7f5e6ea760c0: cdpl_server.c:1824: in _sv_gen_task(): info: new task T69 in B1 (prio 2)
1729805502.463404: 10539-7f5e6ea760c0: cdpl_server.c:2558: in cdpl_sv_label_task_va(): info: setting task T69 label to "delay__B__lh__OUT__hl__ACQ_1 of OAI22"
1729805502.463423: 10539-7f5e6ea760c0: cdpl_server.c:1824: in _sv_gen_task(): info: new task T70 in B1 (prio 2)
1729805502.463425: 10539-7f5e6ea760c0: cdpl_server.c:2558: in cdpl_sv_label_task_va(): info: setting task T70 label to "delay__C__hl__OUT__lh__ACQ_1 of OAI22"
1729805502.463444: 10539-7f5e6ea760c0: cdpl_server.c:1824: in _sv_gen_task(): info: new task T71 in B1 (prio 2)
1729805502.463446: 10539-7f5e6ea760c0: cdpl_server.c:2558: in cdpl_sv_label_task_va(): info: setting task T71 label to "delay__C__lh__OUT__hl__ACQ_1 of OAI22"
1729805502.463465: 10539-7f5e6ea760c0: cdpl_server.c:1824: in _sv_gen_task(): info: new task T72 in B1 (prio 2)
1729805502.463468: 10539-7f5e6ea760c0: cdpl_server.c:2558: in cdpl_sv_label_task_va(): info: setting task T72 label to "delay__D__hl__OUT__lh__ACQ_1 of OAI22"
1729805502.463487: 10539-7f5e6ea760c0: cdpl_server.c:1824: in _sv_gen_task(): info: new task T73 in B1 (prio 2)
1729805502.463489: 10539-7f5e6ea760c0: cdpl_server.c:2558: in cdpl_sv_label_task_va(): info: setting task T73 label to "delay__D__lh__OUT__hl__ACQ_1 of OAI22"
1729805502.463507: 10539-7f5e6ea760c0: cdpl_server.c:1824: in _sv_gen_task(): info: new task T74 in B1 (prio 5)
1729805502.463510: 10539-7f5e6ea760c0: cdpl_server.c:2558: in cdpl_sv_label_task_va(): info: setting task T74 label to "Cin__VDD__hl__ACQ_1 of OAI22"
1729805502.463528: 10539-7f5e6ea760c0: cdpl_server.c:1824: in _sv_gen_task(): info: new task T75 in B1 (prio 5)
1729805502.463530: 10539-7f5e6ea760c0: cdpl_server.c:2558: in cdpl_sv_label_task_va(): info: setting task T75 label to "Cin__VDD__lh__ACQ_1 of OAI22"
1729805502.464224: 10539-7f5e56777700: cdpl_server_sched.c:955: in _assign(): info: assigning task T66 to worker W1
1729805509.534240: 10539-7f5e56f78700: cdpl_server_ipc.c:857: in _sv_on_finish(): info: worker W1 completed task T66
1729805509.534287: 10539-7f5e56777700: cdpl_server_sched.c:955: in _assign(): info: assigning task T67 to worker W1
1729805516.238231: 10539-7f5e56f78700: cdpl_server_ipc.c:857: in _sv_on_finish(): info: worker W1 completed task T67
1729805516.238265: 10539-7f5e56777700: cdpl_server_sched.c:955: in _assign(): info: assigning task T68 to worker W1
1729805537.343806: 10539-7f5e56f78700: cdpl_server_ipc.c:857: in _sv_on_finish(): info: worker W1 completed task T68
1729805537.343842: 10539-7f5e56777700: cdpl_server_sched.c:955: in _assign(): info: assigning task T69 to worker W1
1729805544.415548: 10539-7f5e56f78700: cdpl_server_ipc.c:857: in _sv_on_finish(): info: worker W1 completed task T69
1729805544.415587: 10539-7f5e56777700: cdpl_server_sched.c:955: in _assign(): info: assigning task T70 to worker W1
1729805551.249358: 10539-7f5e56f78700: cdpl_server_ipc.c:857: in _sv_on_finish(): info: worker W1 completed task T70
1729805551.249397: 10539-7f5e56777700: cdpl_server_sched.c:955: in _assign(): info: assigning task T71 to worker W1
1729805558.022358: 10539-7f5e56f78700: cdpl_server_ipc.c:857: in _sv_on_finish(): info: worker W1 completed task T71
1729805558.022394: 10539-7f5e56777700: cdpl_server_sched.c:955: in _assign(): info: assigning task T72 to worker W1
1729805572.779762: 10539-7f5e56f78700: cdpl_server_ipc.c:857: in _sv_on_finish(): info: worker W1 completed task T72
1729805572.779809: 10539-7f5e56777700: cdpl_server_sched.c:955: in _assign(): info: assigning task T73 to worker W1
1729805582.081922: 10539-7f5e56f78700: cdpl_server_ipc.c:857: in _sv_on_finish(): info: worker W1 completed task T73
1729805582.082297: 10539-7f5e56777700: cdpl_server_sched.c:955: in _assign(): info: assigning task T63 to worker W1
1729805589.143716: 10539-7f5e56f78700: cdpl_server_ipc.c:857: in _sv_on_finish(): info: worker W1 completed task T63
1729805589.143760: 10539-7f5e56777700: cdpl_server_sched.c:955: in _assign(): info: assigning task T64 to worker W1
1729805596.218523: 10539-7f5e56f78700: cdpl_server_ipc.c:857: in _sv_on_finish(): info: worker W1 completed task T64
1729805596.218562: 10539-7f5e56777700: cdpl_server_sched.c:955: in _assign(): info: assigning task T65 to worker W1
1729805602.871833: 10539-7f5e56f78700: cdpl_server_ipc.c:857: in _sv_on_finish(): info: worker W1 completed task T65
1729805602.871890: 10539-7f5e56777700: cdpl_server_sched.c:955: in _assign(): info: assigning task T74 to worker W1
1729805609.717806: 10539-7f5e56f78700: cdpl_server_ipc.c:857: in _sv_on_finish(): info: worker W1 completed task T74
1729805609.717852: 10539-7f5e56777700: cdpl_server_sched.c:955: in _assign(): info: assigning task T75 to worker W1
1729805617.294848: 10539-7f5e56f78700: cdpl_server_ipc.c:857: in _sv_on_finish(): info: worker W1 completed task T75
1729806218.340366: 10539-7f5e57779700: cdpl_ipc.c:738: in _readv(): warning: read(): EOF
1729806895.334114: 10539-7f5e6ea760c0: cdpl_compat_master.c:5152: in cdplMasterLogInfo(): info: [non-CDPL log entry] Ending current CDPL job
1729806895.334136: 10539-7f5e6ea760c0: cdpl_server.c:2890: in cdpl_sv_halt_job_errno(): info: stopping job J1
1729806895.334178: 10539-7f5e6ea760c0: cdpl_server.c:2875: in cdpl_sv_halt_job_errno(): info: killing job J1
1729806895.334186: 10539-7f5e6ea760c0: cdpl_server.c:288: in _sv_free_job(): info: freeing job J1
1729806895.334291: 10539-7f5e6ea760c0: cdpl_farm.c:2395: in cdpl_farm_free(): info: freeing farm
1729806895.334508: 10539-7f5e6ea760c0: cdpl_server.c:3011: in cdpl_sv_free(): info: freeing server S1754902904
1729806895.334510: 10539-7f5e6ea760c0: cdpl_server.c:2976: in cdpl_sv_kill_errno(): info: killing server
1729806895.334550: 10539-7f5e6ea760c0: cdpl_server.c:328: in _sv_free_master(): info: freeing master M1
1729806895.334612: 10539-7f5e6ea760c0: cdpl_log.c:371: in cdpl_log_close(): info: @@end_of_log@@
