1733254314.960644: 16467-7f86466d90c0: cdpl_log.c:228: in cdpl_log_open(): info: @@start_of_log@@
1733254314.960672: 16467-7f86466d90c0: cdpl_log.c:866: in cdpl_log_dump_sysinfo(): info: time: 2024/12/03 13:31:54 CST -0600
1733254314.960676: 16467-7f86466d90c0: cdpl_log.c:868: in cdpl_log_dump_sysinfo(): info: version: T-2022.03 
1733254314.960678: 16467-7f86466d90c0: cdpl_log.c:870: in cdpl_log_dump_sysinfo(): info: system: Linux 3.10.0-1160.119.1.el7.x86_64 #1 SMP Tue May 14 11:55:25 EDT 2024
1733254314.960680: 16467-7f86466d90c0: cdpl_log.c:875: in cdpl_log_dump_sysinfo(): info: processor: x86_64 64-bits
1733254314.960682: 16467-7f86466d90c0: cdpl_log.c:879: in cdpl_log_dump_sysinfo(): info: hostname: engnx03a.utdallas.edu
1733254314.960683: 16467-7f86466d90c0: cdpl_log.c:230: in cdpl_log_open(): debug: path: /home/eng/s/sxv240035/cad/gf65/primelib_gf65/XOR2/runtime/cdpl/pid16467/master.engnx03a.utdallas.edu.16467.log
1733254314.960686: 16467-7f86466d90c0: cdpl_log.c:231: in cdpl_log_open(): debug: dir: /home/eng/s/sxv240035/cad/gf65/primelib_gf65/XOR2/runtime/cdpl/pid16467
1733254314.960694: 16467-7f86466d90c0: cdpl_log.c:758: in cdpl_log_set_filter(): info: filter level 1
1733254314.960716: 16467-7f86466d90c0: cdpl_server.c:543: in cdpl_sv_init(): info: new server S1811628533
1733254314.960726: 16467-7f86466d90c0: cdpl_ipc.c:3030: in cdpl_ipc_init(): info: requesting IPv4 protocol
1733254314.961229: 16467-7f86466d90c0: cdpl_ipc.c:800: in _selectaddrfamily(): info: selected IPv4 protocol
1733254314.961509: 16467-7f86466d90c0: cdpl_server.c:657: in cdpl_sv_new_master(): info: new master M1
1733254314.961522: 16467-7f86466d90c0: cdpl_server.c:5494: in cdpl_sv_ctl_master(): info: Setting worker heartbeat to 60 seconds
1733254314.961524: 16467-7f86466d90c0: cdpl_server.c:5503: in cdpl_sv_ctl_master(): info: Setting worker heartbeat timeout to 3 heartbeats
1733254314.961527: 16467-7f86466d90c0: cdpl_compat_master.c:2407: in cdplInitMaster(): info: bcast dir is `/dev/null'
1733254314.961596: 16467-7f86466d90c0: cdpl_server.c:5394: in cdpl_sv_ctl_master(): info: farm worker timeout set to 36000
1733254314.961598: 16467-7f86466d90c0: cdpl_server.c:5410: in cdpl_sv_ctl_master(): info: grid worker timeout set to 36000
1733254314.961600: 16467-7f86466d90c0: cdpl_server.c:5438: in cdpl_sv_ctl_master(): info: farm submit command failure threshold set to 100
1733254314.961639: 16467-7f86466d90c0: cdpl_farm.c:2268: in cdpl_farm_new_sh(): info: creating SH farm on localhost
1733254314.961652: 16467-7f86466d90c0: cdpl_compat_master.c:207: in _set_farm_env(): info: exporting CDPL_LOGDIR as `/home/eng/s/sxv240035/cad/gf65/primelib_gf65/XOR2/runtime/cdpl/pid16467'
1733254314.961656: 16467-7f86466d90c0: cdpl_compat_master.c:213: in _set_farm_env(): info: exporting CDPL_TMPDIR as `/var/tmp'
1733254314.961658: 16467-7f86466d90c0: cdpl_compat_master.c:220: in _set_farm_env(): info: exporting CDPL_HOME as `/proj/cad/synopsys/synopsys_2021/primelib/T-2022.03-SP1/cdpl_runtime_linux64'
1733254314.961660: 16467-7f86466d90c0: cdpl_compat_master.c:227: in _set_farm_env(): info: exporting SNPSLMD_LICENSE_FILE as `1700@engdmv.utdallas.edu'
1733254314.961663: 16467-7f86466d90c0: cdpl_compat_master.c:247: in _set_farm_env(): info: exporting CDPL_OPTIONS as `[filter][nowlogs]'
1733254314.961665: 16467-7f86466d90c0: cdpl_compat_master.c:254: in _set_farm_env(): info: exporting DISPLAY as `:1034'
1733254314.961667: 16467-7f86466d90c0: cdpl_compat_master.c:262: in _set_farm_env(): info: exporting CDPL_HEARTBEAT as `60'
1733254314.961672: 16467-7f86466d90c0: cdpl_compat_master.c:348: in _set_farm_env(): info: exporting SIS_MALIBU as `2'
1733254314.961673: 16467-7f86466d90c0: cdpl_compat_master.c:348: in _set_farm_env(): info: exporting SIS_CDPL as `5'
1733254315.007345: 16467-7f86466d90c0: cdpl_server.c:738: in cdpl_sv_new_job(): info: new job J1 in M1
1733254315.007362: 16467-7f86466d90c0: cdpl_compat_master.c:1314: in _add_worker(): info: new worker type 100, min:1, max:1, cmd:`/home/eng/s/sxv240035/cad/gf65/primelib_gf65/XOR2/runtime/cdpl/pid16467/run_16467.sh'
1733254315.007373: 16467-7f86466d90c0: cdpl_server.c:900: in cdpl_sv_new_bin_withfarm(): info: new bin B1 in J1
1733254315.026231: 16467-7f86466d90c0: cdpl_server.c:3116: in cdpl_sv_start_job(): info: starting job J1
1733254315.035038: 16467-7f86466d90c0: cdpl_server.c:1824: in _sv_gen_task(): info: new task T0 in B1 (prio 3)
1733254315.035049: 16467-7f86466d90c0: cdpl_server.c:2558: in cdpl_sv_label_task_va(): info: setting task T0 label to "leakage_power__ACQ_1 of XOR2"
1733254315.035106: 16467-7f86466d90c0: cdpl_server.c:1824: in _sv_gen_task(): info: new task T1 in B1 (prio 5)
1733254315.035166: 16467-7f862e3dd700: cdpl_server_sched.c:700: in _sv_launch_worker(): info: started worker W1 (as C1) in bin B1
1733254315.035191: 16467-7f862dbdc700: cdpl_farm.c:1899: in _schedule(): info: worker submit failure threshold set to 100
1733254315.035209: 16467-7f86466d90c0: cdpl_server.c:2558: in cdpl_sv_label_task_va(): info: setting task T1 label to "Cin__VSS__hl__ACQ_1 of XOR2"
1733254315.035223: 16467-7f862dbdc700: cdpl_sh.c:49: in _sh_detached_submit(): info: SH : /home/eng/s/sxv240035/cad/gf65/primelib_gf65/XOR2/runtime/cdpl/pid16467/run_16467.sh
1733254315.037491: 16467-7f86466d90c0: cdpl_server.c:1824: in _sv_gen_task(): info: new task T2 in B1 (prio 5)
1733254315.037523: 16467-7f86466d90c0: cdpl_server.c:2558: in cdpl_sv_label_task_va(): info: setting task T2 label to "Cin__VSS__lh__ACQ_1 of XOR2"
1733254315.038161: 16467-7f86466d90c0: cdpl_server.c:1824: in _sv_gen_task(): info: new task T3 in B1 (prio 2)
1733254315.038165: 16467-7f86466d90c0: cdpl_server.c:2558: in cdpl_sv_label_task_va(): info: setting task T3 label to "delay__A__hl__OUT__hl__ACQ_1 of XOR2"
1733254315.038212: 16467-7f86466d90c0: cdpl_server.c:1824: in _sv_gen_task(): info: new task T4 in B1 (prio 2)
1733254315.038215: 16467-7f86466d90c0: cdpl_server.c:2558: in cdpl_sv_label_task_va(): info: setting task T4 label to "delay__A__hl__OUT__lh__ACQ_1 of XOR2"
1733254315.038262: 16467-7f86466d90c0: cdpl_server.c:1824: in _sv_gen_task(): info: new task T5 in B1 (prio 2)
1733254315.038264: 16467-7f86466d90c0: cdpl_server.c:2558: in cdpl_sv_label_task_va(): info: setting task T5 label to "delay__A__lh__OUT__hl__ACQ_1 of XOR2"
1733254315.038296: 16467-7f86466d90c0: cdpl_server.c:1824: in _sv_gen_task(): info: new task T6 in B1 (prio 2)
1733254315.038299: 16467-7f86466d90c0: cdpl_server.c:2558: in cdpl_sv_label_task_va(): info: setting task T6 label to "delay__A__lh__OUT__lh__ACQ_1 of XOR2"
1733254315.038337: 16467-7f86466d90c0: cdpl_server.c:1824: in _sv_gen_task(): info: new task T7 in B1 (prio 2)
1733254315.038339: 16467-7f86466d90c0: cdpl_server.c:2558: in cdpl_sv_label_task_va(): info: setting task T7 label to "delay__B__hl__OUT__hl__ACQ_1 of XOR2"
1733254315.038377: 16467-7f86466d90c0: cdpl_server.c:1824: in _sv_gen_task(): info: new task T8 in B1 (prio 2)
1733254315.038379: 16467-7f86466d90c0: cdpl_server.c:2558: in cdpl_sv_label_task_va(): info: setting task T8 label to "delay__B__hl__OUT__lh__ACQ_1 of XOR2"
1733254315.038422: 16467-7f86466d90c0: cdpl_server.c:1824: in _sv_gen_task(): info: new task T9 in B1 (prio 2)
1733254315.038424: 16467-7f86466d90c0: cdpl_server.c:2558: in cdpl_sv_label_task_va(): info: setting task T9 label to "delay__B__lh__OUT__hl__ACQ_1 of XOR2"
1733254315.038458: 16467-7f86466d90c0: cdpl_server.c:1824: in _sv_gen_task(): info: new task T10 in B1 (prio 2)
1733254315.038461: 16467-7f86466d90c0: cdpl_server.c:2558: in cdpl_sv_label_task_va(): info: setting task T10 label to "delay__B__lh__OUT__lh__ACQ_1 of XOR2"
1733254315.038489: 16467-7f86466d90c0: cdpl_server.c:1824: in _sv_gen_task(): info: new task T11 in B1 (prio 5)
1733254315.038491: 16467-7f86466d90c0: cdpl_server.c:2558: in cdpl_sv_label_task_va(): info: setting task T11 label to "Cin__VDD__hl__ACQ_1 of XOR2"
1733254315.038727: 16467-7f86466d90c0: cdpl_server.c:1824: in _sv_gen_task(): info: new task T12 in B1 (prio 5)
1733254315.038730: 16467-7f86466d90c0: cdpl_server.c:2558: in cdpl_sv_label_task_va(): info: setting task T12 label to "Cin__VDD__lh__ACQ_1 of XOR2"
1733254315.678637: 16467-7f862ebde700: cdpl_server_ipc.c:452: in _sv_on_hello(): info: W1 is `10.182.66.68:34738'
1733254315.678660: 16467-7f862ebde700: cdpl_server_ipc.c:454: in _sv_on_hello(): info: W1 log file is /dev/null
1733254315.678671: 16467-7f862ebde700: cdpl_server_ipc.c:481: in _sv_on_hello(): info: up to 1 alive workers in B1
1733254315.678740: 16467-7f862e3dd700: cdpl_server_sched.c:955: in _assign(): info: assigning task T3 to worker W1
1733254322.843762: 16467-7f862ebde700: cdpl_server_ipc.c:857: in _sv_on_finish(): info: worker W1 completed task T3
1733254322.843806: 16467-7f862e3dd700: cdpl_server_sched.c:955: in _assign(): info: assigning task T4 to worker W1
1733254329.640684: 16467-7f862ebde700: cdpl_server_ipc.c:857: in _sv_on_finish(): info: worker W1 completed task T4
1733254329.640732: 16467-7f862e3dd700: cdpl_server_sched.c:955: in _assign(): info: assigning task T5 to worker W1
1733254336.266429: 16467-7f862ebde700: cdpl_server_ipc.c:857: in _sv_on_finish(): info: worker W1 completed task T5
1733254336.266473: 16467-7f862e3dd700: cdpl_server_sched.c:955: in _assign(): info: assigning task T6 to worker W1
1733254342.919707: 16467-7f862ebde700: cdpl_server_ipc.c:857: in _sv_on_finish(): info: worker W1 completed task T6
1733254342.919757: 16467-7f862e3dd700: cdpl_server_sched.c:955: in _assign(): info: assigning task T7 to worker W1
1733254349.486362: 16467-7f862ebde700: cdpl_server_ipc.c:857: in _sv_on_finish(): info: worker W1 completed task T7
1733254349.486694: 16467-7f862e3dd700: cdpl_server_sched.c:955: in _assign(): info: assigning task T8 to worker W1
1733254356.094451: 16467-7f862ebde700: cdpl_server_ipc.c:857: in _sv_on_finish(): info: worker W1 completed task T8
1733254356.094500: 16467-7f862e3dd700: cdpl_server_sched.c:955: in _assign(): info: assigning task T9 to worker W1
1733254362.747702: 16467-7f862ebde700: cdpl_server_ipc.c:857: in _sv_on_finish(): info: worker W1 completed task T9
1733254362.747748: 16467-7f862e3dd700: cdpl_server_sched.c:955: in _assign(): info: assigning task T10 to worker W1
1733254369.429794: 16467-7f862ebde700: cdpl_server_ipc.c:857: in _sv_on_finish(): info: worker W1 completed task T10
1733254369.429846: 16467-7f862e3dd700: cdpl_server_sched.c:955: in _assign(): info: assigning task T0 to worker W1
1733254375.781255: 16467-7f862ebde700: cdpl_server_ipc.c:857: in _sv_on_finish(): info: worker W1 completed task T0
1733254375.781296: 16467-7f862e3dd700: cdpl_server_sched.c:955: in _assign(): info: assigning task T1 to worker W1
1733254382.363314: 16467-7f862ebde700: cdpl_server_ipc.c:857: in _sv_on_finish(): info: worker W1 completed task T1
1733254382.363364: 16467-7f862e3dd700: cdpl_server_sched.c:955: in _assign(): info: assigning task T2 to worker W1
1733254388.893408: 16467-7f862ebde700: cdpl_server_ipc.c:857: in _sv_on_finish(): info: worker W1 completed task T2
1733254388.893616: 16467-7f862e3dd700: cdpl_server_sched.c:955: in _assign(): info: assigning task T11 to worker W1
1733254395.491299: 16467-7f862ebde700: cdpl_server_ipc.c:857: in _sv_on_finish(): info: worker W1 completed task T11
1733254395.491345: 16467-7f862e3dd700: cdpl_server_sched.c:955: in _assign(): info: assigning task T12 to worker W1
1733254402.084096: 16467-7f862ebde700: cdpl_server_ipc.c:857: in _sv_on_finish(): info: worker W1 completed task T12
1733254423.800123: 16467-7f86466d90c0: cdpl_compat_master.c:5152: in cdplMasterLogInfo(): info: [non-CDPL log entry] Ending current CDPL job
1733254423.800419: 16467-7f86466d90c0: cdpl_server.c:2890: in cdpl_sv_halt_job_errno(): info: stopping job J1
1733254423.800496: 16467-7f862e3dd700: cdpl_server_sched.c:2711: in _sv_drop_worker(): info: down to 0 alive workers in B1
1733254423.800535: 16467-7f86466d90c0: cdpl_server.c:2875: in cdpl_sv_halt_job_errno(): info: killing job J1
1733254423.800541: 16467-7f86466d90c0: cdpl_server.c:288: in _sv_free_job(): info: freeing job J1
1733254423.800598: 16467-7f86466d90c0: cdpl_farm.c:2395: in cdpl_farm_free(): info: freeing farm
1733254423.800834: 16467-7f86466d90c0: cdpl_server.c:3011: in cdpl_sv_free(): info: freeing server S1811628533
1733254423.800840: 16467-7f86466d90c0: cdpl_server.c:2976: in cdpl_sv_kill_errno(): info: killing server
1733254423.800872: 16467-7f86466d90c0: cdpl_server.c:328: in _sv_free_master(): info: freeing master M1
1733254423.800921: 16467-7f86466d90c0: cdpl_log.c:371: in cdpl_log_close(): info: @@end_of_log@@
