### Custom WaveView ADV log file, revision O-2018.09-SP1 (build Nov 21, ) ###
### created at 11:13:53 on Tue Dec  3 2024 (Linux AMD64) ###
### Host Name: engnx03a.utdallas.edu   User ID: sxv240035   PID: 28894   ###
wv_start_log
# (0) running in waveview only mode
# (0) SW_SX_PERL_LIB defined
# (0) SW_SX_TCL_LIB defined
# (0) HOME defined
wv_select_window {Custom WaveView} 
wv_move_window {Custom WaveView} {} 0 915
wv_resize_window {Custom WaveView} 800 586
wv_move_window {Custom WaveView} {} 0 729
wv_press_tool_button {Custom WaveView} {} {OpenWaveform0} 
wv_select_dialog {FileDialog} 
wv_move_scrollbar {FileDialog} {} {FileList.HScrollBar} {363}
wv_select_list_item {FileDialog} {} {FileList} {MUX21_hspice.tr0} 23
wv_press_button {FileDialog} {} {Ok} 
wv_select_tree_item {Custom WaveView} {} {hierview} {D0:MUX21_hspice.tr0(0)} {0} {+sep=@}
wv_select_tree_item {Custom WaveView} {} {hierview} {D0:MUX21_hspice.tr0(0)} {0} {+sep=@}
wv_expand_tree_item {Custom WaveView} {} {hierview} {D0:MUX21_hspice.tr0(0)} {+sep=@}
wv_select_tree_item {Custom WaveView} {} {hierview} {D0:MUX21_hspice.tr0(0)} {0} {+sep=@}
wv_select_tree_item {Custom WaveView} {} {hierview} {D0:MUX21_hspice.tr0(0)@toplevel(0)} {0} {+sep=@}
wv_select_list_item {Custom WaveView} {} {sigview} {v(a)} 5
wv_dclick_list_item {Custom WaveView} {} {sigview} {v(a)} 5
wv_select_list_item {Custom WaveView} {} {sigview} {v(b)} 6
wv_dclick_list_item {Custom WaveView} {} {sigview} {v(b)} 6
wv_select_list_item {Custom WaveView} {} {sigview} {v(out)} 7
wv_dclick_list_item {Custom WaveView} {} {sigview} {v(out)} 7
wv_close_window {Custom WaveView} 
wv_select_dialog {Confirmation} 
#wv_press_button {Confirmation} {} {Ok} 
#*WARNING* Can not remove '/home/eng/s/sxv240035/.cx_hostport/.cx_hostport_engnx03a.utdallas.edu_28894'.
