1729710148.363820: 18502-7f6f5a6ae0c0: cdpl_log.c:228: in cdpl_log_open(): info: @@start_of_log@@
1729710148.363848: 18502-7f6f5a6ae0c0: cdpl_log.c:866: in cdpl_log_dump_sysinfo(): info: time: 2024/10/23 14:02:28 CDT -0500
1729710148.363854: 18502-7f6f5a6ae0c0: cdpl_log.c:868: in cdpl_log_dump_sysinfo(): info: version: T-2022.03 
1729710148.363855: 18502-7f6f5a6ae0c0: cdpl_log.c:870: in cdpl_log_dump_sysinfo(): info: system: Linux 3.10.0-1160.119.1.el7.x86_64 #1 SMP Tue May 14 11:55:25 EDT 2024
1729710148.363857: 18502-7f6f5a6ae0c0: cdpl_log.c:875: in cdpl_log_dump_sysinfo(): info: processor: x86_64 64-bits
1729710148.363859: 18502-7f6f5a6ae0c0: cdpl_log.c:879: in cdpl_log_dump_sysinfo(): info: hostname: engnx02a.utdallas.edu
1729710148.363860: 18502-7f6f5a6ae0c0: cdpl_log.c:230: in cdpl_log_open(): debug: path: /home/eng/s/sxv240035/cad/gf65/primelib_gf65/NAND2/runtime/cdpl/pid18502/master.engnx02a.utdallas.edu.18502.log
1729710148.363863: 18502-7f6f5a6ae0c0: cdpl_log.c:231: in cdpl_log_open(): debug: dir: /home/eng/s/sxv240035/cad/gf65/primelib_gf65/NAND2/runtime/cdpl/pid18502
1729710148.363870: 18502-7f6f5a6ae0c0: cdpl_log.c:758: in cdpl_log_set_filter(): info: filter level 1
1729710148.363887: 18502-7f6f5a6ae0c0: cdpl_server.c:543: in cdpl_sv_init(): info: new server S186235104
1729710148.363896: 18502-7f6f5a6ae0c0: cdpl_ipc.c:3030: in cdpl_ipc_init(): info: requesting IPv4 protocol
1729710148.364389: 18502-7f6f5a6ae0c0: cdpl_ipc.c:800: in _selectaddrfamily(): info: selected IPv4 protocol
1729710148.364650: 18502-7f6f5a6ae0c0: cdpl_server.c:657: in cdpl_sv_new_master(): info: new master M1
1729710148.364662: 18502-7f6f5a6ae0c0: cdpl_server.c:5494: in cdpl_sv_ctl_master(): info: Setting worker heartbeat to 60 seconds
1729710148.364664: 18502-7f6f5a6ae0c0: cdpl_server.c:5503: in cdpl_sv_ctl_master(): info: Setting worker heartbeat timeout to 3 heartbeats
1729710148.364667: 18502-7f6f5a6ae0c0: cdpl_compat_master.c:2407: in cdplInitMaster(): info: bcast dir is `/dev/null'
1729710148.364720: 18502-7f6f5a6ae0c0: cdpl_server.c:5394: in cdpl_sv_ctl_master(): info: farm worker timeout set to 36000
1729710148.364722: 18502-7f6f5a6ae0c0: cdpl_server.c:5410: in cdpl_sv_ctl_master(): info: grid worker timeout set to 36000
1729710148.364724: 18502-7f6f5a6ae0c0: cdpl_server.c:5438: in cdpl_sv_ctl_master(): info: farm submit command failure threshold set to 100
1729710148.364755: 18502-7f6f5a6ae0c0: cdpl_farm.c:2268: in cdpl_farm_new_sh(): info: creating SH farm on localhost
1729710148.364767: 18502-7f6f5a6ae0c0: cdpl_compat_master.c:207: in _set_farm_env(): info: exporting CDPL_LOGDIR as `/home/eng/s/sxv240035/cad/gf65/primelib_gf65/NAND2/runtime/cdpl/pid18502'
1729710148.364770: 18502-7f6f5a6ae0c0: cdpl_compat_master.c:213: in _set_farm_env(): info: exporting CDPL_TMPDIR as `/var/tmp'
1729710148.364773: 18502-7f6f5a6ae0c0: cdpl_compat_master.c:220: in _set_farm_env(): info: exporting CDPL_HOME as `/proj/cad/synopsys/synopsys_2021/primelib/T-2022.03-SP1/cdpl_runtime_linux64'
1729710148.364775: 18502-7f6f5a6ae0c0: cdpl_compat_master.c:227: in _set_farm_env(): info: exporting SNPSLMD_LICENSE_FILE as `1700@engdmv.utdallas.edu'
1729710148.364778: 18502-7f6f5a6ae0c0: cdpl_compat_master.c:247: in _set_farm_env(): info: exporting CDPL_OPTIONS as `[filter][nowlogs]'
1729710148.364780: 18502-7f6f5a6ae0c0: cdpl_compat_master.c:254: in _set_farm_env(): info: exporting DISPLAY as `:1027'
1729710148.364782: 18502-7f6f5a6ae0c0: cdpl_compat_master.c:262: in _set_farm_env(): info: exporting CDPL_HEARTBEAT as `60'
1729710148.364785: 18502-7f6f5a6ae0c0: cdpl_compat_master.c:348: in _set_farm_env(): info: exporting SIS_MALIBU as `2'
1729710148.364787: 18502-7f6f5a6ae0c0: cdpl_compat_master.c:348: in _set_farm_env(): info: exporting SIS_CDPL as `5'
1729710148.410285: 18502-7f6f5a6ae0c0: cdpl_server.c:738: in cdpl_sv_new_job(): info: new job J1 in M1
1729710148.410304: 18502-7f6f5a6ae0c0: cdpl_compat_master.c:1314: in _add_worker(): info: new worker type 100, min:1, max:1, cmd:`/home/eng/s/sxv240035/cad/gf65/primelib_gf65/NAND2/runtime/cdpl/pid18502/run_18502.sh'
1729710148.410314: 18502-7f6f5a6ae0c0: cdpl_server.c:900: in cdpl_sv_new_bin_withfarm(): info: new bin B1 in J1
1729710148.416545: 18502-7f6f5a6ae0c0: cdpl_server.c:3116: in cdpl_sv_start_job(): info: starting job J1
1729710148.425231: 18502-7f6f5a6ae0c0: cdpl_server.c:1824: in _sv_gen_task(): info: new task T0 in B1 (prio 2)
1729710148.425242: 18502-7f6f5a6ae0c0: cdpl_server.c:2558: in cdpl_sv_label_task_va(): info: setting task T0 label to "delay__B__lh__OUT__hl__ACQ_1 of NAND2"
1729710148.425296: 18502-7f6f5a6ae0c0: cdpl_server.c:1824: in _sv_gen_task(): info: new task T1 in B1 (prio 2)
1729710148.425378: 18502-7f6f423af700: cdpl_server_sched.c:700: in _sv_launch_worker(): info: started worker W1 (as C1) in bin B1
1729710148.425402: 18502-7f6f5a6ae0c0: cdpl_server.c:2558: in cdpl_sv_label_task_va(): info: setting task T1 label to "delay__B__hl__OUT__lh__ACQ_1 of NAND2"
1729710148.425407: 18502-7f6f41bae700: cdpl_farm.c:1899: in _schedule(): info: worker submit failure threshold set to 100
1729710148.425429: 18502-7f6f41bae700: cdpl_sh.c:49: in _sh_detached_submit(): info: SH : /home/eng/s/sxv240035/cad/gf65/primelib_gf65/NAND2/runtime/cdpl/pid18502/run_18502.sh
1729710148.425438: 18502-7f6f5a6ae0c0: cdpl_server.c:1824: in _sv_gen_task(): info: new task T2 in B1 (prio 3)
1729710148.425442: 18502-7f6f5a6ae0c0: cdpl_server.c:2558: in cdpl_sv_label_task_va(): info: setting task T2 label to "leakage_power__ACQ_1 of NAND2"
1729710148.428714: 18502-7f6f5a6ae0c0: cdpl_server.c:1824: in _sv_gen_task(): info: new task T3 in B1 (prio 5)
1729710148.428733: 18502-7f6f5a6ae0c0: cdpl_server.c:2558: in cdpl_sv_label_task_va(): info: setting task T3 label to "Cin__VSS__lh__ACQ_1 of NAND2"
1729710148.428953: 18502-7f6f5a6ae0c0: cdpl_server.c:1824: in _sv_gen_task(): info: new task T4 in B1 (prio 5)
1729710148.428957: 18502-7f6f5a6ae0c0: cdpl_server.c:2558: in cdpl_sv_label_task_va(): info: setting task T4 label to "Cin__VSS__hl__ACQ_1 of NAND2"
1729710148.428988: 18502-7f6f5a6ae0c0: cdpl_server.c:1824: in _sv_gen_task(): info: new task T5 in B1 (prio 2)
1729710148.428991: 18502-7f6f5a6ae0c0: cdpl_server.c:2558: in cdpl_sv_label_task_va(): info: setting task T5 label to "delay__A__lh__OUT__hl__ACQ_1 of NAND2"
1729710148.429027: 18502-7f6f5a6ae0c0: cdpl_server.c:1824: in _sv_gen_task(): info: new task T6 in B1 (prio 2)
1729710148.429030: 18502-7f6f5a6ae0c0: cdpl_server.c:2558: in cdpl_sv_label_task_va(): info: setting task T6 label to "delay__A__hl__OUT__lh__ACQ_1 of NAND2"
1729710148.429075: 18502-7f6f5a6ae0c0: cdpl_server.c:1824: in _sv_gen_task(): info: new task T7 in B1 (prio 5)
1729710148.429079: 18502-7f6f5a6ae0c0: cdpl_server.c:2558: in cdpl_sv_label_task_va(): info: setting task T7 label to "Cin__VDD__lh__ACQ_1 of NAND2"
1729710148.429129: 18502-7f6f5a6ae0c0: cdpl_server.c:1824: in _sv_gen_task(): info: new task T8 in B1 (prio 5)
1729710148.429132: 18502-7f6f5a6ae0c0: cdpl_server.c:2558: in cdpl_sv_label_task_va(): info: setting task T8 label to "Cin__VDD__hl__ACQ_1 of NAND2"
1729710149.683362: 18502-7f6f42bb0700: cdpl_server_ipc.c:452: in _sv_on_hello(): info: W1 is `10.182.66.67:43802'
1729710149.683385: 18502-7f6f42bb0700: cdpl_server_ipc.c:454: in _sv_on_hello(): info: W1 log file is /dev/null
1729710149.683394: 18502-7f6f42bb0700: cdpl_server_ipc.c:481: in _sv_on_hello(): info: up to 1 alive workers in B1
1729710149.683443: 18502-7f6f423af700: cdpl_server_sched.c:955: in _assign(): info: assigning task T0 to worker W1
1729710164.437144: 18502-7f6f42bb0700: cdpl_server_ipc.c:857: in _sv_on_finish(): info: worker W1 completed task T0
1729710164.503605: 18502-7f6f423af700: cdpl_server_sched.c:955: in _assign(): info: assigning task T1 to worker W1
1729710171.566760: 18502-7f6f42bb0700: cdpl_server_ipc.c:857: in _sv_on_finish(): info: worker W1 completed task T1
1729710171.566806: 18502-7f6f423af700: cdpl_server_sched.c:955: in _assign(): info: assigning task T5 to worker W1
1729710178.242016: 18502-7f6f42bb0700: cdpl_server_ipc.c:857: in _sv_on_finish(): info: worker W1 completed task T5
1729710178.242065: 18502-7f6f423af700: cdpl_server_sched.c:955: in _assign(): info: assigning task T6 to worker W1
1729710184.995680: 18502-7f6f42bb0700: cdpl_server_ipc.c:857: in _sv_on_finish(): info: worker W1 completed task T6
1729710184.995736: 18502-7f6f423af700: cdpl_server_sched.c:955: in _assign(): info: assigning task T2 to worker W1
1729710191.734575: 18502-7f6f42bb0700: cdpl_server_ipc.c:857: in _sv_on_finish(): info: worker W1 completed task T2
1729710191.734617: 18502-7f6f423af700: cdpl_server_sched.c:955: in _assign(): info: assigning task T3 to worker W1
1729710198.280785: 18502-7f6f42bb0700: cdpl_server_ipc.c:857: in _sv_on_finish(): info: worker W1 completed task T3
1729710198.281065: 18502-7f6f423af700: cdpl_server_sched.c:955: in _assign(): info: assigning task T4 to worker W1
1729710205.525189: 18502-7f6f42bb0700: cdpl_server_ipc.c:857: in _sv_on_finish(): info: worker W1 completed task T4
1729710205.525231: 18502-7f6f423af700: cdpl_server_sched.c:955: in _assign(): info: assigning task T7 to worker W1
1729710216.673119: 18502-7f6f42bb0700: cdpl_server_ipc.c:857: in _sv_on_finish(): info: worker W1 completed task T7
1729710216.673168: 18502-7f6f423af700: cdpl_server_sched.c:955: in _assign(): info: assigning task T8 to worker W1
1729710223.094662: 18502-7f6f42bb0700: cdpl_server_ipc.c:857: in _sv_on_finish(): info: worker W1 completed task T8
1729710824.141889: 18502-7f6f433b1700: cdpl_ipc.c:738: in _readv(): warning: read(): EOF
