1729712921.058223: 30060-7f78462200c0: cdpl_log.c:228: in cdpl_log_open(): info: @@start_of_log@@
1729712921.058249: 30060-7f78462200c0: cdpl_log.c:866: in cdpl_log_dump_sysinfo(): info: time: 2024/10/23 14:48:41 CDT -0500
1729712921.058254: 30060-7f78462200c0: cdpl_log.c:868: in cdpl_log_dump_sysinfo(): info: version: T-2022.03 
1729712921.058256: 30060-7f78462200c0: cdpl_log.c:870: in cdpl_log_dump_sysinfo(): info: system: Linux 3.10.0-1160.119.1.el7.x86_64 #1 SMP Tue May 14 11:55:25 EDT 2024
1729712921.058258: 30060-7f78462200c0: cdpl_log.c:875: in cdpl_log_dump_sysinfo(): info: processor: x86_64 64-bits
1729712921.058259: 30060-7f78462200c0: cdpl_log.c:879: in cdpl_log_dump_sysinfo(): info: hostname: engnx02a.utdallas.edu
1729712921.058261: 30060-7f78462200c0: cdpl_log.c:230: in cdpl_log_open(): debug: path: /home/eng/s/sxv240035/cad/gf65/primelib_gf65/NAND3/runtime/cdpl/pid30060/master.engnx02a.utdallas.edu.30060.log
1729712921.058264: 30060-7f78462200c0: cdpl_log.c:231: in cdpl_log_open(): debug: dir: /home/eng/s/sxv240035/cad/gf65/primelib_gf65/NAND3/runtime/cdpl/pid30060
1729712921.058268: 30060-7f78462200c0: cdpl_log.c:758: in cdpl_log_set_filter(): info: filter level 1
1729712921.058285: 30060-7f78462200c0: cdpl_server.c:543: in cdpl_sv_init(): info: new server S1058683832
1729712921.058294: 30060-7f78462200c0: cdpl_ipc.c:3030: in cdpl_ipc_init(): info: requesting IPv4 protocol
1729712921.058819: 30060-7f78462200c0: cdpl_ipc.c:800: in _selectaddrfamily(): info: selected IPv4 protocol
1729712921.059134: 30060-7f78462200c0: cdpl_server.c:657: in cdpl_sv_new_master(): info: new master M1
1729712921.059149: 30060-7f78462200c0: cdpl_server.c:5494: in cdpl_sv_ctl_master(): info: Setting worker heartbeat to 60 seconds
1729712921.059152: 30060-7f78462200c0: cdpl_server.c:5503: in cdpl_sv_ctl_master(): info: Setting worker heartbeat timeout to 3 heartbeats
1729712921.059157: 30060-7f78462200c0: cdpl_compat_master.c:2407: in cdplInitMaster(): info: bcast dir is `/dev/null'
1729712921.059221: 30060-7f78462200c0: cdpl_server.c:5394: in cdpl_sv_ctl_master(): info: farm worker timeout set to 36000
1729712921.059223: 30060-7f78462200c0: cdpl_server.c:5410: in cdpl_sv_ctl_master(): info: grid worker timeout set to 36000
1729712921.059225: 30060-7f78462200c0: cdpl_server.c:5438: in cdpl_sv_ctl_master(): info: farm submit command failure threshold set to 100
1729712921.059265: 30060-7f78462200c0: cdpl_farm.c:2268: in cdpl_farm_new_sh(): info: creating SH farm on localhost
1729712921.059287: 30060-7f78462200c0: cdpl_compat_master.c:207: in _set_farm_env(): info: exporting CDPL_LOGDIR as `/home/eng/s/sxv240035/cad/gf65/primelib_gf65/NAND3/runtime/cdpl/pid30060'
1729712921.059290: 30060-7f78462200c0: cdpl_compat_master.c:213: in _set_farm_env(): info: exporting CDPL_TMPDIR as `/var/tmp'
1729712921.059293: 30060-7f78462200c0: cdpl_compat_master.c:220: in _set_farm_env(): info: exporting CDPL_HOME as `/proj/cad/synopsys/synopsys_2021/primelib/T-2022.03-SP1/cdpl_runtime_linux64'
1729712921.059296: 30060-7f78462200c0: cdpl_compat_master.c:227: in _set_farm_env(): info: exporting SNPSLMD_LICENSE_FILE as `1700@engdmv.utdallas.edu'
1729712921.059299: 30060-7f78462200c0: cdpl_compat_master.c:247: in _set_farm_env(): info: exporting CDPL_OPTIONS as `[filter][nowlogs]'
1729712921.059301: 30060-7f78462200c0: cdpl_compat_master.c:254: in _set_farm_env(): info: exporting DISPLAY as `:1027'
1729712921.059304: 30060-7f78462200c0: cdpl_compat_master.c:262: in _set_farm_env(): info: exporting CDPL_HEARTBEAT as `60'
1729712921.059307: 30060-7f78462200c0: cdpl_compat_master.c:348: in _set_farm_env(): info: exporting SIS_MALIBU as `2'
1729712921.059309: 30060-7f78462200c0: cdpl_compat_master.c:348: in _set_farm_env(): info: exporting SIS_CDPL as `5'
1729712921.108534: 30060-7f78462200c0: cdpl_server.c:738: in cdpl_sv_new_job(): info: new job J1 in M1
1729712921.108552: 30060-7f78462200c0: cdpl_compat_master.c:1314: in _add_worker(): info: new worker type 100, min:1, max:1, cmd:`/home/eng/s/sxv240035/cad/gf65/primelib_gf65/NAND3/runtime/cdpl/pid30060/run_30060.sh'
1729712921.108562: 30060-7f78462200c0: cdpl_server.c:900: in cdpl_sv_new_bin_withfarm(): info: new bin B1 in J1
1729712921.116729: 30060-7f78462200c0: cdpl_server.c:3116: in cdpl_sv_start_job(): info: starting job J1
1729712921.126678: 30060-7f78462200c0: cdpl_server.c:1824: in _sv_gen_task(): info: new task T0 in B1 (prio 2)
1729712921.126688: 30060-7f78462200c0: cdpl_server.c:2558: in cdpl_sv_label_task_va(): info: setting task T0 label to "delay__B__lh__OUT__hl__ACQ_1 of NAND3"
1729712921.126744: 30060-7f78462200c0: cdpl_server.c:1824: in _sv_gen_task(): info: new task T1 in B1 (prio 2)
1729712921.126807: 30060-7f782df21700: cdpl_server_sched.c:700: in _sv_launch_worker(): info: started worker W1 (as C1) in bin B1
1729712921.126833: 30060-7f78462200c0: cdpl_server.c:2558: in cdpl_sv_label_task_va(): info: setting task T1 label to "delay__B__hl__OUT__lh__ACQ_1 of NAND3"
1729712921.126851: 30060-7f782d720700: cdpl_farm.c:1899: in _schedule(): info: worker submit failure threshold set to 100
1729712921.126874: 30060-7f782d720700: cdpl_sh.c:49: in _sh_detached_submit(): info: SH : /home/eng/s/sxv240035/cad/gf65/primelib_gf65/NAND3/runtime/cdpl/pid30060/run_30060.sh
1729712921.126882: 30060-7f78462200c0: cdpl_server.c:1824: in _sv_gen_task(): info: new task T2 in B1 (prio 3)
1729712921.126887: 30060-7f78462200c0: cdpl_server.c:2558: in cdpl_sv_label_task_va(): info: setting task T2 label to "leakage_power__ACQ_1 of NAND3"
1729712921.130266: 30060-7f78462200c0: cdpl_server.c:1824: in _sv_gen_task(): info: new task T3 in B1 (prio 2)
1729712921.130285: 30060-7f78462200c0: cdpl_server.c:2558: in cdpl_sv_label_task_va(): info: setting task T3 label to "delay__C__lh__OUT__hl__ACQ_1 of NAND3"
1729712921.130531: 30060-7f78462200c0: cdpl_server.c:1824: in _sv_gen_task(): info: new task T4 in B1 (prio 2)
1729712921.130535: 30060-7f78462200c0: cdpl_server.c:2558: in cdpl_sv_label_task_va(): info: setting task T4 label to "delay__C__hl__OUT__lh__ACQ_1 of NAND3"
1729712921.130578: 30060-7f78462200c0: cdpl_server.c:1824: in _sv_gen_task(): info: new task T5 in B1 (prio 5)
1729712921.130581: 30060-7f78462200c0: cdpl_server.c:2558: in cdpl_sv_label_task_va(): info: setting task T5 label to "Cin__VSS__lh__ACQ_1 of NAND3"
1729712921.130648: 30060-7f78462200c0: cdpl_server.c:1824: in _sv_gen_task(): info: new task T6 in B1 (prio 5)
1729712921.130651: 30060-7f78462200c0: cdpl_server.c:2558: in cdpl_sv_label_task_va(): info: setting task T6 label to "Cin__VSS__hl__ACQ_1 of NAND3"
1729712921.130689: 30060-7f78462200c0: cdpl_server.c:1824: in _sv_gen_task(): info: new task T7 in B1 (prio 2)
1729712921.130692: 30060-7f78462200c0: cdpl_server.c:2558: in cdpl_sv_label_task_va(): info: setting task T7 label to "delay__A__lh__OUT__hl__ACQ_1 of NAND3"
1729712921.130725: 30060-7f78462200c0: cdpl_server.c:1824: in _sv_gen_task(): info: new task T8 in B1 (prio 2)
1729712921.130728: 30060-7f78462200c0: cdpl_server.c:2558: in cdpl_sv_label_task_va(): info: setting task T8 label to "delay__A__hl__OUT__lh__ACQ_1 of NAND3"
1729712921.130760: 30060-7f78462200c0: cdpl_server.c:1824: in _sv_gen_task(): info: new task T9 in B1 (prio 5)
1729712921.130762: 30060-7f78462200c0: cdpl_server.c:2558: in cdpl_sv_label_task_va(): info: setting task T9 label to "Cin__VDD__lh__ACQ_1 of NAND3"
1729712921.130796: 30060-7f78462200c0: cdpl_server.c:1824: in _sv_gen_task(): info: new task T10 in B1 (prio 5)
1729712921.130799: 30060-7f78462200c0: cdpl_server.c:2558: in cdpl_sv_label_task_va(): info: setting task T10 label to "Cin__VDD__hl__ACQ_1 of NAND3"
1729712921.865272: 30060-7f782e722700: cdpl_server_ipc.c:452: in _sv_on_hello(): info: W1 is `10.182.66.67:46986'
1729712921.865293: 30060-7f782e722700: cdpl_server_ipc.c:454: in _sv_on_hello(): info: W1 log file is /dev/null
1729712921.865302: 30060-7f782e722700: cdpl_server_ipc.c:481: in _sv_on_hello(): info: up to 1 alive workers in B1
1729712921.865342: 30060-7f782df21700: cdpl_server_sched.c:955: in _assign(): info: assigning task T0 to worker W1
1729712929.052556: 30060-7f782e722700: cdpl_server_ipc.c:857: in _sv_on_finish(): info: worker W1 completed task T0
1729712929.052618: 30060-7f782df21700: cdpl_server_sched.c:955: in _assign(): info: assigning task T1 to worker W1
1729712936.980299: 30060-7f782e722700: cdpl_server_ipc.c:857: in _sv_on_finish(): info: worker W1 completed task T1
1729712936.980360: 30060-7f782df21700: cdpl_server_sched.c:955: in _assign(): info: assigning task T3 to worker W1
1729712944.676620: 30060-7f782e722700: cdpl_server_ipc.c:857: in _sv_on_finish(): info: worker W1 completed task T3
1729712944.676663: 30060-7f782df21700: cdpl_server_sched.c:955: in _assign(): info: assigning task T4 to worker W1
1729712952.042927: 30060-7f782e722700: cdpl_server_ipc.c:857: in _sv_on_finish(): info: worker W1 completed task T4
1729712952.042986: 30060-7f782df21700: cdpl_server_sched.c:955: in _assign(): info: assigning task T7 to worker W1
1729712958.810860: 30060-7f782e722700: cdpl_server_ipc.c:857: in _sv_on_finish(): info: worker W1 completed task T7
1729712958.811131: 30060-7f782df21700: cdpl_server_sched.c:955: in _assign(): info: assigning task T8 to worker W1
1729712965.693185: 30060-7f782e722700: cdpl_server_ipc.c:857: in _sv_on_finish(): info: worker W1 completed task T8
1729712965.693233: 30060-7f782df21700: cdpl_server_sched.c:955: in _assign(): info: assigning task T2 to worker W1
1729712972.329751: 30060-7f782e722700: cdpl_server_ipc.c:857: in _sv_on_finish(): info: worker W1 completed task T2
1729712972.329797: 30060-7f782df21700: cdpl_server_sched.c:955: in _assign(): info: assigning task T5 to worker W1
1729712980.299203: 30060-7f782e722700: cdpl_server_ipc.c:857: in _sv_on_finish(): info: worker W1 completed task T5
1729712980.299250: 30060-7f782df21700: cdpl_server_sched.c:955: in _assign(): info: assigning task T6 to worker W1
1729712991.619730: 30060-7f782e722700: cdpl_server_ipc.c:857: in _sv_on_finish(): info: worker W1 completed task T6
1729712991.620016: 30060-7f782df21700: cdpl_server_sched.c:955: in _assign(): info: assigning task T9 to worker W1
1729712998.617660: 30060-7f782e722700: cdpl_server_ipc.c:857: in _sv_on_finish(): info: worker W1 completed task T9
1729712998.617710: 30060-7f782df21700: cdpl_server_sched.c:955: in _assign(): info: assigning task T10 to worker W1
1729713005.715188: 30060-7f782e722700: cdpl_server_ipc.c:857: in _sv_on_finish(): info: worker W1 completed task T10
1729713406.306528: 30060-7f78462200c0: cdpl_compat_master.c:5152: in cdplMasterLogInfo(): info: [non-CDPL log entry] Ending current CDPL job
1729713406.306818: 30060-7f78462200c0: cdpl_server.c:2890: in cdpl_sv_halt_job_errno(): info: stopping job J1
1729713406.306917: 30060-7f782df21700: cdpl_server_sched.c:2711: in _sv_drop_worker(): info: down to 0 alive workers in B1
1729713406.306969: 30060-7f78462200c0: cdpl_server.c:2875: in cdpl_sv_halt_job_errno(): info: killing job J1
1729713406.306975: 30060-7f78462200c0: cdpl_server.c:288: in _sv_free_job(): info: freeing job J1
1729713406.307036: 30060-7f78462200c0: cdpl_farm.c:2395: in cdpl_farm_free(): info: freeing farm
1729713406.307271: 30060-7f78462200c0: cdpl_server.c:3011: in cdpl_sv_free(): info: freeing server S1058683832
1729713406.307274: 30060-7f78462200c0: cdpl_server.c:2976: in cdpl_sv_kill_errno(): info: killing server
1729713406.307314: 30060-7f78462200c0: cdpl_server.c:328: in _sv_free_master(): info: freeing master M1
1729713406.307366: 30060-7f78462200c0: cdpl_log.c:371: in cdpl_log_close(): info: @@end_of_log@@
