----------------------------------------------------------------------
PrimeLib version T-2022.03-SP1 (Malibu 2)
Build date: Apr 12, 2022 13:01:04
Path: /proj/cad/synopsys/synopsys_2021/primelib/T-2022.03-SP1/linux64/bin/primelib
Host: engnx02a.utdallas.edu, User: sxv240035, PID: 6277 (PPID: 6274)
CPU: 32 x 3693 MHz, AMD EPYC 7F32 8-Core Processor (2 socket, 16 core)
Memory: 257 GB RAM (135.7 GB free), 4 GB Swap (4.1 GB free)
System load average: 0.48, 0.94, 1.23 (21024 processes)
Directory: /home/eng/s/sxv240035/cad/gf65/primelib_gf65
Command-line: /proj/cad/synopsys/synopsys_2021/primelib/T-2022.03-SP1/linux64/bin/primelib -server /home/eng/s/sxv240035/cad/gf65/primelib_gf65/NAND3/runtime/cdpl/pid5509/driver_5509.tcl
The char directory is /home/eng/s/sxv240035/cad/gf65/primelib_gf65/NAND3
Warning: Setting of obsolete parameter 'model_ecsm_cin' is ignored. (PAR-27)
Warning: 2003.12 is no longer supported as a valid value for liberty_flavor. Setting it to 2007.03.
Loading /home/eng/s/sxv240035/cad/gf65/primelib_gf65/NAND3/etc/cell.stat.gz
Thu Dec 05 22:12:52 CST 2024: Sourcing environment settings
Warning: Operating condition 'op_cond' already exists, skipped.
Thu Dec 05 22:12:52 CST 2024: Environment set up done (0 seconds)
Create and link tmpdir /var/tmp/pl.engnx02a.860278.6274 -> /var/tmp/primelib.engnx02a.utdallas.edu.860278.6277 
[CDPL] Loading settings for stage: characterization.0
The char directory is /home/eng/s/sxv240035/cad/gf65/primelib_gf65/NAND3
Warning: 2003.12 is no longer supported as a valid value for liberty_flavor. Setting it to 2007.03.
Thu Dec 05 22:12:52 CST 2024: Sourcing environment settings
Warning: Operating condition 'op_cond' already exists, skipped.
Thu Dec 05 22:12:52 CST 2024: Environment set up done (0 seconds)
[CDPL] Done loading settings for stage: characterization.0
Loading information for cell NAND3
work dir: '/var/tmp/primelib.engnx02a.860278.6277/NAND3/delay__B__lh__OUT__hl__ACQ_1.sif_0' (SIM-69)
Executing 'hspice deck.cir -o deck' (SIM-30)
Host engnx02a.utdallas.edu load average 0.56 (1min) 0.94 (5min) 1.23 (15min)
Error:   Simulation delay__B__lh__OUT__hl__ACQ_1.sif for cell NAND3 failed: deck.lis: **error** (/home/eng/s/sxv240035/cad/gf65/primelib_gf65/NAND3/netlists/NAND3.pex.sp.NAND3.pxi:4) Definition of model/subckt "pm_nand3%vss" is not found for the element "xnand3_inst.x_pm_nand3%vss". Please specify a defined model/subckt name. . (SC-59) (SMSC-95)
----------------------
__recordTaskStats__ NAND3 delay__B__lh__OUT__hl__ACQ_1 0.15 0.01 5.8 0.73 1 6.90400409698 engnx02a.utdallas.edu 1733458372.48 1733458379.38 1
Loading information for cell NAND3
work dir: '/var/tmp/primelib.engnx02a.860278.6277/NAND3/delay__B__hl__OUT__lh__ACQ_1.sif_0' (SIM-69)
Executing 'hspice deck.cir -o deck' (SIM-30)
Host engnx02a.utdallas.edu load average 0.59 (1min) 0.94 (5min) 1.23 (15min)
Error:   Simulation delay__B__hl__OUT__lh__ACQ_1.sif for cell NAND3 failed: deck.lis: **error** (/home/eng/s/sxv240035/cad/gf65/primelib_gf65/NAND3/netlists/NAND3.pex.sp.NAND3.pxi:4) Definition of model/subckt "pm_nand3%vss" is not found for the element "xnand3_inst.x_pm_nand3%vss". Please specify a defined model/subckt name. . (SC-59) (SMSC-95)
----------------------
__recordTaskStats__ NAND3 delay__B__hl__OUT__lh__ACQ_1 0.09 0.01 5.72 0.69 1 6.50611209869 engnx02a.utdallas.edu 1733458379.38 1733458385.89 1
Loading information for cell NAND3
work dir: '/var/tmp/primelib.engnx02a.860278.6277/NAND3/delay__C__lh__OUT__hl__ACQ_1.sif_0' (SIM-69)
Executing 'hspice deck.cir -o deck' (SIM-30)
Host engnx02a.utdallas.edu load average 0.71 (1min) 0.96 (5min) 1.23 (15min)
Error:   Simulation delay__C__lh__OUT__hl__ACQ_1.sif for cell NAND3 failed: deck.lis: **error** (/home/eng/s/sxv240035/cad/gf65/primelib_gf65/NAND3/netlists/NAND3.pex.sp.NAND3.pxi:4) Definition of model/subckt "pm_nand3%vss" is not found for the element "xnand3_inst.x_pm_nand3%vss". Please specify a defined model/subckt name. . (SC-59) (SMSC-95)
----------------------
__recordTaskStats__ NAND3 delay__C__lh__OUT__hl__ACQ_1 0.1 0.01 5.84 0.68 1 6.61839199066 engnx02a.utdallas.edu 1733458385.89 1733458392.5 1
Loading information for cell NAND3
work dir: '/var/tmp/primelib.engnx02a.860278.6277/NAND3/delay__C__hl__OUT__lh__ACQ_1.sif_0' (SIM-69)
Executing 'hspice deck.cir -o deck' (SIM-30)
Host engnx02a.utdallas.edu load average 0.83 (1min) 0.97 (5min) 1.24 (15min)
Error:   Simulation delay__C__hl__OUT__lh__ACQ_1.sif for cell NAND3 failed: deck.lis: **error** (/home/eng/s/sxv240035/cad/gf65/primelib_gf65/NAND3/netlists/NAND3.pex.sp.NAND3.pxi:4) Definition of model/subckt "pm_nand3%vss" is not found for the element "xnand3_inst.x_pm_nand3%vss". Please specify a defined model/subckt name. . (SC-59) (SMSC-95)
----------------------
__recordTaskStats__ NAND3 delay__C__hl__OUT__lh__ACQ_1 0.11 0.02 5.97 0.72 1 6.80556488037 engnx02a.utdallas.edu 1733458392.51 1733458399.31 1
Loading information for cell NAND3
work dir: '/var/tmp/primelib.engnx02a.860278.6277/NAND3/delay__A__lh__OUT__hl__ACQ_1.sif_0' (SIM-69)
Executing 'hspice deck.cir -o deck' (SIM-30)
Host engnx02a.utdallas.edu load average 0.76 (1min) 0.96 (5min) 1.23 (15min)
Error:   Simulation delay__A__lh__OUT__hl__ACQ_1.sif for cell NAND3 failed: deck.lis: **error** (/home/eng/s/sxv240035/cad/gf65/primelib_gf65/NAND3/netlists/NAND3.pex.sp.NAND3.pxi:4) Definition of model/subckt "pm_nand3%vss" is not found for the element "xnand3_inst.x_pm_nand3%vss". Please specify a defined model/subckt name. . (SC-59) (SMSC-95)
----------------------
__recordTaskStats__ NAND3 delay__A__lh__OUT__hl__ACQ_1 0.09 0.01 5.79 0.67 1 6.55986595154 engnx02a.utdallas.edu 1733458399.31 1733458405.87 1
Loading information for cell NAND3
work dir: '/var/tmp/primelib.engnx02a.860278.6277/NAND3/delay__A__hl__OUT__lh__ACQ_1.sif_0' (SIM-69)
Executing 'hspice deck.cir -o deck' (SIM-30)
Host engnx02a.utdallas.edu load average 0.7 (1min) 0.94 (5min) 1.22 (15min)
Error:   Simulation delay__A__hl__OUT__lh__ACQ_1.sif for cell NAND3 failed: deck.lis: **error** (/home/eng/s/sxv240035/cad/gf65/primelib_gf65/NAND3/netlists/NAND3.pex.sp.NAND3.pxi:4) Definition of model/subckt "pm_nand3%vss" is not found for the element "xnand3_inst.x_pm_nand3%vss". Please specify a defined model/subckt name. . (SC-59) (SMSC-95)
----------------------
__recordTaskStats__ NAND3 delay__A__hl__OUT__lh__ACQ_1 0.09 0.01 5.77 0.64 1 6.50804901123 engnx02a.utdallas.edu 1733458405.87 1733458412.38 1
Loading information for cell NAND3
work dir: '/var/tmp/primelib.engnx02a.860278.6277/NAND3/delay__B__lh__OUT__hl__ACQ_1.sif_0' (SIM-69)
Executing 'hspice deck.cir -o deck' (SIM-30)
Host engnx02a.utdallas.edu load average 0.72 (1min) 0.94 (5min) 1.22 (15min)
Error:   Simulation delay__B__lh__OUT__hl__ACQ_1.sif for cell NAND3 failed: deck.lis: **error** (/home/eng/s/sxv240035/cad/gf65/primelib_gf65/NAND3/netlists/NAND3.pex.sp.NAND3.pxi:4) Definition of model/subckt "pm_nand3%vss" is not found for the element "xnand3_inst.x_pm_nand3%vss". Please specify a defined model/subckt name. . (SC-59) (SMSC-95)
----------------------
__recordTaskStats__ NAND3 delay__B__lh__OUT__hl__ACQ_1 0.1 0.0 5.74 0.68 1 6.50875115395 engnx02a.utdallas.edu 1733458412.38 1733458418.89 1
Loading information for cell NAND3
work dir: '/var/tmp/primelib.engnx02a.860278.6277/NAND3/delay__B__hl__OUT__lh__ACQ_1.sif_0' (SIM-69)
Executing 'hspice deck.cir -o deck' (SIM-30)
Host engnx02a.utdallas.edu load average 0.77 (1min) 0.94 (5min) 1.22 (15min)
Error:   Simulation delay__B__hl__OUT__lh__ACQ_1.sif for cell NAND3 failed: deck.lis: **error** (/home/eng/s/sxv240035/cad/gf65/primelib_gf65/NAND3/netlists/NAND3.pex.sp.NAND3.pxi:4) Definition of model/subckt "pm_nand3%vss" is not found for the element "xnand3_inst.x_pm_nand3%vss". Please specify a defined model/subckt name. . (SC-59) (SMSC-95)
----------------------
__recordTaskStats__ NAND3 delay__B__hl__OUT__lh__ACQ_1 0.09 0.01 5.73 0.7 1 6.53945302963 engnx02a.utdallas.edu 1733458418.89 1733458425.43 1
Loading information for cell NAND3
work dir: '/var/tmp/primelib.engnx02a.860278.6277/NAND3/delay__C__lh__OUT__hl__ACQ_1.sif_0' (SIM-69)
Executing 'hspice deck.cir -o deck' (SIM-30)
Host engnx02a.utdallas.edu load average 0.79 (1min) 0.95 (5min) 1.22 (15min)
Error:   Simulation delay__C__lh__OUT__hl__ACQ_1.sif for cell NAND3 failed: deck.lis: **error** (/home/eng/s/sxv240035/cad/gf65/primelib_gf65/NAND3/netlists/NAND3.pex.sp.NAND3.pxi:4) Definition of model/subckt "pm_nand3%vss" is not found for the element "xnand3_inst.x_pm_nand3%vss". Please specify a defined model/subckt name. . (SC-59) (SMSC-95)
----------------------
__recordTaskStats__ NAND3 delay__C__lh__OUT__hl__ACQ_1 0.1 0.01 5.95 0.68 1 6.74276304245 engnx02a.utdallas.edu 1733458425.43 1733458432.17 1
Loading information for cell NAND3
work dir: '/var/tmp/primelib.engnx02a.860278.6277/NAND3/delay__C__hl__OUT__lh__ACQ_1.sif_0' (SIM-69)
Executing 'hspice deck.cir -o deck' (SIM-30)
Host engnx02a.utdallas.edu load average 0.97 (1min) 0.98 (5min) 1.23 (15min)
Error:   Simulation delay__C__hl__OUT__lh__ACQ_1.sif for cell NAND3 failed: deck.lis: **error** (/home/eng/s/sxv240035/cad/gf65/primelib_gf65/NAND3/netlists/NAND3.pex.sp.NAND3.pxi:4) Definition of model/subckt "pm_nand3%vss" is not found for the element "xnand3_inst.x_pm_nand3%vss". Please specify a defined model/subckt name. . (SC-59) (SMSC-95)
----------------------
__recordTaskStats__ NAND3 delay__C__hl__OUT__lh__ACQ_1 0.1 0.01 5.87 0.69 1 6.67260098457 engnx02a.utdallas.edu 1733458432.17 1733458438.85 1
Loading information for cell NAND3
work dir: '/var/tmp/primelib.engnx02a.860278.6277/NAND3/delay__A__lh__OUT__hl__ACQ_1.sif_0' (SIM-69)
Executing 'hspice deck.cir -o deck' (SIM-30)
Host engnx02a.utdallas.edu load average 1.05 (1min) 1 (5min) 1.23 (15min)
Error:   Simulation delay__A__lh__OUT__hl__ACQ_1.sif for cell NAND3 failed: deck.lis: **error** (/home/eng/s/sxv240035/cad/gf65/primelib_gf65/NAND3/netlists/NAND3.pex.sp.NAND3.pxi:4) Definition of model/subckt "pm_nand3%vss" is not found for the element "xnand3_inst.x_pm_nand3%vss". Please specify a defined model/subckt name. . (SC-59) (SMSC-95)
----------------------
__recordTaskStats__ NAND3 delay__A__lh__OUT__hl__ACQ_1 0.1 0.0 6.15 0.71 1 6.97639393806 engnx02a.utdallas.edu 1733458438.85 1733458445.82 1
Loading information for cell NAND3
work dir: '/var/tmp/primelib.engnx02a.860278.6277/NAND3/delay__A__hl__OUT__lh__ACQ_1.sif_0' (SIM-69)
Executing 'hspice deck.cir -o deck' (SIM-30)
Host engnx02a.utdallas.edu load average 1.05 (1min) 1 (5min) 1.23 (15min)
Error:   Simulation delay__A__hl__OUT__lh__ACQ_1.sif for cell NAND3 failed: deck.lis: **error** (/home/eng/s/sxv240035/cad/gf65/primelib_gf65/NAND3/netlists/NAND3.pex.sp.NAND3.pxi:4) Definition of model/subckt "pm_nand3%vss" is not found for the element "xnand3_inst.x_pm_nand3%vss". Please specify a defined model/subckt name. . (SC-59) (SMSC-95)
----------------------
__recordTaskStats__ NAND3 delay__A__hl__OUT__lh__ACQ_1 0.09 0.01 5.8 0.7 1 6.59615087509 engnx02a.utdallas.edu 1733458445.83 1733458452.42 1
Loading information for cell NAND3
work dir: '/var/tmp/primelib.engnx02a.860278.6277/NAND3/leakage_power__ACQ_1.sif_0' (SIM-69)
Executing 'hspice deck.cir -o deck' (SIM-30)
Host engnx02a.utdallas.edu load average 1.04 (1min) 1 (5min) 1.23 (15min)
Error:   Simulation leakage_power__ACQ_1.sif for cell NAND3 failed: deck.lis: **error** (/home/eng/s/sxv240035/cad/gf65/primelib_gf65/NAND3/netlists/NAND3.pex.sp.NAND3.pxi:4) Definition of model/subckt "pm_nand3%vss" is not found for the element "xnand3_inst.x_pm_nand3%vss". Please specify a defined model/subckt name. . (SC-59) (SMSC-95)
----------------------
__recordTaskStats__ NAND3 leakage_power__ACQ_1 0.08 0.01 5.8 0.69 1 6.57653689384 engnx02a.utdallas.edu 1733458452.42 1733458459.0 1
Loading information for cell NAND3
work dir: '/var/tmp/primelib.engnx02a.860278.6277/NAND3/Cin__VSS__lh__ACQ_1.sif_0' (SIM-69)
Executing 'hspice deck.cir -o deck' (SIM-30)
Host engnx02a.utdallas.edu load average 1.04 (1min) 1 (5min) 1.23 (15min)
Error:   Simulation Cin__VSS__lh__ACQ_1.sif for cell NAND3 failed: deck.lis: **error** (/home/eng/s/sxv240035/cad/gf65/primelib_gf65/NAND3/netlists/NAND3.pex.sp.NAND3.pxi:4) Definition of model/subckt "pm_nand3%vss" is not found for the element "xnand3_inst.x_pm_nand3%vss". Please specify a defined model/subckt name. . (SC-59) (SMSC-95)
----------------------
__recordTaskStats__ NAND3 Cin__VSS__lh__ACQ_1 0.09 0.01 5.76 0.67 1 6.52474188805 engnx02a.utdallas.edu 1733458459.0 1733458465.52 1
Loading information for cell NAND3
work dir: '/var/tmp/primelib.engnx02a.860278.6277/NAND3/leakage_power__ACQ_1.sif_0' (SIM-69)
Executing 'hspice deck.cir -o deck' (SIM-30)
Host engnx02a.utdallas.edu load average 1.03 (1min) 1 (5min) 1.22 (15min)
Error:   Simulation leakage_power__ACQ_1.sif for cell NAND3 failed: deck.lis: **error** (/home/eng/s/sxv240035/cad/gf65/primelib_gf65/NAND3/netlists/NAND3.pex.sp.NAND3.pxi:4) Definition of model/subckt "pm_nand3%vss" is not found for the element "xnand3_inst.x_pm_nand3%vss". Please specify a defined model/subckt name. . (SC-59) (SMSC-95)
----------------------
__recordTaskStats__ NAND3 leakage_power__ACQ_1 0.07 0.01 6.08 0.72 1 6.91459703445 engnx02a.utdallas.edu 1733458465.52 1733458472.44 1
Loading information for cell NAND3
work dir: '/var/tmp/primelib.engnx02a.860278.6277/NAND3/Cin__VSS__hl__ACQ_1.sif_0' (SIM-69)
Executing 'hspice deck.cir -o deck' (SIM-30)
Host engnx02a.utdallas.edu load average 1.1 (1min) 1.01 (5min) 1.23 (15min)
Error:   Simulation Cin__VSS__hl__ACQ_1.sif for cell NAND3 failed: deck.lis: **error** (/home/eng/s/sxv240035/cad/gf65/primelib_gf65/NAND3/netlists/NAND3.pex.sp.NAND3.pxi:4) Definition of model/subckt "pm_nand3%vss" is not found for the element "xnand3_inst.x_pm_nand3%vss". Please specify a defined model/subckt name. . (SC-59) (SMSC-95)
----------------------
__recordTaskStats__ NAND3 Cin__VSS__hl__ACQ_1 0.09 0.01 5.8 0.71 1 6.60482096672 engnx02a.utdallas.edu 1733458472.44 1733458479.04 1
Loading information for cell NAND3
work dir: '/var/tmp/primelib.engnx02a.860278.6277/NAND3/Cin__VDD__lh__ACQ_1.sif_0' (SIM-69)
Executing 'hspice deck.cir -o deck' (SIM-30)
Host engnx02a.utdallas.edu load average 1.09 (1min) 1.01 (5min) 1.23 (15min)
Error:   Simulation Cin__VDD__lh__ACQ_1.sif for cell NAND3 failed: deck.lis: **error** (/home/eng/s/sxv240035/cad/gf65/primelib_gf65/NAND3/netlists/NAND3.pex.sp.NAND3.pxi:4) Definition of model/subckt "pm_nand3%vss" is not found for the element "xnand3_inst.x_pm_nand3%vss". Please specify a defined model/subckt name. . (SC-59) (SMSC-95)
----------------------
__recordTaskStats__ NAND3 Cin__VDD__lh__ACQ_1 0.09 0.01 5.83 0.7 1 6.6098780632 engnx02a.utdallas.edu 1733458479.05 1733458485.66 1
Loading information for cell NAND3
work dir: '/var/tmp/primelib.engnx02a.860278.6277/NAND3/Cin__VDD__hl__ACQ_1.sif_0' (SIM-69)
Executing 'hspice deck.cir -o deck' (SIM-30)
Host engnx02a.utdallas.edu load average 1.09 (1min) 1.01 (5min) 1.23 (15min)
Error:   Simulation Cin__VDD__hl__ACQ_1.sif for cell NAND3 failed: deck.lis: **error** (/home/eng/s/sxv240035/cad/gf65/primelib_gf65/NAND3/netlists/NAND3.pex.sp.NAND3.pxi:4) Definition of model/subckt "pm_nand3%vss" is not found for the element "xnand3_inst.x_pm_nand3%vss". Please specify a defined model/subckt name. . (SC-59) (SMSC-95)
----------------------
__recordTaskStats__ NAND3 Cin__VDD__hl__ACQ_1 0.07 0.01 5.81 0.66 1 6.55311512947 engnx02a.utdallas.edu 1733458485.66 1733458492.21 1
Loading information for cell NAND3
work dir: '/var/tmp/primelib.engnx02a.860278.6277/NAND3/Cin__VSS__lh__ACQ_1.sif_0' (SIM-69)
Executing 'hspice deck.cir -o deck' (SIM-30)
Host engnx02a.utdallas.edu load average 1.23 (1min) 1.05 (5min) 1.23 (15min)
Error:   Simulation Cin__VSS__lh__ACQ_1.sif for cell NAND3 failed: deck.lis: **error** (/home/eng/s/sxv240035/cad/gf65/primelib_gf65/NAND3/netlists/NAND3.pex.sp.NAND3.pxi:4) Definition of model/subckt "pm_nand3%vss" is not found for the element "xnand3_inst.x_pm_nand3%vss". Please specify a defined model/subckt name. . (SC-59) (SMSC-95)
----------------------
__recordTaskStats__ NAND3 Cin__VSS__lh__ACQ_1 0.08 0.01 5.96 0.7 1 6.76871490479 engnx02a.utdallas.edu 1733458492.21 1733458498.98 1
Loading information for cell NAND3
work dir: '/var/tmp/primelib.engnx02a.860278.6277/NAND3/Cin__VSS__hl__ACQ_1.sif_0' (SIM-69)
Executing 'hspice deck.cir -o deck' (SIM-30)
Host engnx02a.utdallas.edu load average 1.29 (1min) 1.06 (5min) 1.24 (15min)
Error:   Simulation Cin__VSS__hl__ACQ_1.sif for cell NAND3 failed: deck.lis: **error** (/home/eng/s/sxv240035/cad/gf65/primelib_gf65/NAND3/netlists/NAND3.pex.sp.NAND3.pxi:4) Definition of model/subckt "pm_nand3%vss" is not found for the element "xnand3_inst.x_pm_nand3%vss". Please specify a defined model/subckt name. . (SC-59) (SMSC-95)
----------------------
__recordTaskStats__ NAND3 Cin__VSS__hl__ACQ_1 0.09 0.02 5.84 0.68 1 6.63528394699 engnx02a.utdallas.edu 1733458498.98 1733458505.61 1
Loading information for cell NAND3
work dir: '/var/tmp/primelib.engnx02a.860278.6277/NAND3/Cin__VDD__lh__ACQ_1.sif_0' (SIM-69)
Executing 'hspice deck.cir -o deck' (SIM-30)
Host engnx02a.utdallas.edu load average 1.35 (1min) 1.08 (5min) 1.24 (15min)
Error:   Simulation Cin__VDD__lh__ACQ_1.sif for cell NAND3 failed: deck.lis: **error** (/home/eng/s/sxv240035/cad/gf65/primelib_gf65/NAND3/netlists/NAND3.pex.sp.NAND3.pxi:4) Definition of model/subckt "pm_nand3%vss" is not found for the element "xnand3_inst.x_pm_nand3%vss". Please specify a defined model/subckt name. . (SC-59) (SMSC-95)
----------------------
__recordTaskStats__ NAND3 Cin__VDD__lh__ACQ_1 0.08 0.01 5.79 0.72 1 6.6272149086 engnx02a.utdallas.edu 1733458505.61 1733458512.24 1
Loading information for cell NAND3
work dir: '/var/tmp/primelib.engnx02a.860278.6277/NAND3/Cin__VDD__hl__ACQ_1.sif_0' (SIM-69)
Executing 'hspice deck.cir -o deck' (SIM-30)
Host engnx02a.utdallas.edu load average 1.32 (1min) 1.08 (5min) 1.24 (15min)
Error:   Simulation Cin__VDD__hl__ACQ_1.sif for cell NAND3 failed: deck.lis: **error** (/home/eng/s/sxv240035/cad/gf65/primelib_gf65/NAND3/netlists/NAND3.pex.sp.NAND3.pxi:4) Definition of model/subckt "pm_nand3%vss" is not found for the element "xnand3_inst.x_pm_nand3%vss". Please specify a defined model/subckt name. . (SC-59) (SMSC-95)
----------------------
__recordTaskStats__ NAND3 Cin__VDD__hl__ACQ_1 0.09 0.01 5.83 0.73 1 6.64631009102 engnx02a.utdallas.edu 1733458512.24 1733458518.89 1
[CDPL] Loading settings for stage: characterization.1
The char directory is /home/eng/s/sxv240035/cad/gf65/primelib_gf65/NAND3
Warning: 2003.12 is no longer supported as a valid value for liberty_flavor. Setting it to 2007.03.
Loading /home/eng/s/sxv240035/cad/gf65/primelib_gf65/NAND3/etc/cell.stat.gz
Thu Dec 05 22:20:11 CST 2024: Sourcing environment settings
Warning: Operating condition 'op_cond' already exists, skipped.
Thu Dec 05 22:20:11 CST 2024: Environment set up done (0 seconds)
[CDPL] Done loading settings for stage: characterization.1
Loading information for cell NAND3
work dir: '/var/tmp/primelib.engnx02a.860278.6277/NAND3/delay__B__lh__OUT__hl__ACQ_1.sif_0' (SIM-69)
Executing 'hspice deck.cir -o deck' (SIM-30)
moving /var/tmp/primelib.engnx02a.860278.6277/NAND3/delay__B__lh__OUT__hl__ACQ_1.sof.gz to /home/eng/s/sxv240035/cad/gf65/primelib_gf65/NAND3/results/NAND3
Simulation NAND3::delay__B__lh__OUT__hl__ACQ_1.sif completed successfully.
----------------------
__recordTaskStats__ NAND3 delay__B__lh__OUT__hl__ACQ_1 0.09 0.03 6.07 0.72 1 6.94972419739 engnx02a.utdallas.edu 1733458811.23 1733458818.18 1
Loading information for cell NAND3
work dir: '/var/tmp/primelib.engnx02a.860278.6277/NAND3/delay__B__hl__OUT__lh__ACQ_1.sif_0' (SIM-69)
Executing 'hspice deck.cir -o deck' (SIM-30)
moving /var/tmp/primelib.engnx02a.860278.6277/NAND3/delay__B__hl__OUT__lh__ACQ_1.sof.gz to /home/eng/s/sxv240035/cad/gf65/primelib_gf65/NAND3/results/NAND3
Simulation NAND3::delay__B__hl__OUT__lh__ACQ_1.sif completed successfully.
----------------------
__recordTaskStats__ NAND3 delay__B__hl__OUT__lh__ACQ_1 0.11 0.03 5.94 0.63 1 6.64330887794 engnx02a.utdallas.edu 1733458818.18 1733458824.82 1
Loading information for cell NAND3
work dir: '/var/tmp/primelib.engnx02a.860278.6277/NAND3/delay__C__lh__OUT__hl__ACQ_1.sif_0' (SIM-69)
Executing 'hspice deck.cir -o deck' (SIM-30)
moving /var/tmp/primelib.engnx02a.860278.6277/NAND3/delay__C__lh__OUT__hl__ACQ_1.sof.gz to /home/eng/s/sxv240035/cad/gf65/primelib_gf65/NAND3/results/NAND3
Simulation NAND3::delay__C__lh__OUT__hl__ACQ_1.sif completed successfully.
----------------------
__recordTaskStats__ NAND3 delay__C__lh__OUT__hl__ACQ_1 0.05 0.0 5.92 0.69 1 6.62507486343 engnx02a.utdallas.edu 1733458824.82 1733458831.45 1
Loading information for cell NAND3
work dir: '/var/tmp/primelib.engnx02a.860278.6277/NAND3/delay__C__hl__OUT__lh__ACQ_1.sif_0' (SIM-69)
Executing 'hspice deck.cir -o deck' (SIM-30)
moving /var/tmp/primelib.engnx02a.860278.6277/NAND3/delay__C__hl__OUT__lh__ACQ_1.sof.gz to /home/eng/s/sxv240035/cad/gf65/primelib_gf65/NAND3/results/NAND3
Simulation NAND3::delay__C__hl__OUT__lh__ACQ_1.sif completed successfully.
----------------------
__recordTaskStats__ NAND3 delay__C__hl__OUT__lh__ACQ_1 0.06 0.01 6.0 0.67 1 6.68237805367 engnx02a.utdallas.edu 1733458831.45 1733458838.13 1
Loading information for cell NAND3
work dir: '/var/tmp/primelib.engnx02a.860278.6277/NAND3/delay__A__lh__OUT__hl__ACQ_1.sif_0' (SIM-69)
Executing 'hspice deck.cir -o deck' (SIM-30)
moving /var/tmp/primelib.engnx02a.860278.6277/NAND3/delay__A__lh__OUT__hl__ACQ_1.sof.gz to /home/eng/s/sxv240035/cad/gf65/primelib_gf65/NAND3/results/NAND3
Simulation NAND3::delay__A__lh__OUT__hl__ACQ_1.sif completed successfully.
----------------------
__recordTaskStats__ NAND3 delay__A__lh__OUT__hl__ACQ_1 0.05 0.01 5.91 0.73 1 6.63643908501 engnx02a.utdallas.edu 1733458838.13 1733458844.77 1
Loading information for cell NAND3
work dir: '/var/tmp/primelib.engnx02a.860278.6277/NAND3/delay__A__hl__OUT__lh__ACQ_1.sif_0' (SIM-69)
Executing 'hspice deck.cir -o deck' (SIM-30)
moving /var/tmp/primelib.engnx02a.860278.6277/NAND3/delay__A__hl__OUT__lh__ACQ_1.sof.gz to /home/eng/s/sxv240035/cad/gf65/primelib_gf65/NAND3/results/NAND3
Simulation NAND3::delay__A__hl__OUT__lh__ACQ_1.sif completed successfully.
----------------------
__recordTaskStats__ NAND3 delay__A__hl__OUT__lh__ACQ_1 0.06 0.0 5.92 0.64 1 6.57732391357 engnx02a.utdallas.edu 1733458844.77 1733458851.34 1
Loading information for cell NAND3
work dir: '/var/tmp/primelib.engnx02a.860278.6277/NAND3/leakage_power__ACQ_1.sif_0' (SIM-69)
Executing 'hspice deck.cir -o deck' (SIM-30)
moving /var/tmp/primelib.engnx02a.860278.6277/NAND3/leakage_power__ACQ_1.sof.gz to /home/eng/s/sxv240035/cad/gf65/primelib_gf65/NAND3/results/NAND3
Simulation NAND3::leakage_power__ACQ_1.sif completed successfully.
Warning: ground supply has not been properly defined
----------------------
__recordTaskStats__ NAND3 leakage_power__ACQ_1 0.04 0.01 5.75 0.68 1 6.42765498161 engnx02a.utdallas.edu 1733458851.34 1733458857.77 1
Loading information for cell NAND3
work dir: '/var/tmp/primelib.engnx02a.860278.6277/NAND3/Cin__VSS__lh__ACQ_1.sif_0' (SIM-69)
Executing 'hspice deck.cir -o deck' (SIM-30)
moving /var/tmp/primelib.engnx02a.860278.6277/NAND3/Cin__VSS__lh__ACQ_1.sof.gz to /home/eng/s/sxv240035/cad/gf65/primelib_gf65/NAND3/results/NAND3
Simulation NAND3::Cin__VSS__lh__ACQ_1.sif completed successfully.
----------------------
__recordTaskStats__ NAND3 Cin__VSS__lh__ACQ_1 0.05 0.0 5.77 0.68 1 6.44963598251 engnx02a.utdallas.edu 1733458857.77 1733458864.22 1
Loading information for cell NAND3
work dir: '/var/tmp/primelib.engnx02a.860278.6277/NAND3/Cin__VSS__hl__ACQ_1.sif_0' (SIM-69)
Executing 'hspice deck.cir -o deck' (SIM-30)
moving /var/tmp/primelib.engnx02a.860278.6277/NAND3/Cin__VSS__hl__ACQ_1.sof.gz to /home/eng/s/sxv240035/cad/gf65/primelib_gf65/NAND3/results/NAND3
Simulation NAND3::Cin__VSS__hl__ACQ_1.sif completed successfully.
----------------------
__recordTaskStats__ NAND3 Cin__VSS__hl__ACQ_1 0.04 0.01 5.84 0.67 1 6.50729107857 engnx02a.utdallas.edu 1733458864.22 1733458870.73 1
Loading information for cell NAND3
work dir: '/var/tmp/primelib.engnx02a.860278.6277/NAND3/Cin__VDD__lh__ACQ_1.sif_0' (SIM-69)
Executing 'hspice deck.cir -o deck' (SIM-30)
moving /var/tmp/primelib.engnx02a.860278.6277/NAND3/Cin__VDD__lh__ACQ_1.sof.gz to /home/eng/s/sxv240035/cad/gf65/primelib_gf65/NAND3/results/NAND3
Simulation NAND3::Cin__VDD__lh__ACQ_1.sif completed successfully.
----------------------
__recordTaskStats__ NAND3 Cin__VDD__lh__ACQ_1 0.05 0.01 5.74 0.69 1 6.43993496895 engnx02a.utdallas.edu 1733458870.73 1733458877.17 1
Loading information for cell NAND3
work dir: '/var/tmp/primelib.engnx02a.860278.6277/NAND3/Cin__VDD__hl__ACQ_1.sif_0' (SIM-69)
Executing 'hspice deck.cir -o deck' (SIM-30)
moving /var/tmp/primelib.engnx02a.860278.6277/NAND3/Cin__VDD__hl__ACQ_1.sof.gz to /home/eng/s/sxv240035/cad/gf65/primelib_gf65/NAND3/results/NAND3
Simulation NAND3::Cin__VDD__hl__ACQ_1.sif completed successfully.
----------------------
__recordTaskStats__ NAND3 Cin__VDD__hl__ACQ_1 0.05 0.0 5.88 0.66 1 6.56598496437 engnx02a.utdallas.edu 1733458877.17 1733458883.74 1
Warning: /var/tmp/worker.860278.W1.engnx02a.utdallas.edu.6277.log: No such file or directory
   [CDPL] Shutting down worker
Thu Dec  5 22:21:58 2024: Program time: 546.00 seconds | 9.10 minutes | 0.15 hours
CDPL worker exited normally.
Reset log file
Maximum virtual memory size: 979.113 MB
