1733253495.762521: 1466-7f0709d230c0: cdpl_log.c:228: in cdpl_log_open(): info: @@start_of_log@@
1733253495.762557: 1466-7f0709d230c0: cdpl_log.c:866: in cdpl_log_dump_sysinfo(): info: time: 2024/12/03 13:18:15 CST -0600
1733253495.762562: 1466-7f0709d230c0: cdpl_log.c:868: in cdpl_log_dump_sysinfo(): info: version: T-2022.03 
1733253495.762565: 1466-7f0709d230c0: cdpl_log.c:870: in cdpl_log_dump_sysinfo(): info: system: Linux 3.10.0-1160.119.1.el7.x86_64 #1 SMP Tue May 14 11:55:25 EDT 2024
1733253495.762567: 1466-7f0709d230c0: cdpl_log.c:875: in cdpl_log_dump_sysinfo(): info: processor: x86_64 64-bits
1733253495.762569: 1466-7f0709d230c0: cdpl_log.c:879: in cdpl_log_dump_sysinfo(): info: hostname: engnx03a.utdallas.edu
1733253495.762571: 1466-7f0709d230c0: cdpl_log.c:230: in cdpl_log_open(): debug: path: /home/eng/s/sxv240035/cad/gf65/primelib_gf65/NAND4/runtime/cdpl/pid1466/master.engnx03a.utdallas.edu.1466.log
1733253495.762573: 1466-7f0709d230c0: cdpl_log.c:231: in cdpl_log_open(): debug: dir: /home/eng/s/sxv240035/cad/gf65/primelib_gf65/NAND4/runtime/cdpl/pid1466
1733253495.762582: 1466-7f0709d230c0: cdpl_log.c:758: in cdpl_log_set_filter(): info: filter level 1
1733253495.762605: 1466-7f0709d230c0: cdpl_server.c:543: in cdpl_sv_init(): info: new server S1189669708
1733253495.762615: 1466-7f0709d230c0: cdpl_ipc.c:3030: in cdpl_ipc_init(): info: requesting IPv4 protocol
1733253495.763190: 1466-7f0709d230c0: cdpl_ipc.c:800: in _selectaddrfamily(): info: selected IPv4 protocol
1733253495.763558: 1466-7f0709d230c0: cdpl_server.c:657: in cdpl_sv_new_master(): info: new master M1
1733253495.763574: 1466-7f0709d230c0: cdpl_server.c:5494: in cdpl_sv_ctl_master(): info: Setting worker heartbeat to 60 seconds
1733253495.763576: 1466-7f0709d230c0: cdpl_server.c:5503: in cdpl_sv_ctl_master(): info: Setting worker heartbeat timeout to 3 heartbeats
1733253495.763582: 1466-7f0709d230c0: cdpl_compat_master.c:2407: in cdplInitMaster(): info: bcast dir is `/dev/null'
1733253495.763653: 1466-7f0709d230c0: cdpl_server.c:5394: in cdpl_sv_ctl_master(): info: farm worker timeout set to 36000
1733253495.763656: 1466-7f0709d230c0: cdpl_server.c:5410: in cdpl_sv_ctl_master(): info: grid worker timeout set to 36000
1733253495.763658: 1466-7f0709d230c0: cdpl_server.c:5438: in cdpl_sv_ctl_master(): info: farm submit command failure threshold set to 100
1733253495.763696: 1466-7f0709d230c0: cdpl_farm.c:2268: in cdpl_farm_new_sh(): info: creating SH farm on localhost
1733253495.763713: 1466-7f0709d230c0: cdpl_compat_master.c:207: in _set_farm_env(): info: exporting CDPL_LOGDIR as `/home/eng/s/sxv240035/cad/gf65/primelib_gf65/NAND4/runtime/cdpl/pid1466'
1733253495.763716: 1466-7f0709d230c0: cdpl_compat_master.c:213: in _set_farm_env(): info: exporting CDPL_TMPDIR as `/var/tmp'
1733253495.763719: 1466-7f0709d230c0: cdpl_compat_master.c:220: in _set_farm_env(): info: exporting CDPL_HOME as `/proj/cad/synopsys/synopsys_2021/primelib/T-2022.03-SP1/cdpl_runtime_linux64'
1733253495.763722: 1466-7f0709d230c0: cdpl_compat_master.c:227: in _set_farm_env(): info: exporting SNPSLMD_LICENSE_FILE as `1700@engdmv.utdallas.edu'
1733253495.763725: 1466-7f0709d230c0: cdpl_compat_master.c:247: in _set_farm_env(): info: exporting CDPL_OPTIONS as `[filter][nowlogs]'
1733253495.763728: 1466-7f0709d230c0: cdpl_compat_master.c:254: in _set_farm_env(): info: exporting DISPLAY as `:1034'
1733253495.763730: 1466-7f0709d230c0: cdpl_compat_master.c:262: in _set_farm_env(): info: exporting CDPL_HEARTBEAT as `60'
1733253495.763734: 1466-7f0709d230c0: cdpl_compat_master.c:348: in _set_farm_env(): info: exporting SIS_MALIBU as `2'
1733253495.763736: 1466-7f0709d230c0: cdpl_compat_master.c:348: in _set_farm_env(): info: exporting SIS_CDPL as `5'
1733253495.806331: 1466-7f0709d230c0: cdpl_server.c:738: in cdpl_sv_new_job(): info: new job J1 in M1
1733253495.806354: 1466-7f0709d230c0: cdpl_compat_master.c:1314: in _add_worker(): info: new worker type 100, min:1, max:1, cmd:`/home/eng/s/sxv240035/cad/gf65/primelib_gf65/NAND4/runtime/cdpl/pid1466/run_1466.sh'
1733253495.806364: 1466-7f0709d230c0: cdpl_server.c:900: in cdpl_sv_new_bin_withfarm(): info: new bin B1 in J1
1733253495.814495: 1466-7f0709d230c0: cdpl_server.c:3116: in cdpl_sv_start_job(): info: starting job J1
1733253495.823611: 1466-7f0709d230c0: cdpl_server.c:1824: in _sv_gen_task(): info: new task T0 in B1 (prio 3)
1733253495.823621: 1466-7f0709d230c0: cdpl_server.c:2558: in cdpl_sv_label_task_va(): info: setting task T0 label to "leakage_power__ACQ_1 of NAND4"
1733253495.823696: 1466-7f0709d230c0: cdpl_server.c:1824: in _sv_gen_task(): info: new task T1 in B1 (prio 5)
1733253495.823736: 1466-7f06f1a27700: cdpl_server_sched.c:700: in _sv_launch_worker(): info: started worker W1 (as C1) in bin B1
1733253495.823763: 1466-7f06f1226700: cdpl_farm.c:1899: in _schedule(): info: worker submit failure threshold set to 100
1733253495.823787: 1466-7f0709d230c0: cdpl_server.c:2558: in cdpl_sv_label_task_va(): info: setting task T1 label to "Cin__VSS__hl__ACQ_1 of NAND4"
1733253495.823802: 1466-7f06f1226700: cdpl_sh.c:49: in _sh_detached_submit(): info: SH : /home/eng/s/sxv240035/cad/gf65/primelib_gf65/NAND4/runtime/cdpl/pid1466/run_1466.sh
1733253495.827131: 1466-7f0709d230c0: cdpl_server.c:1824: in _sv_gen_task(): info: new task T2 in B1 (prio 5)
1733253495.827162: 1466-7f0709d230c0: cdpl_server.c:2558: in cdpl_sv_label_task_va(): info: setting task T2 label to "Cin__VSS__lh__ACQ_1 of NAND4"
1733253495.827551: 1466-7f0709d230c0: cdpl_server.c:1824: in _sv_gen_task(): info: new task T3 in B1 (prio 2)
1733253495.827556: 1466-7f0709d230c0: cdpl_server.c:2558: in cdpl_sv_label_task_va(): info: setting task T3 label to "delay__A__hl__OUT__lh__ACQ_1 of NAND4"
1733253495.827641: 1466-7f0709d230c0: cdpl_server.c:1824: in _sv_gen_task(): info: new task T4 in B1 (prio 2)
1733253495.827646: 1466-7f0709d230c0: cdpl_server.c:2558: in cdpl_sv_label_task_va(): info: setting task T4 label to "delay__A__lh__OUT__hl__ACQ_1 of NAND4"
1733253495.827725: 1466-7f0709d230c0: cdpl_server.c:1824: in _sv_gen_task(): info: new task T5 in B1 (prio 2)
1733253495.827729: 1466-7f0709d230c0: cdpl_server.c:2558: in cdpl_sv_label_task_va(): info: setting task T5 label to "delay__B__hl__OUT__lh__ACQ_1 of NAND4"
1733253495.827806: 1466-7f0709d230c0: cdpl_server.c:1824: in _sv_gen_task(): info: new task T6 in B1 (prio 2)
1733253495.827811: 1466-7f0709d230c0: cdpl_server.c:2558: in cdpl_sv_label_task_va(): info: setting task T6 label to "delay__B__lh__OUT__hl__ACQ_1 of NAND4"
1733253495.827881: 1466-7f0709d230c0: cdpl_server.c:1824: in _sv_gen_task(): info: new task T7 in B1 (prio 2)
1733253495.827886: 1466-7f0709d230c0: cdpl_server.c:2558: in cdpl_sv_label_task_va(): info: setting task T7 label to "delay__C__hl__OUT__lh__ACQ_1 of NAND4"
1733253495.827949: 1466-7f0709d230c0: cdpl_server.c:1824: in _sv_gen_task(): info: new task T8 in B1 (prio 2)
1733253495.827953: 1466-7f0709d230c0: cdpl_server.c:2558: in cdpl_sv_label_task_va(): info: setting task T8 label to "delay__C__lh__OUT__hl__ACQ_1 of NAND4"
1733253495.828006: 1466-7f0709d230c0: cdpl_server.c:1824: in _sv_gen_task(): info: new task T9 in B1 (prio 2)
1733253495.828011: 1466-7f0709d230c0: cdpl_server.c:2558: in cdpl_sv_label_task_va(): info: setting task T9 label to "delay__D__hl__OUT__lh__ACQ_1 of NAND4"
1733253495.828099: 1466-7f0709d230c0: cdpl_server.c:1824: in _sv_gen_task(): info: new task T10 in B1 (prio 2)
1733253495.828104: 1466-7f0709d230c0: cdpl_server.c:2558: in cdpl_sv_label_task_va(): info: setting task T10 label to "delay__D__lh__OUT__hl__ACQ_1 of NAND4"
1733253495.828147: 1466-7f0709d230c0: cdpl_server.c:1824: in _sv_gen_task(): info: new task T11 in B1 (prio 5)
1733253495.828151: 1466-7f0709d230c0: cdpl_server.c:2558: in cdpl_sv_label_task_va(): info: setting task T11 label to "Cin__VDD__hl__ACQ_1 of NAND4"
1733253495.828183: 1466-7f0709d230c0: cdpl_server.c:1824: in _sv_gen_task(): info: new task T12 in B1 (prio 5)
1733253495.828186: 1466-7f0709d230c0: cdpl_server.c:2558: in cdpl_sv_label_task_va(): info: setting task T12 label to "Cin__VDD__lh__ACQ_1 of NAND4"
1733253496.471335: 1466-7f06f2228700: cdpl_server_ipc.c:452: in _sv_on_hello(): info: W1 is `10.182.66.68:56420'
1733253496.471359: 1466-7f06f2228700: cdpl_server_ipc.c:454: in _sv_on_hello(): info: W1 log file is /dev/null
1733253496.471371: 1466-7f06f2228700: cdpl_server_ipc.c:481: in _sv_on_hello(): info: up to 1 alive workers in B1
1733253496.471393: 1466-7f06f1a27700: cdpl_server_sched.c:955: in _assign(): info: assigning task T3 to worker W1
1733253503.336809: 1466-7f06f2228700: cdpl_server_ipc.c:857: in _sv_on_finish(): info: worker W1 completed task T3
1733253503.336847: 1466-7f06f1a27700: cdpl_server_sched.c:955: in _assign(): info: assigning task T4 to worker W1
1733253509.967115: 1466-7f06f2228700: cdpl_server_ipc.c:857: in _sv_on_finish(): info: worker W1 completed task T4
1733253509.967157: 1466-7f06f1a27700: cdpl_server_sched.c:955: in _assign(): info: assigning task T5 to worker W1
1733253516.677690: 1466-7f06f2228700: cdpl_server_ipc.c:857: in _sv_on_finish(): info: worker W1 completed task T5
1733253516.677730: 1466-7f06f1a27700: cdpl_server_sched.c:955: in _assign(): info: assigning task T6 to worker W1
1733253523.472991: 1466-7f06f2228700: cdpl_server_ipc.c:857: in _sv_on_finish(): info: worker W1 completed task T6
1733253523.473030: 1466-7f06f1a27700: cdpl_server_sched.c:955: in _assign(): info: assigning task T7 to worker W1
1733253530.027478: 1466-7f06f2228700: cdpl_server_ipc.c:857: in _sv_on_finish(): info: worker W1 completed task T7
1733253530.027516: 1466-7f06f1a27700: cdpl_server_sched.c:955: in _assign(): info: assigning task T8 to worker W1
1733253536.730092: 1466-7f06f2228700: cdpl_server_ipc.c:857: in _sv_on_finish(): info: worker W1 completed task T8
1733253536.730350: 1466-7f06f1a27700: cdpl_server_sched.c:955: in _assign(): info: assigning task T9 to worker W1
1733253543.547099: 1466-7f06f2228700: cdpl_server_ipc.c:857: in _sv_on_finish(): info: worker W1 completed task T9
1733253543.547140: 1466-7f06f1a27700: cdpl_server_sched.c:955: in _assign(): info: assigning task T10 to worker W1
1733253550.085194: 1466-7f06f2228700: cdpl_server_ipc.c:857: in _sv_on_finish(): info: worker W1 completed task T10
1733253550.085244: 1466-7f06f1a27700: cdpl_server_sched.c:955: in _assign(): info: assigning task T0 to worker W1
1733253556.656258: 1466-7f06f2228700: cdpl_server_ipc.c:857: in _sv_on_finish(): info: worker W1 completed task T0
1733253556.656297: 1466-7f06f1a27700: cdpl_server_sched.c:955: in _assign(): info: assigning task T1 to worker W1
1733253563.128989: 1466-7f06f2228700: cdpl_server_ipc.c:857: in _sv_on_finish(): info: worker W1 completed task T1
1733253563.129031: 1466-7f06f1a27700: cdpl_server_sched.c:955: in _assign(): info: assigning task T2 to worker W1
1733253569.524345: 1466-7f06f2228700: cdpl_server_ipc.c:857: in _sv_on_finish(): info: worker W1 completed task T2
1733253569.524653: 1466-7f06f1a27700: cdpl_server_sched.c:955: in _assign(): info: assigning task T11 to worker W1
1733253576.070655: 1466-7f06f2228700: cdpl_server_ipc.c:857: in _sv_on_finish(): info: worker W1 completed task T11
1733253576.070693: 1466-7f06f1a27700: cdpl_server_sched.c:955: in _assign(): info: assigning task T12 to worker W1
1733253582.687201: 1466-7f06f2228700: cdpl_server_ipc.c:857: in _sv_on_finish(): info: worker W1 completed task T12
1733253612.896282: 1466-7f0709d230c0: cdpl_compat_master.c:5152: in cdplMasterLogInfo(): info: [non-CDPL log entry] Ending current CDPL job
1733253612.896571: 1466-7f0709d230c0: cdpl_server.c:2890: in cdpl_sv_halt_job_errno(): info: stopping job J1
1733253612.896643: 1466-7f06f1a27700: cdpl_server_sched.c:2711: in _sv_drop_worker(): info: down to 0 alive workers in B1
1733253612.896673: 1466-7f0709d230c0: cdpl_server.c:2875: in cdpl_sv_halt_job_errno(): info: killing job J1
1733253612.896679: 1466-7f0709d230c0: cdpl_server.c:288: in _sv_free_job(): info: freeing job J1
1733253612.896720: 1466-7f0709d230c0: cdpl_farm.c:2395: in cdpl_farm_free(): info: freeing farm
1733253612.896906: 1466-7f0709d230c0: cdpl_server.c:3011: in cdpl_sv_free(): info: freeing server S1189669708
1733253612.896909: 1466-7f0709d230c0: cdpl_server.c:2976: in cdpl_sv_kill_errno(): info: killing server
1733253612.896951: 1466-7f0709d230c0: cdpl_server.c:328: in _sv_free_master(): info: freeing master M1
1733253612.897009: 1466-7f0709d230c0: cdpl_log.c:371: in cdpl_log_close(): info: @@end_of_log@@
