1733457072.386880: 9545-7f965ea460c0: cdpl_log.c:228: in cdpl_log_open(): info: @@start_of_log@@
1733457072.386903: 9545-7f965ea460c0: cdpl_log.c:866: in cdpl_log_dump_sysinfo(): info: time: 2024/12/05 21:51:12 CST -0600
1733457072.386907: 9545-7f965ea460c0: cdpl_log.c:868: in cdpl_log_dump_sysinfo(): info: version: T-2022.03 
1733457072.386909: 9545-7f965ea460c0: cdpl_log.c:870: in cdpl_log_dump_sysinfo(): info: system: Linux 3.10.0-1160.119.1.el7.x86_64 #1 SMP Tue May 14 11:55:25 EDT 2024
1733457072.386911: 9545-7f965ea460c0: cdpl_log.c:875: in cdpl_log_dump_sysinfo(): info: processor: x86_64 64-bits
1733457072.386912: 9545-7f965ea460c0: cdpl_log.c:879: in cdpl_log_dump_sysinfo(): info: hostname: engnx02a.utdallas.edu
1733457072.386914: 9545-7f965ea460c0: cdpl_log.c:230: in cdpl_log_open(): debug: path: /home/eng/s/sxv240035/cad/gf65/primelib_gf65/inverter/runtime/cdpl/pid9545/master.engnx02a.utdallas.edu.9545.log
1733457072.386917: 9545-7f965ea460c0: cdpl_log.c:231: in cdpl_log_open(): debug: dir: /home/eng/s/sxv240035/cad/gf65/primelib_gf65/inverter/runtime/cdpl/pid9545
1733457072.386921: 9545-7f965ea460c0: cdpl_log.c:758: in cdpl_log_set_filter(): info: filter level 1
1733457072.386941: 9545-7f965ea460c0: cdpl_server.c:543: in cdpl_sv_init(): info: new server S823002970
1733457072.386949: 9545-7f965ea460c0: cdpl_ipc.c:3030: in cdpl_ipc_init(): info: requesting IPv4 protocol
1733457072.387557: 9545-7f965ea460c0: cdpl_ipc.c:800: in _selectaddrfamily(): info: selected IPv4 protocol
1733457072.387911: 9545-7f965ea460c0: cdpl_server.c:657: in cdpl_sv_new_master(): info: new master M1
1733457072.387925: 9545-7f965ea460c0: cdpl_server.c:5494: in cdpl_sv_ctl_master(): info: Setting worker heartbeat to 60 seconds
1733457072.387927: 9545-7f965ea460c0: cdpl_server.c:5503: in cdpl_sv_ctl_master(): info: Setting worker heartbeat timeout to 3 heartbeats
1733457072.387931: 9545-7f965ea460c0: cdpl_compat_master.c:2407: in cdplInitMaster(): info: bcast dir is `/dev/null'
1733457072.387971: 9545-7f965ea460c0: cdpl_server.c:5394: in cdpl_sv_ctl_master(): info: farm worker timeout set to 36000
1733457072.387973: 9545-7f965ea460c0: cdpl_server.c:5410: in cdpl_sv_ctl_master(): info: grid worker timeout set to 36000
1733457072.387975: 9545-7f965ea460c0: cdpl_server.c:5438: in cdpl_sv_ctl_master(): info: farm submit command failure threshold set to 100
1733457072.388011: 9545-7f965ea460c0: cdpl_farm.c:2268: in cdpl_farm_new_sh(): info: creating SH farm on localhost
1733457072.388022: 9545-7f965ea460c0: cdpl_compat_master.c:207: in _set_farm_env(): info: exporting CDPL_LOGDIR as `/home/eng/s/sxv240035/cad/gf65/primelib_gf65/inverter/runtime/cdpl/pid9545'
1733457072.388025: 9545-7f965ea460c0: cdpl_compat_master.c:213: in _set_farm_env(): info: exporting CDPL_TMPDIR as `/var/tmp'
1733457072.388027: 9545-7f965ea460c0: cdpl_compat_master.c:220: in _set_farm_env(): info: exporting CDPL_HOME as `/proj/cad/synopsys/synopsys_2021/primelib/T-2022.03-SP1/cdpl_runtime_linux64'
1733457072.388030: 9545-7f965ea460c0: cdpl_compat_master.c:227: in _set_farm_env(): info: exporting SNPSLMD_LICENSE_FILE as `1700@engdmv.utdallas.edu'
1733457072.388032: 9545-7f965ea460c0: cdpl_compat_master.c:247: in _set_farm_env(): info: exporting CDPL_OPTIONS as `[filter][nowlogs]'
1733457072.388034: 9545-7f965ea460c0: cdpl_compat_master.c:254: in _set_farm_env(): info: exporting DISPLAY as `:1038'
1733457072.388036: 9545-7f965ea460c0: cdpl_compat_master.c:262: in _set_farm_env(): info: exporting CDPL_HEARTBEAT as `60'
1733457072.388039: 9545-7f965ea460c0: cdpl_compat_master.c:348: in _set_farm_env(): info: exporting SIS_MALIBU as `2'
1733457072.388040: 9545-7f965ea460c0: cdpl_compat_master.c:348: in _set_farm_env(): info: exporting SIS_CDPL as `5'
1733457072.436155: 9545-7f965ea460c0: cdpl_server.c:738: in cdpl_sv_new_job(): info: new job J1 in M1
1733457072.436177: 9545-7f965ea460c0: cdpl_compat_master.c:1314: in _add_worker(): info: new worker type 100, min:1, max:1, cmd:`/home/eng/s/sxv240035/cad/gf65/primelib_gf65/inverter/runtime/cdpl/pid9545/run_9545.sh'
1733457072.436183: 9545-7f965ea460c0: cdpl_server.c:900: in cdpl_sv_new_bin_withfarm(): info: new bin B1 in J1
1733457072.442280: 9545-7f965ea460c0: cdpl_server.c:3116: in cdpl_sv_start_job(): info: starting job J1
1733457072.452118: 9545-7f965ea460c0: cdpl_server.c:1824: in _sv_gen_task(): info: new task T0 in B1 (prio 3)
1733457072.452129: 9545-7f965ea460c0: cdpl_server.c:2558: in cdpl_sv_label_task_va(): info: setting task T0 label to "leakage_power__ACQ_1 of inverter"
1733457072.452187: 9545-7f965ea460c0: cdpl_server.c:1824: in _sv_gen_task(): info: new task T1 in B1 (prio 2)
1733457072.452263: 9545-7f9646747700: cdpl_server_sched.c:700: in _sv_launch_worker(): info: started worker W1 (as C1) in bin B1
1733457072.452286: 9545-7f965ea460c0: cdpl_server.c:2558: in cdpl_sv_label_task_va(): info: setting task T1 label to "delay__IN__lh__OUT__hl__ACQ_1 of inverter"
1733457072.452312: 9545-7f9645f46700: cdpl_farm.c:1899: in _schedule(): info: worker submit failure threshold set to 100
1733457072.452347: 9545-7f965ea460c0: cdpl_server.c:1824: in _sv_gen_task(): info: new task T2 in B1 (prio 2)
1733457072.452354: 9545-7f965ea460c0: cdpl_server.c:2558: in cdpl_sv_label_task_va(): info: setting task T2 label to "delay__IN__hl__OUT__lh__ACQ_1 of inverter"
1733457072.452362: 9545-7f9645f46700: cdpl_sh.c:49: in _sh_detached_submit(): info: SH : /home/eng/s/sxv240035/cad/gf65/primelib_gf65/inverter/runtime/cdpl/pid9545/run_9545.sh
1733457072.452385: 9545-7f965ea460c0: cdpl_server.c:1824: in _sv_gen_task(): info: new task T3 in B1 (prio 5)
1733457072.452389: 9545-7f965ea460c0: cdpl_server.c:2558: in cdpl_sv_label_task_va(): info: setting task T3 label to "Cin__VSS__lh__ACQ_1 of inverter"
1733457072.452411: 9545-7f965ea460c0: cdpl_server.c:1824: in _sv_gen_task(): info: new task T4 in B1 (prio 5)
1733457072.452414: 9545-7f965ea460c0: cdpl_server.c:2558: in cdpl_sv_label_task_va(): info: setting task T4 label to "Cin__VSS__hl__ACQ_1 of inverter"
1733457072.455731: 9545-7f965ea460c0: cdpl_server.c:1824: in _sv_gen_task(): info: new task T5 in B1 (prio 5)
1733457072.455743: 9545-7f965ea460c0: cdpl_server.c:2558: in cdpl_sv_label_task_va(): info: setting task T5 label to "Cin__VDD__lh__ACQ_1 of inverter"
1733457072.455788: 9545-7f965ea460c0: cdpl_server.c:1824: in _sv_gen_task(): info: new task T6 in B1 (prio 5)
1733457072.455791: 9545-7f965ea460c0: cdpl_server.c:2558: in cdpl_sv_label_task_va(): info: setting task T6 label to "Cin__VDD__hl__ACQ_1 of inverter"
1733457073.095536: 9545-7f9646f48700: cdpl_server_ipc.c:452: in _sv_on_hello(): info: W1 is `10.182.66.67:52192'
1733457073.095559: 9545-7f9646f48700: cdpl_server_ipc.c:454: in _sv_on_hello(): info: W1 log file is /dev/null
1733457073.095569: 9545-7f9646f48700: cdpl_server_ipc.c:481: in _sv_on_hello(): info: up to 1 alive workers in B1
1733457073.095600: 9545-7f9646747700: cdpl_server_sched.c:955: in _assign(): info: assigning task T1 to worker W1
1733457079.823881: 9545-7f9646f48700: cdpl_server_ipc.c:857: in _sv_on_finish(): info: worker W1 completed task T1
1733457079.824133: 9545-7f9646747700: cdpl_server_sched.c:955: in _assign(): info: assigning task T2 to worker W1
1733457086.295048: 9545-7f9646f48700: cdpl_server_ipc.c:857: in _sv_on_finish(): info: worker W1 completed task T2
1733457086.295087: 9545-7f9646747700: cdpl_server_sched.c:955: in _assign(): info: assigning task T0 to worker W1
1733457092.854520: 9545-7f9646f48700: cdpl_server_ipc.c:857: in _sv_on_finish(): info: worker W1 completed task T0
1733457092.854560: 9545-7f9646747700: cdpl_server_sched.c:955: in _assign(): info: assigning task T3 to worker W1
1733457099.341268: 9545-7f9646f48700: cdpl_server_ipc.c:857: in _sv_on_finish(): info: worker W1 completed task T3
1733457099.341306: 9545-7f9646747700: cdpl_server_sched.c:955: in _assign(): info: assigning task T4 to worker W1
1733457105.652580: 9545-7f9646f48700: cdpl_server_ipc.c:857: in _sv_on_finish(): info: worker W1 completed task T4
1733457105.652619: 9545-7f9646747700: cdpl_server_sched.c:955: in _assign(): info: assigning task T5 to worker W1
1733457112.004280: 9545-7f9646f48700: cdpl_server_ipc.c:857: in _sv_on_finish(): info: worker W1 completed task T5
1733457112.004329: 9545-7f9646747700: cdpl_server_sched.c:955: in _assign(): info: assigning task T6 to worker W1
1733457118.420593: 9545-7f9646f48700: cdpl_server_ipc.c:857: in _sv_on_finish(): info: worker W1 completed task T6
1733457272.266368: 9545-7f965ea460c0: cdpl_compat_master.c:5152: in cdplMasterLogInfo(): info: [non-CDPL log entry] Ending current CDPL job
1733457272.266391: 9545-7f965ea460c0: cdpl_server.c:2890: in cdpl_sv_halt_job_errno(): info: stopping job J1
1733457272.266461: 9545-7f9646747700: cdpl_server_sched.c:2711: in _sv_drop_worker(): info: down to 0 alive workers in B1
1733457272.266696: 9545-7f965ea460c0: cdpl_server.c:2875: in cdpl_sv_halt_job_errno(): info: killing job J1
1733457272.266707: 9545-7f965ea460c0: cdpl_server.c:288: in _sv_free_job(): info: freeing job J1
1733457272.266744: 9545-7f965ea460c0: cdpl_farm.c:2395: in cdpl_farm_free(): info: freeing farm
1733457272.266844: 9545-7f965ea460c0: cdpl_server.c:3011: in cdpl_sv_free(): info: freeing server S823002970
1733457272.266849: 9545-7f965ea460c0: cdpl_server.c:2976: in cdpl_sv_kill_errno(): info: killing server
1733457272.266881: 9545-7f965ea460c0: cdpl_server.c:328: in _sv_free_master(): info: freeing master M1
1733457272.266939: 9545-7f965ea460c0: cdpl_log.c:371: in cdpl_log_close(): info: @@end_of_log@@
