1733459205.308551: 21812-7f786c8230c0: cdpl_log.c:228: in cdpl_log_open(): info: @@start_of_log@@
1733459205.308574: 21812-7f786c8230c0: cdpl_log.c:866: in cdpl_log_dump_sysinfo(): info: time: 2024/12/05 22:26:45 CST -0600
1733459205.308578: 21812-7f786c8230c0: cdpl_log.c:868: in cdpl_log_dump_sysinfo(): info: version: T-2022.03 
1733459205.308580: 21812-7f786c8230c0: cdpl_log.c:870: in cdpl_log_dump_sysinfo(): info: system: Linux 3.10.0-1160.119.1.el7.x86_64 #1 SMP Tue May 14 11:55:25 EDT 2024
1733459205.308581: 21812-7f786c8230c0: cdpl_log.c:875: in cdpl_log_dump_sysinfo(): info: processor: x86_64 64-bits
1733459205.308583: 21812-7f786c8230c0: cdpl_log.c:879: in cdpl_log_dump_sysinfo(): info: hostname: engnx02a.utdallas.edu
1733459205.308585: 21812-7f786c8230c0: cdpl_log.c:230: in cdpl_log_open(): debug: path: /home/eng/s/sxv240035/cad/gf65/primelib_gf65/NOR3/runtime/cdpl/pid21812/master.engnx02a.utdallas.edu.21812.log
1733459205.308587: 21812-7f786c8230c0: cdpl_log.c:231: in cdpl_log_open(): debug: dir: /home/eng/s/sxv240035/cad/gf65/primelib_gf65/NOR3/runtime/cdpl/pid21812
1733459205.308592: 21812-7f786c8230c0: cdpl_log.c:758: in cdpl_log_set_filter(): info: filter level 1
1733459205.308608: 21812-7f786c8230c0: cdpl_server.c:543: in cdpl_sv_init(): info: new server S539328281
1733459205.308614: 21812-7f786c8230c0: cdpl_ipc.c:3030: in cdpl_ipc_init(): info: requesting IPv4 protocol
1733459205.309101: 21812-7f786c8230c0: cdpl_ipc.c:800: in _selectaddrfamily(): info: selected IPv4 protocol
1733459205.309427: 21812-7f786c8230c0: cdpl_server.c:657: in cdpl_sv_new_master(): info: new master M1
1733459205.309439: 21812-7f786c8230c0: cdpl_server.c:5494: in cdpl_sv_ctl_master(): info: Setting worker heartbeat to 60 seconds
1733459205.309442: 21812-7f786c8230c0: cdpl_server.c:5503: in cdpl_sv_ctl_master(): info: Setting worker heartbeat timeout to 3 heartbeats
1733459205.309445: 21812-7f786c8230c0: cdpl_compat_master.c:2407: in cdplInitMaster(): info: bcast dir is `/dev/null'
1733459205.309497: 21812-7f786c8230c0: cdpl_server.c:5394: in cdpl_sv_ctl_master(): info: farm worker timeout set to 36000
1733459205.309499: 21812-7f786c8230c0: cdpl_server.c:5410: in cdpl_sv_ctl_master(): info: grid worker timeout set to 36000
1733459205.309501: 21812-7f786c8230c0: cdpl_server.c:5438: in cdpl_sv_ctl_master(): info: farm submit command failure threshold set to 100
1733459205.309526: 21812-7f786c8230c0: cdpl_farm.c:2268: in cdpl_farm_new_sh(): info: creating SH farm on localhost
1733459205.309538: 21812-7f786c8230c0: cdpl_compat_master.c:207: in _set_farm_env(): info: exporting CDPL_LOGDIR as `/home/eng/s/sxv240035/cad/gf65/primelib_gf65/NOR3/runtime/cdpl/pid21812'
1733459205.309541: 21812-7f786c8230c0: cdpl_compat_master.c:213: in _set_farm_env(): info: exporting CDPL_TMPDIR as `/var/tmp'
1733459205.309543: 21812-7f786c8230c0: cdpl_compat_master.c:220: in _set_farm_env(): info: exporting CDPL_HOME as `/proj/cad/synopsys/synopsys_2021/primelib/T-2022.03-SP1/cdpl_runtime_linux64'
1733459205.309546: 21812-7f786c8230c0: cdpl_compat_master.c:227: in _set_farm_env(): info: exporting SNPSLMD_LICENSE_FILE as `1700@engdmv.utdallas.edu'
1733459205.309548: 21812-7f786c8230c0: cdpl_compat_master.c:247: in _set_farm_env(): info: exporting CDPL_OPTIONS as `[filter][nowlogs]'
1733459205.309550: 21812-7f786c8230c0: cdpl_compat_master.c:254: in _set_farm_env(): info: exporting DISPLAY as `:1038'
1733459205.309552: 21812-7f786c8230c0: cdpl_compat_master.c:262: in _set_farm_env(): info: exporting CDPL_HEARTBEAT as `60'
1733459205.309554: 21812-7f786c8230c0: cdpl_compat_master.c:348: in _set_farm_env(): info: exporting SIS_MALIBU as `2'
1733459205.309556: 21812-7f786c8230c0: cdpl_compat_master.c:348: in _set_farm_env(): info: exporting SIS_CDPL as `5'
1733459205.351515: 21812-7f786c8230c0: cdpl_server.c:738: in cdpl_sv_new_job(): info: new job J1 in M1
1733459205.351532: 21812-7f786c8230c0: cdpl_compat_master.c:1314: in _add_worker(): info: new worker type 100, min:1, max:1, cmd:`/home/eng/s/sxv240035/cad/gf65/primelib_gf65/NOR3/runtime/cdpl/pid21812/run_21812.sh'
1733459205.351542: 21812-7f786c8230c0: cdpl_server.c:900: in cdpl_sv_new_bin_withfarm(): info: new bin B1 in J1
1733459205.356840: 21812-7f786c8230c0: cdpl_server.c:3116: in cdpl_sv_start_job(): info: starting job J1
1733459205.365115: 21812-7f786c8230c0: cdpl_server.c:1824: in _sv_gen_task(): info: new task T0 in B1 (prio 2)
1733459205.365126: 21812-7f786c8230c0: cdpl_server.c:2558: in cdpl_sv_label_task_va(): info: setting task T0 label to "delay__B__lh__OUT__hl__ACQ_1 of NOR3"
1733459205.365200: 21812-7f786c8230c0: cdpl_server.c:1824: in _sv_gen_task(): info: new task T1 in B1 (prio 2)
1733459205.365267: 21812-7f7854524700: cdpl_server_sched.c:700: in _sv_launch_worker(): info: started worker W1 (as C1) in bin B1
1733459205.365294: 21812-7f786c8230c0: cdpl_server.c:2558: in cdpl_sv_label_task_va(): info: setting task T1 label to "delay__B__hl__OUT__lh__ACQ_1 of NOR3"
1733459205.365311: 21812-7f7853d23700: cdpl_farm.c:1899: in _schedule(): info: worker submit failure threshold set to 100
1733459205.365342: 21812-7f786c8230c0: cdpl_server.c:1824: in _sv_gen_task(): info: new task T2 in B1 (prio 3)
1733459205.365351: 21812-7f786c8230c0: cdpl_server.c:2558: in cdpl_sv_label_task_va(): info: setting task T2 label to "leakage_power__ACQ_1 of NOR3"
1733459205.365354: 21812-7f7853d23700: cdpl_sh.c:49: in _sh_detached_submit(): info: SH : /home/eng/s/sxv240035/cad/gf65/primelib_gf65/NOR3/runtime/cdpl/pid21812/run_21812.sh
1733459205.365378: 21812-7f786c8230c0: cdpl_server.c:1824: in _sv_gen_task(): info: new task T3 in B1 (prio 2)
1733459205.365384: 21812-7f786c8230c0: cdpl_server.c:2558: in cdpl_sv_label_task_va(): info: setting task T3 label to "delay__C__lh__OUT__hl__ACQ_1 of NOR3"
1733459205.368323: 21812-7f786c8230c0: cdpl_server.c:1824: in _sv_gen_task(): info: new task T4 in B1 (prio 2)
1733459205.368357: 21812-7f786c8230c0: cdpl_server.c:2558: in cdpl_sv_label_task_va(): info: setting task T4 label to "delay__C__hl__OUT__lh__ACQ_1 of NOR3"
1733459205.368429: 21812-7f786c8230c0: cdpl_server.c:1824: in _sv_gen_task(): info: new task T5 in B1 (prio 5)
1733459205.368434: 21812-7f786c8230c0: cdpl_server.c:2558: in cdpl_sv_label_task_va(): info: setting task T5 label to "Cin__VSS__lh__ACQ_1 of NOR3"
1733459205.368485: 21812-7f786c8230c0: cdpl_server.c:1824: in _sv_gen_task(): info: new task T6 in B1 (prio 5)
1733459205.368489: 21812-7f786c8230c0: cdpl_server.c:2558: in cdpl_sv_label_task_va(): info: setting task T6 label to "Cin__VSS__hl__ACQ_1 of NOR3"
1733459205.368543: 21812-7f786c8230c0: cdpl_server.c:1824: in _sv_gen_task(): info: new task T7 in B1 (prio 2)
1733459205.368548: 21812-7f786c8230c0: cdpl_server.c:2558: in cdpl_sv_label_task_va(): info: setting task T7 label to "delay__A__lh__OUT__hl__ACQ_1 of NOR3"
1733459205.368615: 21812-7f786c8230c0: cdpl_server.c:1824: in _sv_gen_task(): info: new task T8 in B1 (prio 2)
1733459205.368620: 21812-7f786c8230c0: cdpl_server.c:2558: in cdpl_sv_label_task_va(): info: setting task T8 label to "delay__A__hl__OUT__lh__ACQ_1 of NOR3"
1733459205.368690: 21812-7f786c8230c0: cdpl_server.c:1824: in _sv_gen_task(): info: new task T9 in B1 (prio 5)
1733459205.368695: 21812-7f786c8230c0: cdpl_server.c:2558: in cdpl_sv_label_task_va(): info: setting task T9 label to "Cin__VDD__lh__ACQ_1 of NOR3"
1733459205.368751: 21812-7f786c8230c0: cdpl_server.c:1824: in _sv_gen_task(): info: new task T10 in B1 (prio 5)
1733459205.368755: 21812-7f786c8230c0: cdpl_server.c:2558: in cdpl_sv_label_task_va(): info: setting task T10 label to "Cin__VDD__hl__ACQ_1 of NOR3"
1733459206.006086: 21812-7f7854d25700: cdpl_server_ipc.c:452: in _sv_on_hello(): info: W1 is `10.182.66.67:37940'
1733459206.006105: 21812-7f7854d25700: cdpl_server_ipc.c:454: in _sv_on_hello(): info: W1 log file is /dev/null
1733459206.006115: 21812-7f7854d25700: cdpl_server_ipc.c:481: in _sv_on_hello(): info: up to 1 alive workers in B1
1733459206.006177: 21812-7f7854524700: cdpl_server_sched.c:955: in _assign(): info: assigning task T0 to worker W1
1733459213.140564: 21812-7f7854d25700: cdpl_server_ipc.c:857: in _sv_on_finish(): info: worker W1 completed task T0
1733459213.140905: 21812-7f7854524700: cdpl_server_sched.c:955: in _assign(): info: assigning task T1 to worker W1
1733459219.913965: 21812-7f7854d25700: cdpl_server_ipc.c:857: in _sv_on_finish(): info: worker W1 completed task T1
1733459219.914003: 21812-7f7854524700: cdpl_server_sched.c:955: in _assign(): info: assigning task T3 to worker W1
1733459226.657426: 21812-7f7854d25700: cdpl_server_ipc.c:857: in _sv_on_finish(): info: worker W1 completed task T3
1733459226.657659: 21812-7f7854524700: cdpl_server_sched.c:955: in _assign(): info: assigning task T4 to worker W1
1733459233.485965: 21812-7f7854d25700: cdpl_server_ipc.c:857: in _sv_on_finish(): info: worker W1 completed task T4
1733459233.486002: 21812-7f7854524700: cdpl_server_sched.c:955: in _assign(): info: assigning task T7 to worker W1
1733459240.063746: 21812-7f7854d25700: cdpl_server_ipc.c:857: in _sv_on_finish(): info: worker W1 completed task T7
1733459240.063780: 21812-7f7854524700: cdpl_server_sched.c:955: in _assign(): info: assigning task T8 to worker W1
1733459246.734147: 21812-7f7854d25700: cdpl_server_ipc.c:857: in _sv_on_finish(): info: worker W1 completed task T8
1733459246.734207: 21812-7f7854524700: cdpl_server_sched.c:955: in _assign(): info: assigning task T2 to worker W1
1733459253.207370: 21812-7f7854d25700: cdpl_server_ipc.c:857: in _sv_on_finish(): info: worker W1 completed task T2
1733459253.207416: 21812-7f7854524700: cdpl_server_sched.c:955: in _assign(): info: assigning task T5 to worker W1
1733459259.829020: 21812-7f7854d25700: cdpl_server_ipc.c:857: in _sv_on_finish(): info: worker W1 completed task T5
1733459259.829065: 21812-7f7854524700: cdpl_server_sched.c:955: in _assign(): info: assigning task T6 to worker W1
1733459266.458430: 21812-7f7854d25700: cdpl_server_ipc.c:857: in _sv_on_finish(): info: worker W1 completed task T6
1733459266.458480: 21812-7f7854524700: cdpl_server_sched.c:955: in _assign(): info: assigning task T9 to worker W1
1733459273.147746: 21812-7f7854d25700: cdpl_server_ipc.c:857: in _sv_on_finish(): info: worker W1 completed task T9
1733459273.148047: 21812-7f7854524700: cdpl_server_sched.c:955: in _assign(): info: assigning task T10 to worker W1
1733459280.043955: 21812-7f7854d25700: cdpl_server_ipc.c:857: in _sv_on_finish(): info: worker W1 completed task T10
1733459403.077215: 21812-7f786c8230c0: cdpl_compat_master.c:5152: in cdplMasterLogInfo(): info: [non-CDPL log entry] Ending current CDPL job
1733459403.077508: 21812-7f786c8230c0: cdpl_server.c:2890: in cdpl_sv_halt_job_errno(): info: stopping job J1
1733459403.077571: 21812-7f7854524700: cdpl_server_sched.c:2711: in _sv_drop_worker(): info: down to 0 alive workers in B1
1733459403.077603: 21812-7f786c8230c0: cdpl_server.c:2875: in cdpl_sv_halt_job_errno(): info: killing job J1
1733459403.077608: 21812-7f786c8230c0: cdpl_server.c:288: in _sv_free_job(): info: freeing job J1
1733459403.077652: 21812-7f786c8230c0: cdpl_farm.c:2395: in cdpl_farm_free(): info: freeing farm
1733459403.077882: 21812-7f786c8230c0: cdpl_server.c:3011: in cdpl_sv_free(): info: freeing server S539328281
1733459403.077886: 21812-7f786c8230c0: cdpl_server.c:2976: in cdpl_sv_kill_errno(): info: killing server
1733459403.077927: 21812-7f786c8230c0: cdpl_server.c:328: in _sv_free_master(): info: freeing master M1
1733459403.077972: 21812-7f786c8230c0: cdpl_log.c:371: in cdpl_log_close(): info: @@end_of_log@@
