1733253032.079228: 7860-7f55e62710c0: cdpl_log.c:228: in cdpl_log_open(): info: @@start_of_log@@
1733253032.079256: 7860-7f55e62710c0: cdpl_log.c:866: in cdpl_log_dump_sysinfo(): info: time: 2024/12/03 13:10:32 CST -0600
1733253032.079261: 7860-7f55e62710c0: cdpl_log.c:868: in cdpl_log_dump_sysinfo(): info: version: T-2022.03 
1733253032.079263: 7860-7f55e62710c0: cdpl_log.c:870: in cdpl_log_dump_sysinfo(): info: system: Linux 3.10.0-1160.119.1.el7.x86_64 #1 SMP Tue May 14 11:55:25 EDT 2024
1733253032.079265: 7860-7f55e62710c0: cdpl_log.c:875: in cdpl_log_dump_sysinfo(): info: processor: x86_64 64-bits
1733253032.079266: 7860-7f55e62710c0: cdpl_log.c:879: in cdpl_log_dump_sysinfo(): info: hostname: engnx03a.utdallas.edu
1733253032.079268: 7860-7f55e62710c0: cdpl_log.c:230: in cdpl_log_open(): debug: path: /home/eng/s/sxv240035/cad/gf65/primelib_gf65/inverter/runtime/cdpl/pid7860/master.engnx03a.utdallas.edu.7860.log
1733253032.079271: 7860-7f55e62710c0: cdpl_log.c:231: in cdpl_log_open(): debug: dir: /home/eng/s/sxv240035/cad/gf65/primelib_gf65/inverter/runtime/cdpl/pid7860
1733253032.079275: 7860-7f55e62710c0: cdpl_log.c:758: in cdpl_log_set_filter(): info: filter level 1
1733253032.079293: 7860-7f55e62710c0: cdpl_server.c:543: in cdpl_sv_init(): info: new server S331296055
1733253032.079302: 7860-7f55e62710c0: cdpl_ipc.c:3030: in cdpl_ipc_init(): info: requesting IPv4 protocol
1733253032.079857: 7860-7f55e62710c0: cdpl_ipc.c:800: in _selectaddrfamily(): info: selected IPv4 protocol
1733253032.080151: 7860-7f55e62710c0: cdpl_server.c:657: in cdpl_sv_new_master(): info: new master M1
1733253032.080165: 7860-7f55e62710c0: cdpl_server.c:5494: in cdpl_sv_ctl_master(): info: Setting worker heartbeat to 60 seconds
1733253032.080167: 7860-7f55e62710c0: cdpl_server.c:5503: in cdpl_sv_ctl_master(): info: Setting worker heartbeat timeout to 3 heartbeats
1733253032.080171: 7860-7f55e62710c0: cdpl_compat_master.c:2407: in cdplInitMaster(): info: bcast dir is `/dev/null'
1733253032.080235: 7860-7f55e62710c0: cdpl_server.c:5394: in cdpl_sv_ctl_master(): info: farm worker timeout set to 36000
1733253032.080238: 7860-7f55e62710c0: cdpl_server.c:5410: in cdpl_sv_ctl_master(): info: grid worker timeout set to 36000
1733253032.080239: 7860-7f55e62710c0: cdpl_server.c:5438: in cdpl_sv_ctl_master(): info: farm submit command failure threshold set to 100
1733253032.080274: 7860-7f55e62710c0: cdpl_farm.c:2268: in cdpl_farm_new_sh(): info: creating SH farm on localhost
1733253032.080288: 7860-7f55e62710c0: cdpl_compat_master.c:207: in _set_farm_env(): info: exporting CDPL_LOGDIR as `/home/eng/s/sxv240035/cad/gf65/primelib_gf65/inverter/runtime/cdpl/pid7860'
1733253032.080291: 7860-7f55e62710c0: cdpl_compat_master.c:213: in _set_farm_env(): info: exporting CDPL_TMPDIR as `/var/tmp'
1733253032.080292: 7860-7f55e62710c0: cdpl_compat_master.c:220: in _set_farm_env(): info: exporting CDPL_HOME as `/proj/cad/synopsys/synopsys_2021/primelib/T-2022.03-SP1/cdpl_runtime_linux64'
1733253032.080294: 7860-7f55e62710c0: cdpl_compat_master.c:227: in _set_farm_env(): info: exporting SNPSLMD_LICENSE_FILE as `1700@engdmv.utdallas.edu'
1733253032.080297: 7860-7f55e62710c0: cdpl_compat_master.c:247: in _set_farm_env(): info: exporting CDPL_OPTIONS as `[filter][nowlogs]'
1733253032.080299: 7860-7f55e62710c0: cdpl_compat_master.c:254: in _set_farm_env(): info: exporting DISPLAY as `:1034'
1733253032.080301: 7860-7f55e62710c0: cdpl_compat_master.c:262: in _set_farm_env(): info: exporting CDPL_HEARTBEAT as `60'
1733253032.080304: 7860-7f55e62710c0: cdpl_compat_master.c:348: in _set_farm_env(): info: exporting SIS_MALIBU as `2'
1733253032.080306: 7860-7f55e62710c0: cdpl_compat_master.c:348: in _set_farm_env(): info: exporting SIS_CDPL as `5'
1733253032.124827: 7860-7f55e62710c0: cdpl_server.c:738: in cdpl_sv_new_job(): info: new job J1 in M1
1733253032.124845: 7860-7f55e62710c0: cdpl_compat_master.c:1314: in _add_worker(): info: new worker type 100, min:1, max:1, cmd:`/home/eng/s/sxv240035/cad/gf65/primelib_gf65/inverter/runtime/cdpl/pid7860/run_7860.sh'
1733253032.124853: 7860-7f55e62710c0: cdpl_server.c:900: in cdpl_sv_new_bin_withfarm(): info: new bin B1 in J1
1733253032.132662: 7860-7f55e62710c0: cdpl_server.c:3116: in cdpl_sv_start_job(): info: starting job J1
1733253032.141680: 7860-7f55e62710c0: cdpl_server.c:1824: in _sv_gen_task(): info: new task T0 in B1 (prio 3)
1733253032.141692: 7860-7f55e62710c0: cdpl_server.c:2558: in cdpl_sv_label_task_va(): info: setting task T0 label to "leakage_power__ACQ_1 of inverter"
1733253032.141762: 7860-7f55e62710c0: cdpl_server.c:1824: in _sv_gen_task(): info: new task T1 in B1 (prio 2)
1733253032.141821: 7860-7f55cdf75700: cdpl_server_sched.c:700: in _sv_launch_worker(): info: started worker W1 (as C1) in bin B1
1733253032.141849: 7860-7f55e62710c0: cdpl_server.c:2558: in cdpl_sv_label_task_va(): info: setting task T1 label to "delay__IN__lh__OUT__hl__ACQ_1 of inverter"
1733253032.141860: 7860-7f55cd774700: cdpl_farm.c:1899: in _schedule(): info: worker submit failure threshold set to 100
1733253032.141879: 7860-7f55cd774700: cdpl_sh.c:49: in _sh_detached_submit(): info: SH : /home/eng/s/sxv240035/cad/gf65/primelib_gf65/inverter/runtime/cdpl/pid7860/run_7860.sh
1733253032.141886: 7860-7f55e62710c0: cdpl_server.c:1824: in _sv_gen_task(): info: new task T2 in B1 (prio 2)
1733253032.141891: 7860-7f55e62710c0: cdpl_server.c:2558: in cdpl_sv_label_task_va(): info: setting task T2 label to "delay__IN__hl__OUT__lh__ACQ_1 of inverter"
1733253032.144063: 7860-7f55e62710c0: cdpl_server.c:1824: in _sv_gen_task(): info: new task T3 in B1 (prio 5)
1733253032.144081: 7860-7f55e62710c0: cdpl_server.c:2558: in cdpl_sv_label_task_va(): info: setting task T3 label to "Cin__VSS__lh__ACQ_1 of inverter"
1733253032.144311: 7860-7f55e62710c0: cdpl_server.c:1824: in _sv_gen_task(): info: new task T4 in B1 (prio 5)
1733253032.144316: 7860-7f55e62710c0: cdpl_server.c:2558: in cdpl_sv_label_task_va(): info: setting task T4 label to "Cin__VSS__hl__ACQ_1 of inverter"
1733253032.144359: 7860-7f55e62710c0: cdpl_server.c:1824: in _sv_gen_task(): info: new task T5 in B1 (prio 5)
1733253032.144363: 7860-7f55e62710c0: cdpl_server.c:2558: in cdpl_sv_label_task_va(): info: setting task T5 label to "Cin__VDD__lh__ACQ_1 of inverter"
1733253032.144428: 7860-7f55e62710c0: cdpl_server.c:1824: in _sv_gen_task(): info: new task T6 in B1 (prio 5)
1733253032.144431: 7860-7f55e62710c0: cdpl_server.c:2558: in cdpl_sv_label_task_va(): info: setting task T6 label to "Cin__VDD__hl__ACQ_1 of inverter"
1733253032.782925: 7860-7f55ce776700: cdpl_server_ipc.c:452: in _sv_on_hello(): info: W1 is `10.182.66.68:37418'
1733253032.782936: 7860-7f55ce776700: cdpl_server_ipc.c:454: in _sv_on_hello(): info: W1 log file is /dev/null
1733253032.782941: 7860-7f55ce776700: cdpl_server_ipc.c:481: in _sv_on_hello(): info: up to 1 alive workers in B1
1733253032.783000: 7860-7f55cdf75700: cdpl_server_sched.c:955: in _assign(): info: assigning task T1 to worker W1
1733253039.848636: 7860-7f55ce776700: cdpl_server_ipc.c:857: in _sv_on_finish(): info: worker W1 completed task T1
1733253039.848679: 7860-7f55cdf75700: cdpl_server_sched.c:955: in _assign(): info: assigning task T2 to worker W1
1733253046.519184: 7860-7f55ce776700: cdpl_server_ipc.c:857: in _sv_on_finish(): info: worker W1 completed task T2
1733253046.519223: 7860-7f55cdf75700: cdpl_server_sched.c:955: in _assign(): info: assigning task T0 to worker W1
1733253053.131944: 7860-7f55ce776700: cdpl_server_ipc.c:857: in _sv_on_finish(): info: worker W1 completed task T0
1733253053.132002: 7860-7f55cdf75700: cdpl_server_sched.c:955: in _assign(): info: assigning task T3 to worker W1
1733253059.667851: 7860-7f55ce776700: cdpl_server_ipc.c:857: in _sv_on_finish(): info: worker W1 completed task T3
1733253059.667902: 7860-7f55cdf75700: cdpl_server_sched.c:955: in _assign(): info: assigning task T4 to worker W1
1733253066.189027: 7860-7f55ce776700: cdpl_server_ipc.c:857: in _sv_on_finish(): info: worker W1 completed task T4
1733253066.189483: 7860-7f55cdf75700: cdpl_server_sched.c:955: in _assign(): info: assigning task T5 to worker W1
1733253072.947363: 7860-7f55ce776700: cdpl_server_ipc.c:857: in _sv_on_finish(): info: worker W1 completed task T5
1733253072.947410: 7860-7f55cdf75700: cdpl_server_sched.c:955: in _assign(): info: assigning task T6 to worker W1
1733253079.533849: 7860-7f55ce776700: cdpl_server_ipc.c:857: in _sv_on_finish(): info: worker W1 completed task T6
1733253169.067437: 7860-7f55e62710c0: cdpl_compat_master.c:5152: in cdplMasterLogInfo(): info: [non-CDPL log entry] Ending current CDPL job
1733253169.067460: 7860-7f55e62710c0: cdpl_server.c:2890: in cdpl_sv_halt_job_errno(): info: stopping job J1
1733253169.067565: 7860-7f55cdf75700: cdpl_server_sched.c:2711: in _sv_drop_worker(): info: down to 0 alive workers in B1
1733253169.067623: 7860-7f55e62710c0: cdpl_server.c:2875: in cdpl_sv_halt_job_errno(): info: killing job J1
1733253169.067636: 7860-7f55e62710c0: cdpl_server.c:288: in _sv_free_job(): info: freeing job J1
1733253169.067684: 7860-7f55e62710c0: cdpl_farm.c:2395: in cdpl_farm_free(): info: freeing farm
1733253169.068005: 7860-7f55e62710c0: cdpl_server.c:3011: in cdpl_sv_free(): info: freeing server S331296055
1733253169.068011: 7860-7f55e62710c0: cdpl_server.c:2976: in cdpl_sv_kill_errno(): info: killing server
1733253169.068048: 7860-7f55e62710c0: cdpl_server.c:328: in _sv_free_master(): info: freeing master M1
1733253169.068101: 7860-7f55e62710c0: cdpl_log.c:371: in cdpl_log_close(): info: @@end_of_log@@
