1733457657.506291: 32544-7ff1923c30c0: cdpl_log.c:228: in cdpl_log_open(): info: @@start_of_log@@
1733457657.506316: 32544-7ff1923c30c0: cdpl_log.c:866: in cdpl_log_dump_sysinfo(): info: time: 2024/12/05 22:00:57 CST -0600
1733457657.506320: 32544-7ff1923c30c0: cdpl_log.c:868: in cdpl_log_dump_sysinfo(): info: version: T-2022.03 
1733457657.506322: 32544-7ff1923c30c0: cdpl_log.c:870: in cdpl_log_dump_sysinfo(): info: system: Linux 3.10.0-1160.119.1.el7.x86_64 #1 SMP Tue May 14 11:55:25 EDT 2024
1733457657.506324: 32544-7ff1923c30c0: cdpl_log.c:875: in cdpl_log_dump_sysinfo(): info: processor: x86_64 64-bits
1733457657.506325: 32544-7ff1923c30c0: cdpl_log.c:879: in cdpl_log_dump_sysinfo(): info: hostname: engnx02a.utdallas.edu
1733457657.506327: 32544-7ff1923c30c0: cdpl_log.c:230: in cdpl_log_open(): debug: path: /home/eng/s/sxv240035/cad/gf65/primelib_gf65/dff/runtime/cdpl/pid32544/master.engnx02a.utdallas.edu.32544.log
1733457657.506330: 32544-7ff1923c30c0: cdpl_log.c:231: in cdpl_log_open(): debug: dir: /home/eng/s/sxv240035/cad/gf65/primelib_gf65/dff/runtime/cdpl/pid32544
1733457657.506338: 32544-7ff1923c30c0: cdpl_log.c:758: in cdpl_log_set_filter(): info: filter level 1
1733457657.506358: 32544-7ff1923c30c0: cdpl_server.c:543: in cdpl_sv_init(): info: new server S848648639
1733457657.506369: 32544-7ff1923c30c0: cdpl_ipc.c:3030: in cdpl_ipc_init(): info: requesting IPv4 protocol
1733457657.506757: 32544-7ff1923c30c0: cdpl_ipc.c:800: in _selectaddrfamily(): info: selected IPv4 protocol
1733457657.507384: 32544-7ff1923c30c0: cdpl_server.c:657: in cdpl_sv_new_master(): info: new master M1
1733457657.507434: 32544-7ff1923c30c0: cdpl_server.c:5494: in cdpl_sv_ctl_master(): info: Setting worker heartbeat to 60 seconds
1733457657.507437: 32544-7ff1923c30c0: cdpl_server.c:5503: in cdpl_sv_ctl_master(): info: Setting worker heartbeat timeout to 3 heartbeats
1733457657.507445: 32544-7ff1923c30c0: cdpl_compat_master.c:2407: in cdplInitMaster(): info: bcast dir is `/dev/null'
1733457657.507587: 32544-7ff1923c30c0: cdpl_server.c:5394: in cdpl_sv_ctl_master(): info: farm worker timeout set to 36000
1733457657.507590: 32544-7ff1923c30c0: cdpl_server.c:5410: in cdpl_sv_ctl_master(): info: grid worker timeout set to 36000
1733457657.507593: 32544-7ff1923c30c0: cdpl_server.c:5438: in cdpl_sv_ctl_master(): info: farm submit command failure threshold set to 100
1733457657.507630: 32544-7ff1923c30c0: cdpl_farm.c:2268: in cdpl_farm_new_sh(): info: creating SH farm on localhost
1733457657.507655: 32544-7ff1923c30c0: cdpl_compat_master.c:207: in _set_farm_env(): info: exporting CDPL_LOGDIR as `/home/eng/s/sxv240035/cad/gf65/primelib_gf65/dff/runtime/cdpl/pid32544'
1733457657.507659: 32544-7ff1923c30c0: cdpl_compat_master.c:213: in _set_farm_env(): info: exporting CDPL_TMPDIR as `/var/tmp'
1733457657.507661: 32544-7ff1923c30c0: cdpl_compat_master.c:220: in _set_farm_env(): info: exporting CDPL_HOME as `/proj/cad/synopsys/synopsys_2021/primelib/T-2022.03-SP1/cdpl_runtime_linux64'
1733457657.507664: 32544-7ff1923c30c0: cdpl_compat_master.c:227: in _set_farm_env(): info: exporting SNPSLMD_LICENSE_FILE as `1700@engdmv.utdallas.edu'
1733457657.507668: 32544-7ff1923c30c0: cdpl_compat_master.c:247: in _set_farm_env(): info: exporting CDPL_OPTIONS as `[filter][nowlogs]'
1733457657.507670: 32544-7ff1923c30c0: cdpl_compat_master.c:254: in _set_farm_env(): info: exporting DISPLAY as `:1038'
1733457657.507673: 32544-7ff1923c30c0: cdpl_compat_master.c:262: in _set_farm_env(): info: exporting CDPL_HEARTBEAT as `60'
1733457657.507678: 32544-7ff1923c30c0: cdpl_compat_master.c:348: in _set_farm_env(): info: exporting SIS_MALIBU as `2'
1733457657.507680: 32544-7ff1923c30c0: cdpl_compat_master.c:348: in _set_farm_env(): info: exporting SIS_CDPL as `5'
1733457657.583994: 32544-7ff1923c30c0: cdpl_server.c:738: in cdpl_sv_new_job(): info: new job J1 in M1
1733457657.584014: 32544-7ff1923c30c0: cdpl_compat_master.c:1314: in _add_worker(): info: new worker type 100, min:1, max:1, cmd:`/home/eng/s/sxv240035/cad/gf65/primelib_gf65/dff/runtime/cdpl/pid32544/run_32544.sh'
1733457657.584024: 32544-7ff1923c30c0: cdpl_server.c:900: in cdpl_sv_new_bin_withfarm(): info: new bin B1 in J1
1733457657.589610: 32544-7ff1923c30c0: cdpl_server.c:3116: in cdpl_sv_start_job(): info: starting job J1
1733457657.615618: 32544-7ff1923c30c0: cdpl_server.c:1824: in _sv_gen_task(): info: new task T0 in B1 (prio -1)
1733457657.615628: 32544-7ff1923c30c0: cdpl_server.c:2558: in cdpl_sv_label_task_va(): info: setting task T0 label to "initialization__ACQ_7 of dff"
1733457657.615721: 32544-7ff1923c30c0: cdpl_server.c:1824: in _sv_gen_task(): info: new task T1 in B1 (prio -1)
1733457657.615773: 32544-7ff17a0c4700: cdpl_server_sched.c:700: in _sv_launch_worker(): info: started worker W1 (as C1) in bin B1
1733457657.615791: 32544-7ff1923c30c0: cdpl_server.c:2558: in cdpl_sv_label_task_va(): info: setting task T1 label to "setup_hbm__D__lh__CLK__hl__ACQ_1 of dff"
1733457657.615802: 32544-7ff1798c3700: cdpl_farm.c:1899: in _schedule(): info: worker submit failure threshold set to 100
1733457657.615821: 32544-7ff1798c3700: cdpl_sh.c:49: in _sh_detached_submit(): info: SH : /home/eng/s/sxv240035/cad/gf65/primelib_gf65/dff/runtime/cdpl/pid32544/run_32544.sh
1733457657.618344: 32544-7ff1923c30c0: cdpl_server.c:1824: in _sv_gen_task(): info: new task T2 in B1 (prio -1)
1733457657.618359: 32544-7ff1923c30c0: cdpl_server.c:2558: in cdpl_sv_label_task_va(): info: setting task T2 label to "initialization__ACQ_6 of dff"
1733457657.618738: 32544-7ff1923c30c0: cdpl_server.c:1824: in _sv_gen_task(): info: new task T3 in B1 (prio -1)
1733457657.618742: 32544-7ff1923c30c0: cdpl_server.c:2558: in cdpl_sv_label_task_va(): info: setting task T3 label to "setup_hbm__D__hl__CLK__hl__ACQ_1 of dff"
1733457657.618808: 32544-7ff1923c30c0: cdpl_server.c:1824: in _sv_gen_task(): info: new task T4 in B1 (prio -1)
1733457657.618811: 32544-7ff1923c30c0: cdpl_server.c:2558: in cdpl_sv_label_task_va(): info: setting task T4 label to "initialization__ACQ_4 of dff"
1733457657.618857: 32544-7ff1923c30c0: cdpl_server.c:1824: in _sv_gen_task(): info: new task T5 in B1 (prio 3)
1733457657.618859: 32544-7ff1923c30c0: cdpl_server.c:2558: in cdpl_sv_label_task_va(): info: setting task T5 label to "leakage_power__ACQ_1 of dff"
1733457657.618896: 32544-7ff1923c30c0: cdpl_server.c:1824: in _sv_gen_task(): info: new task T6 in B1 (prio 5)
1733457657.618898: 32544-7ff1923c30c0: cdpl_server.c:2558: in cdpl_sv_label_task_va(): info: setting task T6 label to "Cin__D__hl__ACQ_1 of dff"
1733457657.618927: 32544-7ff1923c30c0: cdpl_server.c:1824: in _sv_gen_task(): info: new task T7 in B1 (prio 5)
1733457657.618929: 32544-7ff1923c30c0: cdpl_server.c:2558: in cdpl_sv_label_task_va(): info: setting task T7 label to "Cin__D__lh__ACQ_1 of dff"
1733457657.618961: 32544-7ff1923c30c0: cdpl_server.c:1824: in _sv_gen_task(): info: new task T8 in B1 (prio 5)
1733457657.618964: 32544-7ff1923c30c0: cdpl_server.c:2558: in cdpl_sv_label_task_va(): info: setting task T8 label to "Cin__VSS__hl__ACQ_1 of dff"
1733457657.618986: 32544-7ff1923c30c0: cdpl_server.c:1824: in _sv_gen_task(): info: new task T9 in B1 (prio 5)
1733457657.618988: 32544-7ff1923c30c0: cdpl_server.c:2558: in cdpl_sv_label_task_va(): info: setting task T9 label to "Cin__VSS__lh__ACQ_1 of dff"
1733457657.619018: 32544-7ff1923c30c0: cdpl_server.c:1824: in _sv_gen_task(): info: new task T10 in B1 (prio -1)
1733457657.619021: 32544-7ff1923c30c0: cdpl_server.c:2558: in cdpl_sv_label_task_va(): info: setting task T10 label to "initialization__ACQ_5 of dff"
1733457657.619062: 32544-7ff1923c30c0: cdpl_server.c:1824: in _sv_gen_task(): info: new task T11 in B1 (prio -1)
1733457657.619065: 32544-7ff1923c30c0: cdpl_server.c:2558: in cdpl_sv_label_task_va(): info: setting task T11 label to "ncmpw_hbm__CLK__lh__CLK__hl__ACQ_1 of dff"
1733457657.619097: 32544-7ff1923c30c0: cdpl_server.c:1824: in _sv_gen_task(): info: new task T12 in B1 (prio -1)
1733457657.619100: 32544-7ff1923c30c0: cdpl_server.c:2558: in cdpl_sv_label_task_va(): info: setting task T12 label to "removal_hbm__R__hl__CLK__hl__ACQ_1 of dff"
1733457657.619126: 32544-7ff1923c30c0: cdpl_server.c:1824: in _sv_gen_task(): info: new task T13 in B1 (prio -1)
1733457657.619131: 32544-7ff1923c30c0: cdpl_server.c:2558: in cdpl_sv_label_task_va(): info: setting task T13 label to "recover_hbm__R__hl__CLK__hl__ACQ_1 of dff"
1733457657.619158: 32544-7ff1923c30c0: cdpl_server.c:1824: in _sv_gen_task(): info: new task T14 in B1 (prio -1)
1733457657.619160: 32544-7ff1923c30c0: cdpl_server.c:2558: in cdpl_sv_label_task_va(): info: setting task T14 label to "initialization__ACQ_1 of dff"
1733457657.619181: 32544-7ff1923c30c0: cdpl_server.c:1824: in _sv_gen_task(): info: new task T15 in B1 (prio -1)
1733457657.619183: 32544-7ff1923c30c0: cdpl_server.c:2558: in cdpl_sv_label_task_va(): info: setting task T15 label to "initialization__ACQ_2 of dff"
1733457657.619225: 32544-7ff1923c30c0: cdpl_server.c:1824: in _sv_gen_task(): info: new task T16 in B1 (prio -1)
1733457657.619228: 32544-7ff1923c30c0: cdpl_server.c:2558: in cdpl_sv_label_task_va(): info: setting task T16 label to "cmpw_hbm__CLK__hl__CLK__lh__ACQ_1 of dff"
1733457657.619275: 32544-7ff1923c30c0: cdpl_server.c:1824: in _sv_gen_task(): info: new task T17 in B1 (prio -1)
1733457657.619278: 32544-7ff1923c30c0: cdpl_server.c:2558: in cdpl_sv_label_task_va(): info: setting task T17 label to "cmpw_hbm__R__lh__R__hl__ACQ_1 of dff"
1733457657.619303: 32544-7ff1923c30c0: cdpl_server.c:1824: in _sv_gen_task(): info: new task T18 in B1 (prio -1)
1733457657.619305: 32544-7ff1923c30c0: cdpl_server.c:2558: in cdpl_sv_label_task_va(): info: setting task T18 label to "initialization__ACQ_3 of dff"
1733457657.619344: 32544-7ff1923c30c0: cdpl_server.c:1824: in _sv_gen_task(): info: new task T19 in B1 (prio 2)
1733457657.619347: 32544-7ff1923c30c0: cdpl_server.c:2558: in cdpl_sv_label_task_va(): info: setting task T19 label to "delay__CLK__hl__Q__hl__ACQ_1 of dff"
1733457657.619381: 32544-7ff1923c30c0: cdpl_server.c:1824: in _sv_gen_task(): info: new task T20 in B1 (prio 2)
1733457657.619384: 32544-7ff1923c30c0: cdpl_server.c:2558: in cdpl_sv_label_task_va(): info: setting task T20 label to "delay__CLK__hl__Q__lh__ACQ_1 of dff"
1733457657.619422: 32544-7ff1923c30c0: cdpl_server.c:1824: in _sv_gen_task(): info: new task T21 in B1 (prio -1)
1733457657.619425: 32544-7ff1923c30c0: cdpl_server.c:2558: in cdpl_sv_label_task_va(): info: setting task T21 label to "hold_hbm__D__lh__CLK__hl__ACQ_1 of dff"
1733457657.619469: 32544-7ff1923c30c0: cdpl_server.c:1824: in _sv_gen_task(): info: new task T22 in B1 (prio -1)
1733457657.619471: 32544-7ff1923c30c0: cdpl_server.c:2558: in cdpl_sv_label_task_va(): info: setting task T22 label to "hold_hbm__D__hl__CLK__hl__ACQ_1 of dff"
1733457657.619492: 32544-7ff1923c30c0: cdpl_server.c:1824: in _sv_gen_task(): info: new task T23 in B1 (prio 5)
1733457657.619495: 32544-7ff1923c30c0: cdpl_server.c:2558: in cdpl_sv_label_task_va(): info: setting task T23 label to "Cin__CLK__lh__ACQ_1 of dff"
1733457657.619524: 32544-7ff1923c30c0: cdpl_server.c:1824: in _sv_gen_task(): info: new task T24 in B1 (prio 5)
1733457657.619526: 32544-7ff1923c30c0: cdpl_server.c:2558: in cdpl_sv_label_task_va(): info: setting task T24 label to "Cin__VDD__hl__ACQ_1 of dff"
1733457657.619549: 32544-7ff1923c30c0: cdpl_server.c:1824: in _sv_gen_task(): info: new task T25 in B1 (prio 5)
1733457657.619551: 32544-7ff1923c30c0: cdpl_server.c:2558: in cdpl_sv_label_task_va(): info: setting task T25 label to "Cin__VDD__lh__ACQ_1 of dff"
1733457657.619581: 32544-7ff1923c30c0: cdpl_server.c:1824: in _sv_gen_task(): info: new task T26 in B1 (prio 2)
1733457657.619584: 32544-7ff1923c30c0: cdpl_server.c:2558: in cdpl_sv_label_task_va(): info: setting task T26 label to "delay__R__lh__Q__hl__ACQ_1 of dff"
1733457657.619615: 32544-7ff1923c30c0: cdpl_server.c:1824: in _sv_gen_task(): info: new task T27 in B1 (prio 5)
1733457657.619618: 32544-7ff1923c30c0: cdpl_server.c:2558: in cdpl_sv_label_task_va(): info: setting task T27 label to "Cin__R__hl__ACQ_1 of dff"
1733457658.240850: 32544-7ff17a8c5700: cdpl_server_ipc.c:452: in _sv_on_hello(): info: W1 is `10.182.66.67:55260'
1733457658.240870: 32544-7ff17a8c5700: cdpl_server_ipc.c:454: in _sv_on_hello(): info: W1 log file is /dev/null
1733457658.240883: 32544-7ff17a8c5700: cdpl_server_ipc.c:481: in _sv_on_hello(): info: up to 1 alive workers in B1
1733457658.240926: 32544-7ff17a0c4700: cdpl_server_sched.c:955: in _assign(): info: assigning task T0 to worker W1
1733457665.553228: 32544-7ff17a8c5700: cdpl_server_ipc.c:857: in _sv_on_finish(): info: worker W1 completed task T0
1733457665.553281: 32544-7ff17a0c4700: cdpl_server_sched.c:955: in _assign(): info: assigning task T2 to worker W1
1733457672.231527: 32544-7ff17a8c5700: cdpl_server_ipc.c:857: in _sv_on_finish(): info: worker W1 completed task T2
1733457672.231571: 32544-7ff17a0c4700: cdpl_server_sched.c:955: in _assign(): info: assigning task T4 to worker W1
1733457678.895725: 32544-7ff17a8c5700: cdpl_server_ipc.c:857: in _sv_on_finish(): info: worker W1 completed task T4
1733457678.895772: 32544-7ff17a0c4700: cdpl_server_sched.c:955: in _assign(): info: assigning task T10 to worker W1
1733457685.392156: 32544-7ff17a8c5700: cdpl_server_ipc.c:857: in _sv_on_finish(): info: worker W1 completed task T10
1733457685.392224: 32544-7ff17a0c4700: cdpl_server_sched.c:955: in _assign(): info: assigning task T12 to worker W1
1733457695.782376: 32544-7ff17a8c5700: cdpl_server_ipc.c:857: in _sv_on_finish(): info: worker W1 completed task T12
1733457695.782633: 32544-7ff17a0c4700: cdpl_server_sched.c:955: in _assign(): info: assigning task T13 to worker W1
1733457707.220088: 32544-7ff17a8c5700: cdpl_server_ipc.c:857: in _sv_on_finish(): info: worker W1 completed task T13
1733457707.220145: 32544-7ff17a0c4700: cdpl_server_sched.c:955: in _assign(): info: assigning task T14 to worker W1
1733457713.904786: 32544-7ff17a8c5700: cdpl_server_ipc.c:857: in _sv_on_finish(): info: worker W1 completed task T14
1733457713.904827: 32544-7ff17a0c4700: cdpl_server_sched.c:955: in _assign(): info: assigning task T15 to worker W1
1733457720.512232: 32544-7ff17a8c5700: cdpl_server_ipc.c:857: in _sv_on_finish(): info: worker W1 completed task T15
1733457720.512273: 32544-7ff17a0c4700: cdpl_server_sched.c:955: in _assign(): info: assigning task T18 to worker W1
1733457727.191544: 32544-7ff17a8c5700: cdpl_server_ipc.c:857: in _sv_on_finish(): info: worker W1 completed task T18
1733457727.191808: 32544-7ff17a0c4700: cdpl_server_sched.c:955: in _assign(): info: assigning task T1 to worker W1
1733457738.286303: 32544-7ff17a8c5700: cdpl_server_ipc.c:857: in _sv_on_finish(): info: worker W1 completed task T1
1733457738.286343: 32544-7ff17a0c4700: cdpl_server_sched.c:955: in _assign(): info: assigning task T3 to worker W1
1733457749.597203: 32544-7ff17a8c5700: cdpl_server_ipc.c:857: in _sv_on_finish(): info: worker W1 completed task T3
1733457749.597239: 32544-7ff17a0c4700: cdpl_server_sched.c:955: in _assign(): info: assigning task T11 to worker W1
1733457756.876220: 32544-7ff17a8c5700: cdpl_server_ipc.c:857: in _sv_on_finish(): info: worker W1 completed task T11
1733457756.876260: 32544-7ff17a0c4700: cdpl_server_sched.c:955: in _assign(): info: assigning task T16 to worker W1
1733457764.205840: 32544-7ff17a8c5700: cdpl_server_ipc.c:857: in _sv_on_finish(): info: worker W1 completed task T16
1733457764.205877: 32544-7ff17a0c4700: cdpl_server_sched.c:955: in _assign(): info: assigning task T22 to worker W1
1733457775.065301: 32544-7ff17a8c5700: cdpl_server_ipc.c:857: in _sv_on_finish(): info: worker W1 completed task T22
1733457775.065339: 32544-7ff17a0c4700: cdpl_server_sched.c:955: in _assign(): info: assigning task T17 to worker W1
1733457782.209972: 32544-7ff17a8c5700: cdpl_server_ipc.c:857: in _sv_on_finish(): info: worker W1 completed task T17
1733457782.210007: 32544-7ff17a0c4700: cdpl_server_sched.c:955: in _assign(): info: assigning task T21 to worker W1
1733457793.030567: 32544-7ff17a8c5700: cdpl_server_ipc.c:857: in _sv_on_finish(): info: worker W1 completed task T21
1733457793.030610: 32544-7ff17a0c4700: cdpl_server_sched.c:955: in _assign(): info: assigning task T20 to worker W1
1733457800.358073: 32544-7ff17a8c5700: cdpl_server_ipc.c:857: in _sv_on_finish(): info: worker W1 completed task T20
1733457800.358120: 32544-7ff17a0c4700: cdpl_server_sched.c:955: in _assign(): info: assigning task T26 to worker W1
1733457807.742486: 32544-7ff17a8c5700: cdpl_server_ipc.c:857: in _sv_on_finish(): info: worker W1 completed task T26
1733457807.742526: 32544-7ff17a0c4700: cdpl_server_sched.c:955: in _assign(): info: assigning task T19 to worker W1
1733457814.998952: 32544-7ff17a8c5700: cdpl_server_ipc.c:857: in _sv_on_finish(): info: worker W1 completed task T19
1733457814.998990: 32544-7ff17a0c4700: cdpl_server_sched.c:955: in _assign(): info: assigning task T5 to worker W1
1733457885.134223: 32544-7ff17a8c5700: cdpl_server_ipc.c:857: in _sv_on_finish(): info: worker W1 completed task T5
1733457885.134468: 32544-7ff17a0c4700: cdpl_server_sched.c:955: in _assign(): info: assigning task T6 to worker W1
1733457891.666628: 32544-7ff17a8c5700: cdpl_server_ipc.c:857: in _sv_on_finish(): info: worker W1 completed task T6
1733457891.666669: 32544-7ff17a0c4700: cdpl_server_sched.c:955: in _assign(): info: assigning task T7 to worker W1
1733457898.293866: 32544-7ff17a8c5700: cdpl_server_ipc.c:857: in _sv_on_finish(): info: worker W1 completed task T7
1733457898.293906: 32544-7ff17a0c4700: cdpl_server_sched.c:955: in _assign(): info: assigning task T8 to worker W1
1733457905.054818: 32544-7ff17a8c5700: cdpl_server_ipc.c:857: in _sv_on_finish(): info: worker W1 completed task T8
1733457905.054864: 32544-7ff17a0c4700: cdpl_server_sched.c:955: in _assign(): info: assigning task T9 to worker W1
1733457911.866328: 32544-7ff17a8c5700: cdpl_server_ipc.c:857: in _sv_on_finish(): info: worker W1 completed task T9
1733457911.866368: 32544-7ff17a0c4700: cdpl_server_sched.c:955: in _assign(): info: assigning task T23 to worker W1
1733457918.557660: 32544-7ff17a8c5700: cdpl_server_ipc.c:857: in _sv_on_finish(): info: worker W1 completed task T23
1733457918.557705: 32544-7ff17a0c4700: cdpl_server_sched.c:955: in _assign(): info: assigning task T24 to worker W1
1733457925.184534: 32544-7ff17a8c5700: cdpl_server_ipc.c:857: in _sv_on_finish(): info: worker W1 completed task T24
1733457925.184581: 32544-7ff17a0c4700: cdpl_server_sched.c:955: in _assign(): info: assigning task T25 to worker W1
1733457931.980508: 32544-7ff17a8c5700: cdpl_server_ipc.c:857: in _sv_on_finish(): info: worker W1 completed task T25
1733457931.980551: 32544-7ff17a0c4700: cdpl_server_sched.c:955: in _assign(): info: assigning task T27 to worker W1
1733457938.566975: 32544-7ff17a8c5700: cdpl_server_ipc.c:857: in _sv_on_finish(): info: worker W1 completed task T27
1733458046.538304: 32544-7ff1923c30c0: cdpl_compat_master.c:5152: in cdplMasterLogInfo(): info: [non-CDPL log entry] Ending current CDPL job
1733458046.538559: 32544-7ff1923c30c0: cdpl_server.c:2890: in cdpl_sv_halt_job_errno(): info: stopping job J1
1733458046.538637: 32544-7ff17a0c4700: cdpl_server_sched.c:2711: in _sv_drop_worker(): info: down to 0 alive workers in B1
1733458046.538704: 32544-7ff1923c30c0: cdpl_server.c:2875: in cdpl_sv_halt_job_errno(): info: killing job J1
1733458046.538711: 32544-7ff1923c30c0: cdpl_server.c:288: in _sv_free_job(): info: freeing job J1
1733458046.538761: 32544-7ff1923c30c0: cdpl_farm.c:2395: in cdpl_farm_free(): info: freeing farm
1733458046.538932: 32544-7ff1923c30c0: cdpl_server.c:3011: in cdpl_sv_free(): info: freeing server S848648639
1733458046.538934: 32544-7ff1923c30c0: cdpl_server.c:2976: in cdpl_sv_kill_errno(): info: killing server
1733458046.539199: 32544-7ff1923c30c0: cdpl_server.c:328: in _sv_free_master(): info: freeing master M1
1733458046.539248: 32544-7ff1923c30c0: cdpl_log.c:371: in cdpl_log_close(): info: @@end_of_log@@
