1733250649.771620: 15024-7fc2b28c40c0: cdpl_log.c:228: in cdpl_log_open(): info: @@start_of_log@@
1733250649.771648: 15024-7fc2b28c40c0: cdpl_log.c:866: in cdpl_log_dump_sysinfo(): info: time: 2024/12/03 12:30:49 CST -0600
1733250649.771652: 15024-7fc2b28c40c0: cdpl_log.c:868: in cdpl_log_dump_sysinfo(): info: version: T-2022.03 
1733250649.771654: 15024-7fc2b28c40c0: cdpl_log.c:870: in cdpl_log_dump_sysinfo(): info: system: Linux 3.10.0-1160.119.1.el7.x86_64 #1 SMP Tue May 14 11:55:25 EDT 2024
1733250649.771656: 15024-7fc2b28c40c0: cdpl_log.c:875: in cdpl_log_dump_sysinfo(): info: processor: x86_64 64-bits
1733250649.771657: 15024-7fc2b28c40c0: cdpl_log.c:879: in cdpl_log_dump_sysinfo(): info: hostname: engnx03a.utdallas.edu
1733250649.771659: 15024-7fc2b28c40c0: cdpl_log.c:230: in cdpl_log_open(): debug: path: /home/eng/s/sxv240035/cad/gf65/primelib_gf65/MUX21/runtime/cdpl/pid15024/master.engnx03a.utdallas.edu.15024.log
1733250649.771662: 15024-7fc2b28c40c0: cdpl_log.c:231: in cdpl_log_open(): debug: dir: /home/eng/s/sxv240035/cad/gf65/primelib_gf65/MUX21/runtime/cdpl/pid15024
1733250649.771668: 15024-7fc2b28c40c0: cdpl_log.c:758: in cdpl_log_set_filter(): info: filter level 1
1733250649.771687: 15024-7fc2b28c40c0: cdpl_server.c:543: in cdpl_sv_init(): info: new server S1623556093
1733250649.771696: 15024-7fc2b28c40c0: cdpl_ipc.c:3030: in cdpl_ipc_init(): info: requesting IPv4 protocol
1733250649.772175: 15024-7fc2b28c40c0: cdpl_ipc.c:800: in _selectaddrfamily(): info: selected IPv4 protocol
1733250649.772669: 15024-7fc2b28c40c0: cdpl_server.c:657: in cdpl_sv_new_master(): info: new master M1
1733250649.772717: 15024-7fc2b28c40c0: cdpl_server.c:5494: in cdpl_sv_ctl_master(): info: Setting worker heartbeat to 60 seconds
1733250649.772720: 15024-7fc2b28c40c0: cdpl_server.c:5503: in cdpl_sv_ctl_master(): info: Setting worker heartbeat timeout to 3 heartbeats
1733250649.772725: 15024-7fc2b28c40c0: cdpl_compat_master.c:2407: in cdplInitMaster(): info: bcast dir is `/dev/null'
1733250649.772881: 15024-7fc2b28c40c0: cdpl_server.c:5394: in cdpl_sv_ctl_master(): info: farm worker timeout set to 36000
1733250649.772885: 15024-7fc2b28c40c0: cdpl_server.c:5410: in cdpl_sv_ctl_master(): info: grid worker timeout set to 36000
1733250649.772887: 15024-7fc2b28c40c0: cdpl_server.c:5438: in cdpl_sv_ctl_master(): info: farm submit command failure threshold set to 100
1733250649.772935: 15024-7fc2b28c40c0: cdpl_farm.c:2268: in cdpl_farm_new_sh(): info: creating SH farm on localhost
1733250649.772957: 15024-7fc2b28c40c0: cdpl_compat_master.c:207: in _set_farm_env(): info: exporting CDPL_LOGDIR as `/home/eng/s/sxv240035/cad/gf65/primelib_gf65/MUX21/runtime/cdpl/pid15024'
1733250649.772975: 15024-7fc2b28c40c0: cdpl_compat_master.c:213: in _set_farm_env(): info: exporting CDPL_TMPDIR as `/var/tmp'
1733250649.772978: 15024-7fc2b28c40c0: cdpl_compat_master.c:220: in _set_farm_env(): info: exporting CDPL_HOME as `/proj/cad/synopsys/synopsys_2021/primelib/T-2022.03-SP1/cdpl_runtime_linux64'
1733250649.772981: 15024-7fc2b28c40c0: cdpl_compat_master.c:227: in _set_farm_env(): info: exporting SNPSLMD_LICENSE_FILE as `1700@engdmv.utdallas.edu'
1733250649.772984: 15024-7fc2b28c40c0: cdpl_compat_master.c:247: in _set_farm_env(): info: exporting CDPL_OPTIONS as `[filter][nowlogs]'
1733250649.772987: 15024-7fc2b28c40c0: cdpl_compat_master.c:254: in _set_farm_env(): info: exporting DISPLAY as `:1034'
1733250649.772990: 15024-7fc2b28c40c0: cdpl_compat_master.c:262: in _set_farm_env(): info: exporting CDPL_HEARTBEAT as `60'
1733250649.772994: 15024-7fc2b28c40c0: cdpl_compat_master.c:348: in _set_farm_env(): info: exporting SIS_MALIBU as `2'
1733250649.772996: 15024-7fc2b28c40c0: cdpl_compat_master.c:348: in _set_farm_env(): info: exporting SIS_CDPL as `5'
1733250649.819734: 15024-7fc2b28c40c0: cdpl_server.c:738: in cdpl_sv_new_job(): info: new job J1 in M1
1733250649.819752: 15024-7fc2b28c40c0: cdpl_compat_master.c:1314: in _add_worker(): info: new worker type 100, min:1, max:1, cmd:`/home/eng/s/sxv240035/cad/gf65/primelib_gf65/MUX21/runtime/cdpl/pid15024/run_15024.sh'
1733250649.819763: 15024-7fc2b28c40c0: cdpl_server.c:900: in cdpl_sv_new_bin_withfarm(): info: new bin B1 in J1
1733250649.827412: 15024-7fc2b28c40c0: cdpl_server.c:3116: in cdpl_sv_start_job(): info: starting job J1
1733250649.837205: 15024-7fc2b28c40c0: cdpl_server.c:1824: in _sv_gen_task(): info: new task T0 in B1 (prio 3)
1733250649.837217: 15024-7fc2b28c40c0: cdpl_server.c:2558: in cdpl_sv_label_task_va(): info: setting task T0 label to "leakage_power__ACQ_1 of MUX21"
1733250649.837292: 15024-7fc2b28c40c0: cdpl_server.c:1824: in _sv_gen_task(): info: new task T1 in B1 (prio 5)
1733250649.837411: 15024-7fc29a5c8700: cdpl_server_sched.c:700: in _sv_launch_worker(): info: started worker W1 (as C1) in bin B1
1733250649.837450: 15024-7fc2b28c40c0: cdpl_server.c:2558: in cdpl_sv_label_task_va(): info: setting task T1 label to "Cin__VSS__hl__ACQ_1 of MUX21"
1733250649.837460: 15024-7fc299dc7700: cdpl_farm.c:1899: in _schedule(): info: worker submit failure threshold set to 100
1733250649.837477: 15024-7fc299dc7700: cdpl_sh.c:49: in _sh_detached_submit(): info: SH : /home/eng/s/sxv240035/cad/gf65/primelib_gf65/MUX21/runtime/cdpl/pid15024/run_15024.sh
1733250649.837485: 15024-7fc2b28c40c0: cdpl_server.c:1824: in _sv_gen_task(): info: new task T2 in B1 (prio 5)
1733250649.837488: 15024-7fc2b28c40c0: cdpl_server.c:2558: in cdpl_sv_label_task_va(): info: setting task T2 label to "Cin__VSS__lh__ACQ_1 of MUX21"
1733250649.839901: 15024-7fc2b28c40c0: cdpl_server.c:1824: in _sv_gen_task(): info: new task T3 in B1 (prio 2)
1733250649.839919: 15024-7fc2b28c40c0: cdpl_server.c:2558: in cdpl_sv_label_task_va(): info: setting task T3 label to "delay__A__hl__OUT__hl__ACQ_1 of MUX21"
1733250649.840020: 15024-7fc2b28c40c0: cdpl_server.c:1824: in _sv_gen_task(): info: new task T4 in B1 (prio 2)
1733250649.840024: 15024-7fc2b28c40c0: cdpl_server.c:2558: in cdpl_sv_label_task_va(): info: setting task T4 label to "delay__A__lh__OUT__lh__ACQ_1 of MUX21"
1733250649.840090: 15024-7fc2b28c40c0: cdpl_server.c:1824: in _sv_gen_task(): info: new task T5 in B1 (prio 2)
1733250649.840095: 15024-7fc2b28c40c0: cdpl_server.c:2558: in cdpl_sv_label_task_va(): info: setting task T5 label to "delay__B__hl__OUT__hl__ACQ_1 of MUX21"
1733250649.840143: 15024-7fc2b28c40c0: cdpl_server.c:1824: in _sv_gen_task(): info: new task T6 in B1 (prio 2)
1733250649.840147: 15024-7fc2b28c40c0: cdpl_server.c:2558: in cdpl_sv_label_task_va(): info: setting task T6 label to "delay__B__lh__OUT__lh__ACQ_1 of MUX21"
1733250649.840204: 15024-7fc2b28c40c0: cdpl_server.c:1824: in _sv_gen_task(): info: new task T7 in B1 (prio 2)
1733250649.840209: 15024-7fc2b28c40c0: cdpl_server.c:2558: in cdpl_sv_label_task_va(): info: setting task T7 label to "delay__S__hl__OUT__hl__ACQ_1 of MUX21"
1733250649.840299: 15024-7fc2b28c40c0: cdpl_server.c:1824: in _sv_gen_task(): info: new task T8 in B1 (prio 2)
1733250649.840303: 15024-7fc2b28c40c0: cdpl_server.c:2558: in cdpl_sv_label_task_va(): info: setting task T8 label to "delay__S__hl__OUT__lh__ACQ_1 of MUX21"
1733250649.840339: 15024-7fc2b28c40c0: cdpl_server.c:1824: in _sv_gen_task(): info: new task T9 in B1 (prio 2)
1733250649.840343: 15024-7fc2b28c40c0: cdpl_server.c:2558: in cdpl_sv_label_task_va(): info: setting task T9 label to "delay__S__lh__OUT__hl__ACQ_1 of MUX21"
1733250649.840392: 15024-7fc2b28c40c0: cdpl_server.c:1824: in _sv_gen_task(): info: new task T10 in B1 (prio 2)
1733250649.840396: 15024-7fc2b28c40c0: cdpl_server.c:2558: in cdpl_sv_label_task_va(): info: setting task T10 label to "delay__S__lh__OUT__lh__ACQ_1 of MUX21"
1733250649.840436: 15024-7fc2b28c40c0: cdpl_server.c:1824: in _sv_gen_task(): info: new task T11 in B1 (prio 5)
1733250649.840440: 15024-7fc2b28c40c0: cdpl_server.c:2558: in cdpl_sv_label_task_va(): info: setting task T11 label to "Cin__VDD__hl__ACQ_1 of MUX21"
1733250649.840472: 15024-7fc2b28c40c0: cdpl_server.c:1824: in _sv_gen_task(): info: new task T12 in B1 (prio 5)
1733250649.840475: 15024-7fc2b28c40c0: cdpl_server.c:2558: in cdpl_sv_label_task_va(): info: setting task T12 label to "Cin__VDD__lh__ACQ_1 of MUX21"
1733250650.518389: 15024-7fc29adc9700: cdpl_server_ipc.c:452: in _sv_on_hello(): info: W1 is `10.182.66.68:39548'
1733250650.518409: 15024-7fc29adc9700: cdpl_server_ipc.c:454: in _sv_on_hello(): info: W1 log file is /dev/null
1733250650.518420: 15024-7fc29adc9700: cdpl_server_ipc.c:481: in _sv_on_hello(): info: up to 1 alive workers in B1
1733250650.518453: 15024-7fc29a5c8700: cdpl_server_sched.c:955: in _assign(): info: assigning task T3 to worker W1
1733250657.571689: 15024-7fc29adc9700: cdpl_server_ipc.c:857: in _sv_on_finish(): info: worker W1 completed task T3
1733250657.571719: 15024-7fc29a5c8700: cdpl_server_sched.c:955: in _assign(): info: assigning task T4 to worker W1
1733250664.536152: 15024-7fc29adc9700: cdpl_server_ipc.c:857: in _sv_on_finish(): info: worker W1 completed task T4
1733250664.536180: 15024-7fc29a5c8700: cdpl_server_sched.c:955: in _assign(): info: assigning task T5 to worker W1
1733250671.325160: 15024-7fc29adc9700: cdpl_server_ipc.c:857: in _sv_on_finish(): info: worker W1 completed task T5
1733250671.325184: 15024-7fc29a5c8700: cdpl_server_sched.c:955: in _assign(): info: assigning task T6 to worker W1
1733250678.193824: 15024-7fc29adc9700: cdpl_server_ipc.c:857: in _sv_on_finish(): info: worker W1 completed task T6
1733250678.193851: 15024-7fc29a5c8700: cdpl_server_sched.c:955: in _assign(): info: assigning task T7 to worker W1
1733250684.905713: 15024-7fc29adc9700: cdpl_server_ipc.c:857: in _sv_on_finish(): info: worker W1 completed task T7
1733250684.905737: 15024-7fc29a5c8700: cdpl_server_sched.c:955: in _assign(): info: assigning task T8 to worker W1
1733250691.805120: 15024-7fc29adc9700: cdpl_server_ipc.c:857: in _sv_on_finish(): info: worker W1 completed task T8
1733250691.805353: 15024-7fc29a5c8700: cdpl_server_sched.c:955: in _assign(): info: assigning task T9 to worker W1
1733250698.529755: 15024-7fc29adc9700: cdpl_server_ipc.c:857: in _sv_on_finish(): info: worker W1 completed task T9
1733250698.529780: 15024-7fc29a5c8700: cdpl_server_sched.c:955: in _assign(): info: assigning task T10 to worker W1
1733250705.165617: 15024-7fc29adc9700: cdpl_server_ipc.c:857: in _sv_on_finish(): info: worker W1 completed task T10
1733250705.165642: 15024-7fc29a5c8700: cdpl_server_sched.c:955: in _assign(): info: assigning task T0 to worker W1
1733250711.517087: 15024-7fc29adc9700: cdpl_server_ipc.c:857: in _sv_on_finish(): info: worker W1 completed task T0
1733250711.517116: 15024-7fc29a5c8700: cdpl_server_sched.c:955: in _assign(): info: assigning task T1 to worker W1
1733250718.180303: 15024-7fc29adc9700: cdpl_server_ipc.c:857: in _sv_on_finish(): info: worker W1 completed task T1
1733250718.180335: 15024-7fc29a5c8700: cdpl_server_sched.c:955: in _assign(): info: assigning task T2 to worker W1
1733250724.801745: 15024-7fc29adc9700: cdpl_server_ipc.c:857: in _sv_on_finish(): info: worker W1 completed task T2
1733250724.802060: 15024-7fc29a5c8700: cdpl_server_sched.c:955: in _assign(): info: assigning task T11 to worker W1
1733250731.332525: 15024-7fc29adc9700: cdpl_server_ipc.c:857: in _sv_on_finish(): info: worker W1 completed task T11
1733250731.332563: 15024-7fc29a5c8700: cdpl_server_sched.c:955: in _assign(): info: assigning task T12 to worker W1
1733250738.072114: 15024-7fc29adc9700: cdpl_server_ipc.c:857: in _sv_on_finish(): info: worker W1 completed task T12
1733251295.080536: 15024-7fc2b28c40c0: cdpl_compat_master.c:5152: in cdplMasterLogInfo(): info: [non-CDPL log entry] Ending current CDPL job
1733251295.080554: 15024-7fc2b28c40c0: cdpl_server.c:2890: in cdpl_sv_halt_job_errno(): info: stopping job J1
1733251295.080661: 15024-7fc29a5c8700: cdpl_server_sched.c:2711: in _sv_drop_worker(): info: down to 0 alive workers in B1
1733251295.080703: 15024-7fc2b28c40c0: cdpl_server.c:2875: in cdpl_sv_halt_job_errno(): info: killing job J1
1733251295.080712: 15024-7fc2b28c40c0: cdpl_server.c:288: in _sv_free_job(): info: freeing job J1
1733251295.080764: 15024-7fc2b28c40c0: cdpl_farm.c:2395: in cdpl_farm_free(): info: freeing farm
1733251295.080925: 15024-7fc2b28c40c0: cdpl_server.c:3011: in cdpl_sv_free(): info: freeing server S1623556093
1733251295.080935: 15024-7fc2b28c40c0: cdpl_server.c:2976: in cdpl_sv_kill_errno(): info: killing server
1733251295.081021: 15024-7fc2b28c40c0: cdpl_server.c:328: in _sv_free_master(): info: freeing master M1
1733251295.081071: 15024-7fc2b28c40c0: cdpl_log.c:371: in cdpl_log_close(): info: @@end_of_log@@
