1733458088.304334: 25194-7f3810d5e0c0: cdpl_log.c:228: in cdpl_log_open(): info: @@start_of_log@@
1733458088.304359: 25194-7f3810d5e0c0: cdpl_log.c:866: in cdpl_log_dump_sysinfo(): info: time: 2024/12/05 22:08:08 CST -0600
1733458088.304364: 25194-7f3810d5e0c0: cdpl_log.c:868: in cdpl_log_dump_sysinfo(): info: version: T-2022.03 
1733458088.304365: 25194-7f3810d5e0c0: cdpl_log.c:870: in cdpl_log_dump_sysinfo(): info: system: Linux 3.10.0-1160.119.1.el7.x86_64 #1 SMP Tue May 14 11:55:25 EDT 2024
1733458088.304367: 25194-7f3810d5e0c0: cdpl_log.c:875: in cdpl_log_dump_sysinfo(): info: processor: x86_64 64-bits
1733458088.304369: 25194-7f3810d5e0c0: cdpl_log.c:879: in cdpl_log_dump_sysinfo(): info: hostname: engnx02a.utdallas.edu
1733458088.304371: 25194-7f3810d5e0c0: cdpl_log.c:230: in cdpl_log_open(): debug: path: /home/eng/s/sxv240035/cad/gf65/primelib_gf65/MUX21/runtime/cdpl/pid25194/master.engnx02a.utdallas.edu.25194.log
1733458088.304374: 25194-7f3810d5e0c0: cdpl_log.c:231: in cdpl_log_open(): debug: dir: /home/eng/s/sxv240035/cad/gf65/primelib_gf65/MUX21/runtime/cdpl/pid25194
1733458088.304381: 25194-7f3810d5e0c0: cdpl_log.c:758: in cdpl_log_set_filter(): info: filter level 1
1733458088.304402: 25194-7f3810d5e0c0: cdpl_server.c:543: in cdpl_sv_init(): info: new server S254123897
1733458088.304410: 25194-7f3810d5e0c0: cdpl_ipc.c:3030: in cdpl_ipc_init(): info: requesting IPv4 protocol
1733458088.304978: 25194-7f3810d5e0c0: cdpl_ipc.c:800: in _selectaddrfamily(): info: selected IPv4 protocol
1733458088.305308: 25194-7f3810d5e0c0: cdpl_server.c:657: in cdpl_sv_new_master(): info: new master M1
1733458088.305322: 25194-7f3810d5e0c0: cdpl_server.c:5494: in cdpl_sv_ctl_master(): info: Setting worker heartbeat to 60 seconds
1733458088.305324: 25194-7f3810d5e0c0: cdpl_server.c:5503: in cdpl_sv_ctl_master(): info: Setting worker heartbeat timeout to 3 heartbeats
1733458088.305328: 25194-7f3810d5e0c0: cdpl_compat_master.c:2407: in cdplInitMaster(): info: bcast dir is `/dev/null'
1733458088.305404: 25194-7f3810d5e0c0: cdpl_server.c:5394: in cdpl_sv_ctl_master(): info: farm worker timeout set to 36000
1733458088.305406: 25194-7f3810d5e0c0: cdpl_server.c:5410: in cdpl_sv_ctl_master(): info: grid worker timeout set to 36000
1733458088.305408: 25194-7f3810d5e0c0: cdpl_server.c:5438: in cdpl_sv_ctl_master(): info: farm submit command failure threshold set to 100
1733458088.305451: 25194-7f3810d5e0c0: cdpl_farm.c:2268: in cdpl_farm_new_sh(): info: creating SH farm on localhost
1733458088.305464: 25194-7f3810d5e0c0: cdpl_compat_master.c:207: in _set_farm_env(): info: exporting CDPL_LOGDIR as `/home/eng/s/sxv240035/cad/gf65/primelib_gf65/MUX21/runtime/cdpl/pid25194'
1733458088.305468: 25194-7f3810d5e0c0: cdpl_compat_master.c:213: in _set_farm_env(): info: exporting CDPL_TMPDIR as `/var/tmp'
1733458088.305470: 25194-7f3810d5e0c0: cdpl_compat_master.c:220: in _set_farm_env(): info: exporting CDPL_HOME as `/proj/cad/synopsys/synopsys_2021/primelib/T-2022.03-SP1/cdpl_runtime_linux64'
1733458088.305472: 25194-7f3810d5e0c0: cdpl_compat_master.c:227: in _set_farm_env(): info: exporting SNPSLMD_LICENSE_FILE as `1700@engdmv.utdallas.edu'
1733458088.305475: 25194-7f3810d5e0c0: cdpl_compat_master.c:247: in _set_farm_env(): info: exporting CDPL_OPTIONS as `[filter][nowlogs]'
1733458088.305477: 25194-7f3810d5e0c0: cdpl_compat_master.c:254: in _set_farm_env(): info: exporting DISPLAY as `:1038'
1733458088.305479: 25194-7f3810d5e0c0: cdpl_compat_master.c:262: in _set_farm_env(): info: exporting CDPL_HEARTBEAT as `60'
1733458088.305482: 25194-7f3810d5e0c0: cdpl_compat_master.c:348: in _set_farm_env(): info: exporting SIS_MALIBU as `2'
1733458088.305483: 25194-7f3810d5e0c0: cdpl_compat_master.c:348: in _set_farm_env(): info: exporting SIS_CDPL as `5'
1733458088.351110: 25194-7f3810d5e0c0: cdpl_server.c:738: in cdpl_sv_new_job(): info: new job J1 in M1
1733458088.351127: 25194-7f3810d5e0c0: cdpl_compat_master.c:1314: in _add_worker(): info: new worker type 100, min:1, max:1, cmd:`/home/eng/s/sxv240035/cad/gf65/primelib_gf65/MUX21/runtime/cdpl/pid25194/run_25194.sh'
1733458088.351138: 25194-7f3810d5e0c0: cdpl_server.c:900: in cdpl_sv_new_bin_withfarm(): info: new bin B1 in J1
1733458088.356468: 25194-7f3810d5e0c0: cdpl_server.c:3116: in cdpl_sv_start_job(): info: starting job J1
1733458088.365149: 25194-7f3810d5e0c0: cdpl_server.c:1824: in _sv_gen_task(): info: new task T0 in B1 (prio 3)
1733458088.365160: 25194-7f3810d5e0c0: cdpl_server.c:2558: in cdpl_sv_label_task_va(): info: setting task T0 label to "leakage_power__ACQ_1 of MUX21"
1733458088.365244: 25194-7f3810d5e0c0: cdpl_server.c:1824: in _sv_gen_task(): info: new task T1 in B1 (prio 5)
1733458088.365305: 25194-7f37f8a5f700: cdpl_server_sched.c:700: in _sv_launch_worker(): info: started worker W1 (as C1) in bin B1
1733458088.365323: 25194-7f37f825e700: cdpl_farm.c:1899: in _schedule(): info: worker submit failure threshold set to 100
1733458088.365334: 25194-7f3810d5e0c0: cdpl_server.c:2558: in cdpl_sv_label_task_va(): info: setting task T1 label to "Cin__VSS__hl__ACQ_1 of MUX21"
1733458088.365340: 25194-7f37f825e700: cdpl_sh.c:49: in _sh_detached_submit(): info: SH : /home/eng/s/sxv240035/cad/gf65/primelib_gf65/MUX21/runtime/cdpl/pid25194/run_25194.sh
1733458088.366870: 25194-7f3810d5e0c0: cdpl_server.c:1824: in _sv_gen_task(): info: new task T2 in B1 (prio 5)
1733458088.366885: 25194-7f3810d5e0c0: cdpl_server.c:2558: in cdpl_sv_label_task_va(): info: setting task T2 label to "Cin__VSS__lh__ACQ_1 of MUX21"
1733458088.368214: 25194-7f3810d5e0c0: cdpl_server.c:1824: in _sv_gen_task(): info: new task T3 in B1 (prio 2)
1733458088.368221: 25194-7f3810d5e0c0: cdpl_server.c:2558: in cdpl_sv_label_task_va(): info: setting task T3 label to "delay__A__hl__OUT__hl__ACQ_1 of MUX21"
1733458088.368288: 25194-7f3810d5e0c0: cdpl_server.c:1824: in _sv_gen_task(): info: new task T4 in B1 (prio 2)
1733458088.368292: 25194-7f3810d5e0c0: cdpl_server.c:2558: in cdpl_sv_label_task_va(): info: setting task T4 label to "delay__A__lh__OUT__lh__ACQ_1 of MUX21"
1733458088.368348: 25194-7f3810d5e0c0: cdpl_server.c:1824: in _sv_gen_task(): info: new task T5 in B1 (prio 2)
1733458088.368351: 25194-7f3810d5e0c0: cdpl_server.c:2558: in cdpl_sv_label_task_va(): info: setting task T5 label to "delay__B__hl__OUT__hl__ACQ_1 of MUX21"
1733458088.368399: 25194-7f3810d5e0c0: cdpl_server.c:1824: in _sv_gen_task(): info: new task T6 in B1 (prio 2)
1733458088.368402: 25194-7f3810d5e0c0: cdpl_server.c:2558: in cdpl_sv_label_task_va(): info: setting task T6 label to "delay__B__lh__OUT__lh__ACQ_1 of MUX21"
1733458088.368435: 25194-7f3810d5e0c0: cdpl_server.c:1824: in _sv_gen_task(): info: new task T7 in B1 (prio 2)
1733458088.368439: 25194-7f3810d5e0c0: cdpl_server.c:2558: in cdpl_sv_label_task_va(): info: setting task T7 label to "delay__S__hl__OUT__hl__ACQ_1 of MUX21"
1733458088.368498: 25194-7f3810d5e0c0: cdpl_server.c:1824: in _sv_gen_task(): info: new task T8 in B1 (prio 2)
1733458088.368501: 25194-7f3810d5e0c0: cdpl_server.c:2558: in cdpl_sv_label_task_va(): info: setting task T8 label to "delay__S__hl__OUT__lh__ACQ_1 of MUX21"
1733458088.368535: 25194-7f3810d5e0c0: cdpl_server.c:1824: in _sv_gen_task(): info: new task T9 in B1 (prio 2)
1733458088.368537: 25194-7f3810d5e0c0: cdpl_server.c:2558: in cdpl_sv_label_task_va(): info: setting task T9 label to "delay__S__lh__OUT__hl__ACQ_1 of MUX21"
1733458088.368570: 25194-7f3810d5e0c0: cdpl_server.c:1824: in _sv_gen_task(): info: new task T10 in B1 (prio 2)
1733458088.368573: 25194-7f3810d5e0c0: cdpl_server.c:2558: in cdpl_sv_label_task_va(): info: setting task T10 label to "delay__S__lh__OUT__lh__ACQ_1 of MUX21"
1733458088.368605: 25194-7f3810d5e0c0: cdpl_server.c:1824: in _sv_gen_task(): info: new task T11 in B1 (prio 5)
1733458088.368608: 25194-7f3810d5e0c0: cdpl_server.c:2558: in cdpl_sv_label_task_va(): info: setting task T11 label to "Cin__VDD__hl__ACQ_1 of MUX21"
1733458088.368640: 25194-7f3810d5e0c0: cdpl_server.c:1824: in _sv_gen_task(): info: new task T12 in B1 (prio 5)
1733458088.368642: 25194-7f3810d5e0c0: cdpl_server.c:2558: in cdpl_sv_label_task_va(): info: setting task T12 label to "Cin__VDD__lh__ACQ_1 of MUX21"
1733458089.019668: 25194-7f37f9260700: cdpl_server_ipc.c:452: in _sv_on_hello(): info: W1 is `10.182.66.67:46378'
1733458089.019687: 25194-7f37f9260700: cdpl_server_ipc.c:454: in _sv_on_hello(): info: W1 log file is /dev/null
1733458089.019697: 25194-7f37f9260700: cdpl_server_ipc.c:481: in _sv_on_hello(): info: up to 1 alive workers in B1
1733458089.019733: 25194-7f37f8a5f700: cdpl_server_sched.c:955: in _assign(): info: assigning task T3 to worker W1
1733458096.307005: 25194-7f37f9260700: cdpl_server_ipc.c:857: in _sv_on_finish(): info: worker W1 completed task T3
1733458096.307278: 25194-7f37f8a5f700: cdpl_server_sched.c:955: in _assign(): info: assigning task T4 to worker W1
1733458103.052651: 25194-7f37f9260700: cdpl_server_ipc.c:857: in _sv_on_finish(): info: worker W1 completed task T4
1733458103.052692: 25194-7f37f8a5f700: cdpl_server_sched.c:955: in _assign(): info: assigning task T5 to worker W1
1733458109.738546: 25194-7f37f9260700: cdpl_server_ipc.c:857: in _sv_on_finish(): info: worker W1 completed task T5
1733458109.738592: 25194-7f37f8a5f700: cdpl_server_sched.c:955: in _assign(): info: assigning task T6 to worker W1
1733458116.495022: 25194-7f37f9260700: cdpl_server_ipc.c:857: in _sv_on_finish(): info: worker W1 completed task T6
1733458116.495063: 25194-7f37f8a5f700: cdpl_server_sched.c:955: in _assign(): info: assigning task T7 to worker W1
1733458123.298884: 25194-7f37f9260700: cdpl_server_ipc.c:857: in _sv_on_finish(): info: worker W1 completed task T7
1733458123.298926: 25194-7f37f8a5f700: cdpl_server_sched.c:955: in _assign(): info: assigning task T8 to worker W1
1733458130.411292: 25194-7f37f9260700: cdpl_server_ipc.c:857: in _sv_on_finish(): info: worker W1 completed task T8
1733458130.411337: 25194-7f37f8a5f700: cdpl_server_sched.c:955: in _assign(): info: assigning task T9 to worker W1
1733458137.096413: 25194-7f37f9260700: cdpl_server_ipc.c:857: in _sv_on_finish(): info: worker W1 completed task T9
1733458137.096666: 25194-7f37f8a5f700: cdpl_server_sched.c:955: in _assign(): info: assigning task T10 to worker W1
1733458143.757017: 25194-7f37f9260700: cdpl_server_ipc.c:857: in _sv_on_finish(): info: worker W1 completed task T10
1733458143.757055: 25194-7f37f8a5f700: cdpl_server_sched.c:955: in _assign(): info: assigning task T0 to worker W1
1733458150.181166: 25194-7f37f9260700: cdpl_server_ipc.c:857: in _sv_on_finish(): info: worker W1 completed task T0
1733458150.181220: 25194-7f37f8a5f700: cdpl_server_sched.c:955: in _assign(): info: assigning task T1 to worker W1
1733458156.719259: 25194-7f37f9260700: cdpl_server_ipc.c:857: in _sv_on_finish(): info: worker W1 completed task T1
1733458156.719308: 25194-7f37f8a5f700: cdpl_server_sched.c:955: in _assign(): info: assigning task T2 to worker W1
1733458163.437911: 25194-7f37f9260700: cdpl_server_ipc.c:857: in _sv_on_finish(): info: worker W1 completed task T2
1733458163.437953: 25194-7f37f8a5f700: cdpl_server_sched.c:955: in _assign(): info: assigning task T11 to worker W1
1733458170.134977: 25194-7f37f9260700: cdpl_server_ipc.c:857: in _sv_on_finish(): info: worker W1 completed task T11
1733458170.135027: 25194-7f37f8a5f700: cdpl_server_sched.c:955: in _assign(): info: assigning task T12 to worker W1
1733458176.691301: 25194-7f37f9260700: cdpl_server_ipc.c:857: in _sv_on_finish(): info: worker W1 completed task T12
1733458234.572629: 25194-7f3810d5e0c0: cdpl_compat_master.c:5152: in cdplMasterLogInfo(): info: [non-CDPL log entry] Ending current CDPL job
1733458234.572876: 25194-7f3810d5e0c0: cdpl_server.c:2890: in cdpl_sv_halt_job_errno(): info: stopping job J1
1733458234.572947: 25194-7f37f8a5f700: cdpl_server_sched.c:2711: in _sv_drop_worker(): info: down to 0 alive workers in B1
1733458234.573004: 25194-7f3810d5e0c0: cdpl_server.c:2875: in cdpl_sv_halt_job_errno(): info: killing job J1
1733458234.573010: 25194-7f3810d5e0c0: cdpl_server.c:288: in _sv_free_job(): info: freeing job J1
1733458234.573050: 25194-7f3810d5e0c0: cdpl_farm.c:2395: in cdpl_farm_free(): info: freeing farm
1733458234.573299: 25194-7f3810d5e0c0: cdpl_server.c:3011: in cdpl_sv_free(): info: freeing server S254123897
1733458234.573308: 25194-7f3810d5e0c0: cdpl_server.c:2976: in cdpl_sv_kill_errno(): info: killing server
1733458234.573352: 25194-7f3810d5e0c0: cdpl_server.c:328: in _sv_free_master(): info: freeing master M1
1733458234.573395: 25194-7f3810d5e0c0: cdpl_log.c:371: in cdpl_log_close(): info: @@end_of_log@@
