1733457466.843246: 22517-7f45be2e10c0: cdpl_log.c:228: in cdpl_log_open(): info: @@start_of_log@@
1733457466.843273: 22517-7f45be2e10c0: cdpl_log.c:866: in cdpl_log_dump_sysinfo(): info: time: 2024/12/05 21:57:46 CST -0600
1733457466.843277: 22517-7f45be2e10c0: cdpl_log.c:868: in cdpl_log_dump_sysinfo(): info: version: T-2022.03 
1733457466.843279: 22517-7f45be2e10c0: cdpl_log.c:870: in cdpl_log_dump_sysinfo(): info: system: Linux 3.10.0-1160.119.1.el7.x86_64 #1 SMP Tue May 14 11:55:25 EDT 2024
1733457466.843281: 22517-7f45be2e10c0: cdpl_log.c:875: in cdpl_log_dump_sysinfo(): info: processor: x86_64 64-bits
1733457466.843282: 22517-7f45be2e10c0: cdpl_log.c:879: in cdpl_log_dump_sysinfo(): info: hostname: engnx02a.utdallas.edu
1733457466.843284: 22517-7f45be2e10c0: cdpl_log.c:230: in cdpl_log_open(): debug: path: /home/eng/s/sxv240035/cad/gf65/primelib_gf65/AOI22/runtime/cdpl/pid22517/master.engnx02a.utdallas.edu.22517.log
1733457466.843287: 22517-7f45be2e10c0: cdpl_log.c:231: in cdpl_log_open(): debug: dir: /home/eng/s/sxv240035/cad/gf65/primelib_gf65/AOI22/runtime/cdpl/pid22517
1733457466.843293: 22517-7f45be2e10c0: cdpl_log.c:758: in cdpl_log_set_filter(): info: filter level 1
1733457466.843311: 22517-7f45be2e10c0: cdpl_server.c:543: in cdpl_sv_init(): info: new server S756282093
1733457466.843319: 22517-7f45be2e10c0: cdpl_ipc.c:3030: in cdpl_ipc_init(): info: requesting IPv4 protocol
1733457466.843912: 22517-7f45be2e10c0: cdpl_ipc.c:800: in _selectaddrfamily(): info: selected IPv4 protocol
1733457466.844241: 22517-7f45be2e10c0: cdpl_server.c:657: in cdpl_sv_new_master(): info: new master M1
1733457466.844252: 22517-7f45be2e10c0: cdpl_server.c:5494: in cdpl_sv_ctl_master(): info: Setting worker heartbeat to 60 seconds
1733457466.844254: 22517-7f45be2e10c0: cdpl_server.c:5503: in cdpl_sv_ctl_master(): info: Setting worker heartbeat timeout to 3 heartbeats
1733457466.844257: 22517-7f45be2e10c0: cdpl_compat_master.c:2407: in cdplInitMaster(): info: bcast dir is `/dev/null'
1733457466.844314: 22517-7f45be2e10c0: cdpl_server.c:5394: in cdpl_sv_ctl_master(): info: farm worker timeout set to 36000
1733457466.844316: 22517-7f45be2e10c0: cdpl_server.c:5410: in cdpl_sv_ctl_master(): info: grid worker timeout set to 36000
1733457466.844318: 22517-7f45be2e10c0: cdpl_server.c:5438: in cdpl_sv_ctl_master(): info: farm submit command failure threshold set to 100
1733457466.844353: 22517-7f45be2e10c0: cdpl_farm.c:2268: in cdpl_farm_new_sh(): info: creating SH farm on localhost
1733457466.844364: 22517-7f45be2e10c0: cdpl_compat_master.c:207: in _set_farm_env(): info: exporting CDPL_LOGDIR as `/home/eng/s/sxv240035/cad/gf65/primelib_gf65/AOI22/runtime/cdpl/pid22517'
1733457466.844366: 22517-7f45be2e10c0: cdpl_compat_master.c:213: in _set_farm_env(): info: exporting CDPL_TMPDIR as `/var/tmp'
1733457466.844368: 22517-7f45be2e10c0: cdpl_compat_master.c:220: in _set_farm_env(): info: exporting CDPL_HOME as `/proj/cad/synopsys/synopsys_2021/primelib/T-2022.03-SP1/cdpl_runtime_linux64'
1733457466.844371: 22517-7f45be2e10c0: cdpl_compat_master.c:227: in _set_farm_env(): info: exporting SNPSLMD_LICENSE_FILE as `1700@engdmv.utdallas.edu'
1733457466.844373: 22517-7f45be2e10c0: cdpl_compat_master.c:247: in _set_farm_env(): info: exporting CDPL_OPTIONS as `[filter][nowlogs]'
1733457466.844375: 22517-7f45be2e10c0: cdpl_compat_master.c:254: in _set_farm_env(): info: exporting DISPLAY as `:1038'
1733457466.844377: 22517-7f45be2e10c0: cdpl_compat_master.c:262: in _set_farm_env(): info: exporting CDPL_HEARTBEAT as `60'
1733457466.844381: 22517-7f45be2e10c0: cdpl_compat_master.c:348: in _set_farm_env(): info: exporting SIS_MALIBU as `2'
1733457466.844382: 22517-7f45be2e10c0: cdpl_compat_master.c:348: in _set_farm_env(): info: exporting SIS_CDPL as `5'
1733457466.888661: 22517-7f45be2e10c0: cdpl_server.c:738: in cdpl_sv_new_job(): info: new job J1 in M1
1733457466.888678: 22517-7f45be2e10c0: cdpl_compat_master.c:1314: in _add_worker(): info: new worker type 100, min:1, max:1, cmd:`/home/eng/s/sxv240035/cad/gf65/primelib_gf65/AOI22/runtime/cdpl/pid22517/run_22517.sh'
1733457466.888687: 22517-7f45be2e10c0: cdpl_server.c:900: in cdpl_sv_new_bin_withfarm(): info: new bin B1 in J1
1733457466.893984: 22517-7f45be2e10c0: cdpl_server.c:3116: in cdpl_sv_start_job(): info: starting job J1
1733457466.903805: 22517-7f45be2e10c0: cdpl_server.c:1824: in _sv_gen_task(): info: new task T0 in B1 (prio 3)
1733457466.903816: 22517-7f45be2e10c0: cdpl_server.c:2558: in cdpl_sv_label_task_va(): info: setting task T0 label to "leakage_power__ACQ_1 of AOI22"
1733457466.903889: 22517-7f45be2e10c0: cdpl_server.c:1824: in _sv_gen_task(): info: new task T1 in B1 (prio 5)
1733457466.903939: 22517-7f45a5fe2700: cdpl_server_sched.c:700: in _sv_launch_worker(): info: started worker W1 (as C1) in bin B1
1733457466.903963: 22517-7f45a57e1700: cdpl_farm.c:1899: in _schedule(): info: worker submit failure threshold set to 100
1733457466.903980: 22517-7f45be2e10c0: cdpl_server.c:2558: in cdpl_sv_label_task_va(): info: setting task T1 label to "Cin__VSS__hl__ACQ_1 of AOI22"
1733457466.903992: 22517-7f45a57e1700: cdpl_sh.c:49: in _sh_detached_submit(): info: SH : /home/eng/s/sxv240035/cad/gf65/primelib_gf65/AOI22/runtime/cdpl/pid22517/run_22517.sh
1733457466.905571: 22517-7f45be2e10c0: cdpl_server.c:1824: in _sv_gen_task(): info: new task T2 in B1 (prio 5)
1733457466.905601: 22517-7f45be2e10c0: cdpl_server.c:2558: in cdpl_sv_label_task_va(): info: setting task T2 label to "Cin__VSS__lh__ACQ_1 of AOI22"
1733457466.906425: 22517-7f45be2e10c0: cdpl_server.c:1824: in _sv_gen_task(): info: new task T3 in B1 (prio 2)
1733457466.906429: 22517-7f45be2e10c0: cdpl_server.c:2558: in cdpl_sv_label_task_va(): info: setting task T3 label to "delay__A__hl__OUT__lh__ACQ_1 of AOI22"
1733457466.906497: 22517-7f45be2e10c0: cdpl_server.c:1824: in _sv_gen_task(): info: new task T4 in B1 (prio 2)
1733457466.906500: 22517-7f45be2e10c0: cdpl_server.c:2558: in cdpl_sv_label_task_va(): info: setting task T4 label to "delay__A__lh__OUT__hl__ACQ_1 of AOI22"
1733457466.906543: 22517-7f45be2e10c0: cdpl_server.c:1824: in _sv_gen_task(): info: new task T5 in B1 (prio 2)
1733457466.906546: 22517-7f45be2e10c0: cdpl_server.c:2558: in cdpl_sv_label_task_va(): info: setting task T5 label to "delay__B__hl__OUT__lh__ACQ_1 of AOI22"
1733457466.906589: 22517-7f45be2e10c0: cdpl_server.c:1824: in _sv_gen_task(): info: new task T6 in B1 (prio 2)
1733457466.906591: 22517-7f45be2e10c0: cdpl_server.c:2558: in cdpl_sv_label_task_va(): info: setting task T6 label to "delay__B__lh__OUT__hl__ACQ_1 of AOI22"
1733457466.906638: 22517-7f45be2e10c0: cdpl_server.c:1824: in _sv_gen_task(): info: new task T7 in B1 (prio 2)
1733457466.906641: 22517-7f45be2e10c0: cdpl_server.c:2558: in cdpl_sv_label_task_va(): info: setting task T7 label to "delay__C__hl__OUT__lh__ACQ_1 of AOI22"
1733457466.906678: 22517-7f45be2e10c0: cdpl_server.c:1824: in _sv_gen_task(): info: new task T8 in B1 (prio 2)
1733457466.906680: 22517-7f45be2e10c0: cdpl_server.c:2558: in cdpl_sv_label_task_va(): info: setting task T8 label to "delay__C__lh__OUT__hl__ACQ_1 of AOI22"
1733457466.906703: 22517-7f45be2e10c0: cdpl_server.c:1824: in _sv_gen_task(): info: new task T9 in B1 (prio 2)
1733457466.906706: 22517-7f45be2e10c0: cdpl_server.c:2558: in cdpl_sv_label_task_va(): info: setting task T9 label to "delay__D__hl__OUT__lh__ACQ_1 of AOI22"
1733457466.906738: 22517-7f45be2e10c0: cdpl_server.c:1824: in _sv_gen_task(): info: new task T10 in B1 (prio 2)
1733457466.906740: 22517-7f45be2e10c0: cdpl_server.c:2558: in cdpl_sv_label_task_va(): info: setting task T10 label to "delay__D__lh__OUT__hl__ACQ_1 of AOI22"
1733457466.906760: 22517-7f45be2e10c0: cdpl_server.c:1824: in _sv_gen_task(): info: new task T11 in B1 (prio 5)
1733457466.906763: 22517-7f45be2e10c0: cdpl_server.c:2558: in cdpl_sv_label_task_va(): info: setting task T11 label to "Cin__VDD__hl__ACQ_1 of AOI22"
1733457466.906788: 22517-7f45be2e10c0: cdpl_server.c:1824: in _sv_gen_task(): info: new task T12 in B1 (prio 5)
1733457466.906791: 22517-7f45be2e10c0: cdpl_server.c:2558: in cdpl_sv_label_task_va(): info: setting task T12 label to "Cin__VDD__lh__ACQ_1 of AOI22"
1733457467.531450: 22517-7f45a67e3700: cdpl_server_ipc.c:452: in _sv_on_hello(): info: W1 is `10.182.66.67:34302'
1733457467.531471: 22517-7f45a67e3700: cdpl_server_ipc.c:454: in _sv_on_hello(): info: W1 log file is /dev/null
1733457467.531482: 22517-7f45a67e3700: cdpl_server_ipc.c:481: in _sv_on_hello(): info: up to 1 alive workers in B1
1733457467.531552: 22517-7f45a5fe2700: cdpl_server_sched.c:955: in _assign(): info: assigning task T3 to worker W1
1733457474.498035: 22517-7f45a67e3700: cdpl_server_ipc.c:857: in _sv_on_finish(): info: worker W1 completed task T3
1733457474.498073: 22517-7f45a5fe2700: cdpl_server_sched.c:955: in _assign(): info: assigning task T4 to worker W1
1733457481.171836: 22517-7f45a67e3700: cdpl_server_ipc.c:857: in _sv_on_finish(): info: worker W1 completed task T4
1733457481.172091: 22517-7f45a5fe2700: cdpl_server_sched.c:955: in _assign(): info: assigning task T5 to worker W1
1733457487.873183: 22517-7f45a67e3700: cdpl_server_ipc.c:857: in _sv_on_finish(): info: worker W1 completed task T5
1733457487.873223: 22517-7f45a5fe2700: cdpl_server_sched.c:955: in _assign(): info: assigning task T6 to worker W1
1733457494.520139: 22517-7f45a67e3700: cdpl_server_ipc.c:857: in _sv_on_finish(): info: worker W1 completed task T6
1733457494.520174: 22517-7f45a5fe2700: cdpl_server_sched.c:955: in _assign(): info: assigning task T7 to worker W1
1733457501.140471: 22517-7f45a67e3700: cdpl_server_ipc.c:857: in _sv_on_finish(): info: worker W1 completed task T7
1733457501.140513: 22517-7f45a5fe2700: cdpl_server_sched.c:955: in _assign(): info: assigning task T8 to worker W1
1733457507.736974: 22517-7f45a67e3700: cdpl_server_ipc.c:857: in _sv_on_finish(): info: worker W1 completed task T8
1733457507.737017: 22517-7f45a5fe2700: cdpl_server_sched.c:955: in _assign(): info: assigning task T9 to worker W1
1733457514.410111: 22517-7f45a67e3700: cdpl_server_ipc.c:857: in _sv_on_finish(): info: worker W1 completed task T9
1733457514.410154: 22517-7f45a5fe2700: cdpl_server_sched.c:955: in _assign(): info: assigning task T10 to worker W1
1733457521.015071: 22517-7f45a67e3700: cdpl_server_ipc.c:857: in _sv_on_finish(): info: worker W1 completed task T10
1733457521.015107: 22517-7f45a5fe2700: cdpl_server_sched.c:955: in _assign(): info: assigning task T0 to worker W1
1733457527.434247: 22517-7f45a67e3700: cdpl_server_ipc.c:857: in _sv_on_finish(): info: worker W1 completed task T0
1733457527.434287: 22517-7f45a5fe2700: cdpl_server_sched.c:955: in _assign(): info: assigning task T1 to worker W1
1733457533.928782: 22517-7f45a67e3700: cdpl_server_ipc.c:857: in _sv_on_finish(): info: worker W1 completed task T1
1733457533.928824: 22517-7f45a5fe2700: cdpl_server_sched.c:955: in _assign(): info: assigning task T2 to worker W1
1733457540.413397: 22517-7f45a67e3700: cdpl_server_ipc.c:857: in _sv_on_finish(): info: worker W1 completed task T2
1733457540.413441: 22517-7f45a5fe2700: cdpl_server_sched.c:955: in _assign(): info: assigning task T11 to worker W1
1733457546.827543: 22517-7f45a67e3700: cdpl_server_ipc.c:857: in _sv_on_finish(): info: worker W1 completed task T11
1733457546.827594: 22517-7f45a5fe2700: cdpl_server_sched.c:955: in _assign(): info: assigning task T12 to worker W1
1733457553.537501: 22517-7f45a67e3700: cdpl_server_ipc.c:857: in _sv_on_finish(): info: worker W1 completed task T12
1733457627.569339: 22517-7f45be2e10c0: cdpl_compat_master.c:5152: in cdplMasterLogInfo(): info: [non-CDPL log entry] Ending current CDPL job
1733457627.569581: 22517-7f45be2e10c0: cdpl_server.c:2890: in cdpl_sv_halt_job_errno(): info: stopping job J1
1733457627.569658: 22517-7f45a5fe2700: cdpl_server_sched.c:2711: in _sv_drop_worker(): info: down to 0 alive workers in B1
1733457627.569700: 22517-7f45be2e10c0: cdpl_server.c:2875: in cdpl_sv_halt_job_errno(): info: killing job J1
1733457627.569708: 22517-7f45be2e10c0: cdpl_server.c:288: in _sv_free_job(): info: freeing job J1
1733457627.569753: 22517-7f45be2e10c0: cdpl_farm.c:2395: in cdpl_farm_free(): info: freeing farm
1733457627.569970: 22517-7f45be2e10c0: cdpl_server.c:3011: in cdpl_sv_free(): info: freeing server S756282093
1733457627.569978: 22517-7f45be2e10c0: cdpl_server.c:2976: in cdpl_sv_kill_errno(): info: killing server
1733457627.570025: 22517-7f45be2e10c0: cdpl_server.c:328: in _sv_free_master(): info: freeing master M1
1733457627.570084: 22517-7f45be2e10c0: cdpl_log.c:371: in cdpl_log_close(): info: @@end_of_log@@
