1733459915.295174: 27448-7f193d0ed0c0: cdpl_log.c:228: in cdpl_log_open(): info: @@start_of_log@@
1733459915.295210: 27448-7f193d0ed0c0: cdpl_log.c:866: in cdpl_log_dump_sysinfo(): info: time: 2024/12/05 22:38:35 CST -0600
1733459915.295214: 27448-7f193d0ed0c0: cdpl_log.c:868: in cdpl_log_dump_sysinfo(): info: version: T-2022.03 
1733459915.295216: 27448-7f193d0ed0c0: cdpl_log.c:870: in cdpl_log_dump_sysinfo(): info: system: Linux 3.10.0-1160.119.1.el7.x86_64 #1 SMP Tue May 14 11:55:25 EDT 2024
1733459915.295218: 27448-7f193d0ed0c0: cdpl_log.c:875: in cdpl_log_dump_sysinfo(): info: processor: x86_64 64-bits
1733459915.295219: 27448-7f193d0ed0c0: cdpl_log.c:879: in cdpl_log_dump_sysinfo(): info: hostname: engnx02a.utdallas.edu
1733459915.295221: 27448-7f193d0ed0c0: cdpl_log.c:230: in cdpl_log_open(): debug: path: /home/eng/s/sxv240035/cad/gf65/primelib_gf65/XOR2/runtime/cdpl/pid27448/master.engnx02a.utdallas.edu.27448.log
1733459915.295224: 27448-7f193d0ed0c0: cdpl_log.c:231: in cdpl_log_open(): debug: dir: /home/eng/s/sxv240035/cad/gf65/primelib_gf65/XOR2/runtime/cdpl/pid27448
1733459915.295231: 27448-7f193d0ed0c0: cdpl_log.c:758: in cdpl_log_set_filter(): info: filter level 1
1733459915.295250: 27448-7f193d0ed0c0: cdpl_server.c:543: in cdpl_sv_init(): info: new server S996969848
1733459915.295258: 27448-7f193d0ed0c0: cdpl_ipc.c:3030: in cdpl_ipc_init(): info: requesting IPv4 protocol
1733459915.295895: 27448-7f193d0ed0c0: cdpl_ipc.c:800: in _selectaddrfamily(): info: selected IPv4 protocol
1733459915.296296: 27448-7f193d0ed0c0: cdpl_server.c:657: in cdpl_sv_new_master(): info: new master M1
1733459915.296309: 27448-7f193d0ed0c0: cdpl_server.c:5494: in cdpl_sv_ctl_master(): info: Setting worker heartbeat to 60 seconds
1733459915.296311: 27448-7f193d0ed0c0: cdpl_server.c:5503: in cdpl_sv_ctl_master(): info: Setting worker heartbeat timeout to 3 heartbeats
1733459915.296316: 27448-7f193d0ed0c0: cdpl_compat_master.c:2407: in cdplInitMaster(): info: bcast dir is `/dev/null'
1733459915.296384: 27448-7f193d0ed0c0: cdpl_server.c:5394: in cdpl_sv_ctl_master(): info: farm worker timeout set to 36000
1733459915.296386: 27448-7f193d0ed0c0: cdpl_server.c:5410: in cdpl_sv_ctl_master(): info: grid worker timeout set to 36000
1733459915.296388: 27448-7f193d0ed0c0: cdpl_server.c:5438: in cdpl_sv_ctl_master(): info: farm submit command failure threshold set to 100
1733459915.296421: 27448-7f193d0ed0c0: cdpl_farm.c:2268: in cdpl_farm_new_sh(): info: creating SH farm on localhost
1733459915.296437: 27448-7f193d0ed0c0: cdpl_compat_master.c:207: in _set_farm_env(): info: exporting CDPL_LOGDIR as `/home/eng/s/sxv240035/cad/gf65/primelib_gf65/XOR2/runtime/cdpl/pid27448'
1733459915.296440: 27448-7f193d0ed0c0: cdpl_compat_master.c:213: in _set_farm_env(): info: exporting CDPL_TMPDIR as `/var/tmp'
1733459915.296442: 27448-7f193d0ed0c0: cdpl_compat_master.c:220: in _set_farm_env(): info: exporting CDPL_HOME as `/proj/cad/synopsys/synopsys_2021/primelib/T-2022.03-SP1/cdpl_runtime_linux64'
1733459915.296444: 27448-7f193d0ed0c0: cdpl_compat_master.c:227: in _set_farm_env(): info: exporting SNPSLMD_LICENSE_FILE as `1700@engdmv.utdallas.edu'
1733459915.296447: 27448-7f193d0ed0c0: cdpl_compat_master.c:247: in _set_farm_env(): info: exporting CDPL_OPTIONS as `[filter][nowlogs]'
1733459915.296449: 27448-7f193d0ed0c0: cdpl_compat_master.c:254: in _set_farm_env(): info: exporting DISPLAY as `:1038'
1733459915.296451: 27448-7f193d0ed0c0: cdpl_compat_master.c:262: in _set_farm_env(): info: exporting CDPL_HEARTBEAT as `60'
1733459915.296454: 27448-7f193d0ed0c0: cdpl_compat_master.c:348: in _set_farm_env(): info: exporting SIS_MALIBU as `2'
1733459915.296455: 27448-7f193d0ed0c0: cdpl_compat_master.c:348: in _set_farm_env(): info: exporting SIS_CDPL as `5'
1733459915.339336: 27448-7f193d0ed0c0: cdpl_server.c:738: in cdpl_sv_new_job(): info: new job J1 in M1
1733459915.339350: 27448-7f193d0ed0c0: cdpl_compat_master.c:1314: in _add_worker(): info: new worker type 100, min:1, max:1, cmd:`/home/eng/s/sxv240035/cad/gf65/primelib_gf65/XOR2/runtime/cdpl/pid27448/run_27448.sh'
1733459915.339359: 27448-7f193d0ed0c0: cdpl_server.c:900: in cdpl_sv_new_bin_withfarm(): info: new bin B1 in J1
1733459915.344977: 27448-7f193d0ed0c0: cdpl_server.c:3116: in cdpl_sv_start_job(): info: starting job J1
1733459915.353385: 27448-7f193d0ed0c0: cdpl_server.c:1824: in _sv_gen_task(): info: new task T0 in B1 (prio 3)
1733459915.353395: 27448-7f193d0ed0c0: cdpl_server.c:2558: in cdpl_sv_label_task_va(): info: setting task T0 label to "leakage_power__ACQ_1 of XOR2"
1733459915.353465: 27448-7f193d0ed0c0: cdpl_server.c:1824: in _sv_gen_task(): info: new task T1 in B1 (prio 5)
1733459915.353518: 27448-7f1924dee700: cdpl_server_sched.c:700: in _sv_launch_worker(): info: started worker W1 (as C1) in bin B1
1733459915.353538: 27448-7f19245ed700: cdpl_farm.c:1899: in _schedule(): info: worker submit failure threshold set to 100
1733459915.353552: 27448-7f193d0ed0c0: cdpl_server.c:2558: in cdpl_sv_label_task_va(): info: setting task T1 label to "Cin__VSS__hl__ACQ_1 of XOR2"
1733459915.353556: 27448-7f19245ed700: cdpl_sh.c:49: in _sh_detached_submit(): info: SH : /home/eng/s/sxv240035/cad/gf65/primelib_gf65/XOR2/runtime/cdpl/pid27448/run_27448.sh
1733459915.354937: 27448-7f193d0ed0c0: cdpl_server.c:1824: in _sv_gen_task(): info: new task T2 in B1 (prio 5)
1733459915.354951: 27448-7f193d0ed0c0: cdpl_server.c:2558: in cdpl_sv_label_task_va(): info: setting task T2 label to "Cin__VSS__lh__ACQ_1 of XOR2"
1733459915.355754: 27448-7f193d0ed0c0: cdpl_server.c:1824: in _sv_gen_task(): info: new task T3 in B1 (prio 2)
1733459915.355758: 27448-7f193d0ed0c0: cdpl_server.c:2558: in cdpl_sv_label_task_va(): info: setting task T3 label to "delay__A__hl__OUT__hl__ACQ_1 of XOR2"
1733459915.355799: 27448-7f193d0ed0c0: cdpl_server.c:1824: in _sv_gen_task(): info: new task T4 in B1 (prio 2)
1733459915.355802: 27448-7f193d0ed0c0: cdpl_server.c:2558: in cdpl_sv_label_task_va(): info: setting task T4 label to "delay__A__hl__OUT__lh__ACQ_1 of XOR2"
1733459915.355840: 27448-7f193d0ed0c0: cdpl_server.c:1824: in _sv_gen_task(): info: new task T5 in B1 (prio 2)
1733459915.355843: 27448-7f193d0ed0c0: cdpl_server.c:2558: in cdpl_sv_label_task_va(): info: setting task T5 label to "delay__A__lh__OUT__hl__ACQ_1 of XOR2"
1733459915.355880: 27448-7f193d0ed0c0: cdpl_server.c:1824: in _sv_gen_task(): info: new task T6 in B1 (prio 2)
1733459915.355883: 27448-7f193d0ed0c0: cdpl_server.c:2558: in cdpl_sv_label_task_va(): info: setting task T6 label to "delay__A__lh__OUT__lh__ACQ_1 of XOR2"
1733459915.355916: 27448-7f193d0ed0c0: cdpl_server.c:1824: in _sv_gen_task(): info: new task T7 in B1 (prio 2)
1733459915.355919: 27448-7f193d0ed0c0: cdpl_server.c:2558: in cdpl_sv_label_task_va(): info: setting task T7 label to "delay__B__hl__OUT__hl__ACQ_1 of XOR2"
1733459915.355973: 27448-7f193d0ed0c0: cdpl_server.c:1824: in _sv_gen_task(): info: new task T8 in B1 (prio 2)
1733459915.355975: 27448-7f193d0ed0c0: cdpl_server.c:2558: in cdpl_sv_label_task_va(): info: setting task T8 label to "delay__B__hl__OUT__lh__ACQ_1 of XOR2"
1733459915.356024: 27448-7f193d0ed0c0: cdpl_server.c:1824: in _sv_gen_task(): info: new task T9 in B1 (prio 2)
1733459915.356027: 27448-7f193d0ed0c0: cdpl_server.c:2558: in cdpl_sv_label_task_va(): info: setting task T9 label to "delay__B__lh__OUT__hl__ACQ_1 of XOR2"
1733459915.356056: 27448-7f193d0ed0c0: cdpl_server.c:1824: in _sv_gen_task(): info: new task T10 in B1 (prio 2)
1733459915.356059: 27448-7f193d0ed0c0: cdpl_server.c:2558: in cdpl_sv_label_task_va(): info: setting task T10 label to "delay__B__lh__OUT__lh__ACQ_1 of XOR2"
1733459915.356092: 27448-7f193d0ed0c0: cdpl_server.c:1824: in _sv_gen_task(): info: new task T11 in B1 (prio 5)
1733459915.356095: 27448-7f193d0ed0c0: cdpl_server.c:2558: in cdpl_sv_label_task_va(): info: setting task T11 label to "Cin__VDD__hl__ACQ_1 of XOR2"
1733459915.356127: 27448-7f193d0ed0c0: cdpl_server.c:1824: in _sv_gen_task(): info: new task T12 in B1 (prio 5)
1733459915.356130: 27448-7f193d0ed0c0: cdpl_server.c:2558: in cdpl_sv_label_task_va(): info: setting task T12 label to "Cin__VDD__lh__ACQ_1 of XOR2"
1733459915.982930: 27448-7f19255ef700: cdpl_server_ipc.c:452: in _sv_on_hello(): info: W1 is `10.182.66.67:48550'
1733459915.982963: 27448-7f19255ef700: cdpl_server_ipc.c:454: in _sv_on_hello(): info: W1 log file is /dev/null
1733459915.982974: 27448-7f19255ef700: cdpl_server_ipc.c:481: in _sv_on_hello(): info: up to 1 alive workers in B1
1733459915.983002: 27448-7f1924dee700: cdpl_server_sched.c:955: in _assign(): info: assigning task T3 to worker W1
1733459923.032182: 27448-7f19255ef700: cdpl_server_ipc.c:857: in _sv_on_finish(): info: worker W1 completed task T3
1733459923.032233: 27448-7f1924dee700: cdpl_server_sched.c:955: in _assign(): info: assigning task T4 to worker W1
1733459929.712090: 27448-7f19255ef700: cdpl_server_ipc.c:857: in _sv_on_finish(): info: worker W1 completed task T4
1733459929.712127: 27448-7f1924dee700: cdpl_server_sched.c:955: in _assign(): info: assigning task T5 to worker W1
1733459936.360651: 27448-7f19255ef700: cdpl_server_ipc.c:857: in _sv_on_finish(): info: worker W1 completed task T5
1733459936.360690: 27448-7f1924dee700: cdpl_server_sched.c:955: in _assign(): info: assigning task T6 to worker W1
1733459943.316930: 27448-7f19255ef700: cdpl_server_ipc.c:857: in _sv_on_finish(): info: worker W1 completed task T6
1733459943.316969: 27448-7f1924dee700: cdpl_server_sched.c:955: in _assign(): info: assigning task T7 to worker W1
1733459950.129553: 27448-7f19255ef700: cdpl_server_ipc.c:857: in _sv_on_finish(): info: worker W1 completed task T7
1733459950.129594: 27448-7f1924dee700: cdpl_server_sched.c:955: in _assign(): info: assigning task T8 to worker W1
1733459956.850628: 27448-7f19255ef700: cdpl_server_ipc.c:857: in _sv_on_finish(): info: worker W1 completed task T8
1733459956.850898: 27448-7f1924dee700: cdpl_server_sched.c:955: in _assign(): info: assigning task T9 to worker W1
1733459963.652579: 27448-7f19255ef700: cdpl_server_ipc.c:857: in _sv_on_finish(): info: worker W1 completed task T9
1733459963.652617: 27448-7f1924dee700: cdpl_server_sched.c:955: in _assign(): info: assigning task T10 to worker W1
1733459970.609793: 27448-7f19255ef700: cdpl_server_ipc.c:857: in _sv_on_finish(): info: worker W1 completed task T10
1733459970.609831: 27448-7f1924dee700: cdpl_server_sched.c:955: in _assign(): info: assigning task T0 to worker W1
1733459977.119403: 27448-7f19255ef700: cdpl_server_ipc.c:857: in _sv_on_finish(): info: worker W1 completed task T0
1733459977.119436: 27448-7f1924dee700: cdpl_server_sched.c:955: in _assign(): info: assigning task T1 to worker W1
1733459983.734934: 27448-7f19255ef700: cdpl_server_ipc.c:857: in _sv_on_finish(): info: worker W1 completed task T1
1733459983.734965: 27448-7f1924dee700: cdpl_server_sched.c:955: in _assign(): info: assigning task T2 to worker W1
1733459990.285928: 27448-7f19255ef700: cdpl_server_ipc.c:857: in _sv_on_finish(): info: worker W1 completed task T2
1733459990.286186: 27448-7f1924dee700: cdpl_server_sched.c:955: in _assign(): info: assigning task T11 to worker W1
1733459996.868139: 27448-7f19255ef700: cdpl_server_ipc.c:857: in _sv_on_finish(): info: worker W1 completed task T11
1733459996.868174: 27448-7f1924dee700: cdpl_server_sched.c:955: in _assign(): info: assigning task T12 to worker W1
1733460003.482064: 27448-7f19255ef700: cdpl_server_ipc.c:857: in _sv_on_finish(): info: worker W1 completed task T12
1733460022.209806: 27448-7f193d0ed0c0: cdpl_compat_master.c:5152: in cdplMasterLogInfo(): info: [non-CDPL log entry] Ending current CDPL job
1733460022.210041: 27448-7f193d0ed0c0: cdpl_server.c:2890: in cdpl_sv_halt_job_errno(): info: stopping job J1
1733460022.210139: 27448-7f1924dee700: cdpl_server_sched.c:2711: in _sv_drop_worker(): info: down to 0 alive workers in B1
1733460022.210185: 27448-7f193d0ed0c0: cdpl_server.c:2875: in cdpl_sv_halt_job_errno(): info: killing job J1
1733460022.210200: 27448-7f193d0ed0c0: cdpl_server.c:288: in _sv_free_job(): info: freeing job J1
1733460022.210249: 27448-7f193d0ed0c0: cdpl_farm.c:2395: in cdpl_farm_free(): info: freeing farm
1733460022.210468: 27448-7f193d0ed0c0: cdpl_server.c:3011: in cdpl_sv_free(): info: freeing server S996969848
1733460022.210476: 27448-7f193d0ed0c0: cdpl_server.c:2976: in cdpl_sv_kill_errno(): info: killing server
1733460022.210901: 27448-7f193d0ed0c0: cdpl_server.c:328: in _sv_free_master(): info: freeing master M1
1733460022.210948: 27448-7f193d0ed0c0: cdpl_log.c:371: in cdpl_log_close(): info: @@end_of_log@@
