1729797158.634698: 26314-7f6bf9bd80c0: cdpl_log.c:228: in cdpl_log_open(): info: @@start_of_log@@
1729797158.634722: 26314-7f6bf9bd80c0: cdpl_log.c:866: in cdpl_log_dump_sysinfo(): info: time: 2024/10/24 14:12:38 CDT -0500
1729797158.634727: 26314-7f6bf9bd80c0: cdpl_log.c:868: in cdpl_log_dump_sysinfo(): info: version: T-2022.03 
1729797158.634729: 26314-7f6bf9bd80c0: cdpl_log.c:870: in cdpl_log_dump_sysinfo(): info: system: Linux 3.10.0-1160.119.1.el7.x86_64 #1 SMP Tue May 14 11:55:25 EDT 2024
1729797158.634731: 26314-7f6bf9bd80c0: cdpl_log.c:875: in cdpl_log_dump_sysinfo(): info: processor: x86_64 64-bits
1729797158.634732: 26314-7f6bf9bd80c0: cdpl_log.c:879: in cdpl_log_dump_sysinfo(): info: hostname: engnx02a.utdallas.edu
1729797158.634735: 26314-7f6bf9bd80c0: cdpl_log.c:230: in cdpl_log_open(): debug: path: /home/eng/s/sxv240035/cad/gf65/primelib_gf65/OAI22/runtime/cdpl/pid26314/master.engnx02a.utdallas.edu.26314.log
1729797158.634737: 26314-7f6bf9bd80c0: cdpl_log.c:231: in cdpl_log_open(): debug: dir: /home/eng/s/sxv240035/cad/gf65/primelib_gf65/OAI22/runtime/cdpl/pid26314
1729797158.634743: 26314-7f6bf9bd80c0: cdpl_log.c:758: in cdpl_log_set_filter(): info: filter level 1
1729797158.634761: 26314-7f6bf9bd80c0: cdpl_server.c:543: in cdpl_sv_init(): info: new server S1910071919
1729797158.634769: 26314-7f6bf9bd80c0: cdpl_ipc.c:3030: in cdpl_ipc_init(): info: requesting IPv4 protocol
1729797158.635291: 26314-7f6bf9bd80c0: cdpl_ipc.c:800: in _selectaddrfamily(): info: selected IPv4 protocol
1729797158.635621: 26314-7f6bf9bd80c0: cdpl_server.c:657: in cdpl_sv_new_master(): info: new master M1
1729797158.635646: 26314-7f6bf9bd80c0: cdpl_server.c:5494: in cdpl_sv_ctl_master(): info: Setting worker heartbeat to 60 seconds
1729797158.635648: 26314-7f6bf9bd80c0: cdpl_server.c:5503: in cdpl_sv_ctl_master(): info: Setting worker heartbeat timeout to 3 heartbeats
1729797158.635652: 26314-7f6bf9bd80c0: cdpl_compat_master.c:2407: in cdplInitMaster(): info: bcast dir is `/dev/null'
1729797158.635705: 26314-7f6bf9bd80c0: cdpl_server.c:5394: in cdpl_sv_ctl_master(): info: farm worker timeout set to 36000
1729797158.635707: 26314-7f6bf9bd80c0: cdpl_server.c:5410: in cdpl_sv_ctl_master(): info: grid worker timeout set to 36000
1729797158.635709: 26314-7f6bf9bd80c0: cdpl_server.c:5438: in cdpl_sv_ctl_master(): info: farm submit command failure threshold set to 100
1729797158.635742: 26314-7f6bf9bd80c0: cdpl_farm.c:2268: in cdpl_farm_new_sh(): info: creating SH farm on localhost
1729797158.635757: 26314-7f6bf9bd80c0: cdpl_compat_master.c:207: in _set_farm_env(): info: exporting CDPL_LOGDIR as `/home/eng/s/sxv240035/cad/gf65/primelib_gf65/OAI22/runtime/cdpl/pid26314'
1729797158.635760: 26314-7f6bf9bd80c0: cdpl_compat_master.c:213: in _set_farm_env(): info: exporting CDPL_TMPDIR as `/var/tmp'
1729797158.635762: 26314-7f6bf9bd80c0: cdpl_compat_master.c:220: in _set_farm_env(): info: exporting CDPL_HOME as `/proj/cad/synopsys/synopsys_2021/primelib/T-2022.03-SP1/cdpl_runtime_linux64'
1729797158.635764: 26314-7f6bf9bd80c0: cdpl_compat_master.c:227: in _set_farm_env(): info: exporting SNPSLMD_LICENSE_FILE as `1700@engdmv.utdallas.edu'
1729797158.635767: 26314-7f6bf9bd80c0: cdpl_compat_master.c:247: in _set_farm_env(): info: exporting CDPL_OPTIONS as `[filter][nowlogs]'
1729797158.635769: 26314-7f6bf9bd80c0: cdpl_compat_master.c:254: in _set_farm_env(): info: exporting DISPLAY as `:1027'
1729797158.635771: 26314-7f6bf9bd80c0: cdpl_compat_master.c:262: in _set_farm_env(): info: exporting CDPL_HEARTBEAT as `60'
1729797158.635774: 26314-7f6bf9bd80c0: cdpl_compat_master.c:348: in _set_farm_env(): info: exporting SIS_MALIBU as `2'
1729797158.635775: 26314-7f6bf9bd80c0: cdpl_compat_master.c:348: in _set_farm_env(): info: exporting SIS_CDPL as `5'
1729797158.683838: 26314-7f6bf9bd80c0: cdpl_server.c:738: in cdpl_sv_new_job(): info: new job J1 in M1
1729797158.683856: 26314-7f6bf9bd80c0: cdpl_compat_master.c:1314: in _add_worker(): info: new worker type 100, min:1, max:1, cmd:`/home/eng/s/sxv240035/cad/gf65/primelib_gf65/OAI22/runtime/cdpl/pid26314/run_26314.sh'
1729797158.683864: 26314-7f6bf9bd80c0: cdpl_server.c:900: in cdpl_sv_new_bin_withfarm(): info: new bin B1 in J1
1729797158.690094: 26314-7f6bf9bd80c0: cdpl_server.c:3116: in cdpl_sv_start_job(): info: starting job J1
1729797158.699410: 26314-7f6bf9bd80c0: cdpl_server.c:1824: in _sv_gen_task(): info: new task T0 in B1 (prio 3)
1729797158.699422: 26314-7f6bf9bd80c0: cdpl_server.c:2558: in cdpl_sv_label_task_va(): info: setting task T0 label to "leakage_power__ACQ_1 of OAI22"
1729797158.699488: 26314-7f6bf9bd80c0: cdpl_server.c:1824: in _sv_gen_task(): info: new task T1 in B1 (prio 5)
1729797158.699551: 26314-7f6be18d9700: cdpl_server_sched.c:700: in _sv_launch_worker(): info: started worker W1 (as C1) in bin B1
1729797158.699570: 26314-7f6be10d8700: cdpl_farm.c:1899: in _schedule(): info: worker submit failure threshold set to 100
1729797158.699582: 26314-7f6bf9bd80c0: cdpl_server.c:2558: in cdpl_sv_label_task_va(): info: setting task T1 label to "Cin__VSS__hl__ACQ_1 of OAI22"
1729797158.699587: 26314-7f6be10d8700: cdpl_sh.c:49: in _sh_detached_submit(): info: SH : /home/eng/s/sxv240035/cad/gf65/primelib_gf65/OAI22/runtime/cdpl/pid26314/run_26314.sh
1729797158.701402: 26314-7f6bf9bd80c0: cdpl_server.c:1824: in _sv_gen_task(): info: new task T2 in B1 (prio 5)
1729797158.701417: 26314-7f6bf9bd80c0: cdpl_server.c:2558: in cdpl_sv_label_task_va(): info: setting task T2 label to "Cin__VSS__lh__ACQ_1 of OAI22"
1729797158.701561: 26314-7f6bf9bd80c0: cdpl_server.c:1824: in _sv_gen_task(): info: new task T3 in B1 (prio 2)
1729797158.701565: 26314-7f6bf9bd80c0: cdpl_server.c:2558: in cdpl_sv_label_task_va(): info: setting task T3 label to "delay__A__hl__OUT__lh__ACQ_1 of OAI22"
1729797158.701630: 26314-7f6bf9bd80c0: cdpl_server.c:1824: in _sv_gen_task(): info: new task T4 in B1 (prio 2)
1729797158.701633: 26314-7f6bf9bd80c0: cdpl_server.c:2558: in cdpl_sv_label_task_va(): info: setting task T4 label to "delay__A__lh__OUT__hl__ACQ_1 of OAI22"
1729797158.701670: 26314-7f6bf9bd80c0: cdpl_server.c:1824: in _sv_gen_task(): info: new task T5 in B1 (prio 2)
1729797158.701673: 26314-7f6bf9bd80c0: cdpl_server.c:2558: in cdpl_sv_label_task_va(): info: setting task T5 label to "delay__B__hl__OUT__lh__ACQ_1 of OAI22"
1729797158.701708: 26314-7f6bf9bd80c0: cdpl_server.c:1824: in _sv_gen_task(): info: new task T6 in B1 (prio 2)
1729797158.701710: 26314-7f6bf9bd80c0: cdpl_server.c:2558: in cdpl_sv_label_task_va(): info: setting task T6 label to "delay__B__lh__OUT__hl__ACQ_1 of OAI22"
1729797158.701749: 26314-7f6bf9bd80c0: cdpl_server.c:1824: in _sv_gen_task(): info: new task T7 in B1 (prio 2)
1729797158.701752: 26314-7f6bf9bd80c0: cdpl_server.c:2558: in cdpl_sv_label_task_va(): info: setting task T7 label to "delay__C__hl__OUT__lh__ACQ_1 of OAI22"
1729797158.701789: 26314-7f6bf9bd80c0: cdpl_server.c:1824: in _sv_gen_task(): info: new task T8 in B1 (prio 2)
1729797158.701791: 26314-7f6bf9bd80c0: cdpl_server.c:2558: in cdpl_sv_label_task_va(): info: setting task T8 label to "delay__C__lh__OUT__hl__ACQ_1 of OAI22"
1729797158.701816: 26314-7f6bf9bd80c0: cdpl_server.c:1824: in _sv_gen_task(): info: new task T9 in B1 (prio 2)
1729797158.701819: 26314-7f6bf9bd80c0: cdpl_server.c:2558: in cdpl_sv_label_task_va(): info: setting task T9 label to "delay__D__hl__OUT__lh__ACQ_1 of OAI22"
1729797158.701851: 26314-7f6bf9bd80c0: cdpl_server.c:1824: in _sv_gen_task(): info: new task T10 in B1 (prio 2)
1729797158.701854: 26314-7f6bf9bd80c0: cdpl_server.c:2558: in cdpl_sv_label_task_va(): info: setting task T10 label to "delay__D__lh__OUT__hl__ACQ_1 of OAI22"
1729797158.701889: 26314-7f6bf9bd80c0: cdpl_server.c:1824: in _sv_gen_task(): info: new task T11 in B1 (prio 5)
1729797158.701891: 26314-7f6bf9bd80c0: cdpl_server.c:2558: in cdpl_sv_label_task_va(): info: setting task T11 label to "Cin__VDD__hl__ACQ_1 of OAI22"
1729797158.701921: 26314-7f6bf9bd80c0: cdpl_server.c:1824: in _sv_gen_task(): info: new task T12 in B1 (prio 5)
1729797158.701923: 26314-7f6bf9bd80c0: cdpl_server.c:2558: in cdpl_sv_label_task_va(): info: setting task T12 label to "Cin__VDD__lh__ACQ_1 of OAI22"
1729797159.413694: 26314-7f6be20da700: cdpl_server_ipc.c:452: in _sv_on_hello(): info: W1 is `10.182.66.67:57326'
1729797159.413716: 26314-7f6be20da700: cdpl_server_ipc.c:454: in _sv_on_hello(): info: W1 log file is /dev/null
1729797159.413726: 26314-7f6be20da700: cdpl_server_ipc.c:481: in _sv_on_hello(): info: up to 1 alive workers in B1
1729797159.413769: 26314-7f6be18d9700: cdpl_server_sched.c:955: in _assign(): info: assigning task T3 to worker W1
1729797167.509727: 26314-7f6be20da700: cdpl_server_ipc.c:857: in _sv_on_finish(): info: worker W1 completed task T3
1729797167.509768: 26314-7f6be18d9700: cdpl_server_sched.c:955: in _assign(): info: assigning task T4 to worker W1
1729797168.732961: 26314-7f6bf9bd80c0: cdpl_server.c:1824: in _sv_gen_task(): info: new task T13 in B1 (prio 2)
1729797168.732979: 26314-7f6bf9bd80c0: cdpl_server.c:2558: in cdpl_sv_label_task_va(): info: setting task T13 label to "delay__A__hl__OUT__lh__ACQ_1 of OAI22"
1729797174.506898: 26314-7f6be20da700: cdpl_server_ipc.c:857: in _sv_on_finish(): info: worker W1 completed task T4
1729797174.506947: 26314-7f6be18d9700: cdpl_server_sched.c:955: in _assign(): info: assigning task T5 to worker W1
1729797178.747351: 26314-7f6bf9bd80c0: cdpl_server.c:1824: in _sv_gen_task(): info: new task T14 in B1 (prio 2)
1729797178.747365: 26314-7f6bf9bd80c0: cdpl_server.c:2558: in cdpl_sv_label_task_va(): info: setting task T14 label to "delay__A__lh__OUT__hl__ACQ_1 of OAI22"
1729797181.420017: 26314-7f6be20da700: cdpl_server_ipc.c:857: in _sv_on_finish(): info: worker W1 completed task T5
1729797181.420073: 26314-7f6be18d9700: cdpl_server_sched.c:955: in _assign(): info: assigning task T6 to worker W1
1729797188.266293: 26314-7f6be20da700: cdpl_server_ipc.c:857: in _sv_on_finish(): info: worker W1 completed task T6
1729797188.266569: 26314-7f6be18d9700: cdpl_server_sched.c:955: in _assign(): info: assigning task T7 to worker W1
1729797196.374350: 26314-7f6bf9bd80c0: cdpl_server.c:1824: in _sv_gen_task(): info: new task T15 in B1 (prio 2)
1729797196.374369: 26314-7f6bf9bd80c0: cdpl_server.c:2558: in cdpl_sv_label_task_va(): info: setting task T15 label to "delay__B__hl__OUT__lh__ACQ_1 of OAI22"
1729797197.225414: 26314-7f6bf9bd80c0: cdpl_server.c:1824: in _sv_gen_task(): info: new task T16 in B1 (prio 2)
1729797197.225432: 26314-7f6bf9bd80c0: cdpl_server.c:2558: in cdpl_sv_label_task_va(): info: setting task T16 label to "delay__B__lh__OUT__hl__ACQ_1 of OAI22"
1729797204.626483: 26314-7f6be20da700: cdpl_server_ipc.c:857: in _sv_on_finish(): info: worker W1 completed task T7
1729797204.626527: 26314-7f6be18d9700: cdpl_server_sched.c:955: in _assign(): info: assigning task T8 to worker W1
1729797208.236405: 26314-7f6bf9bd80c0: cdpl_server.c:1824: in _sv_gen_task(): info: new task T17 in B1 (prio 2)
1729797208.236423: 26314-7f6bf9bd80c0: cdpl_server.c:2558: in cdpl_sv_label_task_va(): info: setting task T17 label to "delay__C__hl__OUT__lh__ACQ_1 of OAI22"
1729797212.991737: 26314-7f6be20da700: cdpl_server_ipc.c:857: in _sv_on_finish(): info: worker W1 completed task T8
1729797212.991784: 26314-7f6be18d9700: cdpl_server_sched.c:955: in _assign(): info: assigning task T9 to worker W1
1729797218.251451: 26314-7f6bf9bd80c0: cdpl_server.c:1824: in _sv_gen_task(): info: new task T18 in B1 (prio 2)
1729797218.251471: 26314-7f6bf9bd80c0: cdpl_server.c:2558: in cdpl_sv_label_task_va(): info: setting task T18 label to "delay__C__lh__OUT__hl__ACQ_1 of OAI22"
1729797219.945550: 26314-7f6be20da700: cdpl_server_ipc.c:857: in _sv_on_finish(): info: worker W1 completed task T9
1729797219.945609: 26314-7f6be18d9700: cdpl_server_sched.c:955: in _assign(): info: assigning task T10 to worker W1
1729797226.793238: 26314-7f6be20da700: cdpl_server_ipc.c:857: in _sv_on_finish(): info: worker W1 completed task T10
1729797226.793292: 26314-7f6be18d9700: cdpl_server_sched.c:955: in _assign(): info: assigning task T13 to worker W1
1729797228.264318: 26314-7f6bf9bd80c0: cdpl_server.c:1824: in _sv_gen_task(): info: new task T19 in B1 (prio 2)
1729797228.264330: 26314-7f6bf9bd80c0: cdpl_server.c:2558: in cdpl_sv_label_task_va(): info: setting task T19 label to "delay__D__hl__OUT__lh__ACQ_1 of OAI22"
1729797228.274677: 26314-7f6bf9bd80c0: cdpl_server.c:1824: in _sv_gen_task(): info: new task T20 in B1 (prio 2)
1729797228.274686: 26314-7f6bf9bd80c0: cdpl_server.c:2558: in cdpl_sv_label_task_va(): info: setting task T20 label to "delay__D__lh__OUT__hl__ACQ_1 of OAI22"
1729797233.816390: 26314-7f6be20da700: cdpl_server_ipc.c:857: in _sv_on_finish(): info: worker W1 completed task T13
1729797233.816446: 26314-7f6be18d9700: cdpl_server_sched.c:955: in _assign(): info: assigning task T14 to worker W1
1729797249.059256: 26314-7f6be20da700: cdpl_server_ipc.c:857: in _sv_on_finish(): info: worker W1 completed task T14
1729797249.118863: 26314-7f6be18d9700: cdpl_server_sched.c:955: in _assign(): info: assigning task T15 to worker W1
1729797258.862692: 26314-7f6be20da700: cdpl_server_ipc.c:857: in _sv_on_finish(): info: worker W1 completed task T15
1729797258.862741: 26314-7f6be18d9700: cdpl_server_sched.c:955: in _assign(): info: assigning task T16 to worker W1
1729797265.989374: 26314-7f6be20da700: cdpl_server_ipc.c:857: in _sv_on_finish(): info: worker W1 completed task T16
1729797265.989414: 26314-7f6be18d9700: cdpl_server_sched.c:955: in _assign(): info: assigning task T17 to worker W1
1729797273.095080: 26314-7f6be20da700: cdpl_server_ipc.c:857: in _sv_on_finish(): info: worker W1 completed task T17
1729797273.095121: 26314-7f6be18d9700: cdpl_server_sched.c:955: in _assign(): info: assigning task T18 to worker W1
1729797279.916624: 26314-7f6be20da700: cdpl_server_ipc.c:857: in _sv_on_finish(): info: worker W1 completed task T18
1729797279.916857: 26314-7f6be18d9700: cdpl_server_sched.c:955: in _assign(): info: assigning task T19 to worker W1
1729797286.764656: 26314-7f6be20da700: cdpl_server_ipc.c:857: in _sv_on_finish(): info: worker W1 completed task T19
1729797286.764698: 26314-7f6be18d9700: cdpl_server_sched.c:955: in _assign(): info: assigning task T20 to worker W1
1729797301.348579: 26314-7f6be20da700: cdpl_server_ipc.c:857: in _sv_on_finish(): info: worker W1 completed task T20
1729797301.348621: 26314-7f6be18d9700: cdpl_server_sched.c:955: in _assign(): info: assigning task T0 to worker W1
1729797308.770325: 26314-7f6be20da700: cdpl_server_ipc.c:857: in _sv_on_finish(): info: worker W1 completed task T0
1729797308.770367: 26314-7f6be18d9700: cdpl_server_sched.c:955: in _assign(): info: assigning task T1 to worker W1
1729797315.558764: 26314-7f6be20da700: cdpl_server_ipc.c:857: in _sv_on_finish(): info: worker W1 completed task T1
1729797315.558807: 26314-7f6be18d9700: cdpl_server_sched.c:955: in _assign(): info: assigning task T2 to worker W1
1729797322.318755: 26314-7f6be20da700: cdpl_server_ipc.c:857: in _sv_on_finish(): info: worker W1 completed task T2
1729797322.318795: 26314-7f6be18d9700: cdpl_server_sched.c:955: in _assign(): info: assigning task T11 to worker W1
1729797329.066151: 26314-7f6be20da700: cdpl_server_ipc.c:857: in _sv_on_finish(): info: worker W1 completed task T11
1729797329.066191: 26314-7f6be18d9700: cdpl_server_sched.c:955: in _assign(): info: assigning task T12 to worker W1
1729797335.670546: 26314-7f6be20da700: cdpl_server_ipc.c:857: in _sv_on_finish(): info: worker W1 completed task T12
1729797936.711448: 26314-7f6be28db700: cdpl_ipc.c:738: in _readv(): warning: read(): EOF
1729798328.238128: 26314-7f6bf9bd80c0: cdpl_server.c:1824: in _sv_gen_task(): info: new task T21 in B1 (prio 3)
1729798328.238140: 26314-7f6bf9bd80c0: cdpl_server.c:2558: in cdpl_sv_label_task_va(): info: setting task T21 label to "leakage_power__ACQ_1 of OAI22"
1729798328.238181: 26314-7f6bf9bd80c0: cdpl_server.c:1824: in _sv_gen_task(): info: new task T22 in B1 (prio 5)
1729798328.238203: 26314-7f6be18d9700: cdpl_server_sched.c:700: in _sv_launch_worker(): info: started worker W2 (as C2) in bin B1
1729798328.238226: 26314-7f6bf9bd80c0: cdpl_server.c:2558: in cdpl_sv_label_task_va(): info: setting task T22 label to "Cin__VSS__hl__ACQ_1 of OAI22"
1729798328.238240: 26314-7f6be10d8700: cdpl_sh.c:49: in _sh_detached_submit(): info: SH : /home/eng/s/sxv240035/cad/gf65/primelib_gf65/OAI22/runtime/cdpl/pid26314/run_26314.sh
1729798328.238256: 26314-7f6bf9bd80c0: cdpl_server.c:1824: in _sv_gen_task(): info: new task T23 in B1 (prio 5)
1729798328.238260: 26314-7f6bf9bd80c0: cdpl_server.c:2558: in cdpl_sv_label_task_va(): info: setting task T23 label to "Cin__VSS__lh__ACQ_1 of OAI22"
1729798328.241278: 26314-7f6bf9bd80c0: cdpl_server.c:1824: in _sv_gen_task(): info: new task T24 in B1 (prio 2)
1729798328.241296: 26314-7f6bf9bd80c0: cdpl_server.c:2558: in cdpl_sv_label_task_va(): info: setting task T24 label to "delay__A__hl__OUT__lh__ACQ_1 of OAI22"
1729798328.241470: 26314-7f6bf9bd80c0: cdpl_server.c:1824: in _sv_gen_task(): info: new task T25 in B1 (prio 2)
1729798328.241476: 26314-7f6bf9bd80c0: cdpl_server.c:2558: in cdpl_sv_label_task_va(): info: setting task T25 label to "delay__A__lh__OUT__hl__ACQ_1 of OAI22"
1729798328.241531: 26314-7f6bf9bd80c0: cdpl_server.c:1824: in _sv_gen_task(): info: new task T26 in B1 (prio 2)
1729798328.241535: 26314-7f6bf9bd80c0: cdpl_server.c:2558: in cdpl_sv_label_task_va(): info: setting task T26 label to "delay__B__hl__OUT__lh__ACQ_1 of OAI22"
1729798328.241600: 26314-7f6bf9bd80c0: cdpl_server.c:1824: in _sv_gen_task(): info: new task T27 in B1 (prio 2)
1729798328.241603: 26314-7f6bf9bd80c0: cdpl_server.c:2558: in cdpl_sv_label_task_va(): info: setting task T27 label to "delay__B__lh__OUT__hl__ACQ_1 of OAI22"
1729798328.241649: 26314-7f6bf9bd80c0: cdpl_server.c:1824: in _sv_gen_task(): info: new task T28 in B1 (prio 2)
1729798328.241652: 26314-7f6bf9bd80c0: cdpl_server.c:2558: in cdpl_sv_label_task_va(): info: setting task T28 label to "delay__C__hl__OUT__lh__ACQ_1 of OAI22"
1729798328.241706: 26314-7f6bf9bd80c0: cdpl_server.c:1824: in _sv_gen_task(): info: new task T29 in B1 (prio 2)
1729798328.242770: 26314-7f6bf9bd80c0: cdpl_server.c:2558: in cdpl_sv_label_task_va(): info: setting task T29 label to "delay__C__lh__OUT__hl__ACQ_1 of OAI22"
1729798328.242821: 26314-7f6bf9bd80c0: cdpl_server.c:1824: in _sv_gen_task(): info: new task T30 in B1 (prio 2)
1729798328.242824: 26314-7f6bf9bd80c0: cdpl_server.c:2558: in cdpl_sv_label_task_va(): info: setting task T30 label to "delay__D__hl__OUT__lh__ACQ_1 of OAI22"
1729798328.242870: 26314-7f6bf9bd80c0: cdpl_server.c:1824: in _sv_gen_task(): info: new task T31 in B1 (prio 2)
1729798328.242873: 26314-7f6bf9bd80c0: cdpl_server.c:2558: in cdpl_sv_label_task_va(): info: setting task T31 label to "delay__D__lh__OUT__hl__ACQ_1 of OAI22"
1729798328.242930: 26314-7f6bf9bd80c0: cdpl_server.c:1824: in _sv_gen_task(): info: new task T32 in B1 (prio 5)
1729798328.242933: 26314-7f6bf9bd80c0: cdpl_server.c:2558: in cdpl_sv_label_task_va(): info: setting task T32 label to "Cin__VDD__hl__ACQ_1 of OAI22"
1729798328.242982: 26314-7f6bf9bd80c0: cdpl_server.c:1824: in _sv_gen_task(): info: new task T33 in B1 (prio 5)
1729798328.242985: 26314-7f6bf9bd80c0: cdpl_server.c:2558: in cdpl_sv_label_task_va(): info: setting task T33 label to "Cin__VDD__lh__ACQ_1 of OAI22"
1729798328.954491: 26314-7f6be20da700: cdpl_server_ipc.c:452: in _sv_on_hello(): info: W2 is `10.182.66.67:60724'
1729798328.954510: 26314-7f6be20da700: cdpl_server_ipc.c:454: in _sv_on_hello(): info: W2 log file is /dev/null
1729798328.954519: 26314-7f6be20da700: cdpl_server_ipc.c:481: in _sv_on_hello(): info: up to 1 alive workers in B1
1729798328.954556: 26314-7f6be18d9700: cdpl_server_sched.c:955: in _assign(): info: assigning task T24 to worker W2
1729798336.249552: 26314-7f6be20da700: cdpl_server_ipc.c:857: in _sv_on_finish(): info: worker W2 completed task T24
1729798336.249592: 26314-7f6be18d9700: cdpl_server_sched.c:955: in _assign(): info: assigning task T25 to worker W2
1729798338.281543: 26314-7f6bf9bd80c0: cdpl_server.c:1824: in _sv_gen_task(): info: new task T34 in B1 (prio 2)
1729798338.281563: 26314-7f6bf9bd80c0: cdpl_server.c:2558: in cdpl_sv_label_task_va(): info: setting task T34 label to "delay__A__hl__OUT__lh__ACQ_1 of OAI22"
1729798343.148286: 26314-7f6be20da700: cdpl_server_ipc.c:857: in _sv_on_finish(): info: worker W2 completed task T25
1729798343.148342: 26314-7f6be18d9700: cdpl_server_sched.c:955: in _assign(): info: assigning task T26 to worker W2
1729798349.219237: 26314-7f6bf9bd80c0: cdpl_server.c:1824: in _sv_gen_task(): info: new task T35 in B1 (prio 2)
1729798349.219258: 26314-7f6bf9bd80c0: cdpl_server.c:2558: in cdpl_sv_label_task_va(): info: setting task T35 label to "delay__A__lh__OUT__hl__ACQ_1 of OAI22"
1729798358.186634: 26314-7f6be20da700: cdpl_server_ipc.c:857: in _sv_on_finish(): info: worker W2 completed task T26
1729798358.186676: 26314-7f6be18d9700: cdpl_server_sched.c:955: in _assign(): info: assigning task T27 to worker W2
1729798366.085195: 26314-7f6bf9bd80c0: cdpl_server.c:1824: in _sv_gen_task(): info: new task T36 in B1 (prio 2)
1729798366.085215: 26314-7f6bf9bd80c0: cdpl_server.c:2558: in cdpl_sv_label_task_va(): info: setting task T36 label to "delay__B__hl__OUT__lh__ACQ_1 of OAI22"
1729798367.788743: 26314-7f6be20da700: cdpl_server_ipc.c:857: in _sv_on_finish(): info: worker W2 completed task T27
1729798367.788797: 26314-7f6be18d9700: cdpl_server_sched.c:955: in _assign(): info: assigning task T28 to worker W2
1729798368.103333: 26314-7f6bf9bd80c0: cdpl_server.c:1824: in _sv_gen_task(): info: new task T37 in B1 (prio 2)
1729798368.103355: 26314-7f6bf9bd80c0: cdpl_server.c:2558: in cdpl_sv_label_task_va(): info: setting task T37 label to "delay__B__lh__OUT__hl__ACQ_1 of OAI22"
1729798374.728982: 26314-7f6be20da700: cdpl_server_ipc.c:857: in _sv_on_finish(): info: worker W2 completed task T28
1729798374.729029: 26314-7f6be18d9700: cdpl_server_sched.c:955: in _assign(): info: assigning task T29 to worker W2
1729798378.118412: 26314-7f6bf9bd80c0: cdpl_server.c:1824: in _sv_gen_task(): info: new task T38 in B1 (prio 2)
1729798378.118444: 26314-7f6bf9bd80c0: cdpl_server.c:2558: in cdpl_sv_label_task_va(): info: setting task T38 label to "delay__C__hl__OUT__lh__ACQ_1 of OAI22"
1729798381.435927: 26314-7f6be20da700: cdpl_server_ipc.c:857: in _sv_on_finish(): info: worker W2 completed task T29
1729798381.435981: 26314-7f6be18d9700: cdpl_server_sched.c:955: in _assign(): info: assigning task T30 to worker W2
1729798388.137487: 26314-7f6bf9bd80c0: cdpl_server.c:1824: in _sv_gen_task(): info: new task T39 in B1 (prio 2)
1729798388.137508: 26314-7f6bf9bd80c0: cdpl_server.c:2558: in cdpl_sv_label_task_va(): info: setting task T39 label to "delay__C__lh__OUT__hl__ACQ_1 of OAI22"
1729798388.630917: 26314-7f6be20da700: cdpl_server_ipc.c:857: in _sv_on_finish(): info: worker W2 completed task T30
1729798388.630967: 26314-7f6be18d9700: cdpl_server_sched.c:955: in _assign(): info: assigning task T31 to worker W2
1729798395.622900: 26314-7f6be20da700: cdpl_server_ipc.c:857: in _sv_on_finish(): info: worker W2 completed task T31
1729798395.622941: 26314-7f6be18d9700: cdpl_server_sched.c:955: in _assign(): info: assigning task T34 to worker W2
1729798399.280122: 26314-7f6bf9bd80c0: cdpl_server.c:1824: in _sv_gen_task(): info: new task T40 in B1 (prio 2)
1729798399.280154: 26314-7f6bf9bd80c0: cdpl_server.c:2558: in cdpl_sv_label_task_va(): info: setting task T40 label to "delay__D__hl__OUT__lh__ACQ_1 of OAI22"
1729798400.034294: 26314-7f6bf9bd80c0: cdpl_server.c:1824: in _sv_gen_task(): info: new task T41 in B1 (prio 2)
1729798400.034312: 26314-7f6bf9bd80c0: cdpl_server.c:2558: in cdpl_sv_label_task_va(): info: setting task T41 label to "delay__D__lh__OUT__hl__ACQ_1 of OAI22"
1729798410.503729: 26314-7f6be20da700: cdpl_server_ipc.c:857: in _sv_on_finish(): info: worker W2 completed task T34
1729798410.503782: 26314-7f6be18d9700: cdpl_server_sched.c:955: in _assign(): info: assigning task T35 to worker W2
1729798417.525608: 26314-7f6be20da700: cdpl_server_ipc.c:857: in _sv_on_finish(): info: worker W2 completed task T35
1729798417.525656: 26314-7f6be18d9700: cdpl_server_sched.c:955: in _assign(): info: assigning task T36 to worker W2
1729798424.584549: 26314-7f6be20da700: cdpl_server_ipc.c:857: in _sv_on_finish(): info: worker W2 completed task T36
1729798424.584606: 26314-7f6be18d9700: cdpl_server_sched.c:955: in _assign(): info: assigning task T37 to worker W2
1729798431.637289: 26314-7f6be20da700: cdpl_server_ipc.c:857: in _sv_on_finish(): info: worker W2 completed task T37
1729798431.637347: 26314-7f6be18d9700: cdpl_server_sched.c:955: in _assign(): info: assigning task T38 to worker W2
1729798438.436951: 26314-7f6be20da700: cdpl_server_ipc.c:857: in _sv_on_finish(): info: worker W2 completed task T38
1729798438.437011: 26314-7f6be18d9700: cdpl_server_sched.c:955: in _assign(): info: assigning task T39 to worker W2
1729798445.380415: 26314-7f6be20da700: cdpl_server_ipc.c:857: in _sv_on_finish(): info: worker W2 completed task T39
1729798445.380460: 26314-7f6be18d9700: cdpl_server_sched.c:955: in _assign(): info: assigning task T40 to worker W2
1729798465.628142: 26314-7f6be20da700: cdpl_server_ipc.c:857: in _sv_on_finish(): info: worker W2 completed task T40
1729798466.321796: 26314-7f6be18d9700: cdpl_server_sched.c:955: in _assign(): info: assigning task T41 to worker W2
1729798473.278820: 26314-7f6be20da700: cdpl_server_ipc.c:857: in _sv_on_finish(): info: worker W2 completed task T41
1729798473.278875: 26314-7f6be18d9700: cdpl_server_sched.c:955: in _assign(): info: assigning task T21 to worker W2
1729798479.955283: 26314-7f6be20da700: cdpl_server_ipc.c:857: in _sv_on_finish(): info: worker W2 completed task T21
1729798479.955335: 26314-7f6be18d9700: cdpl_server_sched.c:955: in _assign(): info: assigning task T22 to worker W2
1729798486.810829: 26314-7f6be20da700: cdpl_server_ipc.c:857: in _sv_on_finish(): info: worker W2 completed task T22
1729798486.810872: 26314-7f6be18d9700: cdpl_server_sched.c:955: in _assign(): info: assigning task T23 to worker W2
1729798494.736841: 26314-7f6be20da700: cdpl_server_ipc.c:857: in _sv_on_finish(): info: worker W2 completed task T23
1729798494.736889: 26314-7f6be18d9700: cdpl_server_sched.c:955: in _assign(): info: assigning task T32 to worker W2
1729798506.141571: 26314-7f6be20da700: cdpl_server_ipc.c:857: in _sv_on_finish(): info: worker W2 completed task T32
1729798506.141613: 26314-7f6be18d9700: cdpl_server_sched.c:955: in _assign(): info: assigning task T33 to worker W2
1729798513.893793: 26314-7f6be20da700: cdpl_server_ipc.c:857: in _sv_on_finish(): info: worker W2 completed task T33
1729799114.934014: 26314-7f6be28db700: cdpl_ipc.c:738: in _readv(): warning: read(): EOF
1729804417.345266: 26314-7f6bf9bd80c0: cdpl_compat_master.c:5152: in cdplMasterLogInfo(): info: [non-CDPL log entry] Ending current CDPL job
1729804417.345280: 26314-7f6bf9bd80c0: cdpl_server.c:2890: in cdpl_sv_halt_job_errno(): info: stopping job J1
1729804417.345348: 26314-7f6bf9bd80c0: cdpl_server.c:2875: in cdpl_sv_halt_job_errno(): info: killing job J1
1729804417.345353: 26314-7f6bf9bd80c0: cdpl_server.c:288: in _sv_free_job(): info: freeing job J1
1729804417.345399: 26314-7f6bf9bd80c0: cdpl_farm.c:2395: in cdpl_farm_free(): info: freeing farm
1729804417.465394: 26314-7f6bf9bd80c0: cdpl_server.c:3011: in cdpl_sv_free(): info: freeing server S1910071919
1729804417.465407: 26314-7f6bf9bd80c0: cdpl_server.c:2976: in cdpl_sv_kill_errno(): info: killing server
1729804417.465452: 26314-7f6bf9bd80c0: cdpl_server.c:328: in _sv_free_master(): info: freeing master M1
1729804417.465726: 26314-7f6bf9bd80c0: cdpl_log.c:371: in cdpl_log_close(): info: @@end_of_log@@
