1733253640.187523: 10500-7f2a1173d0c0: cdpl_log.c:228: in cdpl_log_open(): info: @@start_of_log@@
1733253640.187547: 10500-7f2a1173d0c0: cdpl_log.c:866: in cdpl_log_dump_sysinfo(): info: time: 2024/12/03 13:20:40 CST -0600
1733253640.187552: 10500-7f2a1173d0c0: cdpl_log.c:868: in cdpl_log_dump_sysinfo(): info: version: T-2022.03 
1733253640.187554: 10500-7f2a1173d0c0: cdpl_log.c:870: in cdpl_log_dump_sysinfo(): info: system: Linux 3.10.0-1160.119.1.el7.x86_64 #1 SMP Tue May 14 11:55:25 EDT 2024
1733253640.187556: 10500-7f2a1173d0c0: cdpl_log.c:875: in cdpl_log_dump_sysinfo(): info: processor: x86_64 64-bits
1733253640.187557: 10500-7f2a1173d0c0: cdpl_log.c:879: in cdpl_log_dump_sysinfo(): info: hostname: engnx03a.utdallas.edu
1733253640.187559: 10500-7f2a1173d0c0: cdpl_log.c:230: in cdpl_log_open(): debug: path: /home/eng/s/sxv240035/cad/gf65/primelib_gf65/NOR2/runtime/cdpl/pid10500/master.engnx03a.utdallas.edu.10500.log
1733253640.187562: 10500-7f2a1173d0c0: cdpl_log.c:231: in cdpl_log_open(): debug: dir: /home/eng/s/sxv240035/cad/gf65/primelib_gf65/NOR2/runtime/cdpl/pid10500
1733253640.187567: 10500-7f2a1173d0c0: cdpl_log.c:758: in cdpl_log_set_filter(): info: filter level 1
1733253640.187589: 10500-7f2a1173d0c0: cdpl_server.c:543: in cdpl_sv_init(): info: new server S1415901151
1733253640.187598: 10500-7f2a1173d0c0: cdpl_ipc.c:3030: in cdpl_ipc_init(): info: requesting IPv4 protocol
1733253640.188083: 10500-7f2a1173d0c0: cdpl_ipc.c:800: in _selectaddrfamily(): info: selected IPv4 protocol
1733253640.188396: 10500-7f2a1173d0c0: cdpl_server.c:657: in cdpl_sv_new_master(): info: new master M1
1733253640.188412: 10500-7f2a1173d0c0: cdpl_server.c:5494: in cdpl_sv_ctl_master(): info: Setting worker heartbeat to 60 seconds
1733253640.188415: 10500-7f2a1173d0c0: cdpl_server.c:5503: in cdpl_sv_ctl_master(): info: Setting worker heartbeat timeout to 3 heartbeats
1733253640.188419: 10500-7f2a1173d0c0: cdpl_compat_master.c:2407: in cdplInitMaster(): info: bcast dir is `/dev/null'
1733253640.188500: 10500-7f2a1173d0c0: cdpl_server.c:5394: in cdpl_sv_ctl_master(): info: farm worker timeout set to 36000
1733253640.188502: 10500-7f2a1173d0c0: cdpl_server.c:5410: in cdpl_sv_ctl_master(): info: grid worker timeout set to 36000
1733253640.188504: 10500-7f2a1173d0c0: cdpl_server.c:5438: in cdpl_sv_ctl_master(): info: farm submit command failure threshold set to 100
1733253640.188550: 10500-7f2a1173d0c0: cdpl_farm.c:2268: in cdpl_farm_new_sh(): info: creating SH farm on localhost
1733253640.188565: 10500-7f2a1173d0c0: cdpl_compat_master.c:207: in _set_farm_env(): info: exporting CDPL_LOGDIR as `/home/eng/s/sxv240035/cad/gf65/primelib_gf65/NOR2/runtime/cdpl/pid10500'
1733253640.188569: 10500-7f2a1173d0c0: cdpl_compat_master.c:213: in _set_farm_env(): info: exporting CDPL_TMPDIR as `/var/tmp'
1733253640.188572: 10500-7f2a1173d0c0: cdpl_compat_master.c:220: in _set_farm_env(): info: exporting CDPL_HOME as `/proj/cad/synopsys/synopsys_2021/primelib/T-2022.03-SP1/cdpl_runtime_linux64'
1733253640.188575: 10500-7f2a1173d0c0: cdpl_compat_master.c:227: in _set_farm_env(): info: exporting SNPSLMD_LICENSE_FILE as `1700@engdmv.utdallas.edu'
1733253640.188578: 10500-7f2a1173d0c0: cdpl_compat_master.c:247: in _set_farm_env(): info: exporting CDPL_OPTIONS as `[filter][nowlogs]'
1733253640.188580: 10500-7f2a1173d0c0: cdpl_compat_master.c:254: in _set_farm_env(): info: exporting DISPLAY as `:1034'
1733253640.188582: 10500-7f2a1173d0c0: cdpl_compat_master.c:262: in _set_farm_env(): info: exporting CDPL_HEARTBEAT as `60'
1733253640.188585: 10500-7f2a1173d0c0: cdpl_compat_master.c:348: in _set_farm_env(): info: exporting SIS_MALIBU as `2'
1733253640.188587: 10500-7f2a1173d0c0: cdpl_compat_master.c:348: in _set_farm_env(): info: exporting SIS_CDPL as `5'
1733253640.234542: 10500-7f2a1173d0c0: cdpl_server.c:738: in cdpl_sv_new_job(): info: new job J1 in M1
1733253640.234559: 10500-7f2a1173d0c0: cdpl_compat_master.c:1314: in _add_worker(): info: new worker type 100, min:1, max:1, cmd:`/home/eng/s/sxv240035/cad/gf65/primelib_gf65/NOR2/runtime/cdpl/pid10500/run_10500.sh'
1733253640.234567: 10500-7f2a1173d0c0: cdpl_server.c:900: in cdpl_sv_new_bin_withfarm(): info: new bin B1 in J1
1733253640.242665: 10500-7f2a1173d0c0: cdpl_server.c:3116: in cdpl_sv_start_job(): info: starting job J1
1733253640.251509: 10500-7f2a1173d0c0: cdpl_server.c:1824: in _sv_gen_task(): info: new task T0 in B1 (prio 2)
1733253640.251519: 10500-7f2a1173d0c0: cdpl_server.c:2558: in cdpl_sv_label_task_va(): info: setting task T0 label to "delay__B__lh__OUT__hl__ACQ_1 of NOR2"
1733253640.251573: 10500-7f2a1173d0c0: cdpl_server.c:1824: in _sv_gen_task(): info: new task T1 in B1 (prio 2)
1733253640.251642: 10500-7f29f9441700: cdpl_server_sched.c:700: in _sv_launch_worker(): info: started worker W1 (as C1) in bin B1
1733253640.251668: 10500-7f2a1173d0c0: cdpl_server.c:2558: in cdpl_sv_label_task_va(): info: setting task T1 label to "delay__B__hl__OUT__lh__ACQ_1 of NOR2"
1733253640.251675: 10500-7f29f8c40700: cdpl_farm.c:1899: in _schedule(): info: worker submit failure threshold set to 100
1733253640.251711: 10500-7f29f8c40700: cdpl_sh.c:49: in _sh_detached_submit(): info: SH : /home/eng/s/sxv240035/cad/gf65/primelib_gf65/NOR2/runtime/cdpl/pid10500/run_10500.sh
1733253640.251722: 10500-7f2a1173d0c0: cdpl_server.c:1824: in _sv_gen_task(): info: new task T2 in B1 (prio 3)
1733253640.251727: 10500-7f2a1173d0c0: cdpl_server.c:2558: in cdpl_sv_label_task_va(): info: setting task T2 label to "leakage_power__ACQ_1 of NOR2"
1733253640.255118: 10500-7f2a1173d0c0: cdpl_server.c:1824: in _sv_gen_task(): info: new task T3 in B1 (prio 5)
1733253640.255132: 10500-7f2a1173d0c0: cdpl_server.c:2558: in cdpl_sv_label_task_va(): info: setting task T3 label to "Cin__VSS__lh__ACQ_1 of NOR2"
1733253640.255605: 10500-7f2a1173d0c0: cdpl_server.c:1824: in _sv_gen_task(): info: new task T4 in B1 (prio 5)
1733253640.255610: 10500-7f2a1173d0c0: cdpl_server.c:2558: in cdpl_sv_label_task_va(): info: setting task T4 label to "Cin__VSS__hl__ACQ_1 of NOR2"
1733253640.255651: 10500-7f2a1173d0c0: cdpl_server.c:1824: in _sv_gen_task(): info: new task T5 in B1 (prio 2)
1733253640.255654: 10500-7f2a1173d0c0: cdpl_server.c:2558: in cdpl_sv_label_task_va(): info: setting task T5 label to "delay__A__lh__OUT__hl__ACQ_1 of NOR2"
1733253640.255696: 10500-7f2a1173d0c0: cdpl_server.c:1824: in _sv_gen_task(): info: new task T6 in B1 (prio 2)
1733253640.255699: 10500-7f2a1173d0c0: cdpl_server.c:2558: in cdpl_sv_label_task_va(): info: setting task T6 label to "delay__A__hl__OUT__lh__ACQ_1 of NOR2"
1733253640.255728: 10500-7f2a1173d0c0: cdpl_server.c:1824: in _sv_gen_task(): info: new task T7 in B1 (prio 5)
1733253640.255731: 10500-7f2a1173d0c0: cdpl_server.c:2558: in cdpl_sv_label_task_va(): info: setting task T7 label to "Cin__VDD__lh__ACQ_1 of NOR2"
1733253640.255761: 10500-7f2a1173d0c0: cdpl_server.c:1824: in _sv_gen_task(): info: new task T8 in B1 (prio 5)
1733253640.255763: 10500-7f2a1173d0c0: cdpl_server.c:2558: in cdpl_sv_label_task_va(): info: setting task T8 label to "Cin__VDD__hl__ACQ_1 of NOR2"
1733253640.913431: 10500-7f29f9c42700: cdpl_server_ipc.c:452: in _sv_on_hello(): info: W1 is `10.182.66.68:49266'
1733253640.913451: 10500-7f29f9c42700: cdpl_server_ipc.c:454: in _sv_on_hello(): info: W1 log file is /dev/null
1733253640.913460: 10500-7f29f9c42700: cdpl_server_ipc.c:481: in _sv_on_hello(): info: up to 1 alive workers in B1
1733253640.913495: 10500-7f29f9441700: cdpl_server_sched.c:955: in _assign(): info: assigning task T0 to worker W1
1733253647.688105: 10500-7f29f9c42700: cdpl_server_ipc.c:857: in _sv_on_finish(): info: worker W1 completed task T0
1733253647.688151: 10500-7f29f9441700: cdpl_server_sched.c:955: in _assign(): info: assigning task T1 to worker W1
1733253654.263997: 10500-7f29f9c42700: cdpl_server_ipc.c:857: in _sv_on_finish(): info: worker W1 completed task T1
1733253654.264049: 10500-7f29f9441700: cdpl_server_sched.c:955: in _assign(): info: assigning task T5 to worker W1
1733253660.891361: 10500-7f29f9c42700: cdpl_server_ipc.c:857: in _sv_on_finish(): info: worker W1 completed task T5
1733253660.891414: 10500-7f29f9441700: cdpl_server_sched.c:955: in _assign(): info: assigning task T6 to worker W1
1733253667.464257: 10500-7f29f9c42700: cdpl_server_ipc.c:857: in _sv_on_finish(): info: worker W1 completed task T6
1733253667.464309: 10500-7f29f9441700: cdpl_server_sched.c:955: in _assign(): info: assigning task T2 to worker W1
1733253674.056714: 10500-7f29f9c42700: cdpl_server_ipc.c:857: in _sv_on_finish(): info: worker W1 completed task T2
1733253674.057033: 10500-7f29f9441700: cdpl_server_sched.c:955: in _assign(): info: assigning task T3 to worker W1
1733253680.602431: 10500-7f29f9c42700: cdpl_server_ipc.c:857: in _sv_on_finish(): info: worker W1 completed task T3
1733253680.602489: 10500-7f29f9441700: cdpl_server_sched.c:955: in _assign(): info: assigning task T4 to worker W1
1733253687.097084: 10500-7f29f9c42700: cdpl_server_ipc.c:857: in _sv_on_finish(): info: worker W1 completed task T4
1733253687.097135: 10500-7f29f9441700: cdpl_server_sched.c:955: in _assign(): info: assigning task T7 to worker W1
1733253693.717270: 10500-7f29f9c42700: cdpl_server_ipc.c:857: in _sv_on_finish(): info: worker W1 completed task T7
1733253693.717322: 10500-7f29f9441700: cdpl_server_sched.c:955: in _assign(): info: assigning task T8 to worker W1
1733253700.415940: 10500-7f29f9c42700: cdpl_server_ipc.c:857: in _sv_on_finish(): info: worker W1 completed task T8
1733253735.969392: 10500-7f2a1173d0c0: cdpl_compat_master.c:5152: in cdplMasterLogInfo(): info: [non-CDPL log entry] Ending current CDPL job
1733253735.969704: 10500-7f2a1173d0c0: cdpl_server.c:2890: in cdpl_sv_halt_job_errno(): info: stopping job J1
1733253735.969821: 10500-7f29f9441700: cdpl_server_sched.c:2711: in _sv_drop_worker(): info: down to 0 alive workers in B1
1733253735.969882: 10500-7f2a1173d0c0: cdpl_server.c:2875: in cdpl_sv_halt_job_errno(): info: killing job J1
1733253735.969888: 10500-7f2a1173d0c0: cdpl_server.c:288: in _sv_free_job(): info: freeing job J1
1733253735.969936: 10500-7f2a1173d0c0: cdpl_farm.c:2395: in cdpl_farm_free(): info: freeing farm
1733253735.970196: 10500-7f2a1173d0c0: cdpl_server.c:3011: in cdpl_sv_free(): info: freeing server S1415901151
1733253735.970199: 10500-7f2a1173d0c0: cdpl_server.c:2976: in cdpl_sv_kill_errno(): info: killing server
1733253735.970234: 10500-7f2a1173d0c0: cdpl_server.c:328: in _sv_free_master(): info: freeing master M1
1733253735.970278: 10500-7f2a1173d0c0: cdpl_log.c:371: in cdpl_log_close(): info: @@end_of_log@@
